2025-10-08 13:21:36,124 | INFO | MAIN - START
2025-10-08 13:21:36,124 | INFO |  > ALINGNMENT set to False
2025-10-08 13:21:36,124 | INFO |  > ATTENTION GATE set to -> Building: True, Damage: True
2025-10-08 13:21:36,124 | INFO | Command Line Args:
{
    "cfg": "/mnt/storage1/alpgenc/change_detection/ChangeMamba_AG/changedetection/configs/vssm1/vssm_base_224.yaml",
    "opts": null,
    "pretrained_weight_path": null,
    "dataset": "xBD",
    "type": "test",
    "test_dataset_path": "/mnt/storage1/alpgenc/change_detection/xBD_complete_png/test",
    "test_data_list_path": "/mnt/storage1/alpgenc/change_detection/xBD_complete_png/test/test_list2.txt",
    "shuffle": true,
    "batch_size": 16,
    "crop_size": 256,
    "train_data_name_list": null,
    "test_data_name_list": null,
    "start_iter": 0,
    "cuda": true,
    "max_iters": 240000,
    "model_type": "MambaBDA_Base",
    "result_saved_path": "/mnt/storage1/alpgenc/change_detection/ChangeMamba_AG/changedetection/infer_results/in2025-10-08_13-21-34",
    "resume": "/mnt/storage1/alpgenc/change_detection/ChangeMamba_AG/changedetection/deneme_saved_models/tr2025-09-30_00-21-38_MambaBDA_Base_xBD_FOCAL_AGBD/model_step31250.pth",
    "learning_rate": 0.0001,
    "momentum": 0.9,
    "weight_decay": 0.0005,
    "logfile": "/mnt/storage1/alpgenc/change_detection/ChangeMamba_AG/LOGLAR_CMAG/infer_tr2025-09-30_00-21-38_MambaBDA_Base_xBD_FOCAL_AGBD_on_xBD.log",
    "save_output_images": false,
    "extension": "png",
    "enable_alignment": false,
    "enable_attn_gate_building": true,
    "enable_attn_gate_damage": true,
    "save_attention_images": true
}
2025-10-08 13:21:36,126 | INFO |  > ALIGNMENT params: alignment_args = AlignmentArgs(enabled=False, stages=None, mid_ch=None)
2025-10-08 13:21:36,126 | INFO |  > ATTENTION GATE params: attn_gate_args = AttentionGateArgs(enable_building_ag=True, enable_damage_ag=True)
2025-10-08 13:21:36,126 | INFO | ChangeMambaBDA class
2025-10-08 13:21:37,378 | INFO | [Hook registered on] decoder_damage.ag3 (id(m)=126790392919856)
2025-10-08 13:21:37,378 | INFO | [Hook registered on] decoder_damage.ag2 (id(m)=126790392920144)
2025-10-08 13:21:37,378 | INFO | [Hook registered on] decoder_damage.ag1 (id(m)=126790392920528)
2025-10-08 13:21:37,378 | INFO | [Hook registered on] decoder_building.ag3 (id(m)=126790187455760)
2025-10-08 13:21:37,378 | INFO | [Hook registered on] decoder_building.ag2 (id(m)=126790187456048)
2025-10-08 13:21:37,378 | INFO | [Hook registered on] decoder_building.ag1 (id(m)=126790187456432)
2025-10-08 13:21:37,543 | INFO | inference:    0/ 933 | Current F1_overall: nan% (Clsf: 0.000%, Loc: nan%) [cumulative]
2025-10-08 13:21:38,271 | WARNING | Clipping input data to the valid range for imshow with RGB data ([0..1] for floats or [0..255] for integers). Got range [-1.9124069..2.64].
2025-10-08 13:21:38,462 | WARNING | Clipping input data to the valid range for imshow with RGB data ([0..1] for floats or [0..255] for integers). Got range [-1.9124069..2.64].
2025-10-08 13:21:38,670 | WARNING | Clipping input data to the valid range for imshow with RGB data ([0..1] for floats or [0..255] for integers). Got range [-1.9124069..2.64].
2025-10-08 13:21:38,876 | WARNING | Clipping input data to the valid range for imshow with RGB data ([0..1] for floats or [0..255] for integers). Got range [-1.9124069..2.64].
2025-10-08 13:21:39,080 | WARNING | Clipping input data to the valid range for imshow with RGB data ([0..1] for floats or [0..255] for integers). Got range [-1.9124069..2.64].
2025-10-08 13:21:39,274 | WARNING | Clipping input data to the valid range for imshow with RGB data ([0..1] for floats or [0..255] for integers). Got range [-1.9124069..2.64].
2025-10-08 13:21:39,911 | WARNING | Clipping input data to the valid range for imshow with RGB data ([0..1] for floats or [0..255] for integers). Got range [-2.0494049..2.64].
2025-10-08 13:21:40,102 | WARNING | Clipping input data to the valid range for imshow with RGB data ([0..1] for floats or [0..255] for integers). Got range [-2.0494049..2.64].
2025-10-08 13:21:40,311 | WARNING | Clipping input data to the valid range for imshow with RGB data ([0..1] for floats or [0..255] for integers). Got range [-2.0494049..2.64].
2025-10-08 13:21:40,515 | WARNING | Clipping input data to the valid range for imshow with RGB data ([0..1] for floats or [0..255] for integers). Got range [-2.0494049..2.64].
2025-10-08 13:21:40,693 | WARNING | Clipping input data to the valid range for imshow with RGB data ([0..1] for floats or [0..255] for integers). Got range [-2.0494049..2.64].
2025-10-08 13:21:40,888 | WARNING | Clipping input data to the valid range for imshow with RGB data ([0..1] for floats or [0..255] for integers). Got range [-2.0494049..2.64].
2025-10-08 13:21:41,536 | WARNING | Clipping input data to the valid range for imshow with RGB data ([0..1] for floats or [0..255] for integers). Got range [-1.5527871..2.4831374].
2025-10-08 13:21:41,734 | WARNING | Clipping input data to the valid range for imshow with RGB data ([0..1] for floats or [0..255] for integers). Got range [-1.5527871..2.4831374].
2025-10-08 13:21:41,935 | WARNING | Clipping input data to the valid range for imshow with RGB data ([0..1] for floats or [0..255] for integers). Got range [-1.5527871..2.4831374].
2025-10-08 13:21:42,121 | WARNING | Clipping input data to the valid range for imshow with RGB data ([0..1] for floats or [0..255] for integers). Got range [-1.5527871..2.4831374].
2025-10-08 13:21:42,318 | WARNING | Clipping input data to the valid range for imshow with RGB data ([0..1] for floats or [0..255] for integers). Got range [-1.5527871..2.4831374].
2025-10-08 13:21:42,517 | WARNING | Clipping input data to the valid range for imshow with RGB data ([0..1] for floats or [0..255] for integers). Got range [-1.5527871..2.4831374].
2025-10-08 13:21:43,153 | WARNING | Clipping input data to the valid range for imshow with RGB data ([0..1] for floats or [0..255] for integers). Got range [-1.5870366..1.6324171].
2025-10-08 13:21:43,350 | WARNING | Clipping input data to the valid range for imshow with RGB data ([0..1] for floats or [0..255] for integers). Got range [-1.5870366..1.6324171].
2025-10-08 13:21:43,549 | WARNING | Clipping input data to the valid range for imshow with RGB data ([0..1] for floats or [0..255] for integers). Got range [-1.5870366..1.6324171].
2025-10-08 13:21:43,735 | WARNING | Clipping input data to the valid range for imshow with RGB data ([0..1] for floats or [0..255] for integers). Got range [-1.5870366..1.6324171].
2025-10-08 13:21:43,927 | WARNING | Clipping input data to the valid range for imshow with RGB data ([0..1] for floats or [0..255] for integers). Got range [-1.5870366..1.6324171].
2025-10-08 13:21:44,127 | WARNING | Clipping input data to the valid range for imshow with RGB data ([0..1] for floats or [0..255] for integers). Got range [-1.5870366..1.6324171].
2025-10-08 13:21:44,760 | WARNING | Clipping input data to the valid range for imshow with RGB data ([0..1] for floats or [0..255] for integers). Got range [-2.0494049..2.64].
2025-10-08 13:21:44,948 | WARNING | Clipping input data to the valid range for imshow with RGB data ([0..1] for floats or [0..255] for integers). Got range [-2.0494049..2.64].
2025-10-08 13:21:45,154 | WARNING | Clipping input data to the valid range for imshow with RGB data ([0..1] for floats or [0..255] for integers). Got range [-2.0494049..2.64].
2025-10-08 13:21:45,360 | WARNING | Clipping input data to the valid range for imshow with RGB data ([0..1] for floats or [0..255] for integers). Got range [-2.0494049..2.64].
2025-10-08 13:21:45,536 | WARNING | Clipping input data to the valid range for imshow with RGB data ([0..1] for floats or [0..255] for integers). Got range [-2.0494049..2.64].
2025-10-08 13:21:45,736 | WARNING | Clipping input data to the valid range for imshow with RGB data ([0..1] for floats or [0..255] for integers). Got range [-2.0494049..2.64].
2025-10-08 13:21:46,373 | WARNING | Clipping input data to the valid range for imshow with RGB data ([0..1] for floats or [0..255] for integers). Got range [-1.8267832..2.64].
2025-10-08 13:21:46,554 | WARNING | Clipping input data to the valid range for imshow with RGB data ([0..1] for floats or [0..255] for integers). Got range [-1.8267832..2.64].
2025-10-08 13:21:46,757 | WARNING | Clipping input data to the valid range for imshow with RGB data ([0..1] for floats or [0..255] for integers). Got range [-1.8267832..2.64].
2025-10-08 13:21:46,962 | WARNING | Clipping input data to the valid range for imshow with RGB data ([0..1] for floats or [0..255] for integers). Got range [-1.8267832..2.64].
2025-10-08 13:21:47,147 | WARNING | Clipping input data to the valid range for imshow with RGB data ([0..1] for floats or [0..255] for integers). Got range [-1.8267832..2.64].
2025-10-08 13:21:47,352 | WARNING | Clipping input data to the valid range for imshow with RGB data ([0..1] for floats or [0..255] for integers). Got range [-1.8267832..2.64].
2025-10-08 13:21:47,995 | WARNING | Clipping input data to the valid range for imshow with RGB data ([0..1] for floats or [0..255] for integers). Got range [-2.0151556..2.64].
2025-10-08 13:21:48,189 | WARNING | Clipping input data to the valid range for imshow with RGB data ([0..1] for floats or [0..255] for integers). Got range [-2.0151556..2.64].
2025-10-08 13:21:48,386 | WARNING | Clipping input data to the valid range for imshow with RGB data ([0..1] for floats or [0..255] for integers). Got range [-2.0151556..2.64].
2025-10-08 13:21:48,589 | WARNING | Clipping input data to the valid range for imshow with RGB data ([0..1] for floats or [0..255] for integers). Got range [-2.0151556..2.64].
2025-10-08 13:21:48,789 | WARNING | Clipping input data to the valid range for imshow with RGB data ([0..1] for floats or [0..255] for integers). Got range [-2.0151556..2.64].
2025-10-08 13:21:48,994 | WARNING | Clipping input data to the valid range for imshow with RGB data ([0..1] for floats or [0..255] for integers). Got range [-2.0151556..2.64].
2025-10-08 13:21:49,637 | WARNING | Clipping input data to the valid range for imshow with RGB data ([0..1] for floats or [0..255] for integers). Got range [-1.9980307..2.64].
2025-10-08 13:21:49,817 | WARNING | Clipping input data to the valid range for imshow with RGB data ([0..1] for floats or [0..255] for integers). Got range [-1.9980307..2.64].
2025-10-08 13:21:50,012 | WARNING | Clipping input data to the valid range for imshow with RGB data ([0..1] for floats or [0..255] for integers). Got range [-1.9980307..2.64].
2025-10-08 13:21:50,214 | WARNING | Clipping input data to the valid range for imshow with RGB data ([0..1] for floats or [0..255] for integers). Got range [-1.9980307..2.64].
2025-10-08 13:21:50,412 | WARNING | Clipping input data to the valid range for imshow with RGB data ([0..1] for floats or [0..255] for integers). Got range [-1.9980307..2.64].
2025-10-08 13:21:50,613 | WARNING | Clipping input data to the valid range for imshow with RGB data ([0..1] for floats or [0..255] for integers). Got range [-1.9980307..2.64].
2025-10-08 13:21:51,248 | WARNING | Clipping input data to the valid range for imshow with RGB data ([0..1] for floats or [0..255] for integers). Got range [-1.5527871..0.87044823].
2025-10-08 13:21:51,433 | WARNING | Clipping input data to the valid range for imshow with RGB data ([0..1] for floats or [0..255] for integers). Got range [-1.5527871..0.87044823].
2025-10-08 13:21:51,641 | WARNING | Clipping input data to the valid range for imshow with RGB data ([0..1] for floats or [0..255] for integers). Got range [-1.5527871..0.87044823].
2025-10-08 13:21:51,849 | WARNING | Clipping input data to the valid range for imshow with RGB data ([0..1] for floats or [0..255] for integers). Got range [-1.5527871..0.87044823].
2025-10-08 13:21:52,039 | WARNING | Clipping input data to the valid range for imshow with RGB data ([0..1] for floats or [0..255] for integers). Got range [-1.5527871..0.87044823].
2025-10-08 13:21:52,238 | WARNING | Clipping input data to the valid range for imshow with RGB data ([0..1] for floats or [0..255] for integers). Got range [-1.5527871..0.87044823].
2025-10-08 13:21:52,880 | WARNING | Clipping input data to the valid range for imshow with RGB data ([0..1] for floats or [0..255] for integers). Got range [-1.6384108..2.2216995].
2025-10-08 13:21:53,075 | WARNING | Clipping input data to the valid range for imshow with RGB data ([0..1] for floats or [0..255] for integers). Got range [-1.6384108..2.2216995].
2025-10-08 13:21:53,268 | WARNING | Clipping input data to the valid range for imshow with RGB data ([0..1] for floats or [0..255] for integers). Got range [-1.6384108..2.2216995].
2025-10-08 13:21:53,467 | WARNING | Clipping input data to the valid range for imshow with RGB data ([0..1] for floats or [0..255] for integers). Got range [-1.6384108..2.2216995].
2025-10-08 13:21:53,654 | WARNING | Clipping input data to the valid range for imshow with RGB data ([0..1] for floats or [0..255] for integers). Got range [-1.6384108..2.2216995].
2025-10-08 13:21:53,849 | WARNING | Clipping input data to the valid range for imshow with RGB data ([0..1] for floats or [0..255] for integers). Got range [-1.6384108..2.2216995].
2025-10-08 13:21:54,075 | INFO | inference:   10/ 933 | Current F1_overall: 62.721% (Clsf: 54.118%, Loc: 82.794%) [cumulative]
2025-10-08 13:21:54,481 | WARNING | Clipping input data to the valid range for imshow with RGB data ([0..1] for floats or [0..255] for integers). Got range [-1.6897851..2.0609245].
2025-10-08 13:21:54,671 | WARNING | Clipping input data to the valid range for imshow with RGB data ([0..1] for floats or [0..255] for integers). Got range [-1.6897851..2.0609245].
2025-10-08 13:21:54,871 | WARNING | Clipping input data to the valid range for imshow with RGB data ([0..1] for floats or [0..255] for integers). Got range [-1.6897851..2.0609245].
2025-10-08 13:21:55,066 | WARNING | Clipping input data to the valid range for imshow with RGB data ([0..1] for floats or [0..255] for integers). Got range [-1.6897851..2.0609245].
2025-10-08 13:21:55,254 | WARNING | Clipping input data to the valid range for imshow with RGB data ([0..1] for floats or [0..255] for integers). Got range [-1.6897851..2.0609245].
2025-10-08 13:21:55,452 | WARNING | Clipping input data to the valid range for imshow with RGB data ([0..1] for floats or [0..255] for integers). Got range [-1.6897851..2.0609245].
2025-10-08 13:21:56,088 | WARNING | Clipping input data to the valid range for imshow with RGB data ([0..1] for floats or [0..255] for integers). Got range [-1.8952821..2.64].
2025-10-08 13:21:56,369 | WARNING | Clipping input data to the valid range for imshow with RGB data ([0..1] for floats or [0..255] for integers). Got range [-1.8952821..2.64].
2025-10-08 13:21:56,575 | WARNING | Clipping input data to the valid range for imshow with RGB data ([0..1] for floats or [0..255] for integers). Got range [-1.8952821..2.64].
2025-10-08 13:21:56,775 | WARNING | Clipping input data to the valid range for imshow with RGB data ([0..1] for floats or [0..255] for integers). Got range [-1.8952821..2.64].
2025-10-08 13:21:56,961 | WARNING | Clipping input data to the valid range for imshow with RGB data ([0..1] for floats or [0..255] for integers). Got range [-1.8952821..2.64].
2025-10-08 13:21:57,162 | WARNING | Clipping input data to the valid range for imshow with RGB data ([0..1] for floats or [0..255] for integers). Got range [-1.8952821..2.64].
2025-10-08 13:21:57,800 | WARNING | Clipping input data to the valid range for imshow with RGB data ([0..1] for floats or [0..255] for integers). Got range [-2.0151556..2.64].
2025-10-08 13:21:57,992 | WARNING | Clipping input data to the valid range for imshow with RGB data ([0..1] for floats or [0..255] for integers). Got range [-2.0151556..2.64].
2025-10-08 13:21:58,196 | WARNING | Clipping input data to the valid range for imshow with RGB data ([0..1] for floats or [0..255] for integers). Got range [-2.0151556..2.64].
2025-10-08 13:21:58,396 | WARNING | Clipping input data to the valid range for imshow with RGB data ([0..1] for floats or [0..255] for integers). Got range [-2.0151556..2.64].
2025-10-08 13:21:58,583 | WARNING | Clipping input data to the valid range for imshow with RGB data ([0..1] for floats or [0..255] for integers). Got range [-2.0151556..2.64].
2025-10-08 13:21:58,780 | WARNING | Clipping input data to the valid range for imshow with RGB data ([0..1] for floats or [0..255] for integers). Got range [-2.0151556..2.64].
2025-10-08 13:21:59,420 | WARNING | Clipping input data to the valid range for imshow with RGB data ([0..1] for floats or [0..255] for integers). Got range [-2.0836544..2.64].
2025-10-08 13:21:59,602 | WARNING | Clipping input data to the valid range for imshow with RGB data ([0..1] for floats or [0..255] for integers). Got range [-2.0836544..2.64].
2025-10-08 13:21:59,805 | WARNING | Clipping input data to the valid range for imshow with RGB data ([0..1] for floats or [0..255] for integers). Got range [-2.0836544..2.64].
2025-10-08 13:22:00,010 | WARNING | Clipping input data to the valid range for imshow with RGB data ([0..1] for floats or [0..255] for integers). Got range [-2.0836544..2.64].
2025-10-08 13:22:00,189 | WARNING | Clipping input data to the valid range for imshow with RGB data ([0..1] for floats or [0..255] for integers). Got range [-2.0836544..2.64].
2025-10-08 13:22:00,376 | WARNING | Clipping input data to the valid range for imshow with RGB data ([0..1] for floats or [0..255] for integers). Got range [-2.0836544..2.64].
2025-10-08 13:22:01,012 | WARNING | Clipping input data to the valid range for imshow with RGB data ([0..1] for floats or [0..255] for integers). Got range [-2.117904..2.64].
2025-10-08 13:22:01,188 | WARNING | Clipping input data to the valid range for imshow with RGB data ([0..1] for floats or [0..255] for integers). Got range [-2.117904..2.64].
2025-10-08 13:22:01,382 | WARNING | Clipping input data to the valid range for imshow with RGB data ([0..1] for floats or [0..255] for integers). Got range [-2.117904..2.64].
2025-10-08 13:22:01,576 | WARNING | Clipping input data to the valid range for imshow with RGB data ([0..1] for floats or [0..255] for integers). Got range [-2.117904..2.64].
2025-10-08 13:22:01,762 | WARNING | Clipping input data to the valid range for imshow with RGB data ([0..1] for floats or [0..255] for integers). Got range [-2.117904..2.64].
2025-10-08 13:22:01,954 | WARNING | Clipping input data to the valid range for imshow with RGB data ([0..1] for floats or [0..255] for integers). Got range [-2.117904..2.64].
2025-10-08 13:22:02,586 | WARNING | Clipping input data to the valid range for imshow with RGB data ([0..1] for floats or [0..255] for integers). Got range [-2.117904..2.64].
2025-10-08 13:22:02,747 | WARNING | Clipping input data to the valid range for imshow with RGB data ([0..1] for floats or [0..255] for integers). Got range [-2.117904..2.64].
2025-10-08 13:22:02,928 | WARNING | Clipping input data to the valid range for imshow with RGB data ([0..1] for floats or [0..255] for integers). Got range [-2.117904..2.64].
2025-10-08 13:22:03,113 | WARNING | Clipping input data to the valid range for imshow with RGB data ([0..1] for floats or [0..255] for integers). Got range [-2.117904..2.64].
2025-10-08 13:22:03,300 | WARNING | Clipping input data to the valid range for imshow with RGB data ([0..1] for floats or [0..255] for integers). Got range [-2.117904..2.64].
2025-10-08 13:22:03,490 | WARNING | Clipping input data to the valid range for imshow with RGB data ([0..1] for floats or [0..255] for integers). Got range [-2.117904..2.64].
2025-10-08 13:22:04,117 | WARNING | Clipping input data to the valid range for imshow with RGB data ([0..1] for floats or [0..255] for integers). Got range [-2.0836544..2.64].
2025-10-08 13:22:04,308 | WARNING | Clipping input data to the valid range for imshow with RGB data ([0..1] for floats or [0..255] for integers). Got range [-2.0836544..2.64].
2025-10-08 13:22:04,505 | WARNING | Clipping input data to the valid range for imshow with RGB data ([0..1] for floats or [0..255] for integers). Got range [-2.0836544..2.64].
2025-10-08 13:22:04,703 | WARNING | Clipping input data to the valid range for imshow with RGB data ([0..1] for floats or [0..255] for integers). Got range [-2.0836544..2.64].
2025-10-08 13:22:04,906 | WARNING | Clipping input data to the valid range for imshow with RGB data ([0..1] for floats or [0..255] for integers). Got range [-2.0836544..2.64].
2025-10-08 13:22:05,111 | WARNING | Clipping input data to the valid range for imshow with RGB data ([0..1] for floats or [0..255] for integers). Got range [-2.0836544..2.64].
2025-10-08 13:22:05,763 | WARNING | Clipping input data to the valid range for imshow with RGB data ([0..1] for floats or [0..255] for integers). Got range [-1.9466565..2.3611329].
2025-10-08 13:22:05,956 | WARNING | Clipping input data to the valid range for imshow with RGB data ([0..1] for floats or [0..255] for integers). Got range [-1.9466565..2.3611329].
2025-10-08 13:22:06,159 | WARNING | Clipping input data to the valid range for imshow with RGB data ([0..1] for floats or [0..255] for integers). Got range [-1.9466565..2.3611329].
2025-10-08 13:22:06,357 | WARNING | Clipping input data to the valid range for imshow with RGB data ([0..1] for floats or [0..255] for integers). Got range [-1.9466565..2.3611329].
2025-10-08 13:22:06,545 | WARNING | Clipping input data to the valid range for imshow with RGB data ([0..1] for floats or [0..255] for integers). Got range [-1.9466565..2.3611329].
2025-10-08 13:22:06,738 | WARNING | Clipping input data to the valid range for imshow with RGB data ([0..1] for floats or [0..255] for integers). Got range [-1.9466565..2.3611329].
2025-10-08 13:22:07,370 | WARNING | Clipping input data to the valid range for imshow with RGB data ([0..1] for floats or [0..255] for integers). Got range [-1.8610326..0.6428572].
2025-10-08 13:22:07,555 | WARNING | Clipping input data to the valid range for imshow with RGB data ([0..1] for floats or [0..255] for integers). Got range [-1.8610326..0.6428572].
2025-10-08 13:22:07,764 | WARNING | Clipping input data to the valid range for imshow with RGB data ([0..1] for floats or [0..255] for integers). Got range [-1.8610326..0.6428572].
2025-10-08 13:22:07,957 | WARNING | Clipping input data to the valid range for imshow with RGB data ([0..1] for floats or [0..255] for integers). Got range [-1.8610326..0.6428572].
2025-10-08 13:22:08,138 | WARNING | Clipping input data to the valid range for imshow with RGB data ([0..1] for floats or [0..255] for integers). Got range [-1.8610326..0.6428572].
2025-10-08 13:22:08,339 | WARNING | Clipping input data to the valid range for imshow with RGB data ([0..1] for floats or [0..255] for integers). Got range [-1.8610326..0.6428572].
2025-10-08 13:22:08,981 | WARNING | Clipping input data to the valid range for imshow with RGB data ([0..1] for floats or [0..255] for integers). Got range [-1.5356623..2.64].
2025-10-08 13:22:09,159 | WARNING | Clipping input data to the valid range for imshow with RGB data ([0..1] for floats or [0..255] for integers). Got range [-1.5356623..2.64].
2025-10-08 13:22:09,358 | WARNING | Clipping input data to the valid range for imshow with RGB data ([0..1] for floats or [0..255] for integers). Got range [-1.5356623..2.64].
2025-10-08 13:22:09,568 | WARNING | Clipping input data to the valid range for imshow with RGB data ([0..1] for floats or [0..255] for integers). Got range [-1.5356623..2.64].
2025-10-08 13:22:09,743 | WARNING | Clipping input data to the valid range for imshow with RGB data ([0..1] for floats or [0..255] for integers). Got range [-1.5356623..2.64].
2025-10-08 13:22:09,937 | WARNING | Clipping input data to the valid range for imshow with RGB data ([0..1] for floats or [0..255] for integers). Got range [-1.5356623..2.64].
2025-10-08 13:22:10,175 | INFO | inference:   20/ 933 | Current F1_overall: 68.190% (Clsf: 61.916%, Loc: 82.830%) [cumulative]
2025-10-08 13:22:10,581 | WARNING | Clipping input data to the valid range for imshow with RGB data ([0..1] for floats or [0..255] for integers). Got range [-2.0665298..2.64].
2025-10-08 13:22:10,773 | WARNING | Clipping input data to the valid range for imshow with RGB data ([0..1] for floats or [0..255] for integers). Got range [-2.0665298..2.64].
2025-10-08 13:22:10,977 | WARNING | Clipping input data to the valid range for imshow with RGB data ([0..1] for floats or [0..255] for integers). Got range [-2.0665298..2.64].
2025-10-08 13:22:11,175 | WARNING | Clipping input data to the valid range for imshow with RGB data ([0..1] for floats or [0..255] for integers). Got range [-2.0665298..2.64].
2025-10-08 13:22:11,368 | WARNING | Clipping input data to the valid range for imshow with RGB data ([0..1] for floats or [0..255] for integers). Got range [-2.0665298..2.64].
2025-10-08 13:22:11,570 | WARNING | Clipping input data to the valid range for imshow with RGB data ([0..1] for floats or [0..255] for integers). Got range [-2.0665298..2.64].
2025-10-08 13:22:12,218 | WARNING | Clipping input data to the valid range for imshow with RGB data ([0..1] for floats or [0..255] for integers). Got range [-1.5870366..2.2146587].
2025-10-08 13:22:12,399 | WARNING | Clipping input data to the valid range for imshow with RGB data ([0..1] for floats or [0..255] for integers). Got range [-1.5870366..2.2146587].
2025-10-08 13:22:12,580 | WARNING | Clipping input data to the valid range for imshow with RGB data ([0..1] for floats or [0..255] for integers). Got range [-1.5870366..2.2146587].
2025-10-08 13:22:12,789 | WARNING | Clipping input data to the valid range for imshow with RGB data ([0..1] for floats or [0..255] for integers). Got range [-1.5870366..2.2146587].
2025-10-08 13:22:12,978 | WARNING | Clipping input data to the valid range for imshow with RGB data ([0..1] for floats or [0..255] for integers). Got range [-1.5870366..2.2146587].
2025-10-08 13:22:13,169 | WARNING | Clipping input data to the valid range for imshow with RGB data ([0..1] for floats or [0..255] for integers). Got range [-1.5870366..2.2146587].
2025-10-08 13:22:13,374 | INFO | Confusion Matrix of Localization:
[[20789680   188018]
 [  165549   876849]]
2025-10-08 13:22:13,375 | INFO | Confusion Matrix of Localization - Normalized:
[[0.99103724 0.00896276]
 [0.15881554 0.84118446]]
2025-10-08 13:22:13,375 | INFO | Confusion Matrix of Classification:
[[     0      0      0      0      0]
 [     0 794280  82982   1951   2207]
 [     0  37227  38853   6199    267]
 [     0   1144  11906  27631   2100]
 [     0    701    503   1936  30021]]
2025-10-08 13:22:13,375 | INFO | Confusion Matrix of Classification - Normalized:
[[       nan        nan        nan        nan        nan]
 [0.         0.9011368  0.09414581 0.00221347 0.00250391]
 [0.         0.45098491 0.47068301 0.07509752 0.00323456]
 [0.         0.02674084 0.27830111 0.64587083 0.04908721]
 [0.         0.02113929 0.01516842 0.05838183 0.90531046]]
2025-10-08 13:22:13,375 | INFO | lofF1 is 83.2215, clfF1 is 61.9726, oaF1 is 68.3473, sub class F1 score is [92.6397 35.8439 68.6501 88.615 ]
2025-10-08 13:22:13,377 | INFO | MAIN - DONE.
2025-10-08 13:22:13,377 | INFO | MAIN - EXIT.
2025-10-08 13:37:29,053 | INFO | MAIN - START
2025-10-08 13:37:29,053 | INFO |  > ALINGNMENT set to False
2025-10-08 13:37:29,053 | INFO |  > ATTENTION GATE set to -> Building: True, Damage: True
2025-10-08 13:37:29,054 | INFO | Command Line Args:
{
    "cfg": "/mnt/storage1/alpgenc/change_detection/ChangeMamba_AG/changedetection/configs/vssm1/vssm_base_224.yaml",
    "opts": null,
    "pretrained_weight_path": null,
    "dataset": "xBD",
    "type": "test",
    "test_dataset_path": "/mnt/storage1/alpgenc/change_detection/xBD_complete_png/test",
    "test_data_list_path": "/mnt/storage1/alpgenc/change_detection/xBD_complete_png/test/test_list2.txt",
    "shuffle": true,
    "batch_size": 16,
    "crop_size": 256,
    "train_data_name_list": null,
    "test_data_name_list": null,
    "start_iter": 0,
    "cuda": true,
    "max_iters": 240000,
    "model_type": "MambaBDA_Base",
    "result_saved_path": "/mnt/storage1/alpgenc/change_detection/ChangeMamba_AG/changedetection/infer_results/in2025-10-08_13-37-27",
    "resume": "/mnt/storage1/alpgenc/change_detection/ChangeMamba_AG/changedetection/deneme_saved_models/tr2025-09-30_00-21-38_MambaBDA_Base_xBD_FOCAL_AGBD/model_step31250.pth",
    "learning_rate": 0.0001,
    "momentum": 0.9,
    "weight_decay": 0.0005,
    "logfile": "/mnt/storage1/alpgenc/change_detection/ChangeMamba_AG/LOGLAR_CMAG/infer_tr2025-09-30_00-21-38_MambaBDA_Base_xBD_FOCAL_AGBD_on_xBD.log",
    "save_output_images": false,
    "extension": "png",
    "enable_alignment": false,
    "enable_attn_gate_building": true,
    "enable_attn_gate_damage": true,
    "save_attention_images": true
}
2025-10-08 13:37:29,056 | INFO |  > ALIGNMENT params: alignment_args = AlignmentArgs(enabled=False, stages=None, mid_ch=None)
2025-10-08 13:37:29,056 | INFO |  > ATTENTION GATE params: attn_gate_args = AttentionGateArgs(enable_building_ag=True, enable_damage_ag=True)
2025-10-08 13:37:29,056 | INFO | ChangeMambaBDA class
2025-10-08 13:37:30,290 | INFO | [Hook registered on] decoder_damage.ag3 (id(m)=139610334459504)
2025-10-08 13:37:30,291 | INFO | [Hook registered on] decoder_damage.ag2 (id(m)=139610334459792)
2025-10-08 13:37:30,291 | INFO | [Hook registered on] decoder_damage.ag1 (id(m)=139610334460176)
2025-10-08 13:37:30,291 | INFO | [Hook registered on] decoder_building.ag3 (id(m)=139610129011792)
2025-10-08 13:37:30,291 | INFO | [Hook registered on] decoder_building.ag2 (id(m)=139610129012080)
2025-10-08 13:37:30,291 | INFO | [Hook registered on] decoder_building.ag1 (id(m)=139610129012464)
2025-10-08 13:37:30,450 | INFO | inference:    0/ 933 | Current F1_overall: nan% (Clsf: 0.000%, Loc: nan%) [cumulative]
2025-10-08 13:37:31,175 | WARNING | Clipping input data to the valid range for imshow with RGB data ([0..1] for floats or [0..255] for integers). Got range [-1.9124069..2.64].
2025-10-08 13:37:31,329 | WARNING | Clipping input data to the valid range for imshow with RGB data ([0..1] for floats or [0..255] for integers). Got range [-1.9124069..2.64].
2025-10-08 13:37:31,487 | WARNING | Clipping input data to the valid range for imshow with RGB data ([0..1] for floats or [0..255] for integers). Got range [-1.9124069..2.64].
2025-10-08 13:37:31,637 | WARNING | Clipping input data to the valid range for imshow with RGB data ([0..1] for floats or [0..255] for integers). Got range [-1.9124069..2.64].
2025-10-08 13:37:31,793 | WARNING | Clipping input data to the valid range for imshow with RGB data ([0..1] for floats or [0..255] for integers). Got range [-1.9124069..2.64].
2025-10-08 13:37:31,942 | WARNING | Clipping input data to the valid range for imshow with RGB data ([0..1] for floats or [0..255] for integers). Got range [-1.9124069..2.64].
2025-10-08 13:37:32,534 | WARNING | Clipping input data to the valid range for imshow with RGB data ([0..1] for floats or [0..255] for integers). Got range [-2.0494049..2.64].
2025-10-08 13:37:32,686 | WARNING | Clipping input data to the valid range for imshow with RGB data ([0..1] for floats or [0..255] for integers). Got range [-2.0494049..2.64].
2025-10-08 13:37:32,843 | WARNING | Clipping input data to the valid range for imshow with RGB data ([0..1] for floats or [0..255] for integers). Got range [-2.0494049..2.64].
2025-10-08 13:37:32,995 | WARNING | Clipping input data to the valid range for imshow with RGB data ([0..1] for floats or [0..255] for integers). Got range [-2.0494049..2.64].
2025-10-08 13:37:33,138 | WARNING | Clipping input data to the valid range for imshow with RGB data ([0..1] for floats or [0..255] for integers). Got range [-2.0494049..2.64].
2025-10-08 13:37:33,290 | WARNING | Clipping input data to the valid range for imshow with RGB data ([0..1] for floats or [0..255] for integers). Got range [-2.0494049..2.64].
2025-10-08 13:37:33,887 | WARNING | Clipping input data to the valid range for imshow with RGB data ([0..1] for floats or [0..255] for integers). Got range [-1.5527871..2.4831374].
2025-10-08 13:37:34,033 | WARNING | Clipping input data to the valid range for imshow with RGB data ([0..1] for floats or [0..255] for integers). Got range [-1.5527871..2.4831374].
2025-10-08 13:37:34,185 | WARNING | Clipping input data to the valid range for imshow with RGB data ([0..1] for floats or [0..255] for integers). Got range [-1.5527871..2.4831374].
2025-10-08 13:37:34,328 | WARNING | Clipping input data to the valid range for imshow with RGB data ([0..1] for floats or [0..255] for integers). Got range [-1.5527871..2.4831374].
2025-10-08 13:37:34,481 | WARNING | Clipping input data to the valid range for imshow with RGB data ([0..1] for floats or [0..255] for integers). Got range [-1.5527871..2.4831374].
2025-10-08 13:37:34,629 | WARNING | Clipping input data to the valid range for imshow with RGB data ([0..1] for floats or [0..255] for integers). Got range [-1.5527871..2.4831374].
2025-10-08 13:37:35,212 | WARNING | Clipping input data to the valid range for imshow with RGB data ([0..1] for floats or [0..255] for integers). Got range [-1.5870366..1.6324171].
2025-10-08 13:37:35,361 | WARNING | Clipping input data to the valid range for imshow with RGB data ([0..1] for floats or [0..255] for integers). Got range [-1.5870366..1.6324171].
2025-10-08 13:37:35,516 | WARNING | Clipping input data to the valid range for imshow with RGB data ([0..1] for floats or [0..255] for integers). Got range [-1.5870366..1.6324171].
2025-10-08 13:37:35,661 | WARNING | Clipping input data to the valid range for imshow with RGB data ([0..1] for floats or [0..255] for integers). Got range [-1.5870366..1.6324171].
2025-10-08 13:37:35,812 | WARNING | Clipping input data to the valid range for imshow with RGB data ([0..1] for floats or [0..255] for integers). Got range [-1.5870366..1.6324171].
2025-10-08 13:37:35,967 | WARNING | Clipping input data to the valid range for imshow with RGB data ([0..1] for floats or [0..255] for integers). Got range [-1.5870366..1.6324171].
2025-10-08 13:37:36,553 | WARNING | Clipping input data to the valid range for imshow with RGB data ([0..1] for floats or [0..255] for integers). Got range [-2.0494049..2.64].
2025-10-08 13:37:36,704 | WARNING | Clipping input data to the valid range for imshow with RGB data ([0..1] for floats or [0..255] for integers). Got range [-2.0494049..2.64].
2025-10-08 13:37:36,860 | WARNING | Clipping input data to the valid range for imshow with RGB data ([0..1] for floats or [0..255] for integers). Got range [-2.0494049..2.64].
2025-10-08 13:37:37,013 | WARNING | Clipping input data to the valid range for imshow with RGB data ([0..1] for floats or [0..255] for integers). Got range [-2.0494049..2.64].
2025-10-08 13:37:37,154 | WARNING | Clipping input data to the valid range for imshow with RGB data ([0..1] for floats or [0..255] for integers). Got range [-2.0494049..2.64].
2025-10-08 13:37:37,309 | WARNING | Clipping input data to the valid range for imshow with RGB data ([0..1] for floats or [0..255] for integers). Got range [-2.0494049..2.64].
2025-10-08 13:37:37,904 | WARNING | Clipping input data to the valid range for imshow with RGB data ([0..1] for floats or [0..255] for integers). Got range [-1.8267832..2.64].
2025-10-08 13:37:38,053 | WARNING | Clipping input data to the valid range for imshow with RGB data ([0..1] for floats or [0..255] for integers). Got range [-1.8267832..2.64].
2025-10-08 13:37:38,209 | WARNING | Clipping input data to the valid range for imshow with RGB data ([0..1] for floats or [0..255] for integers). Got range [-1.8267832..2.64].
2025-10-08 13:37:38,359 | WARNING | Clipping input data to the valid range for imshow with RGB data ([0..1] for floats or [0..255] for integers). Got range [-1.8267832..2.64].
2025-10-08 13:37:38,505 | WARNING | Clipping input data to the valid range for imshow with RGB data ([0..1] for floats or [0..255] for integers). Got range [-1.8267832..2.64].
2025-10-08 13:37:38,661 | WARNING | Clipping input data to the valid range for imshow with RGB data ([0..1] for floats or [0..255] for integers). Got range [-1.8267832..2.64].
2025-10-08 13:37:39,249 | WARNING | Clipping input data to the valid range for imshow with RGB data ([0..1] for floats or [0..255] for integers). Got range [-2.0151556..2.64].
2025-10-08 13:37:39,399 | WARNING | Clipping input data to the valid range for imshow with RGB data ([0..1] for floats or [0..255] for integers). Got range [-2.0151556..2.64].
2025-10-08 13:37:39,551 | WARNING | Clipping input data to the valid range for imshow with RGB data ([0..1] for floats or [0..255] for integers). Got range [-2.0151556..2.64].
2025-10-08 13:37:39,700 | WARNING | Clipping input data to the valid range for imshow with RGB data ([0..1] for floats or [0..255] for integers). Got range [-2.0151556..2.64].
2025-10-08 13:37:39,852 | WARNING | Clipping input data to the valid range for imshow with RGB data ([0..1] for floats or [0..255] for integers). Got range [-2.0151556..2.64].
2025-10-08 13:37:40,006 | WARNING | Clipping input data to the valid range for imshow with RGB data ([0..1] for floats or [0..255] for integers). Got range [-2.0151556..2.64].
2025-10-08 13:37:40,598 | WARNING | Clipping input data to the valid range for imshow with RGB data ([0..1] for floats or [0..255] for integers). Got range [-1.9980307..2.64].
2025-10-08 13:37:40,743 | WARNING | Clipping input data to the valid range for imshow with RGB data ([0..1] for floats or [0..255] for integers). Got range [-1.9980307..2.64].
2025-10-08 13:37:40,894 | WARNING | Clipping input data to the valid range for imshow with RGB data ([0..1] for floats or [0..255] for integers). Got range [-1.9980307..2.64].
2025-10-08 13:37:41,043 | WARNING | Clipping input data to the valid range for imshow with RGB data ([0..1] for floats or [0..255] for integers). Got range [-1.9980307..2.64].
2025-10-08 13:37:41,195 | WARNING | Clipping input data to the valid range for imshow with RGB data ([0..1] for floats or [0..255] for integers). Got range [-1.9980307..2.64].
2025-10-08 13:37:41,345 | WARNING | Clipping input data to the valid range for imshow with RGB data ([0..1] for floats or [0..255] for integers). Got range [-1.9980307..2.64].
2025-10-08 13:37:41,926 | WARNING | Clipping input data to the valid range for imshow with RGB data ([0..1] for floats or [0..255] for integers). Got range [-1.5527871..0.87044823].
2025-10-08 13:37:42,077 | WARNING | Clipping input data to the valid range for imshow with RGB data ([0..1] for floats or [0..255] for integers). Got range [-1.5527871..0.87044823].
2025-10-08 13:37:42,235 | WARNING | Clipping input data to the valid range for imshow with RGB data ([0..1] for floats or [0..255] for integers). Got range [-1.5527871..0.87044823].
2025-10-08 13:37:42,386 | WARNING | Clipping input data to the valid range for imshow with RGB data ([0..1] for floats or [0..255] for integers). Got range [-1.5527871..0.87044823].
2025-10-08 13:37:42,543 | WARNING | Clipping input data to the valid range for imshow with RGB data ([0..1] for floats or [0..255] for integers). Got range [-1.5527871..0.87044823].
2025-10-08 13:37:42,703 | WARNING | Clipping input data to the valid range for imshow with RGB data ([0..1] for floats or [0..255] for integers). Got range [-1.5527871..0.87044823].
2025-10-08 13:37:43,295 | WARNING | Clipping input data to the valid range for imshow with RGB data ([0..1] for floats or [0..255] for integers). Got range [-1.6384108..2.2216995].
2025-10-08 13:37:43,446 | WARNING | Clipping input data to the valid range for imshow with RGB data ([0..1] for floats or [0..255] for integers). Got range [-1.6384108..2.2216995].
2025-10-08 13:37:43,594 | WARNING | Clipping input data to the valid range for imshow with RGB data ([0..1] for floats or [0..255] for integers). Got range [-1.6384108..2.2216995].
2025-10-08 13:37:43,744 | WARNING | Clipping input data to the valid range for imshow with RGB data ([0..1] for floats or [0..255] for integers). Got range [-1.6384108..2.2216995].
2025-10-08 13:37:43,894 | WARNING | Clipping input data to the valid range for imshow with RGB data ([0..1] for floats or [0..255] for integers). Got range [-1.6384108..2.2216995].
2025-10-08 13:37:44,050 | WARNING | Clipping input data to the valid range for imshow with RGB data ([0..1] for floats or [0..255] for integers). Got range [-1.6384108..2.2216995].
2025-10-08 13:37:44,229 | INFO | inference:   10/ 933 | Current F1_overall: 62.721% (Clsf: 54.118%, Loc: 82.794%) [cumulative]
2025-10-08 13:37:44,635 | WARNING | Clipping input data to the valid range for imshow with RGB data ([0..1] for floats or [0..255] for integers). Got range [-1.6897851..2.0609245].
2025-10-08 13:37:44,777 | WARNING | Clipping input data to the valid range for imshow with RGB data ([0..1] for floats or [0..255] for integers). Got range [-1.6897851..2.0609245].
2025-10-08 13:37:44,929 | WARNING | Clipping input data to the valid range for imshow with RGB data ([0..1] for floats or [0..255] for integers). Got range [-1.6897851..2.0609245].
2025-10-08 13:37:45,166 | WARNING | Clipping input data to the valid range for imshow with RGB data ([0..1] for floats or [0..255] for integers). Got range [-1.6897851..2.0609245].
2025-10-08 13:37:45,310 | WARNING | Clipping input data to the valid range for imshow with RGB data ([0..1] for floats or [0..255] for integers). Got range [-1.6897851..2.0609245].
2025-10-08 13:37:45,458 | WARNING | Clipping input data to the valid range for imshow with RGB data ([0..1] for floats or [0..255] for integers). Got range [-1.6897851..2.0609245].
2025-10-08 13:37:46,039 | WARNING | Clipping input data to the valid range for imshow with RGB data ([0..1] for floats or [0..255] for integers). Got range [-1.8952821..2.64].
2025-10-08 13:37:46,187 | WARNING | Clipping input data to the valid range for imshow with RGB data ([0..1] for floats or [0..255] for integers). Got range [-1.8952821..2.64].
2025-10-08 13:37:46,340 | WARNING | Clipping input data to the valid range for imshow with RGB data ([0..1] for floats or [0..255] for integers). Got range [-1.8952821..2.64].
2025-10-08 13:37:46,483 | WARNING | Clipping input data to the valid range for imshow with RGB data ([0..1] for floats or [0..255] for integers). Got range [-1.8952821..2.64].
2025-10-08 13:37:46,630 | WARNING | Clipping input data to the valid range for imshow with RGB data ([0..1] for floats or [0..255] for integers). Got range [-1.8952821..2.64].
2025-10-08 13:37:46,782 | WARNING | Clipping input data to the valid range for imshow with RGB data ([0..1] for floats or [0..255] for integers). Got range [-1.8952821..2.64].
2025-10-08 13:37:46,936 | INFO | Confusion Matrix of Localization:
[[10779561   127069]
 [   94635   533071]]
2025-10-08 13:37:46,937 | INFO | Confusion Matrix of Localization - Normalized:
[[0.98834938 0.01165062]
 [0.15076326 0.84923674]]
2025-10-08 13:37:46,937 | INFO | Confusion Matrix of Classification:
[[     0      0      0      0      0]
 [     0 485252  60198   1600    382]
 [     0  13632  18706   6184    267]
 [     0   1144  10505  22002   2015]
 [     0      0    343    545   4719]]
2025-10-08 13:37:46,937 | INFO | Confusion Matrix of Classification - Normalized:
[[           nan            nan            nan            nan
             nan]
 [0.00000000e+00 8.86415116e-01 1.09964343e-01 2.92273744e-03
  6.97803563e-04]
 [0.00000000e+00 3.51439841e-01 4.82250122e-01 1.59426642e-01
  6.88339478e-03]
 [0.00000000e+00 3.20753659e-02 2.94538216e-01 6.16890035e-01
  5.64963831e-02]
 [0.00000000e+00 0.00000000e+00 6.11735331e-02 9.71999287e-02
  8.41626538e-01]]
2025-10-08 13:37:46,937 | INFO | lofF1 is 82.7849, clfF1 is 54.1179, oaF1 is 62.7180, sub class F1 score is [92.6531 29.1051 66.6758 72.6559]
2025-10-08 13:37:46,939 | INFO | MAIN - DONE.
2025-10-08 13:37:46,939 | INFO | MAIN - EXIT.
2025-10-08 13:44:24,896 | INFO | MAIN - START
2025-10-08 13:44:24,896 | INFO |  > ALINGNMENT set to False
2025-10-08 13:44:24,896 | INFO |  > ATTENTION GATE set to -> Building: True, Damage: True
2025-10-08 13:44:24,896 | INFO | Command Line Args:
{
    "cfg": "/mnt/storage1/alpgenc/change_detection/ChangeMamba_AG/changedetection/configs/vssm1/vssm_base_224.yaml",
    "opts": null,
    "pretrained_weight_path": null,
    "dataset": "xBD",
    "type": "test",
    "test_dataset_path": "/mnt/storage1/alpgenc/change_detection/xBD_complete_png/test",
    "test_data_list_path": "/mnt/storage1/alpgenc/change_detection/xBD_complete_png/test/test_list2.txt",
    "shuffle": true,
    "batch_size": 16,
    "crop_size": 256,
    "train_data_name_list": null,
    "test_data_name_list": null,
    "start_iter": 0,
    "cuda": true,
    "max_iters": 240000,
    "model_type": "MambaBDA_Base",
    "result_saved_path": "/mnt/storage1/alpgenc/change_detection/ChangeMamba_AG/changedetection/infer_results/in2025-10-08_13-44-23",
    "resume": "/mnt/storage1/alpgenc/change_detection/ChangeMamba_AG/changedetection/deneme_saved_models/tr2025-09-30_00-21-38_MambaBDA_Base_xBD_FOCAL_AGBD/model_step31250.pth",
    "learning_rate": 0.0001,
    "momentum": 0.9,
    "weight_decay": 0.0005,
    "logfile": "/mnt/storage1/alpgenc/change_detection/ChangeMamba_AG/LOGLAR_CMAG/infer_tr2025-09-30_00-21-38_MambaBDA_Base_xBD_FOCAL_AGBD_on_xBD.log",
    "save_output_images": false,
    "extension": "png",
    "enable_alignment": false,
    "enable_attn_gate_building": true,
    "enable_attn_gate_damage": true,
    "save_attention_images": true
}
2025-10-08 13:44:24,898 | INFO |  > ALIGNMENT params: alignment_args = AlignmentArgs(enabled=False, stages=None, mid_ch=None)
2025-10-08 13:44:24,898 | INFO |  > ATTENTION GATE params: attn_gate_args = AttentionGateArgs(enable_building_ag=True, enable_damage_ag=True)
2025-10-08 13:44:24,898 | INFO | ChangeMambaBDA class
2025-10-08 13:44:26,133 | INFO | [Hook registered on] decoder_damage.ag3 (id(m)=137603385178096)
2025-10-08 13:44:26,133 | INFO | [Hook registered on] decoder_damage.ag2 (id(m)=137603385178384)
2025-10-08 13:44:26,133 | INFO | [Hook registered on] decoder_damage.ag1 (id(m)=137603385178768)
2025-10-08 13:44:26,133 | INFO | [Hook registered on] decoder_building.ag3 (id(m)=137603171325392)
2025-10-08 13:44:26,133 | INFO | [Hook registered on] decoder_building.ag2 (id(m)=137603171325680)
2025-10-08 13:44:26,133 | INFO | [Hook registered on] decoder_building.ag1 (id(m)=137603171326064)
2025-10-08 13:44:26,294 | INFO | inference:    0/ 933 | Current F1_overall: nan% (Clsf: 0.000%, Loc: nan%) [cumulative]
2025-10-08 13:44:27,039 | INFO | MAIN - ERROR: 'Tensor' object has no attribute 'astype'
Traceback (most recent call last):
  File "/mnt/storage1/alpgenc/change_detection/ChangeMamba_AG/changedetection/script/infer_MambaBDA.py", line 353, in <module>
    main()
  File "/mnt/storage1/alpgenc/change_detection/ChangeMamba_AG/changedetection/script/infer_MambaBDA.py", line 348, in main
    trainer.infer()
  File "/mnt/storage1/alpgenc/change_detection/ChangeMamba_AG/changedetection/script/infer_MambaBDA.py", line 217, in infer
    plt.imshow(heat.astype(np.uint8), cmap="jet", alpha=0.5)
AttributeError: 'Tensor' object has no attribute 'astype'. Did you mean: 'dtype'?
Stack (most recent call last):
  File "/mnt/storage1/alpgenc/change_detection/ChangeMamba_AG/changedetection/script/infer_MambaBDA.py", line 356, in <module>
    logging.info(f"MAIN - ERROR: {exc}", exc_info=True, stack_info=True)
2025-10-08 13:44:27,043 | INFO | MAIN - EXIT.
2025-10-08 13:45:25,809 | INFO | MAIN - START
2025-10-08 13:45:25,809 | INFO |  > ALINGNMENT set to False
2025-10-08 13:45:25,809 | INFO |  > ATTENTION GATE set to -> Building: True, Damage: True
2025-10-08 13:45:25,809 | INFO | Command Line Args:
{
    "cfg": "/mnt/storage1/alpgenc/change_detection/ChangeMamba_AG/changedetection/configs/vssm1/vssm_base_224.yaml",
    "opts": null,
    "pretrained_weight_path": null,
    "dataset": "xBD",
    "type": "test",
    "test_dataset_path": "/mnt/storage1/alpgenc/change_detection/xBD_complete_png/test",
    "test_data_list_path": "/mnt/storage1/alpgenc/change_detection/xBD_complete_png/test/test_list2.txt",
    "shuffle": true,
    "batch_size": 16,
    "crop_size": 256,
    "train_data_name_list": null,
    "test_data_name_list": null,
    "start_iter": 0,
    "cuda": true,
    "max_iters": 240000,
    "model_type": "MambaBDA_Base",
    "result_saved_path": "/mnt/storage1/alpgenc/change_detection/ChangeMamba_AG/changedetection/infer_results/in2025-10-08_13-45-24",
    "resume": "/mnt/storage1/alpgenc/change_detection/ChangeMamba_AG/changedetection/deneme_saved_models/tr2025-09-30_00-21-38_MambaBDA_Base_xBD_FOCAL_AGBD/model_step31250.pth",
    "learning_rate": 0.0001,
    "momentum": 0.9,
    "weight_decay": 0.0005,
    "logfile": "/mnt/storage1/alpgenc/change_detection/ChangeMamba_AG/LOGLAR_CMAG/infer_tr2025-09-30_00-21-38_MambaBDA_Base_xBD_FOCAL_AGBD_on_xBD.log",
    "save_output_images": false,
    "extension": "png",
    "enable_alignment": false,
    "enable_attn_gate_building": true,
    "enable_attn_gate_damage": true,
    "save_attention_images": true
}
2025-10-08 13:45:25,812 | INFO |  > ALIGNMENT params: alignment_args = AlignmentArgs(enabled=False, stages=None, mid_ch=None)
2025-10-08 13:45:25,812 | INFO |  > ATTENTION GATE params: attn_gate_args = AttentionGateArgs(enable_building_ag=True, enable_damage_ag=True)
2025-10-08 13:45:25,812 | INFO | ChangeMambaBDA class
2025-10-08 13:45:27,033 | INFO | [Hook registered on] decoder_damage.ag3 (id(m)=139955523434336)
2025-10-08 13:45:27,033 | INFO | [Hook registered on] decoder_damage.ag2 (id(m)=139955523434624)
2025-10-08 13:45:27,034 | INFO | [Hook registered on] decoder_damage.ag1 (id(m)=139955523435008)
2025-10-08 13:45:27,034 | INFO | [Hook registered on] decoder_building.ag3 (id(m)=139955337385280)
2025-10-08 13:45:27,034 | INFO | [Hook registered on] decoder_building.ag2 (id(m)=139955337385568)
2025-10-08 13:45:27,034 | INFO | [Hook registered on] decoder_building.ag1 (id(m)=139955337385952)
2025-10-08 13:45:27,196 | INFO | inference:    0/ 933 | Current F1_overall: nan% (Clsf: 0.000%, Loc: nan%) [cumulative]
2025-10-08 13:45:39,338 | INFO | inference:   10/ 933 | Current F1_overall: 62.721% (Clsf: 54.118%, Loc: 82.794%) [cumulative]
2025-10-08 13:45:41,749 | INFO | Confusion Matrix of Localization:
[[10779561   127069]
 [   94635   533071]]
2025-10-08 13:45:41,749 | INFO | Confusion Matrix of Localization - Normalized:
[[0.98834938 0.01165062]
 [0.15076326 0.84923674]]
2025-10-08 13:45:41,749 | INFO | Confusion Matrix of Classification:
[[     0      0      0      0      0]
 [     0 485252  60198   1600    382]
 [     0  13632  18706   6184    267]
 [     0   1144  10505  22002   2015]
 [     0      0    343    545   4719]]
2025-10-08 13:45:41,749 | INFO | Confusion Matrix of Classification - Normalized:
[[           nan            nan            nan            nan
             nan]
 [0.00000000e+00 8.86415116e-01 1.09964343e-01 2.92273744e-03
  6.97803563e-04]
 [0.00000000e+00 3.51439841e-01 4.82250122e-01 1.59426642e-01
  6.88339478e-03]
 [0.00000000e+00 3.20753659e-02 2.94538216e-01 6.16890035e-01
  5.64963831e-02]
 [0.00000000e+00 0.00000000e+00 6.11735331e-02 9.71999287e-02
  8.41626538e-01]]
2025-10-08 13:45:41,750 | INFO | lofF1 is 82.7849, clfF1 is 54.1179, oaF1 is 62.7180, sub class F1 score is [92.6531 29.1051 66.6758 72.6559]
2025-10-08 13:45:41,752 | INFO | MAIN - DONE.
2025-10-08 13:45:41,752 | INFO | MAIN - EXIT.
2025-10-08 13:58:42,707 | INFO | MAIN - START
2025-10-08 13:58:42,707 | INFO |  > ALINGNMENT set to False
2025-10-08 13:58:42,707 | INFO |  > ATTENTION GATE set to -> Building: True, Damage: True
2025-10-08 13:58:42,707 | INFO | Command Line Args:
{
    "cfg": "/mnt/storage1/alpgenc/change_detection/ChangeMamba_AG/changedetection/configs/vssm1/vssm_base_224.yaml",
    "opts": null,
    "pretrained_weight_path": null,
    "dataset": "xBD",
    "type": "test",
    "test_dataset_path": "/mnt/storage1/alpgenc/change_detection/xBD_complete_png/test",
    "test_data_list_path": "/mnt/storage1/alpgenc/change_detection/xBD_complete_png/test/test_list2.txt",
    "shuffle": true,
    "batch_size": 16,
    "crop_size": 256,
    "train_data_name_list": null,
    "test_data_name_list": null,
    "start_iter": 0,
    "cuda": true,
    "max_iters": 240000,
    "model_type": "MambaBDA_Base",
    "result_saved_path": "/mnt/storage1/alpgenc/change_detection/ChangeMamba_AG/changedetection/infer_results/in2025-10-08_13-58-41",
    "resume": "/mnt/storage1/alpgenc/change_detection/ChangeMamba_AG/changedetection/deneme_saved_models/tr2025-09-30_00-21-38_MambaBDA_Base_xBD_FOCAL_AGBD/model_step31250.pth",
    "learning_rate": 0.0001,
    "momentum": 0.9,
    "weight_decay": 0.0005,
    "logfile": "/mnt/storage1/alpgenc/change_detection/ChangeMamba_AG/LOGLAR_CMAG/infer_tr2025-09-30_00-21-38_MambaBDA_Base_xBD_FOCAL_AGBD_on_xBD.log",
    "save_output_images": false,
    "extension": "png",
    "enable_alignment": false,
    "enable_attn_gate_building": true,
    "enable_attn_gate_damage": true,
    "save_attention_images": true
}
2025-10-08 13:58:42,709 | INFO |  > ALIGNMENT params: alignment_args = AlignmentArgs(enabled=False, stages=None, mid_ch=None)
2025-10-08 13:58:42,709 | INFO |  > ATTENTION GATE params: attn_gate_args = AttentionGateArgs(enable_building_ag=True, enable_damage_ag=True)
2025-10-08 13:58:42,709 | INFO | ChangeMambaBDA class
2025-10-08 13:58:44,053 | INFO | [Hook registered on] decoder_damage.ag3 (id(m)=139902186557008)
2025-10-08 13:58:44,053 | INFO | [Hook registered on] decoder_damage.ag2 (id(m)=139902186557296)
2025-10-08 13:58:44,053 | INFO | [Hook registered on] decoder_damage.ag1 (id(m)=139902186557680)
2025-10-08 13:58:44,053 | INFO | [Hook registered on] decoder_building.ag3 (id(m)=139902186564592)
2025-10-08 13:58:44,053 | INFO | [Hook registered on] decoder_building.ag2 (id(m)=139902186564880)
2025-10-08 13:58:44,053 | INFO | [Hook registered on] decoder_building.ag1 (id(m)=139902186565264)
2025-10-08 13:58:44,217 | INFO | inference:    0/ 933 | Current F1_overall: nan% (Clsf: 0.000%, Loc: nan%) [cumulative]
2025-10-08 13:58:45,007 | INFO | MAIN - ERROR: index 3 is out of bounds for axis 1 with size 3
Traceback (most recent call last):
  File "/mnt/storage1/alpgenc/change_detection/ChangeMamba_AG/changedetection/script/infer_MambaBDA.py", line 407, in <module>
    main()
  File "/mnt/storage1/alpgenc/change_detection/ChangeMamba_AG/changedetection/script/infer_MambaBDA.py", line 402, in main
    trainer.infer()
  File "/mnt/storage1/alpgenc/change_detection/ChangeMamba_AG/changedetection/script/infer_MambaBDA.py", line 275, in infer
    save_all_attn_maps(img, mask, attn_maps, f"{self.attention_map_saved_path}/{names[0]}_all.png")
  File "/mnt/storage1/alpgenc/change_detection/ChangeMamba_AG/changedetection/script/infer_MambaBDA.py", line 121, in save_all_attn_maps
    axs[row,col].imshow(img)
IndexError: index 3 is out of bounds for axis 1 with size 3
Stack (most recent call last):
  File "/mnt/storage1/alpgenc/change_detection/ChangeMamba_AG/changedetection/script/infer_MambaBDA.py", line 410, in <module>
    logging.info(f"MAIN - ERROR: {exc}", exc_info=True, stack_info=True)
2025-10-08 13:58:45,010 | INFO | MAIN - EXIT.
2025-10-08 14:09:42,428 | INFO | MAIN - START
2025-10-08 14:09:42,428 | INFO |  > ALINGNMENT set to False
2025-10-08 14:09:42,428 | INFO |  > ATTENTION GATE set to -> Building: True, Damage: True
2025-10-08 14:09:42,428 | INFO | Command Line Args:
{
    "cfg": "/mnt/storage1/alpgenc/change_detection/ChangeMamba_AG/changedetection/configs/vssm1/vssm_base_224.yaml",
    "opts": null,
    "pretrained_weight_path": null,
    "dataset": "xBD",
    "type": "test",
    "test_dataset_path": "/mnt/storage1/alpgenc/change_detection/xBD_complete_png/test",
    "test_data_list_path": "/mnt/storage1/alpgenc/change_detection/xBD_complete_png/test/test_list2.txt",
    "shuffle": true,
    "batch_size": 16,
    "crop_size": 256,
    "train_data_name_list": null,
    "test_data_name_list": null,
    "start_iter": 0,
    "cuda": true,
    "max_iters": 240000,
    "model_type": "MambaBDA_Base",
    "result_saved_path": "/mnt/storage1/alpgenc/change_detection/ChangeMamba_AG/changedetection/infer_results/in2025-10-08_14-09-40",
    "resume": "/mnt/storage1/alpgenc/change_detection/ChangeMamba_AG/changedetection/deneme_saved_models/tr2025-09-30_00-21-38_MambaBDA_Base_xBD_FOCAL_AGBD/model_step31250.pth",
    "learning_rate": 0.0001,
    "momentum": 0.9,
    "weight_decay": 0.0005,
    "logfile": "/mnt/storage1/alpgenc/change_detection/ChangeMamba_AG/LOGLAR_CMAG/infer_tr2025-09-30_00-21-38_MambaBDA_Base_xBD_FOCAL_AGBD_on_xBD.log",
    "save_output_images": false,
    "extension": "png",
    "enable_alignment": false,
    "enable_attn_gate_building": true,
    "enable_attn_gate_damage": true,
    "save_attention_images": true
}
2025-10-08 14:09:42,430 | INFO |  > ALIGNMENT params: alignment_args = AlignmentArgs(enabled=False, stages=None, mid_ch=None)
2025-10-08 14:09:42,430 | INFO |  > ATTENTION GATE params: attn_gate_args = AttentionGateArgs(enable_building_ag=True, enable_damage_ag=True)
2025-10-08 14:09:42,430 | INFO | ChangeMambaBDA class
2025-10-08 14:09:43,641 | INFO | [Hook registered on] decoder_damage.ag3 (id(m)=135865311829616)
2025-10-08 14:09:43,642 | INFO | [Hook registered on] decoder_damage.ag2 (id(m)=135865311829904)
2025-10-08 14:09:43,642 | INFO | [Hook registered on] decoder_damage.ag1 (id(m)=135865311830288)
2025-10-08 14:09:43,642 | INFO | [Hook registered on] decoder_building.ag3 (id(m)=135865311837200)
2025-10-08 14:09:43,642 | INFO | [Hook registered on] decoder_building.ag2 (id(m)=135865311837488)
2025-10-08 14:09:43,642 | INFO | [Hook registered on] decoder_building.ag1 (id(m)=135865311837872)
2025-10-08 14:09:43,808 | INFO | inference:    0/ 933 | Current F1_overall: nan% (Clsf: 0.000%, Loc: nan%) [cumulative]
2025-10-08 14:09:44,561 | INFO | MAIN - ERROR: name 'H' is not defined
Traceback (most recent call last):
  File "/mnt/storage1/alpgenc/change_detection/ChangeMamba_AG/changedetection/script/infer_MambaBDA.py", line 424, in <module>
    main()
  File "/mnt/storage1/alpgenc/change_detection/ChangeMamba_AG/changedetection/script/infer_MambaBDA.py", line 419, in main
    trainer.infer()
  File "/mnt/storage1/alpgenc/change_detection/ChangeMamba_AG/changedetection/script/infer_MambaBDA.py", line 292, in infer
    save_all_attn_maps(img, mask, attn_maps, os.path.join(self.attention_map_saved_path, f"{names[0]}_all.png"))
  File "/mnt/storage1/alpgenc/change_detection/ChangeMamba_AG/changedetection/script/infer_MambaBDA.py", line 116, in save_all_attn_maps
    heat = F.interpolate(attn_maps[name], size=(H, W), mode="bilinear", align_corners=False)[0,0].numpy()
NameError: name 'H' is not defined
Stack (most recent call last):
  File "/mnt/storage1/alpgenc/change_detection/ChangeMamba_AG/changedetection/script/infer_MambaBDA.py", line 427, in <module>
    logging.info(f"MAIN - ERROR: {exc}", exc_info=True, stack_info=True)
2025-10-08 14:09:44,563 | INFO | MAIN - EXIT.
2025-10-08 14:10:37,051 | INFO | MAIN - START
2025-10-08 14:10:37,051 | INFO |  > ALINGNMENT set to False
2025-10-08 14:10:37,051 | INFO |  > ATTENTION GATE set to -> Building: True, Damage: True
2025-10-08 14:10:37,051 | INFO | Command Line Args:
{
    "cfg": "/mnt/storage1/alpgenc/change_detection/ChangeMamba_AG/changedetection/configs/vssm1/vssm_base_224.yaml",
    "opts": null,
    "pretrained_weight_path": null,
    "dataset": "xBD",
    "type": "test",
    "test_dataset_path": "/mnt/storage1/alpgenc/change_detection/xBD_complete_png/test",
    "test_data_list_path": "/mnt/storage1/alpgenc/change_detection/xBD_complete_png/test/test_list2.txt",
    "shuffle": true,
    "batch_size": 16,
    "crop_size": 256,
    "train_data_name_list": null,
    "test_data_name_list": null,
    "start_iter": 0,
    "cuda": true,
    "max_iters": 240000,
    "model_type": "MambaBDA_Base",
    "result_saved_path": "/mnt/storage1/alpgenc/change_detection/ChangeMamba_AG/changedetection/infer_results/in2025-10-08_14-10-35",
    "resume": "/mnt/storage1/alpgenc/change_detection/ChangeMamba_AG/changedetection/deneme_saved_models/tr2025-09-30_00-21-38_MambaBDA_Base_xBD_FOCAL_AGBD/model_step31250.pth",
    "learning_rate": 0.0001,
    "momentum": 0.9,
    "weight_decay": 0.0005,
    "logfile": "/mnt/storage1/alpgenc/change_detection/ChangeMamba_AG/LOGLAR_CMAG/infer_tr2025-09-30_00-21-38_MambaBDA_Base_xBD_FOCAL_AGBD_on_xBD.log",
    "save_output_images": false,
    "extension": "png",
    "enable_alignment": false,
    "enable_attn_gate_building": true,
    "enable_attn_gate_damage": true,
    "save_attention_images": true
}
2025-10-08 14:10:37,053 | INFO |  > ALIGNMENT params: alignment_args = AlignmentArgs(enabled=False, stages=None, mid_ch=None)
2025-10-08 14:10:37,053 | INFO |  > ATTENTION GATE params: attn_gate_args = AttentionGateArgs(enable_building_ag=True, enable_damage_ag=True)
2025-10-08 14:10:37,053 | INFO | ChangeMambaBDA class
2025-10-08 14:10:38,295 | INFO | [Hook registered on] decoder_damage.ag3 (id(m)=136736800775744)
2025-10-08 14:10:38,295 | INFO | [Hook registered on] decoder_damage.ag2 (id(m)=136736800776032)
2025-10-08 14:10:38,296 | INFO | [Hook registered on] decoder_damage.ag1 (id(m)=136736800776416)
2025-10-08 14:10:38,296 | INFO | [Hook registered on] decoder_building.ag3 (id(m)=136736800783328)
2025-10-08 14:10:38,296 | INFO | [Hook registered on] decoder_building.ag2 (id(m)=136736800783616)
2025-10-08 14:10:38,296 | INFO | [Hook registered on] decoder_building.ag1 (id(m)=136736800784000)
2025-10-08 14:10:38,458 | INFO | inference:    0/ 933 | Current F1_overall: nan% (Clsf: 0.000%, Loc: nan%) [cumulative]
2025-10-08 14:11:18,409 | INFO | inference:   10/ 933 | Current F1_overall: 62.721% (Clsf: 54.118%, Loc: 82.794%) [cumulative]
2025-10-08 14:11:26,243 | INFO | Confusion Matrix of Localization:
[[10779561   127069]
 [   94635   533071]]
2025-10-08 14:11:26,243 | INFO | Confusion Matrix of Localization - Normalized:
[[0.98834938 0.01165062]
 [0.15076326 0.84923674]]
2025-10-08 14:11:26,243 | INFO | Confusion Matrix of Classification:
[[     0      0      0      0      0]
 [     0 485252  60198   1600    382]
 [     0  13632  18706   6184    267]
 [     0   1144  10505  22002   2015]
 [     0      0    343    545   4719]]
2025-10-08 14:11:26,243 | INFO | Confusion Matrix of Classification - Normalized:
[[           nan            nan            nan            nan
             nan]
 [0.00000000e+00 8.86415116e-01 1.09964343e-01 2.92273744e-03
  6.97803563e-04]
 [0.00000000e+00 3.51439841e-01 4.82250122e-01 1.59426642e-01
  6.88339478e-03]
 [0.00000000e+00 3.20753659e-02 2.94538216e-01 6.16890035e-01
  5.64963831e-02]
 [0.00000000e+00 0.00000000e+00 6.11735331e-02 9.71999287e-02
  8.41626538e-01]]
2025-10-08 14:11:26,243 | INFO | lofF1 is 82.7849, clfF1 is 54.1179, oaF1 is 62.7180, sub class F1 score is [92.6531 29.1051 66.6758 72.6559]
2025-10-08 14:11:26,245 | INFO | MAIN - DONE.
2025-10-08 14:11:26,246 | INFO | MAIN - EXIT.
