2025-09-22 12:02:10,754 | INFO | MAIN - START
2025-09-22 12:02:10,754 | INFO | Command Line Args:
{
    "cfg": "/storage/alperengenc/change_detection/ChangeMamba_AG/changedetection/configs/vssm1/vssm_tiny_224_0229flex.yaml",
    "opts": null,
    "pretrained_weight_path": null,
    "dataset": "xBD",
    "type": "test",
    "test_dataset_path": "/storage/alperengenc/change_detection/xBD_complete_png/test",
    "test_data_list_path": "/storage/alperengenc/change_detection/xBD_complete_png/test_list.txt",
    "shuffle": true,
    "batch_size": 16,
    "crop_size": 256,
    "train_data_name_list": null,
    "test_data_name_list": null,
    "start_iter": 0,
    "cuda": true,
    "max_iters": 240000,
    "model_type": "MambaBDA_Tiny",
    "result_saved_path": "/storage/alperengenc/change_detection/ChangeMamba_AG/changedetection/infer_results/in2025-09-22_12-02-08",
    "resume": "/storage/alperengenc/change_detection/ChangeMamba_AG/changedetection/deneme_saved_models/tr2025-09-21_17-52-20_MambaBDA_Tiny_xBD/model_step31250.pth",
    "learning_rate": 0.0001,
    "momentum": 0.9,
    "weight_decay": 0.0005,
    "logfile": "/storage/alperengenc/change_detection/ChangeMamba_AG/LOGLAR_CMAG/infer_tr2025-09-21_17-52-20_MambaBDA_Tiny_xBD_on_xBD.log",
    "save_output_images": false,
    "extension": "png"
}
2025-09-22 12:02:12,015 | INFO | inference:    0/1866 | Current F1_overall: nan% (Clsf: 0.000%, Loc: nan%) [cumulative]
2025-09-22 12:02:17,633 | INFO | inference:   10/1866 | Current F1_overall: 49.654% (Clsf: 35.262%, Loc: 83.236%) [cumulative]
2025-09-22 12:02:23,016 | INFO | inference:   20/1866 | Current F1_overall: 53.590% (Clsf: 40.375%, Loc: 84.425%) [cumulative]
2025-09-22 12:02:28,396 | INFO | inference:   30/1866 | Current F1_overall: 56.971% (Clsf: 45.765%, Loc: 83.117%) [cumulative]
2025-09-22 12:02:33,805 | INFO | inference:   40/1866 | Current F1_overall: 63.585% (Clsf: 56.447%, Loc: 80.241%) [cumulative]
2025-09-22 12:02:39,210 | INFO | inference:   50/1866 | Current F1_overall: 63.026% (Clsf: 55.172%, Loc: 81.354%) [cumulative]
2025-09-22 12:02:44,602 | INFO | inference:   60/1866 | Current F1_overall: 63.123% (Clsf: 55.187%, Loc: 81.642%) [cumulative]
2025-09-22 12:02:49,998 | INFO | inference:   70/1866 | Current F1_overall: 64.706% (Clsf: 57.550%, Loc: 81.403%) [cumulative]
2025-09-22 12:02:55,410 | INFO | inference:   80/1866 | Current F1_overall: 65.714% (Clsf: 58.862%, Loc: 81.703%) [cumulative]
2025-09-22 12:03:00,816 | INFO | inference:   90/1866 | Current F1_overall: 69.824% (Clsf: 65.100%, Loc: 80.847%) [cumulative]
2025-09-22 12:03:06,235 | INFO | inference:  100/1866 | Current F1_overall: 67.322% (Clsf: 61.304%, Loc: 81.363%) [cumulative]
2025-09-22 12:03:11,623 | INFO | inference:  110/1866 | Current F1_overall: 67.439% (Clsf: 61.553%, Loc: 81.172%) [cumulative]
2025-09-22 12:03:17,036 | INFO | inference:  120/1866 | Current F1_overall: 68.173% (Clsf: 62.527%, Loc: 81.348%) [cumulative]
2025-09-22 12:03:22,438 | INFO | inference:  130/1866 | Current F1_overall: 67.032% (Clsf: 60.870%, Loc: 81.410%) [cumulative]
2025-09-22 12:03:27,859 | INFO | inference:  140/1866 | Current F1_overall: 66.741% (Clsf: 60.438%, Loc: 81.449%) [cumulative]
2025-09-22 12:03:33,307 | INFO | inference:  150/1866 | Current F1_overall: 66.908% (Clsf: 60.772%, Loc: 81.225%) [cumulative]
2025-09-22 12:03:38,843 | INFO | inference:  160/1866 | Current F1_overall: 67.273% (Clsf: 61.177%, Loc: 81.497%) [cumulative]
2025-09-22 12:03:44,381 | INFO | inference:  170/1866 | Current F1_overall: 67.312% (Clsf: 61.228%, Loc: 81.508%) [cumulative]
2025-09-22 12:03:49,940 | INFO | inference:  180/1866 | Current F1_overall: 70.882% (Clsf: 66.313%, Loc: 81.543%) [cumulative]
2025-09-22 12:03:55,477 | INFO | inference:  190/1866 | Current F1_overall: 71.229% (Clsf: 66.887%, Loc: 81.362%) [cumulative]
2025-09-22 12:04:01,016 | INFO | inference:  200/1866 | Current F1_overall: 71.055% (Clsf: 66.628%, Loc: 81.385%) [cumulative]
2025-09-22 12:04:06,556 | INFO | inference:  210/1866 | Current F1_overall: 71.430% (Clsf: 67.299%, Loc: 81.071%) [cumulative]
2025-09-22 12:04:12,100 | INFO | inference:  220/1866 | Current F1_overall: 71.100% (Clsf: 66.783%, Loc: 81.174%) [cumulative]
2025-09-22 12:04:17,633 | INFO | inference:  230/1866 | Current F1_overall: 71.235% (Clsf: 67.054%, Loc: 80.991%) [cumulative]
2025-09-22 12:04:23,197 | INFO | inference:  240/1866 | Current F1_overall: 71.492% (Clsf: 67.275%, Loc: 81.331%) [cumulative]
2025-09-22 12:04:28,735 | INFO | inference:  250/1866 | Current F1_overall: 70.611% (Clsf: 65.999%, Loc: 81.371%) [cumulative]
2025-09-22 12:04:34,271 | INFO | inference:  260/1866 | Current F1_overall: 70.432% (Clsf: 65.780%, Loc: 81.286%) [cumulative]
2025-09-22 12:04:39,813 | INFO | inference:  270/1866 | Current F1_overall: 70.134% (Clsf: 65.381%, Loc: 81.222%) [cumulative]
2025-09-22 12:04:45,353 | INFO | inference:  280/1866 | Current F1_overall: 70.799% (Clsf: 66.380%, Loc: 81.111%) [cumulative]
2025-09-22 12:04:50,892 | INFO | inference:  290/1866 | Current F1_overall: 70.892% (Clsf: 66.426%, Loc: 81.311%) [cumulative]
2025-09-22 12:04:56,419 | INFO | inference:  300/1866 | Current F1_overall: 70.968% (Clsf: 66.498%, Loc: 81.400%) [cumulative]
2025-09-22 12:05:01,939 | INFO | inference:  310/1866 | Current F1_overall: 71.800% (Clsf: 67.682%, Loc: 81.409%) [cumulative]
2025-09-22 12:05:07,463 | INFO | inference:  320/1866 | Current F1_overall: 71.806% (Clsf: 67.712%, Loc: 81.361%) [cumulative]
2025-09-22 12:05:12,994 | INFO | inference:  330/1866 | Current F1_overall: 71.832% (Clsf: 67.678%, Loc: 81.525%) [cumulative]
2025-09-22 12:05:18,540 | INFO | inference:  340/1866 | Current F1_overall: 72.430% (Clsf: 68.529%, Loc: 81.534%) [cumulative]
2025-09-22 12:05:24,064 | INFO | inference:  350/1866 | Current F1_overall: 72.257% (Clsf: 68.204%, Loc: 81.714%) [cumulative]
2025-09-22 12:05:29,619 | INFO | inference:  360/1866 | Current F1_overall: 72.459% (Clsf: 68.508%, Loc: 81.678%) [cumulative]
2025-09-22 12:05:35,150 | INFO | inference:  370/1866 | Current F1_overall: 72.373% (Clsf: 68.415%, Loc: 81.610%) [cumulative]
2025-09-22 12:05:40,680 | INFO | inference:  380/1866 | Current F1_overall: 72.445% (Clsf: 68.471%, Loc: 81.717%) [cumulative]
2025-09-22 12:05:46,222 | INFO | inference:  390/1866 | Current F1_overall: 72.551% (Clsf: 68.497%, Loc: 82.010%) [cumulative]
2025-09-22 12:05:51,679 | INFO | inference:  400/1866 | Current F1_overall: 72.451% (Clsf: 68.364%, Loc: 81.988%) [cumulative]
2025-09-22 12:05:57,089 | INFO | inference:  410/1866 | Current F1_overall: 72.315% (Clsf: 68.156%, Loc: 82.020%) [cumulative]
2025-09-22 12:06:02,508 | INFO | inference:  420/1866 | Current F1_overall: 72.227% (Clsf: 68.041%, Loc: 81.993%) [cumulative]
2025-09-22 12:06:07,934 | INFO | inference:  430/1866 | Current F1_overall: 73.660% (Clsf: 70.032%, Loc: 82.124%) [cumulative]
2025-09-22 12:06:13,345 | INFO | inference:  440/1866 | Current F1_overall: 74.284% (Clsf: 70.880%, Loc: 82.228%) [cumulative]
2025-09-22 12:06:18,751 | INFO | inference:  450/1866 | Current F1_overall: 74.169% (Clsf: 70.716%, Loc: 82.227%) [cumulative]
2025-09-22 12:06:24,148 | INFO | inference:  460/1866 | Current F1_overall: 73.816% (Clsf: 70.231%, Loc: 82.180%) [cumulative]
2025-09-22 12:06:29,565 | INFO | inference:  470/1866 | Current F1_overall: 73.755% (Clsf: 70.148%, Loc: 82.171%) [cumulative]
2025-09-22 12:06:34,991 | INFO | inference:  480/1866 | Current F1_overall: 73.639% (Clsf: 69.957%, Loc: 82.230%) [cumulative]
2025-09-22 12:06:40,413 | INFO | inference:  490/1866 | Current F1_overall: 73.705% (Clsf: 70.041%, Loc: 82.256%) [cumulative]
2025-09-22 12:06:45,846 | INFO | inference:  500/1866 | Current F1_overall: 73.646% (Clsf: 69.966%, Loc: 82.231%) [cumulative]
2025-09-22 12:06:51,262 | INFO | inference:  510/1866 | Current F1_overall: 73.484% (Clsf: 69.759%, Loc: 82.174%) [cumulative]
2025-09-22 12:06:56,679 | INFO | inference:  520/1866 | Current F1_overall: 73.442% (Clsf: 69.730%, Loc: 82.102%) [cumulative]
2025-09-22 12:07:02,097 | INFO | inference:  530/1866 | Current F1_overall: 73.817% (Clsf: 70.257%, Loc: 82.122%) [cumulative]
2025-09-22 12:07:07,516 | INFO | inference:  540/1866 | Current F1_overall: 73.771% (Clsf: 70.226%, Loc: 82.043%) [cumulative]
2025-09-22 12:07:12,946 | INFO | inference:  550/1866 | Current F1_overall: 74.053% (Clsf: 70.616%, Loc: 82.075%) [cumulative]
2025-09-22 12:07:18,371 | INFO | inference:  560/1866 | Current F1_overall: 74.018% (Clsf: 70.584%, Loc: 82.030%) [cumulative]
2025-09-22 12:07:23,787 | INFO | inference:  570/1866 | Current F1_overall: 74.022% (Clsf: 70.595%, Loc: 82.017%) [cumulative]
2025-09-22 12:07:29,196 | INFO | inference:  580/1866 | Current F1_overall: 74.032% (Clsf: 70.607%, Loc: 82.024%) [cumulative]
2025-09-22 12:07:34,618 | INFO | inference:  590/1866 | Current F1_overall: 74.027% (Clsf: 70.602%, Loc: 82.018%) [cumulative]
2025-09-22 12:07:40,167 | INFO | inference:  600/1866 | Current F1_overall: 74.237% (Clsf: 70.948%, Loc: 81.910%) [cumulative]
2025-09-22 12:07:45,714 | INFO | inference:  610/1866 | Current F1_overall: 74.161% (Clsf: 70.883%, Loc: 81.809%) [cumulative]
2025-09-22 12:07:51,254 | INFO | inference:  620/1866 | Current F1_overall: 74.034% (Clsf: 70.715%, Loc: 81.777%) [cumulative]
2025-09-22 12:07:56,820 | INFO | inference:  630/1866 | Current F1_overall: 73.992% (Clsf: 70.638%, Loc: 81.817%) [cumulative]
2025-09-22 12:08:02,379 | INFO | inference:  640/1866 | Current F1_overall: 73.978% (Clsf: 70.620%, Loc: 81.814%) [cumulative]
2025-09-22 12:08:07,854 | INFO | inference:  650/1866 | Current F1_overall: 73.946% (Clsf: 70.589%, Loc: 81.780%) [cumulative]
2025-09-22 12:08:13,265 | INFO | inference:  660/1866 | Current F1_overall: 73.621% (Clsf: 70.132%, Loc: 81.763%) [cumulative]
2025-09-22 12:08:18,698 | INFO | inference:  670/1866 | Current F1_overall: 73.334% (Clsf: 69.722%, Loc: 81.764%) [cumulative]
2025-09-22 12:08:24,142 | INFO | inference:  680/1866 | Current F1_overall: 73.202% (Clsf: 69.545%, Loc: 81.734%) [cumulative]
2025-09-22 12:08:29,558 | INFO | inference:  690/1866 | Current F1_overall: 73.492% (Clsf: 69.942%, Loc: 81.777%) [cumulative]
2025-09-22 12:08:35,007 | INFO | inference:  700/1866 | Current F1_overall: 73.517% (Clsf: 69.977%, Loc: 81.775%) [cumulative]
2025-09-22 12:08:40,415 | INFO | inference:  710/1866 | Current F1_overall: 73.479% (Clsf: 69.925%, Loc: 81.771%) [cumulative]
2025-09-22 12:08:45,840 | INFO | inference:  720/1866 | Current F1_overall: 73.479% (Clsf: 69.933%, Loc: 81.752%) [cumulative]
2025-09-22 12:08:51,276 | INFO | inference:  730/1866 | Current F1_overall: 73.572% (Clsf: 70.047%, Loc: 81.796%) [cumulative]
2025-09-22 12:08:56,710 | INFO | inference:  740/1866 | Current F1_overall: 73.550% (Clsf: 70.011%, Loc: 81.808%) [cumulative]
2025-09-22 12:09:02,126 | INFO | inference:  750/1866 | Current F1_overall: 73.391% (Clsf: 69.769%, Loc: 81.844%) [cumulative]
2025-09-22 12:09:07,544 | INFO | inference:  760/1866 | Current F1_overall: 73.385% (Clsf: 69.759%, Loc: 81.845%) [cumulative]
2025-09-22 12:09:12,966 | INFO | inference:  770/1866 | Current F1_overall: 73.294% (Clsf: 69.643%, Loc: 81.813%) [cumulative]
2025-09-22 12:09:18,411 | INFO | inference:  780/1866 | Current F1_overall: 73.298% (Clsf: 69.662%, Loc: 81.784%) [cumulative]
2025-09-22 12:09:23,845 | INFO | inference:  790/1866 | Current F1_overall: 73.315% (Clsf: 69.688%, Loc: 81.776%) [cumulative]
2025-09-22 12:09:29,283 | INFO | inference:  800/1866 | Current F1_overall: 73.320% (Clsf: 69.721%, Loc: 81.717%) [cumulative]
2025-09-22 12:09:34,707 | INFO | inference:  810/1866 | Current F1_overall: 73.153% (Clsf: 69.500%, Loc: 81.675%) [cumulative]
2025-09-22 12:09:40,133 | INFO | inference:  820/1866 | Current F1_overall: 73.036% (Clsf: 69.350%, Loc: 81.637%) [cumulative]
2025-09-22 12:09:45,552 | INFO | inference:  830/1866 | Current F1_overall: 72.739% (Clsf: 68.936%, Loc: 81.614%) [cumulative]
2025-09-22 12:09:51,023 | INFO | inference:  840/1866 | Current F1_overall: 72.753% (Clsf: 68.918%, Loc: 81.702%) [cumulative]
2025-09-22 12:09:56,567 | INFO | inference:  850/1866 | Current F1_overall: 72.730% (Clsf: 68.938%, Loc: 81.577%) [cumulative]
2025-09-22 12:10:01,994 | INFO | inference:  860/1866 | Current F1_overall: 72.744% (Clsf: 68.941%, Loc: 81.617%) [cumulative]
2025-09-22 12:10:07,412 | INFO | inference:  870/1866 | Current F1_overall: 72.710% (Clsf: 68.899%, Loc: 81.603%) [cumulative]
2025-09-22 12:10:12,828 | INFO | inference:  880/1866 | Current F1_overall: 72.705% (Clsf: 68.892%, Loc: 81.601%) [cumulative]
2025-09-22 12:10:18,243 | INFO | inference:  890/1866 | Current F1_overall: 72.666% (Clsf: 68.824%, Loc: 81.630%) [cumulative]
2025-09-22 12:10:23,663 | INFO | inference:  900/1866 | Current F1_overall: 72.776% (Clsf: 68.955%, Loc: 81.691%) [cumulative]
2025-09-22 12:10:29,080 | INFO | inference:  910/1866 | Current F1_overall: 72.795% (Clsf: 68.990%, Loc: 81.675%) [cumulative]
2025-09-22 12:10:34,508 | INFO | inference:  920/1866 | Current F1_overall: 72.900% (Clsf: 69.136%, Loc: 81.682%) [cumulative]
2025-09-22 12:10:39,934 | INFO | inference:  930/1866 | Current F1_overall: 72.848% (Clsf: 69.050%, Loc: 81.712%) [cumulative]
2025-09-22 12:10:45,371 | INFO | inference:  940/1866 | Current F1_overall: 73.036% (Clsf: 69.328%, Loc: 81.688%) [cumulative]
2025-09-22 12:10:50,803 | INFO | inference:  950/1866 | Current F1_overall: 73.058% (Clsf: 69.340%, Loc: 81.733%) [cumulative]
2025-09-22 12:10:56,220 | INFO | inference:  960/1866 | Current F1_overall: 73.006% (Clsf: 69.268%, Loc: 81.727%) [cumulative]
2025-09-22 12:11:01,629 | INFO | inference:  970/1866 | Current F1_overall: 73.041% (Clsf: 69.302%, Loc: 81.766%) [cumulative]
2025-09-22 12:11:07,048 | INFO | inference:  980/1866 | Current F1_overall: 72.984% (Clsf: 69.227%, Loc: 81.749%) [cumulative]
2025-09-22 12:11:12,467 | INFO | inference:  990/1866 | Current F1_overall: 72.970% (Clsf: 69.165%, Loc: 81.850%) [cumulative]
2025-09-22 12:11:17,895 | INFO | inference: 1000/1866 | Current F1_overall: 72.964% (Clsf: 69.162%, Loc: 81.834%) [cumulative]
2025-09-22 12:11:23,339 | INFO | inference: 1010/1866 | Current F1_overall: 72.888% (Clsf: 69.052%, Loc: 81.839%) [cumulative]
2025-09-22 12:11:28,753 | INFO | inference: 1020/1866 | Current F1_overall: 72.857% (Clsf: 69.011%, Loc: 81.831%) [cumulative]
2025-09-22 12:11:34,213 | INFO | inference: 1030/1866 | Current F1_overall: 72.804% (Clsf: 68.953%, Loc: 81.791%) [cumulative]
2025-09-22 12:11:39,755 | INFO | inference: 1040/1866 | Current F1_overall: 72.759% (Clsf: 68.887%, Loc: 81.795%) [cumulative]
2025-09-22 12:11:45,192 | INFO | inference: 1050/1866 | Current F1_overall: 72.712% (Clsf: 68.824%, Loc: 81.784%) [cumulative]
2025-09-22 12:11:50,623 | INFO | inference: 1060/1866 | Current F1_overall: 72.715% (Clsf: 68.826%, Loc: 81.789%) [cumulative]
2025-09-22 12:11:56,083 | INFO | inference: 1070/1866 | Current F1_overall: 72.726% (Clsf: 68.855%, Loc: 81.759%) [cumulative]
2025-09-22 12:12:01,604 | INFO | inference: 1080/1866 | Current F1_overall: 72.744% (Clsf: 68.851%, Loc: 81.827%) [cumulative]
2025-09-22 12:12:07,142 | INFO | inference: 1090/1866 | Current F1_overall: 72.752% (Clsf: 68.850%, Loc: 81.856%) [cumulative]
2025-09-22 12:12:12,675 | INFO | inference: 1100/1866 | Current F1_overall: 72.655% (Clsf: 68.708%, Loc: 81.866%) [cumulative]
2025-09-22 12:12:18,212 | INFO | inference: 1110/1866 | Current F1_overall: 72.575% (Clsf: 68.600%, Loc: 81.849%) [cumulative]
2025-09-22 12:12:23,746 | INFO | inference: 1120/1866 | Current F1_overall: 72.559% (Clsf: 68.586%, Loc: 81.830%) [cumulative]
2025-09-22 12:12:29,280 | INFO | inference: 1130/1866 | Current F1_overall: 72.447% (Clsf: 68.455%, Loc: 81.764%) [cumulative]
2025-09-22 12:12:34,792 | INFO | inference: 1140/1866 | Current F1_overall: 72.647% (Clsf: 68.742%, Loc: 81.760%) [cumulative]
2025-09-22 12:12:40,323 | INFO | inference: 1150/1866 | Current F1_overall: 72.761% (Clsf: 68.904%, Loc: 81.760%) [cumulative]
2025-09-22 12:12:45,824 | INFO | inference: 1160/1866 | Current F1_overall: 72.843% (Clsf: 69.008%, Loc: 81.791%) [cumulative]
2025-09-22 12:12:51,333 | INFO | inference: 1170/1866 | Current F1_overall: 72.817% (Clsf: 68.975%, Loc: 81.781%) [cumulative]
2025-09-22 12:12:56,813 | INFO | inference: 1180/1866 | Current F1_overall: 73.232% (Clsf: 69.571%, Loc: 81.774%) [cumulative]
2025-09-22 12:13:02,233 | INFO | inference: 1190/1866 | Current F1_overall: 73.227% (Clsf: 69.572%, Loc: 81.756%) [cumulative]
2025-09-22 12:13:07,665 | INFO | inference: 1200/1866 | Current F1_overall: 73.228% (Clsf: 69.572%, Loc: 81.757%) [cumulative]
2025-09-22 12:13:13,076 | INFO | inference: 1210/1866 | Current F1_overall: 73.237% (Clsf: 69.594%, Loc: 81.738%) [cumulative]
2025-09-22 12:13:18,508 | INFO | inference: 1220/1866 | Current F1_overall: 73.139% (Clsf: 69.451%, Loc: 81.746%) [cumulative]
2025-09-22 12:13:23,952 | INFO | inference: 1230/1866 | Current F1_overall: 73.106% (Clsf: 69.417%, Loc: 81.715%) [cumulative]
2025-09-22 12:13:29,381 | INFO | inference: 1240/1866 | Current F1_overall: 73.094% (Clsf: 69.410%, Loc: 81.692%) [cumulative]
2025-09-22 12:13:34,814 | INFO | inference: 1250/1866 | Current F1_overall: 73.008% (Clsf: 69.279%, Loc: 81.710%) [cumulative]
2025-09-22 12:13:40,249 | INFO | inference: 1260/1866 | Current F1_overall: 73.132% (Clsf: 69.431%, Loc: 81.766%) [cumulative]
2025-09-22 12:13:45,673 | INFO | inference: 1270/1866 | Current F1_overall: 73.165% (Clsf: 69.467%, Loc: 81.792%) [cumulative]
2025-09-22 12:13:51,081 | INFO | inference: 1280/1866 | Current F1_overall: 73.175% (Clsf: 69.479%, Loc: 81.797%) [cumulative]
2025-09-22 12:13:56,506 | INFO | inference: 1290/1866 | Current F1_overall: 73.093% (Clsf: 69.344%, Loc: 81.839%) [cumulative]
2025-09-22 12:14:01,930 | INFO | inference: 1300/1866 | Current F1_overall: 73.522% (Clsf: 69.979%, Loc: 81.786%) [cumulative]
2025-09-22 12:14:07,360 | INFO | inference: 1310/1866 | Current F1_overall: 73.601% (Clsf: 70.084%, Loc: 81.807%) [cumulative]
2025-09-22 12:14:12,786 | INFO | inference: 1320/1866 | Current F1_overall: 73.595% (Clsf: 70.091%, Loc: 81.772%) [cumulative]
2025-09-22 12:14:18,248 | INFO | inference: 1330/1866 | Current F1_overall: 73.593% (Clsf: 70.093%, Loc: 81.761%) [cumulative]
2025-09-22 12:14:23,679 | INFO | inference: 1340/1866 | Current F1_overall: 73.671% (Clsf: 70.208%, Loc: 81.752%) [cumulative]
2025-09-22 12:14:29,099 | INFO | inference: 1350/1866 | Current F1_overall: 73.672% (Clsf: 70.215%, Loc: 81.737%) [cumulative]
2025-09-22 12:14:34,538 | INFO | inference: 1360/1866 | Current F1_overall: 73.661% (Clsf: 70.189%, Loc: 81.762%) [cumulative]
2025-09-22 12:14:39,977 | INFO | inference: 1370/1866 | Current F1_overall: 73.805% (Clsf: 70.397%, Loc: 81.759%) [cumulative]
2025-09-22 12:14:45,416 | INFO | inference: 1380/1866 | Current F1_overall: 73.801% (Clsf: 70.384%, Loc: 81.774%) [cumulative]
2025-09-22 12:14:50,830 | INFO | inference: 1390/1866 | Current F1_overall: 73.793% (Clsf: 70.376%, Loc: 81.768%) [cumulative]
2025-09-22 12:14:56,228 | INFO | inference: 1400/1866 | Current F1_overall: 74.003% (Clsf: 70.697%, Loc: 81.717%) [cumulative]
2025-09-22 12:15:01,656 | INFO | inference: 1410/1866 | Current F1_overall: 73.995% (Clsf: 70.703%, Loc: 81.675%) [cumulative]
2025-09-22 12:15:07,079 | INFO | inference: 1420/1866 | Current F1_overall: 73.977% (Clsf: 70.699%, Loc: 81.627%) [cumulative]
2025-09-22 12:15:12,507 | INFO | inference: 1430/1866 | Current F1_overall: 73.883% (Clsf: 70.560%, Loc: 81.637%) [cumulative]
2025-09-22 12:15:18,017 | INFO | inference: 1440/1866 | Current F1_overall: 73.885% (Clsf: 70.547%, Loc: 81.676%) [cumulative]
2025-09-22 12:15:23,547 | INFO | inference: 1450/1866 | Current F1_overall: 73.996% (Clsf: 70.701%, Loc: 81.683%) [cumulative]
2025-09-22 12:15:29,074 | INFO | inference: 1460/1866 | Current F1_overall: 74.025% (Clsf: 70.736%, Loc: 81.700%) [cumulative]
2025-09-22 12:15:34,537 | INFO | inference: 1470/1866 | Current F1_overall: 74.115% (Clsf: 70.832%, Loc: 81.774%) [cumulative]
2025-09-22 12:15:40,026 | INFO | inference: 1480/1866 | Current F1_overall: 74.066% (Clsf: 70.750%, Loc: 81.802%) [cumulative]
2025-09-22 12:15:45,524 | INFO | inference: 1490/1866 | Current F1_overall: 74.046% (Clsf: 70.723%, Loc: 81.799%) [cumulative]
2025-09-22 12:15:51,006 | INFO | inference: 1500/1866 | Current F1_overall: 74.249% (Clsf: 71.046%, Loc: 81.723%) [cumulative]
2025-09-22 12:15:56,528 | INFO | inference: 1510/1866 | Current F1_overall: 74.349% (Clsf: 71.166%, Loc: 81.776%) [cumulative]
2025-09-22 12:16:02,059 | INFO | inference: 1520/1866 | Current F1_overall: 74.557% (Clsf: 71.449%, Loc: 81.809%) [cumulative]
2025-09-22 12:16:07,583 | INFO | inference: 1530/1866 | Current F1_overall: 74.555% (Clsf: 71.449%, Loc: 81.801%) [cumulative]
2025-09-22 12:16:13,128 | INFO | inference: 1540/1866 | Current F1_overall: 74.318% (Clsf: 71.096%, Loc: 81.835%) [cumulative]
2025-09-22 12:16:18,675 | INFO | inference: 1550/1866 | Current F1_overall: 74.309% (Clsf: 71.084%, Loc: 81.834%) [cumulative]
2025-09-22 12:16:24,206 | INFO | inference: 1560/1866 | Current F1_overall: 74.254% (Clsf: 71.008%, Loc: 81.829%) [cumulative]
2025-09-22 12:16:29,742 | INFO | inference: 1570/1866 | Current F1_overall: 74.267% (Clsf: 71.022%, Loc: 81.837%) [cumulative]
2025-09-22 12:16:35,275 | INFO | inference: 1580/1866 | Current F1_overall: 74.273% (Clsf: 71.018%, Loc: 81.870%) [cumulative]
2025-09-22 12:16:40,819 | INFO | inference: 1590/1866 | Current F1_overall: 74.314% (Clsf: 71.065%, Loc: 81.895%) [cumulative]
2025-09-22 12:16:46,363 | INFO | inference: 1600/1866 | Current F1_overall: 74.336% (Clsf: 71.071%, Loc: 81.957%) [cumulative]
2025-09-22 12:16:51,909 | INFO | inference: 1610/1866 | Current F1_overall: 74.207% (Clsf: 70.891%, Loc: 81.946%) [cumulative]
2025-09-22 12:16:57,442 | INFO | inference: 1620/1866 | Current F1_overall: 74.176% (Clsf: 70.848%, Loc: 81.939%) [cumulative]
2025-09-22 12:17:02,980 | INFO | inference: 1630/1866 | Current F1_overall: 74.188% (Clsf: 70.869%, Loc: 81.933%) [cumulative]
2025-09-22 12:17:08,494 | INFO | inference: 1640/1866 | Current F1_overall: 74.270% (Clsf: 70.990%, Loc: 81.924%) [cumulative]
2025-09-22 12:17:14,020 | INFO | inference: 1650/1866 | Current F1_overall: 74.240% (Clsf: 70.946%, Loc: 81.925%) [cumulative]
2025-09-22 12:17:19,561 | INFO | inference: 1660/1866 | Current F1_overall: 74.218% (Clsf: 70.919%, Loc: 81.916%) [cumulative]
2025-09-22 12:17:25,117 | INFO | inference: 1670/1866 | Current F1_overall: 74.175% (Clsf: 70.862%, Loc: 81.905%) [cumulative]
2025-09-22 12:17:30,646 | INFO | inference: 1680/1866 | Current F1_overall: 74.225% (Clsf: 70.918%, Loc: 81.941%) [cumulative]
2025-09-22 12:17:36,191 | INFO | inference: 1690/1866 | Current F1_overall: 74.329% (Clsf: 71.065%, Loc: 81.945%) [cumulative]
2025-09-22 12:17:41,727 | INFO | inference: 1700/1866 | Current F1_overall: 74.335% (Clsf: 71.066%, Loc: 81.962%) [cumulative]
2025-09-22 12:17:47,262 | INFO | inference: 1710/1866 | Current F1_overall: 74.125% (Clsf: 70.779%, Loc: 81.934%) [cumulative]
2025-09-22 12:17:52,788 | INFO | inference: 1720/1866 | Current F1_overall: 74.126% (Clsf: 70.781%, Loc: 81.932%) [cumulative]
2025-09-22 12:17:58,332 | INFO | inference: 1730/1866 | Current F1_overall: 74.069% (Clsf: 70.687%, Loc: 81.959%) [cumulative]
2025-09-22 12:18:03,858 | INFO | inference: 1740/1866 | Current F1_overall: 74.075% (Clsf: 70.697%, Loc: 81.958%) [cumulative]
2025-09-22 12:18:09,385 | INFO | inference: 1750/1866 | Current F1_overall: 73.997% (Clsf: 70.580%, Loc: 81.972%) [cumulative]
2025-09-22 12:18:14,920 | INFO | inference: 1760/1866 | Current F1_overall: 73.993% (Clsf: 70.579%, Loc: 81.959%) [cumulative]
2025-09-22 12:18:20,454 | INFO | inference: 1770/1866 | Current F1_overall: 73.983% (Clsf: 70.572%, Loc: 81.942%) [cumulative]
2025-09-22 12:18:24,703 | INFO | inference: 1780/1866 | Current F1_overall: 74.064% (Clsf: 70.659%, Loc: 82.011%) [cumulative]
2025-09-22 12:18:27,889 | INFO | inference: 1790/1866 | Current F1_overall: 74.057% (Clsf: 70.654%, Loc: 81.998%) [cumulative]
2025-09-22 12:18:31,045 | INFO | inference: 1800/1866 | Current F1_overall: 74.094% (Clsf: 70.702%, Loc: 82.009%) [cumulative]
2025-09-22 12:18:34,203 | INFO | inference: 1810/1866 | Current F1_overall: 74.186% (Clsf: 70.834%, Loc: 82.007%) [cumulative]
2025-09-22 12:18:37,357 | INFO | inference: 1820/1866 | Current F1_overall: 74.179% (Clsf: 70.822%, Loc: 82.012%) [cumulative]
2025-09-22 12:18:40,507 | INFO | inference: 1830/1866 | Current F1_overall: 74.176% (Clsf: 70.810%, Loc: 82.030%) [cumulative]
2025-09-22 12:18:43,661 | INFO | inference: 1840/1866 | Current F1_overall: 74.249% (Clsf: 70.913%, Loc: 82.033%) [cumulative]
2025-09-22 12:18:46,810 | INFO | inference: 1850/1866 | Current F1_overall: 74.265% (Clsf: 70.937%, Loc: 82.028%) [cumulative]
2025-09-22 12:18:49,965 | INFO | inference: 1860/1866 | Current F1_overall: 74.399% (Clsf: 71.114%, Loc: 82.063%) [cumulative]
2025-09-22 12:18:51,872 | INFO | Confusion Matrix of Localization:
[[1818504502   22215196]
 [  19830134   96092984]]
2025-09-22 12:18:51,872 | INFO | Confusion Matrix of Localization - Normalized:
[[0.98793124 0.01206876]
 [0.17106281 0.82893719]]
2025-09-22 12:18:51,872 | INFO | Confusion Matrix of Classification:
[[       0        0        0        0        0]
 [       0 83304818  2321590  1493984   597090]
 [       0  3073948  4461772  1662516   285706]
 [       0  1207970  1125744  8162866   561280]
 [       0   225772    78106   522352  5312350]]
2025-09-22 12:18:51,872 | INFO | Confusion Matrix of Classification - Normalized:
[[       nan        nan        nan        nan        nan]
 [0.         0.94969459 0.02646667 0.01703177 0.00680697]
 [0.         0.32412134 0.47045543 0.17529799 0.03012524]
 [0.         0.10924085 0.10180487 0.73819582 0.05075847]
 [0.         0.03677919 0.01272379 0.0850933  0.86540373]]
2025-09-22 12:18:51,872 | INFO | lofF1 is 82.0497, clfF1 is 71.0762, oaF1 is 74.3682, sub class F1 score is [94.918  51.0759 71.2927 82.3939]
2025-09-22 12:18:51,875 | INFO | MAIN - DONE.
2025-09-22 12:18:51,875 | INFO | MAIN - EXIT.
