2025-09-22 12:01:42,429 | INFO | MAIN - START
2025-09-22 12:01:42,429 | INFO | Command Line Args:
{
    "cfg": "/storage/alperengenc/change_detection/ChangeMamba_AG/changedetection/configs/vssm1/vssm_tiny_224_0229flex.yaml",
    "opts": null,
    "pretrained_weight_path": null,
    "dataset": "xBD",
    "type": "test",
    "test_dataset_path": "/storage/alperengenc/change_detection/xBD_complete_png/test",
    "test_data_list_path": "/storage/alperengenc/change_detection/xBD_complete_png/test_list.txt",
    "shuffle": true,
    "batch_size": 16,
    "crop_size": 256,
    "train_data_name_list": null,
    "test_data_name_list": null,
    "start_iter": 0,
    "cuda": true,
    "max_iters": 240000,
    "model_type": "MambaBDA_Tiny",
    "result_saved_path": "/storage/alperengenc/change_detection/ChangeMamba_AG/changedetection/infer_results/in2025-09-22_12-01-40",
    "resume": "/storage/alperengenc/change_detection/ChangeMamba_AG/changedetection/deneme_saved_models/tr2025-09-21_23-51-27_MambaBDA_Tiny_xBD/model_step31250.pth",
    "learning_rate": 0.0001,
    "momentum": 0.9,
    "weight_decay": 0.0005,
    "logfile": "/storage/alperengenc/change_detection/ChangeMamba_AG/LOGLAR_CMAG/infer_tr2025-09-21_23-51-27_MambaBDA_Tiny_xBD_on_xBD.log",
    "save_output_images": false,
    "extension": "png"
}
2025-09-22 12:01:43,249 | INFO | inference:    0/1866 | Current F1_overall: nan% (Clsf: 0.000%, Loc: nan%) [cumulative]
2025-09-22 12:01:46,556 | INFO | inference:   10/1866 | Current F1_overall: 45.293% (Clsf: 28.463%, Loc: 84.563%) [cumulative]
2025-09-22 12:01:49,682 | INFO | inference:   20/1866 | Current F1_overall: 52.120% (Clsf: 37.901%, Loc: 85.298%) [cumulative]
2025-09-22 12:01:52,804 | INFO | inference:   30/1866 | Current F1_overall: 56.279% (Clsf: 44.341%, Loc: 84.134%) [cumulative]
2025-09-22 12:01:55,935 | INFO | inference:   40/1866 | Current F1_overall: 64.134% (Clsf: 56.568%, Loc: 81.790%) [cumulative]
2025-09-22 12:01:59,058 | INFO | inference:   50/1866 | Current F1_overall: 63.664% (Clsf: 55.359%, Loc: 83.044%) [cumulative]
2025-09-22 12:02:02,183 | INFO | inference:   60/1866 | Current F1_overall: 63.420% (Clsf: 54.773%, Loc: 83.597%) [cumulative]
2025-09-22 12:02:05,310 | INFO | inference:   70/1866 | Current F1_overall: 64.301% (Clsf: 56.123%, Loc: 83.384%) [cumulative]
2025-09-22 12:02:08,441 | INFO | inference:   80/1866 | Current F1_overall: 65.301% (Clsf: 57.442%, Loc: 83.638%) [cumulative]
2025-09-22 12:02:11,652 | INFO | inference:   90/1866 | Current F1_overall: 69.106% (Clsf: 63.259%, Loc: 82.748%) [cumulative]
2025-09-22 12:02:16,707 | INFO | inference:  100/1866 | Current F1_overall: 69.390% (Clsf: 63.498%, Loc: 83.137%) [cumulative]
2025-09-22 12:02:22,113 | INFO | inference:  110/1866 | Current F1_overall: 69.711% (Clsf: 63.965%, Loc: 83.118%) [cumulative]
2025-09-22 12:02:27,522 | INFO | inference:  120/1866 | Current F1_overall: 70.368% (Clsf: 64.816%, Loc: 83.323%) [cumulative]
2025-09-22 12:02:32,933 | INFO | inference:  130/1866 | Current F1_overall: 68.894% (Clsf: 62.664%, Loc: 83.430%) [cumulative]
2025-09-22 12:02:38,315 | INFO | inference:  140/1866 | Current F1_overall: 68.376% (Clsf: 61.903%, Loc: 83.478%) [cumulative]
2025-09-22 12:02:43,726 | INFO | inference:  150/1866 | Current F1_overall: 68.543% (Clsf: 62.265%, Loc: 83.192%) [cumulative]
2025-09-22 12:02:49,127 | INFO | inference:  160/1866 | Current F1_overall: 68.819% (Clsf: 62.561%, Loc: 83.423%) [cumulative]
2025-09-22 12:02:54,530 | INFO | inference:  170/1866 | Current F1_overall: 68.950% (Clsf: 62.735%, Loc: 83.452%) [cumulative]
2025-09-22 12:02:59,924 | INFO | inference:  180/1866 | Current F1_overall: 72.402% (Clsf: 67.703%, Loc: 83.367%) [cumulative]
2025-09-22 12:03:05,321 | INFO | inference:  190/1866 | Current F1_overall: 72.828% (Clsf: 68.409%, Loc: 83.138%) [cumulative]
2025-09-22 12:03:10,749 | INFO | inference:  200/1866 | Current F1_overall: 72.894% (Clsf: 68.458%, Loc: 83.247%) [cumulative]
2025-09-22 12:03:16,157 | INFO | inference:  210/1866 | Current F1_overall: 73.263% (Clsf: 69.075%, Loc: 83.034%) [cumulative]
2025-09-22 12:03:21,564 | INFO | inference:  220/1866 | Current F1_overall: 73.022% (Clsf: 68.679%, Loc: 83.154%) [cumulative]
2025-09-22 12:03:26,988 | INFO | inference:  230/1866 | Current F1_overall: 73.020% (Clsf: 68.738%, Loc: 83.012%) [cumulative]
2025-09-22 12:03:32,449 | INFO | inference:  240/1866 | Current F1_overall: 73.344% (Clsf: 69.129%, Loc: 83.177%) [cumulative]
2025-09-22 12:03:38,003 | INFO | inference:  250/1866 | Current F1_overall: 72.810% (Clsf: 68.328%, Loc: 83.267%) [cumulative]
2025-09-22 12:03:43,539 | INFO | inference:  260/1866 | Current F1_overall: 72.617% (Clsf: 68.091%, Loc: 83.179%) [cumulative]
2025-09-22 12:03:49,095 | INFO | inference:  270/1866 | Current F1_overall: 72.683% (Clsf: 68.179%, Loc: 83.190%) [cumulative]
2025-09-22 12:03:54,628 | INFO | inference:  280/1866 | Current F1_overall: 73.129% (Clsf: 68.874%, Loc: 83.056%) [cumulative]
2025-09-22 12:04:00,179 | INFO | inference:  290/1866 | Current F1_overall: 73.235% (Clsf: 68.953%, Loc: 83.227%) [cumulative]
2025-09-22 12:04:05,738 | INFO | inference:  300/1866 | Current F1_overall: 73.324% (Clsf: 69.021%, Loc: 83.365%) [cumulative]
2025-09-22 12:04:11,283 | INFO | inference:  310/1866 | Current F1_overall: 74.064% (Clsf: 70.083%, Loc: 83.352%) [cumulative]
2025-09-22 12:04:16,816 | INFO | inference:  320/1866 | Current F1_overall: 74.067% (Clsf: 70.110%, Loc: 83.300%) [cumulative]
2025-09-22 12:04:22,350 | INFO | inference:  330/1866 | Current F1_overall: 74.183% (Clsf: 70.230%, Loc: 83.408%) [cumulative]
2025-09-22 12:04:27,881 | INFO | inference:  340/1866 | Current F1_overall: 74.495% (Clsf: 70.669%, Loc: 83.423%) [cumulative]
2025-09-22 12:04:33,428 | INFO | inference:  350/1866 | Current F1_overall: 74.714% (Clsf: 70.915%, Loc: 83.578%) [cumulative]
2025-09-22 12:04:38,961 | INFO | inference:  360/1866 | Current F1_overall: 74.916% (Clsf: 71.210%, Loc: 83.562%) [cumulative]
2025-09-22 12:04:44,509 | INFO | inference:  370/1866 | Current F1_overall: 74.836% (Clsf: 71.120%, Loc: 83.505%) [cumulative]
2025-09-22 12:04:50,059 | INFO | inference:  380/1866 | Current F1_overall: 74.856% (Clsf: 71.115%, Loc: 83.586%) [cumulative]
2025-09-22 12:04:55,607 | INFO | inference:  390/1866 | Current F1_overall: 74.947% (Clsf: 71.165%, Loc: 83.774%) [cumulative]
2025-09-22 12:05:01,135 | INFO | inference:  400/1866 | Current F1_overall: 74.873% (Clsf: 71.063%, Loc: 83.765%) [cumulative]
2025-09-22 12:05:06,659 | INFO | inference:  410/1866 | Current F1_overall: 74.728% (Clsf: 70.839%, Loc: 83.803%) [cumulative]
2025-09-22 12:05:12,195 | INFO | inference:  420/1866 | Current F1_overall: 74.538% (Clsf: 70.588%, Loc: 83.755%) [cumulative]
2025-09-22 12:05:17,726 | INFO | inference:  430/1866 | Current F1_overall: 75.781% (Clsf: 72.294%, Loc: 83.917%) [cumulative]
2025-09-22 12:05:23,258 | INFO | inference:  440/1866 | Current F1_overall: 76.231% (Clsf: 72.882%, Loc: 84.045%) [cumulative]
2025-09-22 12:05:28,795 | INFO | inference:  450/1866 | Current F1_overall: 75.921% (Clsf: 72.426%, Loc: 84.077%) [cumulative]
2025-09-22 12:05:34,348 | INFO | inference:  460/1866 | Current F1_overall: 75.373% (Clsf: 71.670%, Loc: 84.014%) [cumulative]
2025-09-22 12:05:39,876 | INFO | inference:  470/1866 | Current F1_overall: 75.204% (Clsf: 71.417%, Loc: 84.039%) [cumulative]
2025-09-22 12:05:45,410 | INFO | inference:  480/1866 | Current F1_overall: 74.962% (Clsf: 71.052%, Loc: 84.086%) [cumulative]
2025-09-22 12:05:50,947 | INFO | inference:  490/1866 | Current F1_overall: 75.636% (Clsf: 71.994%, Loc: 84.135%) [cumulative]
2025-09-22 12:05:56,358 | INFO | inference:  500/1866 | Current F1_overall: 75.719% (Clsf: 72.126%, Loc: 84.104%) [cumulative]
2025-09-22 12:06:01,765 | INFO | inference:  510/1866 | Current F1_overall: 75.543% (Clsf: 71.899%, Loc: 84.047%) [cumulative]
2025-09-22 12:06:07,189 | INFO | inference:  520/1866 | Current F1_overall: 75.553% (Clsf: 71.945%, Loc: 83.972%) [cumulative]
2025-09-22 12:06:12,611 | INFO | inference:  530/1866 | Current F1_overall: 75.827% (Clsf: 72.312%, Loc: 84.028%) [cumulative]
2025-09-22 12:06:18,018 | INFO | inference:  540/1866 | Current F1_overall: 75.643% (Clsf: 72.063%, Loc: 83.998%) [cumulative]
2025-09-22 12:06:23,437 | INFO | inference:  550/1866 | Current F1_overall: 75.903% (Clsf: 72.423%, Loc: 84.024%) [cumulative]
2025-09-22 12:06:28,834 | INFO | inference:  560/1866 | Current F1_overall: 75.860% (Clsf: 72.386%, Loc: 83.966%) [cumulative]
2025-09-22 12:06:34,237 | INFO | inference:  570/1866 | Current F1_overall: 75.865% (Clsf: 72.409%, Loc: 83.927%) [cumulative]
2025-09-22 12:06:39,657 | INFO | inference:  580/1866 | Current F1_overall: 75.871% (Clsf: 72.412%, Loc: 83.941%) [cumulative]
2025-09-22 12:06:45,089 | INFO | inference:  590/1866 | Current F1_overall: 75.871% (Clsf: 72.408%, Loc: 83.953%) [cumulative]
2025-09-22 12:06:50,514 | INFO | inference:  600/1866 | Current F1_overall: 76.096% (Clsf: 72.775%, Loc: 83.843%) [cumulative]
2025-09-22 12:06:55,926 | INFO | inference:  610/1866 | Current F1_overall: 76.015% (Clsf: 72.698%, Loc: 83.756%) [cumulative]
2025-09-22 12:07:01,340 | INFO | inference:  620/1866 | Current F1_overall: 75.922% (Clsf: 72.593%, Loc: 83.690%) [cumulative]
2025-09-22 12:07:06,763 | INFO | inference:  630/1866 | Current F1_overall: 75.862% (Clsf: 72.498%, Loc: 83.712%) [cumulative]
2025-09-22 12:07:12,194 | INFO | inference:  640/1866 | Current F1_overall: 75.831% (Clsf: 72.461%, Loc: 83.696%) [cumulative]
2025-09-22 12:07:17,612 | INFO | inference:  650/1866 | Current F1_overall: 75.840% (Clsf: 72.488%, Loc: 83.663%) [cumulative]
2025-09-22 12:07:23,051 | INFO | inference:  660/1866 | Current F1_overall: 75.497% (Clsf: 72.018%, Loc: 83.615%) [cumulative]
2025-09-22 12:07:28,451 | INFO | inference:  670/1866 | Current F1_overall: 75.021% (Clsf: 71.339%, Loc: 83.612%) [cumulative]
2025-09-22 12:07:33,861 | INFO | inference:  680/1866 | Current F1_overall: 74.847% (Clsf: 71.106%, Loc: 83.576%) [cumulative]
2025-09-22 12:07:39,359 | INFO | inference:  690/1866 | Current F1_overall: 75.075% (Clsf: 71.405%, Loc: 83.639%) [cumulative]
2025-09-22 12:07:44,894 | INFO | inference:  700/1866 | Current F1_overall: 75.086% (Clsf: 71.413%, Loc: 83.659%) [cumulative]
2025-09-22 12:07:50,440 | INFO | inference:  710/1866 | Current F1_overall: 75.038% (Clsf: 71.351%, Loc: 83.640%) [cumulative]
2025-09-22 12:07:56,010 | INFO | inference:  720/1866 | Current F1_overall: 74.964% (Clsf: 71.266%, Loc: 83.595%) [cumulative]
2025-09-22 12:08:01,574 | INFO | inference:  730/1866 | Current F1_overall: 75.006% (Clsf: 71.316%, Loc: 83.614%) [cumulative]
2025-09-22 12:08:07,093 | INFO | inference:  740/1866 | Current F1_overall: 74.955% (Clsf: 71.242%, Loc: 83.619%) [cumulative]
2025-09-22 12:08:12,537 | INFO | inference:  750/1866 | Current F1_overall: 74.784% (Clsf: 70.988%, Loc: 83.640%) [cumulative]
2025-09-22 12:08:17,951 | INFO | inference:  760/1866 | Current F1_overall: 74.781% (Clsf: 70.988%, Loc: 83.633%) [cumulative]
2025-09-22 12:08:23,380 | INFO | inference:  770/1866 | Current F1_overall: 74.670% (Clsf: 70.843%, Loc: 83.600%) [cumulative]
2025-09-22 12:08:28,816 | INFO | inference:  780/1866 | Current F1_overall: 74.576% (Clsf: 70.724%, Loc: 83.562%) [cumulative]
2025-09-22 12:08:34,258 | INFO | inference:  790/1866 | Current F1_overall: 74.594% (Clsf: 70.748%, Loc: 83.567%) [cumulative]
2025-09-22 12:08:39,682 | INFO | inference:  800/1866 | Current F1_overall: 74.606% (Clsf: 70.780%, Loc: 83.531%) [cumulative]
2025-09-22 12:08:45,096 | INFO | inference:  810/1866 | Current F1_overall: 74.666% (Clsf: 70.873%, Loc: 83.516%) [cumulative]
2025-09-22 12:08:50,511 | INFO | inference:  820/1866 | Current F1_overall: 74.557% (Clsf: 70.729%, Loc: 83.488%) [cumulative]
2025-09-22 12:08:55,962 | INFO | inference:  830/1866 | Current F1_overall: 74.312% (Clsf: 70.392%, Loc: 83.459%) [cumulative]
2025-09-22 12:09:01,376 | INFO | inference:  840/1866 | Current F1_overall: 74.284% (Clsf: 70.317%, Loc: 83.540%) [cumulative]
2025-09-22 12:09:06,794 | INFO | inference:  850/1866 | Current F1_overall: 74.250% (Clsf: 70.330%, Loc: 83.397%) [cumulative]
2025-09-22 12:09:12,219 | INFO | inference:  860/1866 | Current F1_overall: 74.256% (Clsf: 70.327%, Loc: 83.424%) [cumulative]
2025-09-22 12:09:17,651 | INFO | inference:  870/1866 | Current F1_overall: 74.225% (Clsf: 70.291%, Loc: 83.403%) [cumulative]
2025-09-22 12:09:23,088 | INFO | inference:  880/1866 | Current F1_overall: 74.225% (Clsf: 70.294%, Loc: 83.398%) [cumulative]
2025-09-22 12:09:28,525 | INFO | inference:  890/1866 | Current F1_overall: 74.246% (Clsf: 70.304%, Loc: 83.446%) [cumulative]
2025-09-22 12:09:33,962 | INFO | inference:  900/1866 | Current F1_overall: 74.340% (Clsf: 70.424%, Loc: 83.478%) [cumulative]
2025-09-22 12:09:39,384 | INFO | inference:  910/1866 | Current F1_overall: 74.398% (Clsf: 70.537%, Loc: 83.408%) [cumulative]
2025-09-22 12:09:44,794 | INFO | inference:  920/1866 | Current F1_overall: 74.392% (Clsf: 70.523%, Loc: 83.419%) [cumulative]
2025-09-22 12:09:50,247 | INFO | inference:  930/1866 | Current F1_overall: 74.345% (Clsf: 70.436%, Loc: 83.464%) [cumulative]
2025-09-22 12:09:55,775 | INFO | inference:  940/1866 | Current F1_overall: 74.438% (Clsf: 70.571%, Loc: 83.462%) [cumulative]
2025-09-22 12:10:01,238 | INFO | inference:  950/1866 | Current F1_overall: 74.567% (Clsf: 70.738%, Loc: 83.503%) [cumulative]
2025-09-22 12:10:06,663 | INFO | inference:  960/1866 | Current F1_overall: 74.527% (Clsf: 70.680%, Loc: 83.503%) [cumulative]
2025-09-22 12:10:12,077 | INFO | inference:  970/1866 | Current F1_overall: 74.503% (Clsf: 70.629%, Loc: 83.541%) [cumulative]
2025-09-22 12:10:17,497 | INFO | inference:  980/1866 | Current F1_overall: 74.453% (Clsf: 70.568%, Loc: 83.517%) [cumulative]
2025-09-22 12:10:22,909 | INFO | inference:  990/1866 | Current F1_overall: 74.377% (Clsf: 70.433%, Loc: 83.580%) [cumulative]
2025-09-22 12:10:28,340 | INFO | inference: 1000/1866 | Current F1_overall: 74.360% (Clsf: 70.420%, Loc: 83.554%) [cumulative]
2025-09-22 12:10:33,755 | INFO | inference: 1010/1866 | Current F1_overall: 74.218% (Clsf: 70.217%, Loc: 83.556%) [cumulative]
2025-09-22 12:10:39,190 | INFO | inference: 1020/1866 | Current F1_overall: 74.152% (Clsf: 70.126%, Loc: 83.547%) [cumulative]
2025-09-22 12:10:44,609 | INFO | inference: 1030/1866 | Current F1_overall: 74.049% (Clsf: 69.996%, Loc: 83.507%) [cumulative]
2025-09-22 12:10:50,052 | INFO | inference: 1040/1866 | Current F1_overall: 74.019% (Clsf: 69.948%, Loc: 83.517%) [cumulative]
2025-09-22 12:10:55,473 | INFO | inference: 1050/1866 | Current F1_overall: 73.976% (Clsf: 69.892%, Loc: 83.504%) [cumulative]
2025-09-22 12:11:00,891 | INFO | inference: 1060/1866 | Current F1_overall: 73.977% (Clsf: 69.898%, Loc: 83.494%) [cumulative]
2025-09-22 12:11:06,292 | INFO | inference: 1070/1866 | Current F1_overall: 73.991% (Clsf: 69.929%, Loc: 83.469%) [cumulative]
2025-09-22 12:11:11,723 | INFO | inference: 1080/1866 | Current F1_overall: 74.014% (Clsf: 69.940%, Loc: 83.520%) [cumulative]
2025-09-22 12:11:17,135 | INFO | inference: 1090/1866 | Current F1_overall: 73.964% (Clsf: 69.858%, Loc: 83.543%) [cumulative]
2025-09-22 12:11:22,587 | INFO | inference: 1100/1866 | Current F1_overall: 73.909% (Clsf: 69.775%, Loc: 83.553%) [cumulative]
2025-09-22 12:11:28,006 | INFO | inference: 1110/1866 | Current F1_overall: 73.798% (Clsf: 69.618%, Loc: 83.552%) [cumulative]
2025-09-22 12:11:33,450 | INFO | inference: 1120/1866 | Current F1_overall: 73.749% (Clsf: 69.560%, Loc: 83.524%) [cumulative]
2025-09-22 12:11:38,958 | INFO | inference: 1130/1866 | Current F1_overall: 73.717% (Clsf: 69.539%, Loc: 83.466%) [cumulative]
2025-09-22 12:11:44,442 | INFO | inference: 1140/1866 | Current F1_overall: 73.915% (Clsf: 69.824%, Loc: 83.460%) [cumulative]
2025-09-22 12:11:49,864 | INFO | inference: 1150/1866 | Current F1_overall: 73.900% (Clsf: 69.805%, Loc: 83.457%) [cumulative]
2025-09-22 12:11:55,304 | INFO | inference: 1160/1866 | Current F1_overall: 73.889% (Clsf: 69.776%, Loc: 83.486%) [cumulative]
2025-09-22 12:12:00,794 | INFO | inference: 1170/1866 | Current F1_overall: 73.870% (Clsf: 69.752%, Loc: 83.479%) [cumulative]
2025-09-22 12:12:06,325 | INFO | inference: 1180/1866 | Current F1_overall: 74.156% (Clsf: 70.172%, Loc: 83.452%) [cumulative]
2025-09-22 12:12:11,867 | INFO | inference: 1190/1866 | Current F1_overall: 74.128% (Clsf: 70.141%, Loc: 83.430%) [cumulative]
2025-09-22 12:12:17,404 | INFO | inference: 1200/1866 | Current F1_overall: 74.220% (Clsf: 70.272%, Loc: 83.431%) [cumulative]
2025-09-22 12:12:22,937 | INFO | inference: 1210/1866 | Current F1_overall: 74.226% (Clsf: 70.296%, Loc: 83.395%) [cumulative]
2025-09-22 12:12:28,478 | INFO | inference: 1220/1866 | Current F1_overall: 74.120% (Clsf: 70.143%, Loc: 83.400%) [cumulative]
2025-09-22 12:12:34,002 | INFO | inference: 1230/1866 | Current F1_overall: 74.088% (Clsf: 70.101%, Loc: 83.389%) [cumulative]
2025-09-22 12:12:39,527 | INFO | inference: 1240/1866 | Current F1_overall: 74.095% (Clsf: 70.119%, Loc: 83.373%) [cumulative]
2025-09-22 12:12:45,038 | INFO | inference: 1250/1866 | Current F1_overall: 73.917% (Clsf: 69.860%, Loc: 83.383%) [cumulative]
2025-09-22 12:12:50,555 | INFO | inference: 1260/1866 | Current F1_overall: 74.052% (Clsf: 70.030%, Loc: 83.435%) [cumulative]
2025-09-22 12:12:56,054 | INFO | inference: 1270/1866 | Current F1_overall: 74.070% (Clsf: 70.046%, Loc: 83.459%) [cumulative]
2025-09-22 12:13:01,477 | INFO | inference: 1280/1866 | Current F1_overall: 74.079% (Clsf: 70.057%, Loc: 83.463%) [cumulative]
2025-09-22 12:13:06,908 | INFO | inference: 1290/1866 | Current F1_overall: 74.015% (Clsf: 69.951%, Loc: 83.499%) [cumulative]
2025-09-22 12:13:12,328 | INFO | inference: 1300/1866 | Current F1_overall: 74.432% (Clsf: 70.565%, Loc: 83.456%) [cumulative]
2025-09-22 12:13:17,749 | INFO | inference: 1310/1866 | Current F1_overall: 74.514% (Clsf: 70.677%, Loc: 83.467%) [cumulative]
2025-09-22 12:13:23,194 | INFO | inference: 1320/1866 | Current F1_overall: 74.509% (Clsf: 70.686%, Loc: 83.430%) [cumulative]
2025-09-22 12:13:28,620 | INFO | inference: 1330/1866 | Current F1_overall: 74.499% (Clsf: 70.681%, Loc: 83.406%) [cumulative]
2025-09-22 12:13:34,057 | INFO | inference: 1340/1866 | Current F1_overall: 74.558% (Clsf: 70.772%, Loc: 83.393%) [cumulative]
2025-09-22 12:13:39,499 | INFO | inference: 1350/1866 | Current F1_overall: 74.559% (Clsf: 70.774%, Loc: 83.392%) [cumulative]
2025-09-22 12:13:44,913 | INFO | inference: 1360/1866 | Current F1_overall: 74.538% (Clsf: 70.732%, Loc: 83.417%) [cumulative]
2025-09-22 12:13:50,335 | INFO | inference: 1370/1866 | Current F1_overall: 74.643% (Clsf: 70.885%, Loc: 83.412%) [cumulative]
2025-09-22 12:13:55,759 | INFO | inference: 1380/1866 | Current F1_overall: 74.650% (Clsf: 70.890%, Loc: 83.424%) [cumulative]
2025-09-22 12:14:01,178 | INFO | inference: 1390/1866 | Current F1_overall: 74.643% (Clsf: 70.880%, Loc: 83.422%) [cumulative]
2025-09-22 12:14:06,598 | INFO | inference: 1400/1866 | Current F1_overall: 74.835% (Clsf: 71.174%, Loc: 83.376%) [cumulative]
2025-09-22 12:14:12,035 | INFO | inference: 1410/1866 | Current F1_overall: 74.813% (Clsf: 71.158%, Loc: 83.340%) [cumulative]
2025-09-22 12:14:17,488 | INFO | inference: 1420/1866 | Current F1_overall: 74.798% (Clsf: 71.152%, Loc: 83.303%) [cumulative]
2025-09-22 12:14:22,920 | INFO | inference: 1430/1866 | Current F1_overall: 74.703% (Clsf: 71.012%, Loc: 83.315%) [cumulative]
2025-09-22 12:14:28,349 | INFO | inference: 1440/1866 | Current F1_overall: 74.704% (Clsf: 71.000%, Loc: 83.346%) [cumulative]
2025-09-22 12:14:33,770 | INFO | inference: 1450/1866 | Current F1_overall: 74.763% (Clsf: 71.082%, Loc: 83.352%) [cumulative]
2025-09-22 12:14:39,221 | INFO | inference: 1460/1866 | Current F1_overall: 74.794% (Clsf: 71.120%, Loc: 83.367%) [cumulative]
2025-09-22 12:14:44,660 | INFO | inference: 1470/1866 | Current F1_overall: 74.833% (Clsf: 71.150%, Loc: 83.429%) [cumulative]
2025-09-22 12:14:50,086 | INFO | inference: 1480/1866 | Current F1_overall: 74.854% (Clsf: 71.167%, Loc: 83.456%) [cumulative]
2025-09-22 12:14:55,510 | INFO | inference: 1490/1866 | Current F1_overall: 74.780% (Clsf: 71.066%, Loc: 83.447%) [cumulative]
2025-09-22 12:15:00,910 | INFO | inference: 1500/1866 | Current F1_overall: 74.883% (Clsf: 71.255%, Loc: 83.348%) [cumulative]
2025-09-22 12:15:06,327 | INFO | inference: 1510/1866 | Current F1_overall: 74.960% (Clsf: 71.343%, Loc: 83.398%) [cumulative]
2025-09-22 12:15:11,755 | INFO | inference: 1520/1866 | Current F1_overall: 75.169% (Clsf: 71.629%, Loc: 83.429%) [cumulative]
2025-09-22 12:15:17,216 | INFO | inference: 1530/1866 | Current F1_overall: 75.168% (Clsf: 71.631%, Loc: 83.423%) [cumulative]
2025-09-22 12:15:22,767 | INFO | inference: 1540/1866 | Current F1_overall: 74.870% (Clsf: 71.191%, Loc: 83.454%) [cumulative]
2025-09-22 12:15:28,290 | INFO | inference: 1550/1866 | Current F1_overall: 74.863% (Clsf: 71.190%, Loc: 83.433%) [cumulative]
2025-09-22 12:15:33,790 | INFO | inference: 1560/1866 | Current F1_overall: 74.876% (Clsf: 71.209%, Loc: 83.432%) [cumulative]
2025-09-22 12:15:39,240 | INFO | inference: 1570/1866 | Current F1_overall: 74.882% (Clsf: 71.216%, Loc: 83.435%) [cumulative]
2025-09-22 12:15:44,737 | INFO | inference: 1580/1866 | Current F1_overall: 74.826% (Clsf: 71.121%, Loc: 83.471%) [cumulative]
2025-09-22 12:15:50,228 | INFO | inference: 1590/1866 | Current F1_overall: 74.853% (Clsf: 71.148%, Loc: 83.498%) [cumulative]
2025-09-22 12:15:55,738 | INFO | inference: 1600/1866 | Current F1_overall: 74.849% (Clsf: 71.119%, Loc: 83.552%) [cumulative]
2025-09-22 12:16:01,276 | INFO | inference: 1610/1866 | Current F1_overall: 74.873% (Clsf: 71.161%, Loc: 83.535%) [cumulative]
2025-09-22 12:16:06,797 | INFO | inference: 1620/1866 | Current F1_overall: 74.821% (Clsf: 71.083%, Loc: 83.544%) [cumulative]
2025-09-22 12:16:12,331 | INFO | inference: 1630/1866 | Current F1_overall: 74.826% (Clsf: 71.092%, Loc: 83.540%) [cumulative]
2025-09-22 12:16:17,866 | INFO | inference: 1640/1866 | Current F1_overall: 74.905% (Clsf: 71.211%, Loc: 83.524%) [cumulative]
2025-09-22 12:16:23,396 | INFO | inference: 1650/1866 | Current F1_overall: 74.840% (Clsf: 71.114%, Loc: 83.532%) [cumulative]
2025-09-22 12:16:28,928 | INFO | inference: 1660/1866 | Current F1_overall: 74.788% (Clsf: 71.040%, Loc: 83.533%) [cumulative]
2025-09-22 12:16:34,472 | INFO | inference: 1670/1866 | Current F1_overall: 74.765% (Clsf: 71.012%, Loc: 83.523%) [cumulative]
2025-09-22 12:16:40,018 | INFO | inference: 1680/1866 | Current F1_overall: 74.760% (Clsf: 70.989%, Loc: 83.561%) [cumulative]
2025-09-22 12:16:45,568 | INFO | inference: 1690/1866 | Current F1_overall: 74.856% (Clsf: 71.122%, Loc: 83.569%) [cumulative]
2025-09-22 12:16:51,112 | INFO | inference: 1700/1866 | Current F1_overall: 74.863% (Clsf: 71.125%, Loc: 83.583%) [cumulative]
2025-09-22 12:16:56,649 | INFO | inference: 1710/1866 | Current F1_overall: 74.585% (Clsf: 70.740%, Loc: 83.556%) [cumulative]
2025-09-22 12:17:02,186 | INFO | inference: 1720/1866 | Current F1_overall: 74.590% (Clsf: 70.747%, Loc: 83.555%) [cumulative]
2025-09-22 12:17:07,706 | INFO | inference: 1730/1866 | Current F1_overall: 74.592% (Clsf: 70.743%, Loc: 83.573%) [cumulative]
2025-09-22 12:17:13,223 | INFO | inference: 1740/1866 | Current F1_overall: 74.593% (Clsf: 70.746%, Loc: 83.568%) [cumulative]
2025-09-22 12:17:18,761 | INFO | inference: 1750/1866 | Current F1_overall: 74.529% (Clsf: 70.648%, Loc: 83.583%) [cumulative]
2025-09-22 12:17:24,291 | INFO | inference: 1760/1866 | Current F1_overall: 74.518% (Clsf: 70.637%, Loc: 83.575%) [cumulative]
2025-09-22 12:17:29,829 | INFO | inference: 1770/1866 | Current F1_overall: 74.502% (Clsf: 70.623%, Loc: 83.554%) [cumulative]
2025-09-22 12:17:35,377 | INFO | inference: 1780/1866 | Current F1_overall: 74.569% (Clsf: 70.692%, Loc: 83.615%) [cumulative]
2025-09-22 12:17:40,919 | INFO | inference: 1790/1866 | Current F1_overall: 74.572% (Clsf: 70.705%, Loc: 83.596%) [cumulative]
2025-09-22 12:17:46,453 | INFO | inference: 1800/1866 | Current F1_overall: 74.614% (Clsf: 70.761%, Loc: 83.606%) [cumulative]
2025-09-22 12:17:51,989 | INFO | inference: 1810/1866 | Current F1_overall: 74.670% (Clsf: 70.836%, Loc: 83.616%) [cumulative]
2025-09-22 12:17:57,532 | INFO | inference: 1820/1866 | Current F1_overall: 74.602% (Clsf: 70.737%, Loc: 83.622%) [cumulative]
2025-09-22 12:18:03,064 | INFO | inference: 1830/1866 | Current F1_overall: 74.596% (Clsf: 70.721%, Loc: 83.636%) [cumulative]
2025-09-22 12:18:08,603 | INFO | inference: 1840/1866 | Current F1_overall: 74.635% (Clsf: 70.776%, Loc: 83.641%) [cumulative]
2025-09-22 12:18:14,124 | INFO | inference: 1850/1866 | Current F1_overall: 74.654% (Clsf: 70.805%, Loc: 83.634%) [cumulative]
2025-09-22 12:18:19,653 | INFO | inference: 1860/1866 | Current F1_overall: 74.777% (Clsf: 70.970%, Loc: 83.659%) [cumulative]
2025-09-22 12:18:22,992 | INFO | Confusion Matrix of Localization:
[[1822409938   18309760]
 [  19421918   96501200]]
2025-09-22 12:18:22,992 | INFO | Confusion Matrix of Localization - Normalized:
[[0.99005293 0.00994707]
 [0.16754137 0.83245863]]
2025-09-22 12:18:22,992 | INFO | Confusion Matrix of Classification:
[[       0        0        0        0        0]
 [       0 78402970  7469740  1527746   317026]
 [       0  1526574  6345368  1537924    74076]
 [       0   691398  1875212  8248864   242386]
 [       0   222090   162998   688320  5065172]]
2025-09-22 12:18:22,992 | INFO | Confusion Matrix of Classification - Normalized:
[[       nan        nan        nan        nan        nan]
 [0.         0.89381236 0.0851568  0.01741667 0.00361417]
 [0.         0.16096408 0.6690644  0.16216084 0.00781068]
 [0.         0.06252548 0.16958182 0.74597291 0.02191979]
 [0.         0.03617938 0.02655305 0.11213017 0.82513741]]
2025-09-22 12:18:22,993 | INFO | lofF1 is 83.6471, clfF1 is 70.9499, oaF1 is 74.7590, sub class F1 score is [93.0265 50.0872 71.5404 85.5803]
2025-09-22 12:18:22,995 | INFO | MAIN - DONE.
2025-09-22 12:18:22,995 | INFO | MAIN - EXIT.
