2025-09-20 19:19:56,523 | INFO | MAIN - START
2025-09-20 19:19:56,523 | INFO | Command Line Args:
{
    "cfg": "/storage/alperengenc/change_detection/ChangeMamba_AG/changedetection/configs/vssm1/vssm_base_224.yaml",
    "opts": null,
    "pretrained_weight_path": null,
    "dataset": "mwBTFreddy",
    "type": "test",
    "test_dataset_path": "/storage/alperengenc/change_detection/mwBTFreddy_dataset/mwBTFreddy_v1.0",
    "test_data_list_path": "/storage/alperengenc/change_detection/mwBTFreddy_dataset/mwBTFreddy_v1.0/all_list.txt",
    "shuffle": true,
    "batch_size": 16,
    "crop_size": 256,
    "train_data_name_list": null,
    "test_data_name_list": null,
    "start_iter": 0,
    "cuda": true,
    "max_iters": 240000,
    "model_type": "MambaBDA_Base",
    "result_saved_path": "/storage/alperengenc/change_detection/ChangeMamba_AG/changedetection/infer_results/in2025-09-20_19-19-54",
    "resume": "/storage/alperengenc/change_detection/ChangeMamba_AG/changedetection/deneme_saved_models/tr2025-09-19_18-02-44/xBD/MambaBDA_Base_1758294167.6313677/100000_model_2025-09-20_03-14-53.pth",
    "learning_rate": 0.0001,
    "momentum": 0.9,
    "weight_decay": 0.0005,
    "logfile": "/storage/alperengenc/change_detection/ChangeMamba_AG/LOGLAR_CMAG/infer_2025-09-20_19-19-54_mwBTFreddy_MambaBDA_Base.log",
    "save_output_images": false
}
2025-09-20 19:19:57,974 | INFO | inference:    0/ 696 | Current F1_overall: nan% (Clsf: 0.000%, Loc: nan%) [cumulative]
2025-09-20 19:20:02,435 | INFO | inference:   10/ 696 | Current F1_overall: 13.208% (Clsf: 0.000%, Loc: 44.026%) [cumulative]
2025-09-20 19:20:06,691 | INFO | inference:   20/ 696 | Current F1_overall: 13.417% (Clsf: 0.000%, Loc: 44.723%) [cumulative]
2025-09-20 19:20:10,944 | INFO | inference:   30/ 696 | Current F1_overall: 13.696% (Clsf: 0.000%, Loc: 45.654%) [cumulative]
2025-09-20 19:20:15,204 | INFO | inference:   40/ 696 | Current F1_overall: 14.216% (Clsf: 0.000%, Loc: 47.385%) [cumulative]
2025-09-20 19:20:19,467 | INFO | inference:   50/ 696 | Current F1_overall: 14.676% (Clsf: 0.000%, Loc: 48.920%) [cumulative]
2025-09-20 19:20:23,729 | INFO | inference:   60/ 696 | Current F1_overall: 14.061% (Clsf: 0.000%, Loc: 46.871%) [cumulative]
2025-09-20 19:20:27,996 | INFO | inference:   70/ 696 | Current F1_overall: 13.853% (Clsf: 0.000%, Loc: 46.175%) [cumulative]
2025-09-20 19:20:32,263 | INFO | inference:   80/ 696 | Current F1_overall: 13.965% (Clsf: 0.000%, Loc: 46.549%) [cumulative]
2025-09-20 19:20:36,526 | INFO | inference:   90/ 696 | Current F1_overall: 13.757% (Clsf: 0.000%, Loc: 45.857%) [cumulative]
2025-09-20 19:20:40,812 | INFO | inference:  100/ 696 | Current F1_overall: 13.645% (Clsf: 0.000%, Loc: 45.482%) [cumulative]
2025-09-20 19:20:45,100 | INFO | inference:  110/ 696 | Current F1_overall: 13.774% (Clsf: 0.000%, Loc: 45.914%) [cumulative]
2025-09-20 19:20:49,371 | INFO | inference:  120/ 696 | Current F1_overall: 13.816% (Clsf: 0.000%, Loc: 46.053%) [cumulative]
2025-09-20 19:20:53,660 | INFO | inference:  130/ 696 | Current F1_overall: 13.651% (Clsf: 0.000%, Loc: 45.503%) [cumulative]
2025-09-20 19:20:57,931 | INFO | inference:  140/ 696 | Current F1_overall: 13.641% (Clsf: 0.000%, Loc: 45.471%) [cumulative]
2025-09-20 19:21:02,200 | INFO | inference:  150/ 696 | Current F1_overall: 13.446% (Clsf: 0.000%, Loc: 44.820%) [cumulative]
2025-09-20 19:21:06,487 | INFO | inference:  160/ 696 | Current F1_overall: 13.377% (Clsf: 0.000%, Loc: 44.591%) [cumulative]
2025-09-20 19:21:10,766 | INFO | inference:  170/ 696 | Current F1_overall: 13.444% (Clsf: 0.000%, Loc: 44.814%) [cumulative]
2025-09-20 19:21:15,055 | INFO | inference:  180/ 696 | Current F1_overall: 13.288% (Clsf: 0.000%, Loc: 44.295%) [cumulative]
2025-09-20 19:21:19,334 | INFO | inference:  190/ 696 | Current F1_overall: 13.323% (Clsf: 0.000%, Loc: 44.410%) [cumulative]
2025-09-20 19:21:23,649 | INFO | inference:  200/ 696 | Current F1_overall: 13.332% (Clsf: 0.000%, Loc: 44.438%) [cumulative]
2025-09-20 19:21:27,929 | INFO | inference:  210/ 696 | Current F1_overall: 13.332% (Clsf: 0.000%, Loc: 44.441%) [cumulative]
2025-09-20 19:21:32,206 | INFO | inference:  220/ 696 | Current F1_overall: 13.261% (Clsf: 0.000%, Loc: 44.204%) [cumulative]
2025-09-20 19:21:36,483 | INFO | inference:  230/ 696 | Current F1_overall: 13.267% (Clsf: 0.000%, Loc: 44.224%) [cumulative]
2025-09-20 19:21:40,757 | INFO | inference:  240/ 696 | Current F1_overall: 13.302% (Clsf: 0.000%, Loc: 44.341%) [cumulative]
2025-09-20 19:21:45,029 | INFO | inference:  250/ 696 | Current F1_overall: 13.333% (Clsf: 0.000%, Loc: 44.445%) [cumulative]
2025-09-20 19:21:49,298 | INFO | inference:  260/ 696 | Current F1_overall: 13.299% (Clsf: 0.000%, Loc: 44.330%) [cumulative]
2025-09-20 19:21:53,569 | INFO | inference:  270/ 696 | Current F1_overall: 13.256% (Clsf: 0.000%, Loc: 44.188%) [cumulative]
2025-09-20 19:21:57,839 | INFO | inference:  280/ 696 | Current F1_overall: 13.269% (Clsf: 0.000%, Loc: 44.229%) [cumulative]
2025-09-20 19:22:02,113 | INFO | inference:  290/ 696 | Current F1_overall: 13.267% (Clsf: 0.000%, Loc: 44.223%) [cumulative]
2025-09-20 19:22:06,384 | INFO | inference:  300/ 696 | Current F1_overall: 13.227% (Clsf: 0.000%, Loc: 44.090%) [cumulative]
2025-09-20 19:22:10,659 | INFO | inference:  310/ 696 | Current F1_overall: 13.323% (Clsf: 0.000%, Loc: 44.409%) [cumulative]
2025-09-20 19:22:14,933 | INFO | inference:  320/ 696 | Current F1_overall: 13.310% (Clsf: 0.000%, Loc: 44.368%) [cumulative]
2025-09-20 19:22:19,215 | INFO | inference:  330/ 696 | Current F1_overall: 13.328% (Clsf: 0.000%, Loc: 44.427%) [cumulative]
2025-09-20 19:22:23,490 | INFO | inference:  340/ 696 | Current F1_overall: 13.382% (Clsf: 0.000%, Loc: 44.607%) [cumulative]
2025-09-20 19:22:27,762 | INFO | inference:  350/ 696 | Current F1_overall: 13.346% (Clsf: 0.000%, Loc: 44.488%) [cumulative]
2025-09-20 19:22:32,039 | INFO | inference:  360/ 696 | Current F1_overall: 13.348% (Clsf: 0.000%, Loc: 44.493%) [cumulative]
2025-09-20 19:22:36,311 | INFO | inference:  370/ 696 | Current F1_overall: 13.339% (Clsf: 0.000%, Loc: 44.464%) [cumulative]
2025-09-20 19:22:40,587 | INFO | inference:  380/ 696 | Current F1_overall: 13.386% (Clsf: 0.000%, Loc: 44.620%) [cumulative]
2025-09-20 19:22:44,861 | INFO | inference:  390/ 696 | Current F1_overall: 13.430% (Clsf: 0.000%, Loc: 44.766%) [cumulative]
2025-09-20 19:22:49,139 | INFO | inference:  400/ 696 | Current F1_overall: 13.475% (Clsf: 0.000%, Loc: 44.918%) [cumulative]
2025-09-20 19:22:53,436 | INFO | inference:  410/ 696 | Current F1_overall: 13.418% (Clsf: 0.000%, Loc: 44.727%) [cumulative]
2025-09-20 19:22:57,710 | INFO | inference:  420/ 696 | Current F1_overall: 13.436% (Clsf: 0.000%, Loc: 44.787%) [cumulative]
2025-09-20 19:23:01,986 | INFO | inference:  430/ 696 | Current F1_overall: 13.446% (Clsf: 0.000%, Loc: 44.821%) [cumulative]
2025-09-20 19:23:06,258 | INFO | inference:  440/ 696 | Current F1_overall: 13.425% (Clsf: 0.000%, Loc: 44.748%) [cumulative]
2025-09-20 19:23:10,535 | INFO | inference:  450/ 696 | Current F1_overall: 13.402% (Clsf: 0.000%, Loc: 44.672%) [cumulative]
2025-09-20 19:23:14,807 | INFO | inference:  460/ 696 | Current F1_overall: 13.436% (Clsf: 0.000%, Loc: 44.786%) [cumulative]
2025-09-20 19:23:19,076 | INFO | inference:  470/ 696 | Current F1_overall: 13.404% (Clsf: 0.000%, Loc: 44.680%) [cumulative]
2025-09-20 19:23:23,355 | INFO | inference:  480/ 696 | Current F1_overall: 13.398% (Clsf: 0.000%, Loc: 44.661%) [cumulative]
2025-09-20 19:23:27,631 | INFO | inference:  490/ 696 | Current F1_overall: 13.398% (Clsf: 0.000%, Loc: 44.660%) [cumulative]
2025-09-20 19:23:31,907 | INFO | inference:  500/ 696 | Current F1_overall: 13.406% (Clsf: 0.000%, Loc: 44.685%) [cumulative]
2025-09-20 19:23:36,227 | INFO | inference:  510/ 696 | Current F1_overall: 13.433% (Clsf: 0.000%, Loc: 44.775%) [cumulative]
2025-09-20 19:23:40,550 | INFO | inference:  520/ 696 | Current F1_overall: 13.431% (Clsf: 0.000%, Loc: 44.771%) [cumulative]
2025-09-20 19:23:44,843 | INFO | inference:  530/ 696 | Current F1_overall: 13.416% (Clsf: 0.000%, Loc: 44.721%) [cumulative]
2025-09-20 19:23:49,119 | INFO | inference:  540/ 696 | Current F1_overall: 13.392% (Clsf: 0.000%, Loc: 44.641%) [cumulative]
2025-09-20 19:23:53,394 | INFO | inference:  550/ 696 | Current F1_overall: 13.402% (Clsf: 0.000%, Loc: 44.674%) [cumulative]
2025-09-20 19:23:57,668 | INFO | inference:  560/ 696 | Current F1_overall: 13.437% (Clsf: 0.000%, Loc: 44.792%) [cumulative]
2025-09-20 19:24:01,944 | INFO | inference:  570/ 696 | Current F1_overall: 13.439% (Clsf: 0.000%, Loc: 44.796%) [cumulative]
2025-09-20 19:24:06,222 | INFO | inference:  580/ 696 | Current F1_overall: 13.439% (Clsf: 0.000%, Loc: 44.797%) [cumulative]
2025-09-20 19:24:10,496 | INFO | inference:  590/ 696 | Current F1_overall: 13.461% (Clsf: 0.000%, Loc: 44.871%) [cumulative]
2025-09-20 19:24:14,790 | INFO | inference:  600/ 696 | Current F1_overall: 13.478% (Clsf: 0.000%, Loc: 44.926%) [cumulative]
2025-09-20 19:24:19,069 | INFO | inference:  610/ 696 | Current F1_overall: 13.470% (Clsf: 0.000%, Loc: 44.901%) [cumulative]
2025-09-20 19:24:23,349 | INFO | inference:  620/ 696 | Current F1_overall: 13.469% (Clsf: 0.000%, Loc: 44.898%) [cumulative]
2025-09-20 19:24:27,621 | INFO | inference:  630/ 696 | Current F1_overall: 13.455% (Clsf: 0.000%, Loc: 44.851%) [cumulative]
2025-09-20 19:24:31,898 | INFO | inference:  640/ 696 | Current F1_overall: 13.416% (Clsf: 0.000%, Loc: 44.719%) [cumulative]
2025-09-20 19:24:36,175 | INFO | inference:  650/ 696 | Current F1_overall: 13.404% (Clsf: 0.000%, Loc: 44.680%) [cumulative]
2025-09-20 19:24:40,456 | INFO | inference:  660/ 696 | Current F1_overall: 13.435% (Clsf: 0.000%, Loc: 44.782%) [cumulative]
2025-09-20 19:24:44,735 | INFO | inference:  670/ 696 | Current F1_overall: 13.434% (Clsf: 0.000%, Loc: 44.779%) [cumulative]
2025-09-20 19:24:49,019 | INFO | inference:  680/ 696 | Current F1_overall: 13.460% (Clsf: 0.000%, Loc: 44.866%) [cumulative]
2025-09-20 19:24:53,305 | INFO | inference:  690/ 696 | Current F1_overall: 13.416% (Clsf: 0.000%, Loc: 44.719%) [cumulative]
2025-09-20 19:24:55,874 | INFO | lofF1 is 0.4470750808046024, clfF1 is 0.0, oaF1 is 0.13412252424138071, sub class F1 score is [0.99621249 0.         0.         0.15407556]
2025-09-20 19:24:55,877 | INFO | MAIN - DONE.
2025-09-20 19:24:55,877 | INFO | MAIN - EXIT.
