2025-09-20 14:37:54,545 | INFO | MAIN - START
2025-09-20 14:37:54,545 | INFO | Command Line Args:
{
    "cfg": "/storage/alperengenc/change_detection/ChangeMamba_AG/changedetection/configs/vssm1/vssm_base_224.yaml",
    "opts": null,
    "pretrained_weight_path": null,
    "dataset": "xBD",
    "type": "test",
    "test_dataset_path": "/storage/alperengenc/change_detection/xBD_complete_png/test",
    "test_data_list_path": "/storage/alperengenc/change_detection/xBD_complete_png/test_list.txt",
    "shuffle": true,
    "batch_size": 16,
    "crop_size": 256,
    "train_data_name_list": null,
    "test_data_name_list": null,
    "start_iter": 0,
    "cuda": true,
    "max_iters": 240000,
    "model_type": "MambaBDA_Base",
    "result_saved_path": "/storage/alperengenc/change_detection/ChangeMamba_AG/changedetection/infer_results/in2025-09-20_14-37-52",
    "resume": "/storage/alperengenc/change_detection/ChangeMamba_AG/changedetection/deneme_saved_models/tr2025-09-19_18-02-44/xBD/MambaBDA_Base_1758294167.6313677/100000_model_2025-09-20_03-14-53.pth",
    "learning_rate": 0.0001,
    "momentum": 0.9,
    "weight_decay": 0.0005,
    "logfile": "/storage/alperengenc/change_detection/ChangeMamba_AG/LOGLAR_CMAG/infer_2025-09-20_14-37-52_xBD_MambaBDA_Base.log"
}
2025-09-20 14:37:56,115 | INFO | inference:    0/1866 | Current F1_overall: nan% (Clsf: 0.000%, Loc: nan%)
2025-09-20 14:38:01,091 | INFO | inference:   10/1866 | Current F1_overall: 44.214% (Clsf: 26.328%, Loc: 85.950%)
2025-09-20 14:38:05,847 | INFO | inference:   20/1866 | Current F1_overall: 52.444% (Clsf: 37.759%, Loc: 86.710%)
2025-09-20 14:38:10,595 | INFO | inference:   30/1866 | Current F1_overall: 54.557% (Clsf: 41.324%, Loc: 85.433%)
2025-09-20 14:38:15,409 | INFO | inference:   40/1866 | Current F1_overall: 63.967% (Clsf: 55.841%, Loc: 82.927%)
2025-09-20 14:38:20,177 | INFO | inference:   50/1866 | Current F1_overall: 62.705% (Clsf: 53.723%, Loc: 83.664%)
2025-09-20 14:38:24,955 | INFO | inference:   60/1866 | Current F1_overall: 62.908% (Clsf: 53.909%, Loc: 83.905%)
2025-09-20 14:38:29,753 | INFO | inference:   70/1866 | Current F1_overall: 65.136% (Clsf: 57.240%, Loc: 83.562%)
2025-09-20 14:38:34,543 | INFO | inference:   80/1866 | Current F1_overall: 65.776% (Clsf: 58.083%, Loc: 83.726%)
2025-09-20 14:38:39,352 | INFO | inference:   90/1866 | Current F1_overall: 70.519% (Clsf: 65.215%, Loc: 82.896%)
2025-09-20 14:38:44,143 | INFO | inference:  100/1866 | Current F1_overall: 69.734% (Clsf: 63.863%, Loc: 83.434%)
2025-09-20 14:38:48,917 | INFO | inference:  110/1866 | Current F1_overall: 69.932% (Clsf: 64.278%, Loc: 83.124%)
2025-09-20 14:38:53,695 | INFO | inference:  120/1866 | Current F1_overall: 70.606% (Clsf: 65.159%, Loc: 83.315%)
2025-09-20 14:38:58,509 | INFO | inference:  130/1866 | Current F1_overall: 69.320% (Clsf: 63.266%, Loc: 83.445%)
2025-09-20 14:39:03,262 | INFO | inference:  140/1866 | Current F1_overall: 69.071% (Clsf: 62.891%, Loc: 83.490%)
2025-09-20 14:39:08,036 | INFO | inference:  150/1866 | Current F1_overall: 69.228% (Clsf: 63.204%, Loc: 83.286%)
2025-09-20 14:39:12,793 | INFO | inference:  160/1866 | Current F1_overall: 69.591% (Clsf: 63.611%, Loc: 83.545%)
2025-09-20 14:39:17,557 | INFO | inference:  170/1866 | Current F1_overall: 69.951% (Clsf: 64.120%, Loc: 83.555%)
2025-09-20 14:39:22,315 | INFO | inference:  180/1866 | Current F1_overall: 73.377% (Clsf: 69.085%, Loc: 83.392%)
2025-09-20 14:39:27,078 | INFO | inference:  190/1866 | Current F1_overall: 73.810% (Clsf: 69.791%, Loc: 83.187%)
2025-09-20 14:39:31,868 | INFO | inference:  200/1866 | Current F1_overall: 73.961% (Clsf: 69.951%, Loc: 83.319%)
2025-09-20 14:39:36,648 | INFO | inference:  210/1866 | Current F1_overall: 74.578% (Clsf: 70.945%, Loc: 83.055%)
2025-09-20 14:39:41,415 | INFO | inference:  220/1866 | Current F1_overall: 74.310% (Clsf: 70.514%, Loc: 83.168%)
2025-09-20 14:39:46,196 | INFO | inference:  230/1866 | Current F1_overall: 74.443% (Clsf: 70.753%, Loc: 83.052%)
2025-09-20 14:39:51,012 | INFO | inference:  240/1866 | Current F1_overall: 74.760% (Clsf: 71.126%, Loc: 83.239%)
2025-09-20 14:39:55,820 | INFO | inference:  250/1866 | Current F1_overall: 74.264% (Clsf: 70.385%, Loc: 83.315%)
2025-09-20 14:40:00,580 | INFO | inference:  260/1866 | Current F1_overall: 74.122% (Clsf: 70.213%, Loc: 83.242%)
2025-09-20 14:40:05,359 | INFO | inference:  270/1866 | Current F1_overall: 74.415% (Clsf: 70.654%, Loc: 83.189%)
2025-09-20 14:40:10,130 | INFO | inference:  280/1866 | Current F1_overall: 74.864% (Clsf: 71.352%, Loc: 83.060%)
2025-09-20 14:40:14,895 | INFO | inference:  290/1866 | Current F1_overall: 74.943% (Clsf: 71.402%, Loc: 83.203%)
2025-09-20 14:40:19,691 | INFO | inference:  300/1866 | Current F1_overall: 75.020% (Clsf: 71.461%, Loc: 83.324%)
2025-09-20 14:40:24,458 | INFO | inference:  310/1866 | Current F1_overall: 75.852% (Clsf: 72.643%, Loc: 83.339%)
2025-09-20 14:40:29,220 | INFO | inference:  320/1866 | Current F1_overall: 75.837% (Clsf: 72.647%, Loc: 83.282%)
2025-09-20 14:40:33,996 | INFO | inference:  330/1866 | Current F1_overall: 75.928% (Clsf: 72.742%, Loc: 83.362%)
2025-09-20 14:40:38,769 | INFO | inference:  340/1866 | Current F1_overall: 76.193% (Clsf: 73.114%, Loc: 83.376%)
2025-09-20 14:40:43,556 | INFO | inference:  350/1866 | Current F1_overall: 76.137% (Clsf: 72.960%, Loc: 83.551%)
2025-09-20 14:40:48,325 | INFO | inference:  360/1866 | Current F1_overall: 76.315% (Clsf: 73.224%, Loc: 83.528%)
2025-09-20 14:40:53,098 | INFO | inference:  370/1866 | Current F1_overall: 76.231% (Clsf: 73.128%, Loc: 83.471%)
2025-09-20 14:40:57,854 | INFO | inference:  380/1866 | Current F1_overall: 76.230% (Clsf: 73.085%, Loc: 83.570%)
2025-09-20 14:41:02,650 | INFO | inference:  390/1866 | Current F1_overall: 76.307% (Clsf: 73.107%, Loc: 83.772%)
2025-09-20 14:41:07,400 | INFO | inference:  400/1866 | Current F1_overall: 76.244% (Clsf: 73.021%, Loc: 83.764%)
2025-09-20 14:41:12,179 | INFO | inference:  410/1866 | Current F1_overall: 76.095% (Clsf: 72.774%, Loc: 83.843%)
2025-09-20 14:41:16,961 | INFO | inference:  420/1866 | Current F1_overall: 75.889% (Clsf: 72.495%, Loc: 83.810%)
2025-09-20 14:41:21,766 | INFO | inference:  430/1866 | Current F1_overall: 77.033% (Clsf: 74.065%, Loc: 83.958%)
2025-09-20 14:41:26,545 | INFO | inference:  440/1866 | Current F1_overall: 77.644% (Clsf: 74.887%, Loc: 84.079%)
2025-09-20 14:41:31,307 | INFO | inference:  450/1866 | Current F1_overall: 77.429% (Clsf: 74.574%, Loc: 84.092%)
2025-09-20 14:41:36,071 | INFO | inference:  460/1866 | Current F1_overall: 76.987% (Clsf: 73.969%, Loc: 84.029%)
2025-09-20 14:41:40,852 | INFO | inference:  470/1866 | Current F1_overall: 76.918% (Clsf: 73.868%, Loc: 84.033%)
2025-09-20 14:41:45,602 | INFO | inference:  480/1866 | Current F1_overall: 76.831% (Clsf: 73.723%, Loc: 84.082%)
2025-09-20 14:41:50,388 | INFO | inference:  490/1866 | Current F1_overall: 76.967% (Clsf: 73.892%, Loc: 84.142%)
2025-09-20 14:41:55,139 | INFO | inference:  500/1866 | Current F1_overall: 77.272% (Clsf: 74.342%, Loc: 84.107%)
2025-09-20 14:41:59,904 | INFO | inference:  510/1866 | Current F1_overall: 77.119% (Clsf: 74.147%, Loc: 84.054%)
2025-09-20 14:42:04,676 | INFO | inference:  520/1866 | Current F1_overall: 77.066% (Clsf: 74.100%, Loc: 83.986%)
2025-09-20 14:42:09,429 | INFO | inference:  530/1866 | Current F1_overall: 77.321% (Clsf: 74.438%, Loc: 84.049%)
2025-09-20 14:42:14,218 | INFO | inference:  540/1866 | Current F1_overall: 77.305% (Clsf: 74.429%, Loc: 84.014%)
2025-09-20 14:42:18,968 | INFO | inference:  550/1866 | Current F1_overall: 77.556% (Clsf: 74.775%, Loc: 84.044%)
2025-09-20 14:42:23,725 | INFO | inference:  560/1866 | Current F1_overall: 77.546% (Clsf: 74.777%, Loc: 84.005%)
2025-09-20 14:42:28,525 | INFO | inference:  570/1866 | Current F1_overall: 77.529% (Clsf: 74.784%, Loc: 83.933%)
2025-09-20 14:42:33,280 | INFO | inference:  580/1866 | Current F1_overall: 77.528% (Clsf: 74.786%, Loc: 83.926%)
2025-09-20 14:42:38,026 | INFO | inference:  590/1866 | Current F1_overall: 77.518% (Clsf: 74.771%, Loc: 83.928%)
2025-09-20 14:42:42,830 | INFO | inference:  600/1866 | Current F1_overall: 77.716% (Clsf: 75.091%, Loc: 83.843%)
2025-09-20 14:42:47,597 | INFO | inference:  610/1866 | Current F1_overall: 77.526% (Clsf: 74.913%, Loc: 83.625%)
2025-09-20 14:42:52,400 | INFO | inference:  620/1866 | Current F1_overall: 77.453% (Clsf: 74.818%, Loc: 83.603%)
2025-09-20 14:42:57,180 | INFO | inference:  630/1866 | Current F1_overall: 77.340% (Clsf: 74.644%, Loc: 83.630%)
2025-09-20 14:43:01,931 | INFO | inference:  640/1866 | Current F1_overall: 77.301% (Clsf: 74.589%, Loc: 83.628%)
2025-09-20 14:43:06,696 | INFO | inference:  650/1866 | Current F1_overall: 77.321% (Clsf: 74.623%, Loc: 83.616%)
2025-09-20 14:43:11,519 | INFO | inference:  660/1866 | Current F1_overall: 77.088% (Clsf: 74.296%, Loc: 83.602%)
2025-09-20 14:43:16,348 | INFO | inference:  670/1866 | Current F1_overall: 76.621% (Clsf: 73.632%, Loc: 83.596%)
2025-09-20 14:43:21,119 | INFO | inference:  680/1866 | Current F1_overall: 76.427% (Clsf: 73.370%, Loc: 83.560%)
2025-09-20 14:43:25,905 | INFO | inference:  690/1866 | Current F1_overall: 76.679% (Clsf: 73.703%, Loc: 83.622%)
2025-09-20 14:43:30,712 | INFO | inference:  700/1866 | Current F1_overall: 76.718% (Clsf: 73.746%, Loc: 83.651%)
2025-09-20 14:43:35,511 | INFO | inference:  710/1866 | Current F1_overall: 76.637% (Clsf: 73.651%, Loc: 83.604%)
2025-09-20 14:43:40,313 | INFO | inference:  720/1866 | Current F1_overall: 76.625% (Clsf: 73.647%, Loc: 83.574%)
2025-09-20 14:43:45,125 | INFO | inference:  730/1866 | Current F1_overall: 76.669% (Clsf: 73.697%, Loc: 83.603%)
2025-09-20 14:43:49,892 | INFO | inference:  740/1866 | Current F1_overall: 76.657% (Clsf: 73.677%, Loc: 83.610%)
2025-09-20 14:43:54,666 | INFO | inference:  750/1866 | Current F1_overall: 76.450% (Clsf: 73.373%, Loc: 83.632%)
2025-09-20 14:43:59,413 | INFO | inference:  760/1866 | Current F1_overall: 76.452% (Clsf: 73.376%, Loc: 83.631%)
2025-09-20 14:44:04,185 | INFO | inference:  770/1866 | Current F1_overall: 76.296% (Clsf: 73.166%, Loc: 83.601%)
2025-09-20 14:44:08,980 | INFO | inference:  780/1866 | Current F1_overall: 76.313% (Clsf: 73.203%, Loc: 83.569%)
2025-09-20 14:44:13,754 | INFO | inference:  790/1866 | Current F1_overall: 76.326% (Clsf: 73.222%, Loc: 83.567%)
2025-09-20 14:44:18,542 | INFO | inference:  800/1866 | Current F1_overall: 76.309% (Clsf: 73.215%, Loc: 83.526%)
2025-09-20 14:44:23,373 | INFO | inference:  810/1866 | Current F1_overall: 75.860% (Clsf: 72.587%, Loc: 83.497%)
2025-09-20 14:44:28,194 | INFO | inference:  820/1866 | Current F1_overall: 75.727% (Clsf: 72.411%, Loc: 83.465%)
2025-09-20 14:44:32,969 | INFO | inference:  830/1866 | Current F1_overall: 75.428% (Clsf: 71.996%, Loc: 83.436%)
2025-09-20 14:44:37,761 | INFO | inference:  840/1866 | Current F1_overall: 75.442% (Clsf: 71.983%, Loc: 83.512%)
2025-09-20 14:44:42,535 | INFO | inference:  850/1866 | Current F1_overall: 75.424% (Clsf: 72.000%, Loc: 83.415%)
2025-09-20 14:44:47,306 | INFO | inference:  860/1866 | Current F1_overall: 75.439% (Clsf: 72.008%, Loc: 83.445%)
2025-09-20 14:44:52,064 | INFO | inference:  870/1866 | Current F1_overall: 75.395% (Clsf: 71.955%, Loc: 83.420%)
2025-09-20 14:44:56,816 | INFO | inference:  880/1866 | Current F1_overall: 75.399% (Clsf: 71.962%, Loc: 83.419%)
2025-09-20 14:45:01,583 | INFO | inference:  890/1866 | Current F1_overall: 75.396% (Clsf: 71.938%, Loc: 83.462%)
2025-09-20 14:45:06,380 | INFO | inference:  900/1866 | Current F1_overall: 75.524% (Clsf: 72.112%, Loc: 83.484%)
2025-09-20 14:45:11,178 | INFO | inference:  910/1866 | Current F1_overall: 75.575% (Clsf: 72.221%, Loc: 83.400%)
2025-09-20 14:45:15,984 | INFO | inference:  920/1866 | Current F1_overall: 75.579% (Clsf: 72.230%, Loc: 83.391%)
2025-09-20 14:45:20,755 | INFO | inference:  930/1866 | Current F1_overall: 75.533% (Clsf: 72.147%, Loc: 83.436%)
2025-09-20 14:45:25,698 | INFO | inference:  940/1866 | Current F1_overall: 75.752% (Clsf: 72.455%, Loc: 83.446%)
2025-09-20 14:45:30,495 | INFO | inference:  950/1866 | Current F1_overall: 75.593% (Clsf: 72.208%, Loc: 83.491%)
2025-09-20 14:45:35,256 | INFO | inference:  960/1866 | Current F1_overall: 75.545% (Clsf: 72.140%, Loc: 83.490%)
2025-09-20 14:45:40,046 | INFO | inference:  970/1866 | Current F1_overall: 75.522% (Clsf: 72.094%, Loc: 83.521%)
2025-09-20 14:45:44,810 | INFO | inference:  980/1866 | Current F1_overall: 75.448% (Clsf: 72.001%, Loc: 83.491%)
2025-09-20 14:45:49,600 | INFO | inference:  990/1866 | Current F1_overall: 75.414% (Clsf: 71.932%, Loc: 83.539%)
2025-09-20 14:45:54,364 | INFO | inference: 1000/1866 | Current F1_overall: 75.407% (Clsf: 71.923%, Loc: 83.536%)
2025-09-20 14:45:59,122 | INFO | inference: 1010/1866 | Current F1_overall: 75.320% (Clsf: 71.798%, Loc: 83.537%)
2025-09-20 14:46:03,861 | INFO | inference: 1020/1866 | Current F1_overall: 75.262% (Clsf: 71.720%, Loc: 83.527%)
2025-09-20 14:46:08,642 | INFO | inference: 1030/1866 | Current F1_overall: 75.226% (Clsf: 71.681%, Loc: 83.496%)
2025-09-20 14:46:13,420 | INFO | inference: 1040/1866 | Current F1_overall: 75.189% (Clsf: 71.625%, Loc: 83.504%)
2025-09-20 14:46:18,164 | INFO | inference: 1050/1866 | Current F1_overall: 75.132% (Clsf: 71.548%, Loc: 83.493%)
2025-09-20 14:46:22,937 | INFO | inference: 1060/1866 | Current F1_overall: 75.134% (Clsf: 71.554%, Loc: 83.487%)
2025-09-20 14:46:27,686 | INFO | inference: 1070/1866 | Current F1_overall: 75.145% (Clsf: 71.579%, Loc: 83.465%)
2025-09-20 14:46:32,485 | INFO | inference: 1080/1866 | Current F1_overall: 75.137% (Clsf: 71.554%, Loc: 83.498%)
2025-09-20 14:46:37,249 | INFO | inference: 1090/1866 | Current F1_overall: 75.151% (Clsf: 71.560%, Loc: 83.530%)
2025-09-20 14:46:42,036 | INFO | inference: 1100/1866 | Current F1_overall: 75.092% (Clsf: 71.472%, Loc: 83.536%)
2025-09-20 14:46:46,836 | INFO | inference: 1110/1866 | Current F1_overall: 74.960% (Clsf: 71.293%, Loc: 83.516%)
2025-09-20 14:46:51,634 | INFO | inference: 1120/1866 | Current F1_overall: 74.931% (Clsf: 71.261%, Loc: 83.493%)
2025-09-20 14:46:56,423 | INFO | inference: 1130/1866 | Current F1_overall: 74.846% (Clsf: 71.163%, Loc: 83.440%)
2025-09-20 14:47:01,202 | INFO | inference: 1140/1866 | Current F1_overall: 75.059% (Clsf: 71.470%, Loc: 83.436%)
2025-09-20 14:47:05,990 | INFO | inference: 1150/1866 | Current F1_overall: 75.187% (Clsf: 71.659%, Loc: 83.418%)
2025-09-20 14:47:10,747 | INFO | inference: 1160/1866 | Current F1_overall: 75.264% (Clsf: 71.757%, Loc: 83.446%)
2025-09-20 14:47:15,538 | INFO | inference: 1170/1866 | Current F1_overall: 75.236% (Clsf: 71.720%, Loc: 83.440%)
2025-09-20 14:47:20,342 | INFO | inference: 1180/1866 | Current F1_overall: 75.627% (Clsf: 72.282%, Loc: 83.432%)
2025-09-20 14:47:25,124 | INFO | inference: 1190/1866 | Current F1_overall: 75.564% (Clsf: 72.201%, Loc: 83.411%)
2025-09-20 14:47:29,880 | INFO | inference: 1200/1866 | Current F1_overall: 75.688% (Clsf: 72.387%, Loc: 83.390%)
2025-09-20 14:47:34,657 | INFO | inference: 1210/1866 | Current F1_overall: 75.699% (Clsf: 72.416%, Loc: 83.358%)
2025-09-20 14:47:39,465 | INFO | inference: 1220/1866 | Current F1_overall: 75.588% (Clsf: 72.258%, Loc: 83.359%)
2025-09-20 14:47:44,225 | INFO | inference: 1230/1866 | Current F1_overall: 75.586% (Clsf: 72.262%, Loc: 83.342%)
2025-09-20 14:47:49,013 | INFO | inference: 1240/1866 | Current F1_overall: 75.637% (Clsf: 72.342%, Loc: 83.325%)
2025-09-20 14:47:53,832 | INFO | inference: 1250/1866 | Current F1_overall: 75.672% (Clsf: 72.390%, Loc: 83.328%)
2025-09-20 14:47:58,603 | INFO | inference: 1260/1866 | Current F1_overall: 75.803% (Clsf: 72.554%, Loc: 83.386%)
2025-09-20 14:48:03,390 | INFO | inference: 1270/1866 | Current F1_overall: 75.845% (Clsf: 72.603%, Loc: 83.409%)
2025-09-20 14:48:08,160 | INFO | inference: 1280/1866 | Current F1_overall: 75.848% (Clsf: 72.608%, Loc: 83.410%)
2025-09-20 14:48:12,947 | INFO | inference: 1290/1866 | Current F1_overall: 75.761% (Clsf: 72.470%, Loc: 83.439%)
2025-09-20 14:48:17,737 | INFO | inference: 1300/1866 | Current F1_overall: 76.304% (Clsf: 73.262%, Loc: 83.400%)
2025-09-20 14:48:22,510 | INFO | inference: 1310/1866 | Current F1_overall: 76.388% (Clsf: 73.375%, Loc: 83.417%)
2025-09-20 14:48:27,271 | INFO | inference: 1320/1866 | Current F1_overall: 76.339% (Clsf: 73.320%, Loc: 83.383%)
2025-09-20 14:48:32,058 | INFO | inference: 1330/1866 | Current F1_overall: 76.336% (Clsf: 73.317%, Loc: 83.378%)
2025-09-20 14:48:36,853 | INFO | inference: 1340/1866 | Current F1_overall: 76.410% (Clsf: 73.430%, Loc: 83.362%)
2025-09-20 14:48:41,618 | INFO | inference: 1350/1866 | Current F1_overall: 76.424% (Clsf: 73.451%, Loc: 83.359%)
2025-09-20 14:48:46,401 | INFO | inference: 1360/1866 | Current F1_overall: 76.365% (Clsf: 73.354%, Loc: 83.389%)
2025-09-20 14:48:51,188 | INFO | inference: 1370/1866 | Current F1_overall: 76.439% (Clsf: 73.463%, Loc: 83.383%)
2025-09-20 14:48:56,003 | INFO | inference: 1380/1866 | Current F1_overall: 76.438% (Clsf: 73.458%, Loc: 83.393%)
2025-09-20 14:49:00,779 | INFO | inference: 1390/1866 | Current F1_overall: 76.435% (Clsf: 73.454%, Loc: 83.392%)
2025-09-20 14:49:05,586 | INFO | inference: 1400/1866 | Current F1_overall: 76.697% (Clsf: 73.849%, Loc: 83.344%)
2025-09-20 14:49:10,394 | INFO | inference: 1410/1866 | Current F1_overall: 76.684% (Clsf: 73.849%, Loc: 83.299%)
2025-09-20 14:49:15,186 | INFO | inference: 1420/1866 | Current F1_overall: 76.668% (Clsf: 73.836%, Loc: 83.275%)
2025-09-20 14:49:19,958 | INFO | inference: 1430/1866 | Current F1_overall: 76.554% (Clsf: 73.660%, Loc: 83.307%)
2025-09-20 14:49:24,797 | INFO | inference: 1440/1866 | Current F1_overall: 76.564% (Clsf: 73.665%, Loc: 83.328%)
2025-09-20 14:49:29,621 | INFO | inference: 1450/1866 | Current F1_overall: 76.634% (Clsf: 73.763%, Loc: 83.335%)
2025-09-20 14:49:34,408 | INFO | inference: 1460/1866 | Current F1_overall: 76.664% (Clsf: 73.800%, Loc: 83.348%)
2025-09-20 14:49:39,224 | INFO | inference: 1470/1866 | Current F1_overall: 76.720% (Clsf: 73.848%, Loc: 83.421%)
2025-09-20 14:49:44,032 | INFO | inference: 1480/1866 | Current F1_overall: 76.777% (Clsf: 73.920%, Loc: 83.443%)
2025-09-20 14:49:48,837 | INFO | inference: 1490/1866 | Current F1_overall: 76.743% (Clsf: 73.875%, Loc: 83.436%)
2025-09-20 14:49:53,668 | INFO | inference: 1500/1866 | Current F1_overall: 76.832% (Clsf: 74.043%, Loc: 83.341%)
2025-09-20 14:49:58,476 | INFO | inference: 1510/1866 | Current F1_overall: 76.910% (Clsf: 74.134%, Loc: 83.386%)
2025-09-20 14:50:03,291 | INFO | inference: 1520/1866 | Current F1_overall: 77.129% (Clsf: 74.430%, Loc: 83.426%)
2025-09-20 14:50:08,068 | INFO | inference: 1530/1866 | Current F1_overall: 77.126% (Clsf: 74.429%, Loc: 83.420%)
2025-09-20 14:50:12,876 | INFO | inference: 1540/1866 | Current F1_overall: 76.988% (Clsf: 74.215%, Loc: 83.459%)
2025-09-20 14:50:17,683 | INFO | inference: 1550/1866 | Current F1_overall: 76.977% (Clsf: 74.200%, Loc: 83.457%)
2025-09-20 14:50:22,483 | INFO | inference: 1560/1866 | Current F1_overall: 76.965% (Clsf: 74.181%, Loc: 83.463%)
2025-09-20 14:50:27,282 | INFO | inference: 1570/1866 | Current F1_overall: 76.967% (Clsf: 74.183%, Loc: 83.464%)
2025-09-20 14:50:32,068 | INFO | inference: 1580/1866 | Current F1_overall: 76.948% (Clsf: 74.140%, Loc: 83.500%)
2025-09-20 14:50:36,869 | INFO | inference: 1590/1866 | Current F1_overall: 76.967% (Clsf: 74.153%, Loc: 83.533%)
2025-09-20 14:50:41,680 | INFO | inference: 1600/1866 | Current F1_overall: 76.953% (Clsf: 74.110%, Loc: 83.587%)
2025-09-20 14:50:46,471 | INFO | inference: 1610/1866 | Current F1_overall: 76.819% (Clsf: 73.922%, Loc: 83.577%)
2025-09-20 14:50:51,307 | INFO | inference: 1620/1866 | Current F1_overall: 76.790% (Clsf: 73.883%, Loc: 83.574%)
2025-09-20 14:50:56,085 | INFO | inference: 1630/1866 | Current F1_overall: 76.805% (Clsf: 73.909%, Loc: 83.564%)
2025-09-20 14:51:00,869 | INFO | inference: 1640/1866 | Current F1_overall: 76.868% (Clsf: 74.020%, Loc: 83.513%)
2025-09-20 14:51:05,654 | INFO | inference: 1650/1866 | Current F1_overall: 76.838% (Clsf: 73.977%, Loc: 83.515%)
2025-09-20 14:51:10,425 | INFO | inference: 1660/1866 | Current F1_overall: 76.815% (Clsf: 73.947%, Loc: 83.506%)
2025-09-20 14:51:15,238 | INFO | inference: 1670/1866 | Current F1_overall: 76.787% (Clsf: 73.912%, Loc: 83.496%)
2025-09-20 14:51:20,059 | INFO | inference: 1680/1866 | Current F1_overall: 76.881% (Clsf: 74.030%, Loc: 83.533%)
2025-09-20 14:51:24,899 | INFO | inference: 1690/1866 | Current F1_overall: 76.969% (Clsf: 74.152%, Loc: 83.541%)
2025-09-20 14:51:29,660 | INFO | inference: 1700/1866 | Current F1_overall: 76.975% (Clsf: 74.154%, Loc: 83.557%)
2025-09-20 14:51:34,435 | INFO | inference: 1710/1866 | Current F1_overall: 76.829% (Clsf: 73.959%, Loc: 83.527%)
2025-09-20 14:51:39,145 | INFO | inference: 1720/1866 | Current F1_overall: 76.834% (Clsf: 73.966%, Loc: 83.526%)
2025-09-20 14:51:43,939 | INFO | inference: 1730/1866 | Current F1_overall: 76.812% (Clsf: 73.930%, Loc: 83.538%)
2025-09-20 14:51:48,702 | INFO | inference: 1740/1866 | Current F1_overall: 76.783% (Clsf: 73.890%, Loc: 83.533%)
2025-09-20 14:51:53,483 | INFO | inference: 1750/1866 | Current F1_overall: 76.716% (Clsf: 73.789%, Loc: 83.545%)
2025-09-20 14:51:58,242 | INFO | inference: 1760/1866 | Current F1_overall: 76.694% (Clsf: 73.761%, Loc: 83.538%)
2025-09-20 14:52:03,044 | INFO | inference: 1770/1866 | Current F1_overall: 76.675% (Clsf: 73.743%, Loc: 83.515%)
2025-09-20 14:52:07,869 | INFO | inference: 1780/1866 | Current F1_overall: 76.736% (Clsf: 73.809%, Loc: 83.564%)
2025-09-20 14:52:12,641 | INFO | inference: 1790/1866 | Current F1_overall: 76.734% (Clsf: 73.815%, Loc: 83.547%)
2025-09-20 14:52:17,401 | INFO | inference: 1800/1866 | Current F1_overall: 76.759% (Clsf: 73.845%, Loc: 83.558%)
2025-09-20 14:52:22,174 | INFO | inference: 1810/1866 | Current F1_overall: 76.829% (Clsf: 73.941%, Loc: 83.568%)
2025-09-20 14:52:26,933 | INFO | inference: 1820/1866 | Current F1_overall: 76.822% (Clsf: 73.930%, Loc: 83.571%)
2025-09-20 14:52:31,697 | INFO | inference: 1830/1866 | Current F1_overall: 76.817% (Clsf: 73.914%, Loc: 83.588%)
2025-09-20 14:52:36,496 | INFO | inference: 1840/1866 | Current F1_overall: 76.890% (Clsf: 74.016%, Loc: 83.596%)
2025-09-20 14:52:41,256 | INFO | inference: 1850/1866 | Current F1_overall: 76.907% (Clsf: 74.042%, Loc: 83.591%)
2025-09-20 14:52:46,039 | INFO | inference: 1860/1866 | Current F1_overall: 77.031% (Clsf: 74.209%, Loc: 83.615%)
2025-09-20 14:52:48,915 | INFO | lofF1 is 0.8360835500280387, clfF1 is 0.7416739926135146, oaF1 is 0.7699968598378718, sub class F1 score is [0.95431104 0.54909913 0.72952374 0.86699688]
2025-09-20 14:52:48,917 | INFO | MAIN - DONE.
2025-09-20 14:52:48,917 | INFO | MAIN - EXIT.
