2025-09-21 13:41:19,836 | INFO | MAIN - START
2025-09-21 13:41:19,836 | INFO | Command Line Args:
{
    "cfg": "/storage/alperengenc/change_detection/ChangeMamba_AG/changedetection/configs/vssm1/vssm_base_224.yaml",
    "opts": null,
    "pretrained_weight_path": "/storage/alperengenc/change_detection/ChangeMamba_AG/pretrained_weight/vssm_base_0229_ckpt_epoch_237.pth",
    "dataset": "mwBTFreddy",
    "type": "train",
    "train_dataset_path": "/storage/alperengenc/change_detection/mwBTFreddy_dataset/mwBTFreddy_v1.0",
    "train_data_list_path": "/storage/alperengenc/change_detection/mwBTFreddy_dataset/mwBTFreddy_v1.0/train_list.txt",
    "test_dataset_path": "/storage/alperengenc/change_detection/mwBTFreddy_dataset/mwBTFreddy_v1.0",
    "test_data_list_path": "/storage/alperengenc/change_detection/mwBTFreddy_dataset/mwBTFreddy_v1.0/test_list.txt",
    "shuffle": true,
    "batch_size": 4,
    "crop_size": 256,
    "start_iter": 0,
    "cuda": true,
    "max_iters": 40000,
    "model_type": "MambaBDA_Base",
    "model_param_path": "/storage/alperengenc/change_detection/ChangeMamba_AG/changedetection/deneme_saved_models/tr2025-09-21_13-41-18_MambaBDA_Base_mwBTFreddy",
    "resume": null,
    "learning_rate": 0.0001,
    "momentum": 0.9,
    "weight_decay": 0.005,
    "logfile": "/storage/alperengenc/change_detection/ChangeMamba_AG/LOGLAR_CMAG/train_2025-09-21_13-41-18_mwBTFreddy_MambaBDA_Base.log",
    "extension": "tif"
}
2025-09-21 13:41:21,298 | INFO | ---------starting training-----------
2025-09-21 13:41:21,358 | INFO | VAL_STEP=1250
2025-09-21 13:41:44,084 | INFO | iter is 50 / 10000 [skipped    0] | loc. loss = 0.4658796787261963  , classif. loss = 0.01439003273844719  (2025-09-21_13-41-44)
2025-09-21 13:42:05,717 | INFO | iter is 100 / 10000 [skipped    0] | loc. loss = 0.5609079599380493  , classif. loss = 0.1267556995153427   (2025-09-21_13-42-05)
2025-09-21 13:42:27,238 | INFO | iter is 150 / 10000 [skipped    0] | loc. loss = 0.4740831255912781  , classif. loss = 0.009299080818891525 (2025-09-21_13-42-27)
2025-09-21 13:42:48,815 | INFO | iter is 200 / 10000 [skipped    0] | loc. loss = 0.41516101360321045 , classif. loss = 0.08799448609352112  (2025-09-21_13-42-48)
2025-09-21 13:43:10,452 | INFO | iter is 250 / 10000 [skipped    0] | loc. loss = 0.4364776015281677  , classif. loss = 0.009118454530835152 (2025-09-21_13-43-10)
2025-09-21 13:43:32,042 | INFO | iter is 300 / 10000 [skipped    0] | loc. loss = 0.40171244740486145 , classif. loss = 0.022990282624959946 (2025-09-21_13-43-32)
2025-09-21 13:43:53,626 | INFO | iter is 350 / 10000 [skipped    0] | loc. loss = 0.3747735619544983  , classif. loss = 0.7871043086051941   (2025-09-21_13-43-53)
2025-09-21 13:44:15,186 | INFO | iter is 400 / 10000 [skipped    0] | loc. loss = 0.3127129375934601  , classif. loss = 0.0009574546711519361 (2025-09-21_13-44-15)
2025-09-21 13:44:36,781 | INFO | iter is 450 / 10000 [skipped    0] | loc. loss = 0.16957223415374756 , classif. loss = 0.004609772004187107 (2025-09-21_13-44-36)
2025-09-21 13:44:58,345 | INFO | iter is 500 / 10000 [skipped    0] | loc. loss = 0.3578738570213318  , classif. loss = 0.007436790503561497 (2025-09-21_13-44-58)
2025-09-21 13:45:19,883 | INFO | iter is 550 / 10000 [skipped    0] | loc. loss = 0.257551372051239   , classif. loss = 0.0031347055919468403 (2025-09-21_13-45-19)
2025-09-21 13:45:41,512 | INFO | iter is 600 / 10000 [skipped    0] | loc. loss = 0.4509233832359314  , classif. loss = 0.08422838151454926  (2025-09-21_13-45-41)
2025-09-21 13:46:03,051 | INFO | iter is 650 / 10000 [skipped    0] | loc. loss = 0.4085717797279358  , classif. loss = 0.054773636162281036 (2025-09-21_13-46-03)
2025-09-21 13:46:24,632 | INFO | iter is 700 / 10000 [skipped    0] | loc. loss = 0.3421632647514343  , classif. loss = 0.05680343881249428  (2025-09-21_13-46-24)
2025-09-21 13:46:46,161 | INFO | iter is 750 / 10000 [skipped    0] | loc. loss = 0.26830151677131653 , classif. loss = 0.000627007451839745 (2025-09-21_13-46-46)
2025-09-21 13:47:07,746 | INFO | iter is 800 / 10000 [skipped    0] | loc. loss = 0.21095451712608337 , classif. loss = 0.0002434851776342839 (2025-09-21_13-47-07)
2025-09-21 13:47:29,296 | INFO | iter is 850 / 10000 [skipped    0] | loc. loss = 0.3085870146751404  , classif. loss = 0.004282861016690731 (2025-09-21_13-47-29)
2025-09-21 13:47:50,908 | INFO | iter is 900 / 10000 [skipped    0] | loc. loss = 0.5244207382202148  , classif. loss = 0.4772282838821411   (2025-09-21_13-47-50)
2025-09-21 13:48:12,497 | INFO | iter is 950 / 10000 [skipped    0] | loc. loss = 0.24837246537208557 , classif. loss = 0.04353385418653488  (2025-09-21_13-48-12)
2025-09-21 13:48:34,086 | INFO | iter is 1000 / 10000 [skipped    0] | loc. loss = 0.2667013108730316  , classif. loss = 0.22040490806102753  (2025-09-21_13-48-34)
2025-09-21 13:48:55,685 | INFO | iter is 1050 / 10000 [skipped    0] | loc. loss = 0.2842477858066559  , classif. loss = 0.7426201701164246   (2025-09-21_13-48-55)
2025-09-21 13:49:17,244 | INFO | iter is 1100 / 10000 [skipped    0] | loc. loss = 0.3027263879776001  , classif. loss = 0.004150810651481152 (2025-09-21_13-49-17)
2025-09-21 13:49:38,855 | INFO | iter is 1150 / 10000 [skipped    0] | loc. loss = 0.30092447996139526 , classif. loss = 0.1214362308382988   (2025-09-21_13-49-38)
2025-09-21 13:50:00,374 | INFO | iter is 1200 / 10000 [skipped    0] | loc. loss = 0.2660689353942871  , classif. loss = 0.0033878032118082047 (2025-09-21_13-50-00)
2025-09-21 13:50:21,974 | INFO | iter is 1250 / 10000 [skipped    0] | loc. loss = 0.26255151629447937 , classif. loss = 0.00256557110697031  (2025-09-21_13-50-21)
2025-09-21 13:50:21,975 | INFO | ---------starting evaluation-----------
2025-09-21 13:50:22,286 | INFO | validation:    0/ 140 (2025-09-21_13-50-22)
2025-09-21 13:51:10,391 | INFO | validation:  100/ 140 (2025-09-21_13-51-10)
2025-09-21 13:51:29,670 | INFO | lofF1 is 0.825201886211524, clfF1 is 0.0, oaF1 is 0.2475605658634572, sub class F1 score is [0.99600347 0.         0.01612367 0.66596399]
2025-09-21 13:51:51,496 | INFO | iter is 1300 / 10000 [skipped    0] | loc. loss = 0.31492379307746887 , classif. loss = 0.00851207971572876  (2025-09-21_13-51-51)
2025-09-21 13:52:13,161 | INFO | iter is 1350 / 10000 [skipped    0] | loc. loss = 0.5315037965774536  , classif. loss = 0.01229176763445139  (2025-09-21_13-52-13)
2025-09-21 13:52:34,755 | INFO | iter is 1400 / 10000 [skipped    0] | loc. loss = 0.5339666604995728  , classif. loss = 0.002159126801416278 (2025-09-21_13-52-34)
2025-09-21 13:52:56,458 | INFO | iter is 1450 / 10000 [skipped    0] | loc. loss = 0.21607792377471924 , classif. loss = 0.003929914440959692 (2025-09-21_13-52-56)
2025-09-21 13:53:18,131 | INFO | iter is 1500 / 10000 [skipped    0] | loc. loss = 0.4135240316390991  , classif. loss = 0.03159993886947632  (2025-09-21_13-53-18)
2025-09-21 13:53:39,790 | INFO | iter is 1550 / 10000 [skipped    0] | loc. loss = 0.24083903431892395 , classif. loss = 0.0022043543867766857 (2025-09-21_13-53-39)
2025-09-21 13:54:01,484 | INFO | iter is 1600 / 10000 [skipped    0] | loc. loss = 0.411678671836853   , classif. loss = 0.7323249578475952   (2025-09-21_13-54-01)
2025-09-21 13:54:23,117 | INFO | iter is 1650 / 10000 [skipped    0] | loc. loss = 0.27999961376190186 , classif. loss = 0.04703027755022049  (2025-09-21_13-54-23)
2025-09-21 13:54:44,831 | INFO | iter is 1700 / 10000 [skipped    0] | loc. loss = 0.33507299423217773 , classif. loss = 0.003528811037540436 (2025-09-21_13-54-44)
2025-09-21 13:55:06,476 | INFO | iter is 1750 / 10000 [skipped    0] | loc. loss = 0.32051199674606323 , classif. loss = 0.6543712019920349   (2025-09-21_13-55-06)
2025-09-21 13:55:28,170 | INFO | iter is 1800 / 10000 [skipped    0] | loc. loss = 0.286978542804718   , classif. loss = 0.01764203980565071  (2025-09-21_13-55-28)
2025-09-21 13:55:49,841 | INFO | iter is 1850 / 10000 [skipped    0] | loc. loss = 0.30472514033317566 , classif. loss = 0.00013054395094513893 (2025-09-21_13-55-49)
2025-09-21 13:56:11,493 | INFO | iter is 1900 / 10000 [skipped    0] | loc. loss = 0.22920677065849304 , classif. loss = 0.0003447789349593222 (2025-09-21_13-56-11)
2025-09-21 13:56:33,234 | INFO | iter is 1950 / 10000 [skipped    0] | loc. loss = 0.35817384719848633 , classif. loss = 0.1864892542362213   (2025-09-21_13-56-33)
2025-09-21 13:56:54,960 | INFO | iter is 2000 / 10000 [skipped    0] | loc. loss = 0.3040340840816498  , classif. loss = 0.0038934587500989437 (2025-09-21_13-56-54)
2025-09-21 13:57:16,682 | INFO | iter is 2050 / 10000 [skipped    0] | loc. loss = 0.18237587809562683 , classif. loss = 0.00015183223877102137 (2025-09-21_13-57-16)
2025-09-21 13:57:38,389 | INFO | iter is 2100 / 10000 [skipped    0] | loc. loss = 0.3269568681716919  , classif. loss = 0.0014179438585415483 (2025-09-21_13-57-38)
2025-09-21 13:58:00,140 | INFO | iter is 2150 / 10000 [skipped    0] | loc. loss = 0.2544153332710266  , classif. loss = 0.6452769041061401   (2025-09-21_13-58-00)
2025-09-21 13:58:21,835 | INFO | iter is 2200 / 10000 [skipped    0] | loc. loss = 0.2593839764595032  , classif. loss = 0.016915420070290565 (2025-09-21_13-58-21)
2025-09-21 13:58:43,490 | INFO | iter is 2250 / 10000 [skipped    0] | loc. loss = 0.36955583095550537 , classif. loss = 0.19076603651046753  (2025-09-21_13-58-43)
2025-09-21 13:59:05,175 | INFO | iter is 2300 / 10000 [skipped    0] | loc. loss = 0.25982511043548584 , classif. loss = 0.0006513186963275075 (2025-09-21_13-59-05)
2025-09-21 13:59:26,840 | INFO | iter is 2350 / 10000 [skipped    0] | loc. loss = 0.2584279477596283  , classif. loss = 0.0451742447912693   (2025-09-21_13-59-26)
2025-09-21 13:59:48,563 | INFO | iter is 2400 / 10000 [skipped    0] | loc. loss = 0.3074483573436737  , classif. loss = 0.0009035373805090785 (2025-09-21_13-59-48)
2025-09-21 14:00:10,293 | INFO | iter is 2450 / 10000 [skipped    0] | loc. loss = 0.22323553264141083 , classif. loss = 0.0010841020848602057 (2025-09-21_14-00-10)
2025-09-21 14:00:31,991 | INFO | iter is 2500 / 10000 [skipped    0] | loc. loss = 0.2046220898628235  , classif. loss = 0.0003047613427042961 (2025-09-21_14-00-31)
2025-09-21 14:00:31,992 | INFO | ---------starting evaluation-----------
2025-09-21 14:00:32,268 | INFO | validation:    0/ 140 (2025-09-21_14-00-32)
2025-09-21 14:01:19,235 | INFO | validation:  100/ 140 (2025-09-21_14-01-19)
2025-09-21 14:01:38,032 | INFO | lofF1 is 0.8297921181256332, clfF1 is 0.0, oaF1 is 0.24893763543768996, sub class F1 score is [0.99628723 0.         0.02671065 0.69300289]
2025-09-21 14:01:59,975 | INFO | iter is 2550 / 10000 [skipped    0] | loc. loss = 0.42773622274398804 , classif. loss = 0.19011178612709045  (2025-09-21_14-01-59)
2025-09-21 14:02:21,646 | INFO | iter is 2600 / 10000 [skipped    0] | loc. loss = 0.40290096402168274 , classif. loss = 0.0050790030509233475 (2025-09-21_14-02-21)
2025-09-21 14:02:43,463 | INFO | iter is 2650 / 10000 [skipped    0] | loc. loss = 0.19900327920913696 , classif. loss = 0.0035343181807547808 (2025-09-21_14-02-43)
2025-09-21 14:03:05,120 | INFO | iter is 2700 / 10000 [skipped    0] | loc. loss = 0.27176669239997864 , classif. loss = 0.0006478694267570972 (2025-09-21_14-03-05)
2025-09-21 14:03:26,769 | INFO | iter is 2750 / 10000 [skipped    0] | loc. loss = 0.4835115671157837  , classif. loss = 0.023739531636238098 (2025-09-21_14-03-26)
2025-09-21 14:03:48,488 | INFO | iter is 2800 / 10000 [skipped    0] | loc. loss = 0.3301384747028351  , classif. loss = 0.042402639985084534 (2025-09-21_14-03-48)
2025-09-21 14:04:10,147 | INFO | iter is 2850 / 10000 [skipped    0] | loc. loss = 0.2675510048866272  , classif. loss = 0.00021863836445845664 (2025-09-21_14-04-10)
2025-09-21 14:04:31,875 | INFO | iter is 2900 / 10000 [skipped    0] | loc. loss = 0.31468623876571655 , classif. loss = 0.0045969788916409016 (2025-09-21_14-04-31)
2025-09-21 14:04:53,569 | INFO | iter is 2950 / 10000 [skipped    0] | loc. loss = 0.1690659523010254  , classif. loss = 0.0002073192154057324 (2025-09-21_14-04-53)
2025-09-21 14:05:15,240 | INFO | iter is 3000 / 10000 [skipped    0] | loc. loss = 0.2835385799407959  , classif. loss = 0.039990149438381195 (2025-09-21_14-05-15)
2025-09-21 14:05:36,891 | INFO | iter is 3050 / 10000 [skipped    0] | loc. loss = 0.26961004734039307 , classif. loss = 0.00021308747818693519 (2025-09-21_14-05-36)
2025-09-21 14:05:58,582 | INFO | iter is 3100 / 10000 [skipped    0] | loc. loss = 0.29626205563545227 , classif. loss = 0.002146822400391102 (2025-09-21_14-05-58)
2025-09-21 14:06:20,250 | INFO | iter is 3150 / 10000 [skipped    0] | loc. loss = 0.2214086502790451  , classif. loss = 0.00042521179420873523 (2025-09-21_14-06-20)
2025-09-21 14:06:41,978 | INFO | iter is 3200 / 10000 [skipped    0] | loc. loss = 0.28935208916664124 , classif. loss = 0.0012604400981217623 (2025-09-21_14-06-41)
2025-09-21 14:07:03,607 | INFO | iter is 3250 / 10000 [skipped    0] | loc. loss = 0.3747257888317108  , classif. loss = 0.0064402115531265736 (2025-09-21_14-07-03)
2025-09-21 14:07:25,266 | INFO | iter is 3300 / 10000 [skipped    0] | loc. loss = 0.1950683295726776  , classif. loss = 0.0024114856496453285 (2025-09-21_14-07-25)
2025-09-21 14:07:46,979 | INFO | iter is 3350 / 10000 [skipped    0] | loc. loss = 0.25825026631355286 , classif. loss = 6.706142448820174e-05 (2025-09-21_14-07-46)
2025-09-21 14:08:08,629 | INFO | iter is 3400 / 10000 [skipped    0] | loc. loss = 0.20848628878593445 , classif. loss = 0.0021842317655682564 (2025-09-21_14-08-08)
2025-09-21 14:08:30,308 | INFO | iter is 3450 / 10000 [skipped    0] | loc. loss = 0.2356189340353012  , classif. loss = 0.0006572352722287178 (2025-09-21_14-08-30)
2025-09-21 14:08:51,963 | INFO | iter is 3500 / 10000 [skipped    0] | loc. loss = 0.3318106532096863  , classif. loss = 0.0018384476425126195 (2025-09-21_14-08-51)
2025-09-21 14:09:13,625 | INFO | iter is 3550 / 10000 [skipped    0] | loc. loss = 0.38044995069503784 , classif. loss = 0.003102657850831747 (2025-09-21_14-09-13)
2025-09-21 14:09:35,306 | INFO | iter is 3600 / 10000 [skipped    0] | loc. loss = 0.23339855670928955 , classif. loss = 8.34488746477291e-05 (2025-09-21_14-09-35)
2025-09-21 14:09:56,891 | INFO | iter is 3650 / 10000 [skipped    0] | loc. loss = 0.2870323359966278  , classif. loss = 0.007058849558234215 (2025-09-21_14-09-56)
2025-09-21 14:10:18,491 | INFO | iter is 3700 / 10000 [skipped    0] | loc. loss = 0.1495201289653778  , classif. loss = 0.00016603447147645056 (2025-09-21_14-10-18)
2025-09-21 14:10:40,172 | INFO | iter is 3750 / 10000 [skipped    0] | loc. loss = 0.26153242588043213 , classif. loss = 0.0014882106333971024 (2025-09-21_14-10-40)
2025-09-21 14:10:40,174 | INFO | ---------starting evaluation-----------
2025-09-21 14:10:40,448 | INFO | validation:    0/ 140 (2025-09-21_14-10-40)
2025-09-21 14:11:27,520 | INFO | validation:  100/ 140 (2025-09-21_14-11-27)
2025-09-21 14:11:46,342 | INFO | lofF1 is 0.8345595352474405, clfF1 is 0.0, oaF1 is 0.25036786057423216, sub class F1 score is [0.99659915 0.         0.09919027 0.70829017]
2025-09-21 14:12:08,263 | INFO | iter is 3800 / 10000 [skipped    0] | loc. loss = 0.23954260349273682 , classif. loss = 0.004972044378519058 (2025-09-21_14-12-08)
2025-09-21 14:12:29,962 | INFO | iter is 3850 / 10000 [skipped    0] | loc. loss = 0.3068855106830597  , classif. loss = 0.0017497686203569174 (2025-09-21_14-12-29)
2025-09-21 14:12:51,611 | INFO | iter is 3900 / 10000 [skipped    0] | loc. loss = 0.3316616117954254  , classif. loss = 0.23111861944198608  (2025-09-21_14-12-51)
2025-09-21 14:13:13,289 | INFO | iter is 3950 / 10000 [skipped    0] | loc. loss = 0.2685072720050812  , classif. loss = 0.0017417480703443289 (2025-09-21_14-13-13)
2025-09-21 14:13:35,006 | INFO | iter is 4000 / 10000 [skipped    0] | loc. loss = 0.266299843788147   , classif. loss = 0.0026939506642520428 (2025-09-21_14-13-35)
2025-09-21 14:13:56,680 | INFO | iter is 4050 / 10000 [skipped    0] | loc. loss = 0.36166292428970337 , classif. loss = 0.29004278779029846  (2025-09-21_14-13-56)
2025-09-21 14:14:18,417 | INFO | iter is 4100 / 10000 [skipped    0] | loc. loss = 0.3071479797363281  , classif. loss = 0.09346505254507065  (2025-09-21_14-14-18)
2025-09-21 14:14:40,125 | INFO | iter is 4150 / 10000 [skipped    0] | loc. loss = 0.2812306582927704  , classif. loss = 0.0032919086515903473 (2025-09-21_14-14-40)
2025-09-21 14:15:01,884 | INFO | iter is 4200 / 10000 [skipped    0] | loc. loss = 0.413185715675354   , classif. loss = 0.019159644842147827 (2025-09-21_14-15-01)
2025-09-21 14:15:23,554 | INFO | iter is 4250 / 10000 [skipped    0] | loc. loss = 0.3269798457622528  , classif. loss = 0.025882519781589508 (2025-09-21_14-15-23)
2025-09-21 14:15:45,332 | INFO | iter is 4300 / 10000 [skipped    0] | loc. loss = 0.32292109727859497 , classif. loss = 0.0002510706544853747 (2025-09-21_14-15-45)
2025-09-21 14:16:07,039 | INFO | iter is 4350 / 10000 [skipped    0] | loc. loss = 0.39821213483810425 , classif. loss = 0.00582237308844924  (2025-09-21_14-16-07)
2025-09-21 14:16:28,757 | INFO | iter is 4400 / 10000 [skipped    0] | loc. loss = 0.4043632745742798  , classif. loss = 0.5723708868026733   (2025-09-21_14-16-28)
2025-09-21 14:16:50,462 | INFO | iter is 4450 / 10000 [skipped    0] | loc. loss = 0.20239506661891937 , classif. loss = 0.11215279996395111  (2025-09-21_14-16-50)
2025-09-21 14:17:12,088 | INFO | iter is 4500 / 10000 [skipped    0] | loc. loss = 0.2783946990966797  , classif. loss = 0.0033517195843160152 (2025-09-21_14-17-12)
2025-09-21 14:17:33,775 | INFO | iter is 4550 / 10000 [skipped    0] | loc. loss = 0.2922149896621704  , classif. loss = 0.04215326905250549  (2025-09-21_14-17-33)
2025-09-21 14:17:55,382 | INFO | iter is 4600 / 10000 [skipped    0] | loc. loss = 0.31708136200904846 , classif. loss = 0.0037528295069932938 (2025-09-21_14-17-55)
2025-09-21 14:18:17,081 | INFO | iter is 4650 / 10000 [skipped    0] | loc. loss = 0.3808900713920593  , classif. loss = 0.003563396632671356 (2025-09-21_14-18-17)
2025-09-21 14:18:38,771 | INFO | iter is 4700 / 10000 [skipped    0] | loc. loss = 0.2615185081958771  , classif. loss = 0.008264897391200066 (2025-09-21_14-18-38)
2025-09-21 14:19:00,516 | INFO | iter is 4750 / 10000 [skipped    0] | loc. loss = 0.219687357544899   , classif. loss = 0.0005340358475223184 (2025-09-21_14-19-00)
2025-09-21 14:19:22,203 | INFO | iter is 4800 / 10000 [skipped    0] | loc. loss = 0.25506919622421265 , classif. loss = 0.001269511878490448 (2025-09-21_14-19-22)
2025-09-21 14:19:43,857 | INFO | iter is 4850 / 10000 [skipped    0] | loc. loss = 0.3661733865737915  , classif. loss = 0.00027312786551192403 (2025-09-21_14-19-43)
2025-09-21 14:20:05,571 | INFO | iter is 4900 / 10000 [skipped    0] | loc. loss = 0.2855418622493744  , classif. loss = 0.0068464698269963264 (2025-09-21_14-20-05)
2025-09-21 14:20:27,243 | INFO | iter is 4950 / 10000 [skipped    0] | loc. loss = 0.2214680165052414  , classif. loss = 0.0036068400368094444 (2025-09-21_14-20-27)
2025-09-21 14:20:48,990 | INFO | iter is 5000 / 10000 [skipped    0] | loc. loss = 0.160688579082489   , classif. loss = 0.0001477970799896866 (2025-09-21_14-20-48)
2025-09-21 14:20:48,991 | INFO | ---------starting evaluation-----------
2025-09-21 14:20:49,275 | INFO | validation:    0/ 140 (2025-09-21_14-20-49)
2025-09-21 14:21:37,274 | INFO | validation:  100/ 140 (2025-09-21_14-21-37)
2025-09-21 14:21:56,470 | INFO | lofF1 is 0.834298583541646, clfF1 is 0.0, oaF1 is 0.2502895750624938, sub class F1 score is [0.99679194 0.         0.01381984 0.75087547]
2025-09-21 14:22:18,138 | INFO | iter is 5050 / 10000 [skipped    0] | loc. loss = 0.146837517619133   , classif. loss = 0.0004569134907796979 (2025-09-21_14-22-18)
2025-09-21 14:22:39,833 | INFO | iter is 5100 / 10000 [skipped    0] | loc. loss = 0.2761624753475189  , classif. loss = 0.0007994411280378699 (2025-09-21_14-22-39)
2025-09-21 14:23:01,437 | INFO | iter is 5150 / 10000 [skipped    0] | loc. loss = 0.23361435532569885 , classif. loss = 0.0038192851934581995 (2025-09-21_14-23-01)
2025-09-21 14:23:23,096 | INFO | iter is 5200 / 10000 [skipped    0] | loc. loss = 0.33160722255706787 , classif. loss = 0.43157073855400085  (2025-09-21_14-23-23)
2025-09-21 14:23:44,799 | INFO | iter is 5250 / 10000 [skipped    0] | loc. loss = 0.21322767436504364 , classif. loss = 0.03227304667234421  (2025-09-21_14-23-44)
2025-09-21 14:24:06,439 | INFO | iter is 5300 / 10000 [skipped    0] | loc. loss = 0.17113322019577026 , classif. loss = 0.0003607234684750438 (2025-09-21_14-24-06)
2025-09-21 14:24:28,130 | INFO | iter is 5350 / 10000 [skipped    0] | loc. loss = 0.30084872245788574 , classif. loss = 0.0004347338108345866 (2025-09-21_14-24-28)
2025-09-21 14:24:49,787 | INFO | iter is 5400 / 10000 [skipped    0] | loc. loss = 0.32080405950546265 , classif. loss = 0.0012307525612413883 (2025-09-21_14-24-49)
2025-09-21 14:25:11,474 | INFO | iter is 5450 / 10000 [skipped    0] | loc. loss = 0.2754802703857422  , classif. loss = 0.000250017736107111 (2025-09-21_14-25-11)
2025-09-21 14:25:33,118 | INFO | iter is 5500 / 10000 [skipped    0] | loc. loss = 0.16819964349269867 , classif. loss = 0.0019226197618991137 (2025-09-21_14-25-33)
2025-09-21 14:25:54,847 | INFO | iter is 5550 / 10000 [skipped    0] | loc. loss = 0.12728329002857208 , classif. loss = 1.5002805412223097e-05 (2025-09-21_14-25-54)
2025-09-21 14:26:16,467 | INFO | iter is 5600 / 10000 [skipped    0] | loc. loss = 0.2877029776573181  , classif. loss = 0.0008347306866198778 (2025-09-21_14-26-16)
2025-09-21 14:26:38,160 | INFO | iter is 5650 / 10000 [skipped    0] | loc. loss = 0.20118065178394318 , classif. loss = 0.011151866987347603 (2025-09-21_14-26-38)
2025-09-21 14:26:59,823 | INFO | iter is 5700 / 10000 [skipped    0] | loc. loss = 0.2885890603065491  , classif. loss = 0.0038704718463122845 (2025-09-21_14-26-59)
2025-09-21 14:27:21,478 | INFO | iter is 5750 / 10000 [skipped    0] | loc. loss = 0.24949941039085388 , classif. loss = 0.0008207567734643817 (2025-09-21_14-27-21)
2025-09-21 14:27:43,154 | INFO | iter is 5800 / 10000 [skipped    0] | loc. loss = 0.2171894758939743  , classif. loss = 0.0001688265474513173 (2025-09-21_14-27-43)
2025-09-21 14:28:04,828 | INFO | iter is 5850 / 10000 [skipped    0] | loc. loss = 0.3013893961906433  , classif. loss = 0.58375483751297     (2025-09-21_14-28-04)
2025-09-21 14:28:26,503 | INFO | iter is 5900 / 10000 [skipped    0] | loc. loss = 0.26986029744148254 , classif. loss = 0.009991989471018314 (2025-09-21_14-28-26)
2025-09-21 14:28:48,202 | INFO | iter is 5950 / 10000 [skipped    0] | loc. loss = 0.34663522243499756 , classif. loss = 0.0016321567818522453 (2025-09-21_14-28-48)
2025-09-21 14:29:09,866 | INFO | iter is 6000 / 10000 [skipped    0] | loc. loss = 0.2216695249080658  , classif. loss = 0.0009498664876446128 (2025-09-21_14-29-09)
2025-09-21 14:29:31,564 | INFO | iter is 6050 / 10000 [skipped    0] | loc. loss = 0.16968506574630737 , classif. loss = 0.0006468477658927441 (2025-09-21_14-29-31)
2025-09-21 14:29:53,157 | INFO | iter is 6100 / 10000 [skipped    0] | loc. loss = 0.40284299850463867 , classif. loss = 0.002568352036178112 (2025-09-21_14-29-53)
2025-09-21 14:30:14,789 | INFO | iter is 6150 / 10000 [skipped    0] | loc. loss = 0.2070244401693344  , classif. loss = 0.00047143673873506486 (2025-09-21_14-30-14)
2025-09-21 14:30:36,422 | INFO | iter is 6200 / 10000 [skipped    0] | loc. loss = 0.2169075608253479  , classif. loss = 0.0014578232076019049 (2025-09-21_14-30-36)
2025-09-21 14:30:58,074 | INFO | iter is 6250 / 10000 [skipped    0] | loc. loss = 0.3385683596134186  , classif. loss = 0.00197971542365849  (2025-09-21_14-30-58)
2025-09-21 14:30:58,075 | INFO | ---------starting evaluation-----------
2025-09-21 14:30:58,351 | INFO | validation:    0/ 140 (2025-09-21_14-30-58)
2025-09-21 14:31:45,825 | INFO | validation:  100/ 140 (2025-09-21_14-31-45)
2025-09-21 14:32:04,801 | INFO | lofF1 is 0.8336701322994323, clfF1 is 0.0, oaF1 is 0.25010103968982966, sub class F1 score is [0.99653606 0.         0.02955912 0.72592113]
2025-09-21 14:32:26,454 | INFO | iter is 6300 / 10000 [skipped    0] | loc. loss = 0.3861013948917389  , classif. loss = 0.008569912053644657 (2025-09-21_14-32-26)
2025-09-21 14:32:48,122 | INFO | iter is 6350 / 10000 [skipped    0] | loc. loss = 0.2474362999200821  , classif. loss = 0.014226432889699936 (2025-09-21_14-32-48)
2025-09-21 14:33:09,757 | INFO | iter is 6400 / 10000 [skipped    0] | loc. loss = 0.20282219350337982 , classif. loss = 0.00031467078952118754 (2025-09-21_14-33-09)
2025-09-21 14:33:31,474 | INFO | iter is 6450 / 10000 [skipped    0] | loc. loss = 0.3307200074195862  , classif. loss = 0.01087651401758194  (2025-09-21_14-33-31)
2025-09-21 14:33:53,095 | INFO | iter is 6500 / 10000 [skipped    0] | loc. loss = 0.32924240827560425 , classif. loss = 0.0009870738722383976 (2025-09-21_14-33-53)
2025-09-21 14:34:14,763 | INFO | iter is 6550 / 10000 [skipped    0] | loc. loss = 0.1959303915500641  , classif. loss = 0.00012468316708691418 (2025-09-21_14-34-14)
2025-09-21 14:34:36,405 | INFO | iter is 6600 / 10000 [skipped    0] | loc. loss = 0.1403825581073761  , classif. loss = 0.006295306608080864 (2025-09-21_14-34-36)
2025-09-21 14:34:58,020 | INFO | iter is 6650 / 10000 [skipped    0] | loc. loss = 0.2417251467704773  , classif. loss = 0.17294234037399292  (2025-09-21_14-34-58)
2025-09-21 14:35:19,673 | INFO | iter is 6700 / 10000 [skipped    0] | loc. loss = 0.12010066211223602 , classif. loss = 5.000537203159183e-05 (2025-09-21_14-35-19)
2025-09-21 14:35:41,297 | INFO | iter is 6750 / 10000 [skipped    0] | loc. loss = 0.2829442024230957  , classif. loss = 0.006945659872144461 (2025-09-21_14-35-41)
2025-09-21 14:36:02,947 | INFO | iter is 6800 / 10000 [skipped    0] | loc. loss = 0.33684706687927246 , classif. loss = 0.0839986726641655   (2025-09-21_14-36-02)
2025-09-21 14:36:24,561 | INFO | iter is 6850 / 10000 [skipped    0] | loc. loss = 0.2415509819984436  , classif. loss = 0.0011473525082692504 (2025-09-21_14-36-24)
2025-09-21 14:36:46,254 | INFO | iter is 6900 / 10000 [skipped    0] | loc. loss = 0.2724483013153076  , classif. loss = 0.1508222073316574   (2025-09-21_14-36-46)
2025-09-21 14:37:07,862 | INFO | iter is 6950 / 10000 [skipped    0] | loc. loss = 0.22099706530570984 , classif. loss = 0.0025551877915859222 (2025-09-21_14-37-07)
2025-09-21 14:37:29,503 | INFO | iter is 7000 / 10000 [skipped    0] | loc. loss = 0.40045642852783203 , classif. loss = 0.00692082941532135  (2025-09-21_14-37-29)
2025-09-21 14:37:51,202 | INFO | iter is 7050 / 10000 [skipped    0] | loc. loss = 0.3057185411453247  , classif. loss = 0.0005224780179560184 (2025-09-21_14-37-51)
2025-09-21 14:38:12,866 | INFO | iter is 7100 / 10000 [skipped    0] | loc. loss = 0.19511465728282928 , classif. loss = 0.00046666100388392806 (2025-09-21_14-38-12)
2025-09-21 14:38:34,561 | INFO | iter is 7150 / 10000 [skipped    0] | loc. loss = 0.23426631093025208 , classif. loss = 0.00020260503515601158 (2025-09-21_14-38-34)
2025-09-21 14:38:56,154 | INFO | iter is 7200 / 10000 [skipped    0] | loc. loss = 0.3164970576763153  , classif. loss = 0.017717596143484116 (2025-09-21_14-38-56)
2025-09-21 14:39:17,782 | INFO | iter is 7250 / 10000 [skipped    0] | loc. loss = 0.17555436491966248 , classif. loss = 0.437339723110199    (2025-09-21_14-39-17)
2025-09-21 14:39:39,467 | INFO | iter is 7300 / 10000 [skipped    0] | loc. loss = 0.27532389760017395 , classif. loss = 0.0012787121813744307 (2025-09-21_14-39-39)
2025-09-21 14:40:01,081 | INFO | iter is 7350 / 10000 [skipped    0] | loc. loss = 0.3026573657989502  , classif. loss = 0.004622685723006725 (2025-09-21_14-40-01)
2025-09-21 14:40:22,720 | INFO | iter is 7400 / 10000 [skipped    0] | loc. loss = 0.18185150623321533 , classif. loss = 0.0007368903607130051 (2025-09-21_14-40-22)
2025-09-21 14:40:44,394 | INFO | iter is 7450 / 10000 [skipped    0] | loc. loss = 0.14673613011837006 , classif. loss = 0.004641624633222818 (2025-09-21_14-40-44)
2025-09-21 14:41:06,114 | INFO | iter is 7500 / 10000 [skipped    0] | loc. loss = 0.2180042564868927  , classif. loss = 0.024394631385803223 (2025-09-21_14-41-06)
2025-09-21 14:41:06,115 | INFO | ---------starting evaluation-----------
2025-09-21 14:41:06,395 | INFO | validation:    0/ 140 (2025-09-21_14-41-06)
2025-09-21 14:41:53,755 | INFO | validation:  100/ 140 (2025-09-21_14-41-53)
2025-09-21 14:42:12,694 | INFO | lofF1 is 0.8359870160383598, clfF1 is 0.0, oaF1 is 0.25079610481150794, sub class F1 score is [0.99664045 0.         0.24329688 0.70803568]
2025-09-21 14:42:34,570 | INFO | iter is 7550 / 10000 [skipped    0] | loc. loss = 0.2457132339477539  , classif. loss = 0.0001259391283383593 (2025-09-21_14-42-34)
2025-09-21 14:42:56,272 | INFO | iter is 7600 / 10000 [skipped    0] | loc. loss = 0.27189117670059204 , classif. loss = 0.0005526919849216938 (2025-09-21_14-42-56)
2025-09-21 14:43:17,883 | INFO | iter is 7650 / 10000 [skipped    0] | loc. loss = 0.26348984241485596 , classif. loss = 0.0016061721835285425 (2025-09-21_14-43-17)
2025-09-21 14:43:39,554 | INFO | iter is 7700 / 10000 [skipped    0] | loc. loss = 0.24540211260318756 , classif. loss = 0.00044677950791083276 (2025-09-21_14-43-39)
2025-09-21 14:44:01,173 | INFO | iter is 7750 / 10000 [skipped    0] | loc. loss = 0.4117977023124695  , classif. loss = 0.5532500147819519   (2025-09-21_14-44-01)
2025-09-21 14:44:22,827 | INFO | iter is 7800 / 10000 [skipped    0] | loc. loss = 0.1870676577091217  , classif. loss = 0.0024084208998829126 (2025-09-21_14-44-22)
2025-09-21 14:44:44,475 | INFO | iter is 7850 / 10000 [skipped    0] | loc. loss = 0.2882537245750427  , classif. loss = 0.08746977150440216  (2025-09-21_14-44-44)
2025-09-21 14:45:06,095 | INFO | iter is 7900 / 10000 [skipped    0] | loc. loss = 0.26733699440956116 , classif. loss = 0.0011481225956231356 (2025-09-21_14-45-06)
2025-09-21 14:45:27,790 | INFO | iter is 7950 / 10000 [skipped    0] | loc. loss = 0.29818853735923767 , classif. loss = 0.4490581154823303   (2025-09-21_14-45-27)
2025-09-21 14:45:49,436 | INFO | iter is 8000 / 10000 [skipped    0] | loc. loss = 0.2130817025899887  , classif. loss = 0.0013608633307740092 (2025-09-21_14-45-49)
2025-09-21 14:46:11,164 | INFO | iter is 8050 / 10000 [skipped    0] | loc. loss = 0.252727210521698   , classif. loss = 0.037727177143096924 (2025-09-21_14-46-11)
2025-09-21 14:46:32,841 | INFO | iter is 8100 / 10000 [skipped    0] | loc. loss = 0.2262873500585556  , classif. loss = 0.00080466503277421  (2025-09-21_14-46-32)
2025-09-21 14:46:54,516 | INFO | iter is 8150 / 10000 [skipped    0] | loc. loss = 0.20116795599460602 , classif. loss = 0.0006635261815972626 (2025-09-21_14-46-54)
2025-09-21 14:47:16,125 | INFO | iter is 8200 / 10000 [skipped    0] | loc. loss = 0.264568030834198   , classif. loss = 0.0016491131391376257 (2025-09-21_14-47-16)
2025-09-21 14:47:37,743 | INFO | iter is 8250 / 10000 [skipped    0] | loc. loss = 0.2623305320739746  , classif. loss = 0.004671088419854641 (2025-09-21_14-47-37)
2025-09-21 14:47:59,369 | INFO | iter is 8300 / 10000 [skipped    0] | loc. loss = 0.23063689470291138 , classif. loss = 0.0003185968962498009 (2025-09-21_14-47-59)
2025-09-21 14:48:21,014 | INFO | iter is 8350 / 10000 [skipped    0] | loc. loss = 0.16259746253490448 , classif. loss = 0.002202666364610195 (2025-09-21_14-48-21)
2025-09-21 14:48:42,715 | INFO | iter is 8400 / 10000 [skipped    0] | loc. loss = 0.2293190360069275  , classif. loss = 4.1885723476298153e-05 (2025-09-21_14-48-42)
2025-09-21 14:49:04,334 | INFO | iter is 8450 / 10000 [skipped    0] | loc. loss = 0.30830109119415283 , classif. loss = 0.0019730105996131897 (2025-09-21_14-49-04)
2025-09-21 14:49:26,005 | INFO | iter is 8500 / 10000 [skipped    0] | loc. loss = 0.23127715289592743 , classif. loss = 0.011656691320240498 (2025-09-21_14-49-26)
2025-09-21 14:49:47,661 | INFO | iter is 8550 / 10000 [skipped    0] | loc. loss = 0.20141641795635223 , classif. loss = 6.142511119833216e-05 (2025-09-21_14-49-47)
2025-09-21 14:50:09,321 | INFO | iter is 8600 / 10000 [skipped    0] | loc. loss = 0.24549025297164917 , classif. loss = 0.012023735791444778 (2025-09-21_14-50-09)
2025-09-21 14:50:30,918 | INFO | iter is 8650 / 10000 [skipped    0] | loc. loss = 0.17925970256328583 , classif. loss = 0.00015555211575701833 (2025-09-21_14-50-30)
2025-09-21 14:50:52,521 | INFO | iter is 8700 / 10000 [skipped    0] | loc. loss = 0.3500744700431824  , classif. loss = 0.00890900008380413  (2025-09-21_14-50-52)
2025-09-21 14:51:14,187 | INFO | iter is 8750 / 10000 [skipped    0] | loc. loss = 0.18392790853977203 , classif. loss = 0.003983981907367706 (2025-09-21_14-51-14)
2025-09-21 14:51:14,188 | INFO | ---------starting evaluation-----------
2025-09-21 14:51:14,463 | INFO | validation:    0/ 140 (2025-09-21_14-51-14)
2025-09-21 14:52:01,645 | INFO | validation:  100/ 140 (2025-09-21_14-52-01)
2025-09-21 14:52:20,504 | INFO | lofF1 is 0.8390295638449053, clfF1 is 0.0, oaF1 is 0.25170886915347157, sub class F1 score is [0.99686538 0.         0.33550808 0.72385018]
2025-09-21 14:52:42,383 | INFO | iter is 8800 / 10000 [skipped    0] | loc. loss = 0.28917258977890015 , classif. loss = 0.002535911276936531 (2025-09-21_14-52-42)
2025-09-21 14:53:04,036 | INFO | iter is 8850 / 10000 [skipped    0] | loc. loss = 0.2395845502614975  , classif. loss = 0.0010330092627555132 (2025-09-21_14-53-04)
2025-09-21 14:53:25,676 | INFO | iter is 8900 / 10000 [skipped    0] | loc. loss = 0.19163739681243896 , classif. loss = 0.00037660307134501636 (2025-09-21_14-53-25)
2025-09-21 14:53:47,318 | INFO | iter is 8950 / 10000 [skipped    0] | loc. loss = 0.23391477763652802 , classif. loss = 0.0022140108048915863 (2025-09-21_14-53-47)
2025-09-21 14:54:08,923 | INFO | iter is 9000 / 10000 [skipped    0] | loc. loss = 0.21716536581516266 , classif. loss = 0.00034498434979468584 (2025-09-21_14-54-08)
2025-09-21 14:54:30,529 | INFO | iter is 9050 / 10000 [skipped    0] | loc. loss = 0.23610250651836395 , classif. loss = 0.19089922308921814  (2025-09-21_14-54-30)
2025-09-21 14:54:52,095 | INFO | iter is 9100 / 10000 [skipped    0] | loc. loss = 0.3697892129421234  , classif. loss = 0.0011781957000494003 (2025-09-21_14-54-52)
2025-09-21 14:55:13,742 | INFO | iter is 9150 / 10000 [skipped    0] | loc. loss = 0.24727685749530792 , classif. loss = 0.0001784137130016461 (2025-09-21_14-55-13)
2025-09-21 14:55:35,442 | INFO | iter is 9200 / 10000 [skipped    0] | loc. loss = 0.482883095741272   , classif. loss = 0.0016089490382000804 (2025-09-21_14-55-35)
2025-09-21 14:55:57,078 | INFO | iter is 9250 / 10000 [skipped    0] | loc. loss = 0.3469730019569397  , classif. loss = 0.32343795895576477  (2025-09-21_14-55-57)
2025-09-21 14:56:18,784 | INFO | iter is 9300 / 10000 [skipped    0] | loc. loss = 0.2410934567451477  , classif. loss = 0.0006684036925435066 (2025-09-21_14-56-18)
2025-09-21 14:56:40,395 | INFO | iter is 9350 / 10000 [skipped    0] | loc. loss = 0.2854769229888916  , classif. loss = 0.017486566677689552 (2025-09-21_14-56-40)
2025-09-21 14:57:02,087 | INFO | iter is 9400 / 10000 [skipped    0] | loc. loss = 0.1521228402853012  , classif. loss = 0.00017468234000261873 (2025-09-21_14-57-02)
2025-09-21 14:57:23,647 | INFO | iter is 9450 / 10000 [skipped    0] | loc. loss = 0.2729354202747345  , classif. loss = 0.0006060336600057781 (2025-09-21_14-57-23)
2025-09-21 14:57:45,278 | INFO | iter is 9500 / 10000 [skipped    0] | loc. loss = 0.23366956412792206 , classif. loss = 0.0008961161365732551 (2025-09-21_14-57-45)
2025-09-21 14:58:06,957 | INFO | iter is 9550 / 10000 [skipped    0] | loc. loss = 0.3241780400276184  , classif. loss = 0.0008458674419671297 (2025-09-21_14-58-06)
2025-09-21 14:58:28,634 | INFO | iter is 9600 / 10000 [skipped    0] | loc. loss = 0.32210323214530945 , classif. loss = 0.004097610712051392 (2025-09-21_14-58-28)
2025-09-21 14:58:50,285 | INFO | iter is 9650 / 10000 [skipped    0] | loc. loss = 0.20532210171222687 , classif. loss = 0.0007825975771993399 (2025-09-21_14-58-50)
2025-09-21 14:59:11,975 | INFO | iter is 9700 / 10000 [skipped    0] | loc. loss = 0.24809201061725616 , classif. loss = 0.0002628495858516544 (2025-09-21_14-59-11)
2025-09-21 14:59:33,664 | INFO | iter is 9750 / 10000 [skipped    0] | loc. loss = 0.25887390971183777 , classif. loss = 0.0009550037211738527 (2025-09-21_14-59-33)
2025-09-21 14:59:55,327 | INFO | iter is 9800 / 10000 [skipped    0] | loc. loss = 0.34771084785461426 , classif. loss = 0.0005416685598902404 (2025-09-21_14-59-55)
2025-09-21 15:00:16,924 | INFO | iter is 9850 / 10000 [skipped    0] | loc. loss = 0.32583582401275635 , classif. loss = 0.08380281925201416  (2025-09-21_15-00-16)
2025-09-21 15:00:38,569 | INFO | iter is 9900 / 10000 [skipped    0] | loc. loss = 0.35838133096694946 , classif. loss = 0.0016122391680255532 (2025-09-21_15-00-38)
2025-09-21 15:01:00,247 | INFO | iter is 9950 / 10000 [skipped    0] | loc. loss = 0.16460983455181122 , classif. loss = 0.007327646017074585 (2025-09-21_15-01-00)
2025-09-21 15:01:21,697 | INFO | iter is 10000 / 10000 [skipped    0] | loc. loss = 0.16276967525482178 , classif. loss = 0.0010480787605047226 (2025-09-21_15-01-21)
2025-09-21 15:01:21,699 | INFO | ---------starting evaluation-----------
2025-09-21 15:01:21,974 | INFO | validation:    0/ 140 (2025-09-21_15-01-21)
2025-09-21 15:02:09,436 | INFO | validation:  100/ 140 (2025-09-21_15-02-09)
2025-09-21 15:02:28,406 | INFO | lofF1 is 0.8348435317201358, clfF1 is 0.0, oaF1 is 0.25045305951604074, sub class F1 score is [9.95873826e-01 0.00000000e+00 1.66039778e-04 6.25655365e-01]
2025-09-21 15:02:28,410 | INFO | -----------Training is completed-----------
2025-09-21 15:02:28,410 | INFO | !! Total Skipped: 0 (0.00%)
2025-09-21 15:02:28,412 | INFO | ---------starting evaluation-----------
2025-09-21 15:02:28,568 | INFO | validation:    0/ 140 (2025-09-21_15-02-28)
2025-09-21 15:03:16,011 | INFO | validation:  100/ 140 (2025-09-21_15-03-16)
2025-09-21 15:03:35,026 | INFO | lofF1 is 0.8348435317201358, clfF1 is 0.0, oaF1 is 0.25045305951604074, sub class F1 score is [9.95873826e-01 0.00000000e+00 1.66039778e-04 6.25655365e-01]
2025-09-21 15:03:35,028 | INFO | loc_f1_score=np.float64(0.8348435317201358), harmonic_mean_f1=np.float64(0.0), oaf1=np.float64(0.25045305951604074), damage_f1_score=array([9.95873826e-01, 0.00000000e+00, 1.66039778e-04, 6.25655365e-01])
2025-09-21 15:03:35,029 | INFO | Validation Results:
2025-09-21 15:03:35,030 | INFO | Step  1250: (np.float64(0.825201886211524), np.float64(0.0), np.float64(0.2475605658634572), array([0.99600347, 0.        , 0.01612367, 0.66596399]))
2025-09-21 15:03:35,030 | INFO | Step  2500: (np.float64(0.8297921181256332), np.float64(0.0), np.float64(0.24893763543768996), array([0.99628723, 0.        , 0.02671065, 0.69300289]))
2025-09-21 15:03:35,030 | INFO | Step  3750: (np.float64(0.8345595352474405), np.float64(0.0), np.float64(0.25036786057423216), array([0.99659915, 0.        , 0.09919027, 0.70829017]))
2025-09-21 15:03:35,030 | INFO | Step  5000: (np.float64(0.834298583541646), np.float64(0.0), np.float64(0.2502895750624938), array([0.99679194, 0.        , 0.01381984, 0.75087547]))
2025-09-21 15:03:35,030 | INFO | Step  6250: (np.float64(0.8336701322994323), np.float64(0.0), np.float64(0.25010103968982966), array([0.99653606, 0.        , 0.02955912, 0.72592113]))
2025-09-21 15:03:35,030 | INFO | Step  7500: (np.float64(0.8359870160383598), np.float64(0.0), np.float64(0.25079610481150794), array([0.99664045, 0.        , 0.24329688, 0.70803568]))
2025-09-21 15:03:35,030 | INFO | Step  8750: (np.float64(0.8390295638449053), np.float64(0.0), np.float64(0.25170886915347157), array([0.99686538, 0.        , 0.33550808, 0.72385018]))
2025-09-21 15:03:35,030 | INFO | Step 10000: (np.float64(0.8348435317201358), np.float64(0.0), np.float64(0.25045305951604074), array([9.95873826e-01, 0.00000000e+00, 1.66039778e-04, 6.25655365e-01]))
2025-09-21 15:03:35,030 | INFO | Step    -1: (np.float64(0.8348435317201358), np.float64(0.0), np.float64(0.25045305951604074), array([9.95873826e-01, 0.00000000e+00, 1.66039778e-04, 6.25655365e-01]))
2025-09-21 15:03:35,030 | INFO | The accuracy of the best round is: [np.float64(0.8390295638449053), np.float64(0.0), np.float64(0.25170886915347157), array([0.99686538, 0.        , 0.33550808, 0.72385018])]
2025-09-21 15:03:35,052 | INFO | MAIN - DONE.
2025-09-21 15:03:35,052 | INFO | MAIN - EXIT.
