=> merge config from /storage/alperengenc/change_detection/ChangeMamba_AG/changedetection/configs/vssm1/vssm_base_224.yaml
Successfully load ckpt /storage/alperengenc/change_detection/ChangeMamba_AG/pretrained_weight/vssm_base_0229_ckpt_epoch_237.pth
_IncompatibleKeys(missing_keys=['outnorm0.weight', 'outnorm0.bias', 'outnorm1.weight', 'outnorm1.bias', 'outnorm2.weight', 'outnorm2.bias', 'outnorm3.weight', 'outnorm3.bias'], unexpected_keys=['classifier.norm.weight', 'classifier.norm.bias', 'classifier.head.weight', 'classifier.head.bias'])
False
---------starting training-----------
iter is 50, loc. loss = 0.6558986902236938  , classif. loss = 5.329060077667236    (2025-09-11_15-57-13)
iter is 100, loc. loss = 0.5100520849227905  , classif. loss = 0.2144746482372284   (2025-09-11_15-57-26)
iter is 200, loc. loss = 0.5389255881309509  , classif. loss = 0.9152014851570129   (2025-09-11_15-57-54)
iter is 250, loc. loss = 0.4604255259037018  , classif. loss = 0.5018448829650879   (2025-09-11_15-58-08)
iter is 300, loc. loss = 0.37550634145736694 , classif. loss = 3.0771067142486572   (2025-09-11_15-58-22)
iter is 350, loc. loss = 0.49118971824645996 , classif. loss = 0.4474446177482605   (2025-09-11_15-58-35)
iter is 400, loc. loss = 0.37000513076782227 , classif. loss = 0.18155041337013245  (2025-09-11_15-58-46)
iter is 450, loc. loss = 0.3904750943183899  , classif. loss = 4.749045372009277    (2025-09-11_15-58-57)
iter is 500, loc. loss = 0.5786392688751221  , classif. loss = 0.5586641430854797   (2025-09-11_15-59-09)
iter is 550, loc. loss = 0.41296273469924927 , classif. loss = 0.24692991375923157  (2025-09-11_15-59-23)
iter is 600, loc. loss = 0.3308635354042053  , classif. loss = 0.6083431243896484   (2025-09-11_15-59-35)
iter is 650, loc. loss = 0.449715256690979   , classif. loss = 1.494795799255371    (2025-09-11_15-59-48)
iter is 700, loc. loss = 0.4196249842643738  , classif. loss = 2.4339141845703125   (2025-09-11_16-00-00)
iter is 800, loc. loss = 0.33633744716644287 , classif. loss = 1.3290443420410156   (2025-09-11_16-00-21)
iter is 850, loc. loss = 0.41241782903671265 , classif. loss = 1.5096709728240967   (2025-09-11_16-00-33)
iter is 900, loc. loss = 0.37302711606025696 , classif. loss = 0.8965548276901245   (2025-09-11_16-00-45)
iter is 1000, loc. loss = 0.4870901107788086  , classif. loss = 1.201310157775879    (2025-09-11_16-01-07)
iter is 1050, loc. loss = 0.4112941026687622  , classif. loss = 0.6024261116981506   (2025-09-11_16-01-18)
iter is 1100, loc. loss = 0.40682128071784973 , classif. loss = 0.3512621223926544   (2025-09-11_16-01-29)
iter is 1150, loc. loss = 0.3377571105957031  , classif. loss = 0.8899622559547424   (2025-09-11_16-01-40)
iter is 1200, loc. loss = 0.3602418303489685  , classif. loss = 0.23643247783184052  (2025-09-11_16-01-51)
iter is 1250, loc. loss = 0.6078126430511475  , classif. loss = 2.4054999351501465   (2025-09-11_16-02-01)
iter is 1350, loc. loss = 0.20763874053955078 , classif. loss = 0.6762834191322327   (2025-09-11_16-02-23)
iter is 1400, loc. loss = 0.276297390460968   , classif. loss = 1.697223424911499    (2025-09-11_16-02-34)
iter is 1500, loc. loss = 0.21476104855537415 , classif. loss = 0.1895143985748291   (2025-09-11_16-02-56)
iter is 1550, loc. loss = 0.4731772840023041  , classif. loss = 2.0319275856018066   (2025-09-11_16-03-07)
iter is 1600, loc. loss = 0.29698446393013    , classif. loss = 0.4677947461605072   (2025-09-11_16-03-19)
iter is 1650, loc. loss = 0.3348587155342102  , classif. loss = 0.4133658707141876   (2025-09-11_16-03-29)
iter is 1750, loc. loss = 0.3329187035560608  , classif. loss = 1.9373278617858887   (2025-09-11_16-03-50)
iter is 1850, loc. loss = 0.39493414759635925 , classif. loss = 0.03397595137357712  (2025-09-11_16-04-11)
iter is 2050, loc. loss = 0.23501433432102203 , classif. loss = 0.34033656120300293  (2025-09-11_16-04-53)
iter is 2100, loc. loss = 0.32383042573928833 , classif. loss = 0.8513256311416626   (2025-09-11_16-05-05)
iter is 2200, loc. loss = 0.5212066173553467  , classif. loss = 0.5016428232192993   (2025-09-11_16-05-28)
iter is 2250, loc. loss = 0.2574763298034668  , classif. loss = 1.2069021463394165   (2025-09-11_16-05-37)
iter is 2350, loc. loss = 0.4214404821395874  , classif. loss = 1.0823715925216675   (2025-09-11_16-05-58)
iter is 2450, loc. loss = 0.25226712226867676 , classif. loss = 0.21273142099380493  (2025-09-11_16-06-19)
iter is 2550, loc. loss = 0.4172900915145874  , classif. loss = 0.9608523845672607   (2025-09-11_16-06-41)
iter is 2650, loc. loss = 0.40449613332748413 , classif. loss = 1.4708833694458008   (2025-09-11_16-07-01)
iter is 2700, loc. loss = 0.25846630334854126 , classif. loss = 0.5139220356941223   (2025-09-11_16-07-11)
iter is 2750, loc. loss = 0.23449169099330902 , classif. loss = 0.197715163230896    (2025-09-11_16-07-22)
iter is 2800, loc. loss = 0.21144098043441772 , classif. loss = 0.08536729216575623  (2025-09-11_16-07-33)
iter is 2850, loc. loss = 0.3233211040496826  , classif. loss = 0.8363875150680542   (2025-09-11_16-07-43)
iter is 2900, loc. loss = 0.2596380114555359  , classif. loss = 0.39131051301956177  (2025-09-11_16-07-54)
iter is 2950, loc. loss = 0.2455900013446808  , classif. loss = 3.0202901363372803   (2025-09-11_16-08-06)
iter is 3000, loc. loss = 0.3951737582683563  , classif. loss = 0.9061485528945923   (2025-09-11_16-08-17)
iter is 3050, loc. loss = 0.242196187376976   , classif. loss = 0.2899964451789856   (2025-09-11_16-08-27)
iter is 3150, loc. loss = 0.35626405477523804 , classif. loss = 0.15990641713142395  (2025-09-11_16-08-47)
iter is 3200, loc. loss = 0.2296142429113388  , classif. loss = 2.166067123413086    (2025-09-11_16-08-58)
iter is 3250, loc. loss = 0.24277818202972412 , classif. loss = 0.05594813451170921  (2025-09-11_16-09-08)
iter is 3300, loc. loss = 0.301198810338974   , classif. loss = 0.5228952169418335   (2025-09-11_16-09-18)
iter is 3350, loc. loss = 0.22881849110126495 , classif. loss = 0.4284268021583557   (2025-09-11_16-09-29)
iter is 3400, loc. loss = 0.33117052912712097 , classif. loss = 2.2160804271698      (2025-09-11_16-09-40)
iter is 3450, loc. loss = 0.41137391328811646 , classif. loss = 0.9277033805847168   (2025-09-11_16-09-51)
iter is 3500, loc. loss = 0.24513840675354004 , classif. loss = 0.5944445133209229   (2025-09-11_16-10-02)
iter is 3550, loc. loss = 0.4986811876296997  , classif. loss = 0.24630817770957947  (2025-09-11_16-10-13)
iter is 3600, loc. loss = 0.3070916533470154  , classif. loss = 0.8187966346740723   (2025-09-11_16-10-25)
iter is 3650, loc. loss = 0.19838093221187592 , classif. loss = 1.0992448329925537   (2025-09-11_16-10-35)
iter is 3700, loc. loss = 0.35619598627090454 , classif. loss = 1.9039225578308105   (2025-09-11_16-10-45)
iter is 3800, loc. loss = 0.28190022706985474 , classif. loss = 0.3649168014526367   (2025-09-11_16-11-07)
iter is 3850, loc. loss = 0.16764409840106964 , classif. loss = 0.3971044719219208   (2025-09-11_16-11-17)
iter is 3900, loc. loss = 0.22299419343471527 , classif. loss = 2.7482900619506836   (2025-09-11_16-11-29)
iter is 3950, loc. loss = 0.21241889894008636 , classif. loss = 1.7960869073867798   (2025-09-11_16-11-40)
iter is 4050, loc. loss = 0.4355657398700714  , classif. loss = 1.075782299041748    (2025-09-11_16-11-59)
iter is 4100, loc. loss = 0.31308382749557495 , classif. loss = 0.3139103949069977   (2025-09-11_16-12-10)
iter is 4150, loc. loss = 0.3141859769821167  , classif. loss = 1.9202243089675903   (2025-09-11_16-12-21)
iter is 4200, loc. loss = 0.3169911503791809  , classif. loss = 5.15251350402832     (2025-09-11_16-12-31)
iter is 4250, loc. loss = 0.15986481308937073 , classif. loss = 0.5942414402961731   (2025-09-11_16-12-42)
iter is 4300, loc. loss = 0.21494904160499573 , classif. loss = 1.1612316370010376   (2025-09-11_16-12-52)
iter is 4400, loc. loss = 0.19504064321517944 , classif. loss = 0.9612215161323547   (2025-09-11_16-13-12)
iter is 4450, loc. loss = 0.2921062111854553  , classif. loss = 0.24285627901554108  (2025-09-11_16-13-22)
iter is 4500, loc. loss = 0.4107823371887207  , classif. loss = 5.121394634246826    (2025-09-11_16-13-32)
iter is 4550, loc. loss = 0.40386849641799927 , classif. loss = 4.923478603363037    (2025-09-11_16-13-44)
iter is 4600, loc. loss = 0.2203817069530487  , classif. loss = 3.63120698928833     (2025-09-11_16-13-55)
iter is 4650, loc. loss = 0.45790165662765503 , classif. loss = 0.47077372670173645  (2025-09-11_16-14-06)
iter is 4700, loc. loss = 0.25552940368652344 , classif. loss = 5.027744770050049    (2025-09-11_16-14-17)
iter is 4750, loc. loss = 0.26688745617866516 , classif. loss = 0.00523062190040946  (2025-09-11_16-14-27)
iter is 4800, loc. loss = 0.3205954134464264  , classif. loss = 0.039679065346717834 (2025-09-11_16-14-38)
iter is 4850, loc. loss = 0.4456433355808258  , classif. loss = 0.3102446496486664   (2025-09-11_16-14-49)
iter is 4900, loc. loss = 0.1850915253162384  , classif. loss = 0.8663901090621948   (2025-09-11_16-15-00)
iter is 5050, loc. loss = 0.2762070894241333  , classif. loss = 3.9417834281921387   (2025-09-11_16-15-34)
iter is 5100, loc. loss = 0.3657029867172241  , classif. loss = 0.4216088056564331   (2025-09-11_16-15-45)
iter is 5150, loc. loss = 0.30686143040657043 , classif. loss = 1.7501648664474487   (2025-09-11_16-15-56)
iter is 5250, loc. loss = 0.2818753123283386  , classif. loss = 1.8724169731140137   (2025-09-11_16-16-16)
iter is 5350, loc. loss = 0.2662948966026306  , classif. loss = 1.091313362121582    (2025-09-11_16-16-38)
iter is 5400, loc. loss = 0.38215166330337524 , classif. loss = 0.09785044193267822  (2025-09-11_16-16-50)
iter is 5450, loc. loss = 0.26182907819747925 , classif. loss = 2.7808761596679688   (2025-09-11_16-17-01)
iter is 5500, loc. loss = 0.28744059801101685 , classif. loss = 0.12751887738704681  (2025-09-11_16-17-12)
iter is 5550, loc. loss = 0.21262957155704498 , classif. loss = 0.07969847321510315  (2025-09-11_16-17-21)
iter is 5600, loc. loss = 0.5030844211578369  , classif. loss = 1.325345754623413    (2025-09-11_16-17-33)
iter is 5650, loc. loss = 0.1951068937778473  , classif. loss = 0.09459255635738373  (2025-09-11_16-17-44)
iter is 5700, loc. loss = 0.9371098875999451  , classif. loss = 0.19435259699821472  (2025-09-11_16-17-53)
iter is 5800, loc. loss = 0.33940812945365906 , classif. loss = 0.6670898199081421   (2025-09-11_16-18-14)
iter is 5850, loc. loss = 0.2085813581943512  , classif. loss = 2.4607410430908203   (2025-09-11_16-18-24)
iter is 5900, loc. loss = 0.23608636856079102 , classif. loss = 0.09909044206142426  (2025-09-11_16-18-35)
iter is 6000, loc. loss = 0.21813823282718658 , classif. loss = 0.07170961797237396  (2025-09-11_16-18-57)
iter is 6050, loc. loss = 0.2988036274909973  , classif. loss = 1.2683080434799194   (2025-09-11_16-19-08)
iter is 6100, loc. loss = 0.2348780333995819  , classif. loss = 0.6960359811782837   (2025-09-11_16-19-18)
iter is 6150, loc. loss = 0.33661049604415894 , classif. loss = 0.968447208404541    (2025-09-11_16-19-30)
iter is 6200, loc. loss = 0.39583155512809753 , classif. loss = 1.1789202690124512   (2025-09-11_16-19-41)
iter is 6300, loc. loss = 0.5608524084091187  , classif. loss = 0.24153661727905273  (2025-09-11_16-20-04)
iter is 6400, loc. loss = 0.2776995003223419  , classif. loss = 1.5055420398712158   (2025-09-11_16-20-25)
iter is 6450, loc. loss = 0.20716875791549683 , classif. loss = 1.0489460229873657   (2025-09-11_16-20-36)
iter is 6500, loc. loss = 0.13572996854782104 , classif. loss = 0.019082970917224884 (2025-09-11_16-20-47)
iter is 6550, loc. loss = 0.28372615575790405 , classif. loss = 0.5713154673576355   (2025-09-11_16-20-57)
iter is 6600, loc. loss = 0.4958229064941406  , classif. loss = 1.0749435424804688   (2025-09-11_16-21-07)
iter is 6650, loc. loss = 0.28203466534614563 , classif. loss = 0.22626300156116486  (2025-09-11_16-21-18)
iter is 6750, loc. loss = 0.2578504979610443  , classif. loss = 0.5882223844528198   (2025-09-11_16-21-40)
iter is 6800, loc. loss = 0.26494866609573364 , classif. loss = 1.0086172819137573   (2025-09-11_16-21-51)
iter is 6900, loc. loss = 0.29491522908210754 , classif. loss = 0.5923781394958496   (2025-09-11_16-22-15)
iter is 6950, loc. loss = 0.1754622757434845  , classif. loss = 0.5447919368743896   (2025-09-11_16-22-26)
iter is 7000, loc. loss = 0.19021384418010712 , classif. loss = 0.021578704938292503 (2025-09-11_16-22-35)
iter is 7050, loc. loss = 0.3302319645881653  , classif. loss = 0.8168231248855591   (2025-09-11_16-22-46)
iter is 7100, loc. loss = 0.3173295855522156  , classif. loss = 0.3744288682937622   (2025-09-11_16-22-57)
iter is 7150, loc. loss = 0.2313956618309021  , classif. loss = 0.5690273642539978   (2025-09-11_16-23-06)
iter is 7200, loc. loss = 0.204509899020195   , classif. loss = 1.3502150774002075   (2025-09-11_16-23-15)
iter is 7250, loc. loss = 0.23984456062316895 , classif. loss = 0.15097010135650635  (2025-09-11_16-23-26)
iter is 7400, loc. loss = 0.27110934257507324 , classif. loss = 0.30105307698249817  (2025-09-11_16-23-58)
iter is 7550, loc. loss = 0.2416246384382248  , classif. loss = 0.04384275898337364  (2025-09-11_16-24-29)
iter is 7650, loc. loss = 0.34697797894477844 , classif. loss = 0.9358161687850952   (2025-09-11_16-24-49)
iter is 7700, loc. loss = 0.12102369964122772 , classif. loss = 0.0030485806055366993 (2025-09-11_16-25-01)
iter is 7750, loc. loss = 0.2626078128814697  , classif. loss = 1.1267411708831787   (2025-09-11_16-25-13)
iter is 7800, loc. loss = 0.3411894738674164  , classif. loss = 0.16222961246967316  (2025-09-11_16-25-23)
iter is 7850, loc. loss = 0.3728531002998352  , classif. loss = 0.8199260234832764   (2025-09-11_16-25-33)
iter is 7950, loc. loss = 0.28209584951400757 , classif. loss = 2.2421979904174805   (2025-09-11_16-25-55)
iter is 8050, loc. loss = 0.24133014678955078 , classif. loss = 0.5760996341705322   (2025-09-11_16-26-17)
iter is 8100, loc. loss = 0.16734792292118073 , classif. loss = 0.14415422081947327  (2025-09-11_16-26-28)
iter is 8150, loc. loss = 0.3307498097419739  , classif. loss = 2.357046365737915    (2025-09-11_16-26-39)
iter is 8200, loc. loss = 0.4637070298194885  , classif. loss = 1.7337379455566406   (2025-09-11_16-26-51)
iter is 8250, loc. loss = 0.42567646503448486 , classif. loss = 0.22398079931735992  (2025-09-11_16-27-02)
iter is 8300, loc. loss = 0.25862783193588257 , classif. loss = 0.08955495059490204  (2025-09-11_16-27-13)
iter is 8400, loc. loss = 0.19824030995368958 , classif. loss = 2.0351524353027344   (2025-09-11_16-27-34)
iter is 8450, loc. loss = 0.225454181432724   , classif. loss = 1.0607917308807373   (2025-09-11_16-27-43)
iter is 8500, loc. loss = 0.27689117193222046 , classif. loss = 1.3663040399551392   (2025-09-11_16-27-54)
iter is 8550, loc. loss = 0.3189423680305481  , classif. loss = 0.5613487958908081   (2025-09-11_16-28-06)
iter is 8650, loc. loss = 0.4360159635543823  , classif. loss = 4.779299259185791    (2025-09-11_16-28-28)
iter is 8750, loc. loss = 0.36533844470977783 , classif. loss = 1.0308247804641724   (2025-09-11_16-28-51)
iter is 8800, loc. loss = 0.5006048083305359  , classif. loss = 4.669563293457031    (2025-09-11_16-29-01)
iter is 8950, loc. loss = 0.18789508938789368 , classif. loss = 1.3000863790512085   (2025-09-11_16-29-33)
iter is 9100, loc. loss = 0.42348551750183105 , classif. loss = 1.0628629922866821   (2025-09-11_16-30-06)
iter is 9150, loc. loss = 0.35380613803863525 , classif. loss = 0.5127533674240112   (2025-09-11_16-30-17)
iter is 9200, loc. loss = 0.19446437060832977 , classif. loss = 1.3509669303894043   (2025-09-11_16-30-29)
iter is 9250, loc. loss = 0.2526014447212219  , classif. loss = 0.5505002737045288   (2025-09-11_16-30-41)
iter is 9350, loc. loss = 0.2759513854980469  , classif. loss = 1.847633957862854    (2025-09-11_16-31-02)
iter is 9400, loc. loss = 0.17789316177368164 , classif. loss = 0.6552891135215759   (2025-09-11_16-31-12)
iter is 9500, loc. loss = 0.2646797299385071  , classif. loss = 3.733827590942383    (2025-09-11_16-31-34)
iter is 9600, loc. loss = 0.3296303451061249  , classif. loss = 0.7053847312927246   (2025-09-11_16-31-53)
iter is 9650, loc. loss = 0.27869942784309387 , classif. loss = 0.31206297874450684  (2025-09-11_16-32-04)
iter is 9700, loc. loss = 0.2325553297996521  , classif. loss = 1.3123468160629272   (2025-09-11_16-32-15)
iter is 9750, loc. loss = 0.18046444654464722 , classif. loss = 1.1580615043640137   (2025-09-11_16-32-26)
iter is 9900, loc. loss = 0.35708558559417725 , classif. loss = 1.814538598060608    (2025-09-11_16-32-55)
iter is 9950, loc. loss = 0.17076489329338074 , classif. loss = 0.2802013158798218   (2025-09-11_16-33-05)
iter is 10000, loc. loss = 0.29003825783729553 , classif. loss = 0.03701264411211014  (2025-09-11_16-33-16)
---------starting evaluation-----------
validation:    0/1866 (2025-09-11_16-33-17)
validation:  100/1866 (2025-09-11_16-34-01)
validation:  200/1866 (2025-09-11_16-34-44)
validation:  300/1866 (2025-09-11_16-35-28)
validation:  400/1866 (2025-09-11_16-36-13)
validation:  500/1866 (2025-09-11_16-36-57)
validation:  600/1866 (2025-09-11_16-37-41)
validation:  700/1866 (2025-09-11_16-38-25)
validation:  800/1866 (2025-09-11_16-39-09)
validation:  900/1866 (2025-09-11_16-39-53)
validation: 1000/1866 (2025-09-11_16-40-38)
validation: 1100/1866 (2025-09-11_16-41-22)
validation: 1200/1866 (2025-09-11_16-42-06)
validation: 1300/1866 (2025-09-11_16-42-51)
validation: 1400/1866 (2025-09-11_16-43-36)
validation: 1500/1866 (2025-09-11_16-44-20)
validation: 1600/1866 (2025-09-11_16-45-04)
validation: 1700/1866 (2025-09-11_16-45-49)
validation: 1800/1866 (2025-09-11_16-46-33)
lofF1 is 0.7384749515983815, clfF1 is 0.00462422318654976, oaF1 is 0.22477944171009928, sub class F1 score is [0.94590282 0.00116581 0.27002057 0.40323678]
iter is 10050, loc. loss = 0.19183628261089325 , classif. loss = 0.4876715838909149   (2025-09-11_16-47-14)
iter is 10100, loc. loss = 0.5373837947845459  , classif. loss = 0.5629630088806152   (2025-09-11_16-47-25)
iter is 10150, loc. loss = 0.4762870967388153  , classif. loss = 3.9259819984436035   (2025-09-11_16-47-40)
iter is 10250, loc. loss = 0.13732336461544037 , classif. loss = 0.8196160197257996   (2025-09-11_16-48-03)
iter is 10400, loc. loss = 0.3761194944381714  , classif. loss = 0.04111200571060181  (2025-09-11_16-48-36)
iter is 10550, loc. loss = 0.2517560124397278  , classif. loss = 0.49164918065071106  (2025-09-11_16-49-10)
iter is 10650, loc. loss = 0.15552209317684174 , classif. loss = 0.7478673458099365   (2025-09-11_16-49-33)
iter is 10700, loc. loss = 0.23225905001163483 , classif. loss = 2.272153377532959    (2025-09-11_16-49-43)
iter is 10750, loc. loss = 0.22039176523685455 , classif. loss = 0.014332329854369164 (2025-09-11_16-49-52)
iter is 10800, loc. loss = 0.2518520653247833  , classif. loss = 0.21566836535930634  (2025-09-11_16-50-04)
iter is 10850, loc. loss = 0.3049352765083313  , classif. loss = 0.14440251886844635  (2025-09-11_16-50-15)
iter is 10900, loc. loss = 0.1199527159333229  , classif. loss = 1.255927324295044    (2025-09-11_16-50-24)
iter is 10950, loc. loss = 0.2461383044719696  , classif. loss = 0.0073531451635062695 (2025-09-11_16-50-36)
iter is 11000, loc. loss = 0.17674553394317627 , classif. loss = 0.9720625281333923   (2025-09-11_16-50-45)
iter is 11050, loc. loss = 0.3521174192428589  , classif. loss = 2.2689647674560547   (2025-09-11_16-50-57)
iter is 11250, loc. loss = 0.10913693904876709 , classif. loss = 0.02319837175309658  (2025-09-11_16-51-42)
iter is 11400, loc. loss = 0.19557178020477295 , classif. loss = 0.9772630929946899   (2025-09-11_16-52-13)
iter is 11450, loc. loss = 0.26445722579956055 , classif. loss = 1.6483607292175293   (2025-09-11_16-52-25)
iter is 11550, loc. loss = 0.24828487634658813 , classif. loss = 0.09792695939540863  (2025-09-11_16-52-46)
iter is 11600, loc. loss = 0.28338825702667236 , classif. loss = 0.0626407340168953   (2025-09-11_16-52-56)
iter is 11650, loc. loss = 0.35588493943214417 , classif. loss = 1.5245420932769775   (2025-09-11_16-53-09)
iter is 11700, loc. loss = 0.2568066120147705  , classif. loss = 0.9540696144104004   (2025-09-11_16-53-19)
iter is 11750, loc. loss = 0.18311470746994019 , classif. loss = 0.24367362260818481  (2025-09-11_16-53-30)
iter is 11800, loc. loss = 0.17428940534591675 , classif. loss = 0.0813470184803009   (2025-09-11_16-53-40)
iter is 11850, loc. loss = 0.361056923866272   , classif. loss = 0.7899305820465088   (2025-09-11_16-53-52)
iter is 11950, loc. loss = 0.24858823418617249 , classif. loss = 1.4075331687927246   (2025-09-11_16-54-13)
iter is 12000, loc. loss = 0.1853647381067276  , classif. loss = 0.05752582848072052  (2025-09-11_16-54-23)
iter is 12050, loc. loss = 0.42548251152038574 , classif. loss = 4.812827110290527    (2025-09-11_16-54-35)
iter is 12100, loc. loss = 0.30628475546836853 , classif. loss = 0.6246243119239807   (2025-09-11_16-54-45)
iter is 12150, loc. loss = 0.26295292377471924 , classif. loss = 0.13591915369033813  (2025-09-11_16-54-57)
iter is 12200, loc. loss = 0.1259022355079651  , classif. loss = 0.10045704990625381  (2025-09-11_16-55-07)
iter is 12250, loc. loss = 0.42533427476882935 , classif. loss = 0.7825802564620972   (2025-09-11_16-55-18)
iter is 12300, loc. loss = 0.3882743716239929  , classif. loss = 2.0191614627838135   (2025-09-11_16-55-29)
iter is 12350, loc. loss = 0.21139433979988098 , classif. loss = 1.68845796585083     (2025-09-11_16-55-40)
iter is 12400, loc. loss = 0.2743097245693207  , classif. loss = 0.020577849820256233 (2025-09-11_16-55-50)
iter is 12500, loc. loss = 0.16118015348911285 , classif. loss = 1.4015593528747559   (2025-09-11_16-56-10)
iter is 12600, loc. loss = 0.15540958940982819 , classif. loss = 0.5266033411026001   (2025-09-11_16-56-33)
iter is 12650, loc. loss = 0.2991468608379364  , classif. loss = 0.011341966688632965 (2025-09-11_16-56-43)
iter is 12700, loc. loss = 0.2588748633861542  , classif. loss = 0.05787014961242676  (2025-09-11_16-56-54)
iter is 12750, loc. loss = 0.43209126591682434 , classif. loss = 1.9956002235412598   (2025-09-11_16-57-05)
iter is 12800, loc. loss = 0.14904433488845825 , classif. loss = 0.26143088936805725  (2025-09-11_16-57-15)
iter is 12850, loc. loss = 0.4995855987071991  , classif. loss = 4.376665115356445    (2025-09-11_16-57-26)
iter is 12950, loc. loss = 0.16651681065559387 , classif. loss = 3.0740132331848145   (2025-09-11_16-57-47)
iter is 13050, loc. loss = 0.33015549182891846 , classif. loss = 0.4163391590118408   (2025-09-11_16-58-07)
iter is 13100, loc. loss = 0.13956135511398315 , classif. loss = 0.06584268808364868  (2025-09-11_16-58-17)
iter is 13150, loc. loss = 0.372039794921875   , classif. loss = 0.021370794624090195 (2025-09-11_16-58-28)
iter is 13250, loc. loss = 0.11859966069459915 , classif. loss = 0.013446671888232231 (2025-09-11_16-58-51)
iter is 13300, loc. loss = 0.3697419762611389  , classif. loss = 0.8024272322654724   (2025-09-11_16-59-01)
iter is 13450, loc. loss = 0.20379553735256195 , classif. loss = 0.5480432510375977   (2025-09-11_16-59-33)
iter is 13500, loc. loss = 0.27802804112434387 , classif. loss = 0.7967524528503418   (2025-09-11_16-59-44)
iter is 13600, loc. loss = 0.2248479425907135  , classif. loss = 0.26478567719459534  (2025-09-11_17-00-05)
iter is 13650, loc. loss = 0.14554421603679657 , classif. loss = 0.08353342860937119  (2025-09-11_17-00-17)
iter is 13700, loc. loss = 0.38176608085632324 , classif. loss = 0.14346882700920105  (2025-09-11_17-00-29)
iter is 13750, loc. loss = 0.376609742641449   , classif. loss = 1.5185953378677368   (2025-09-11_17-00-40)
iter is 13800, loc. loss = 0.27709177136421204 , classif. loss = 0.32109928131103516  (2025-09-11_17-00-51)
iter is 13850, loc. loss = 0.32658153772354126 , classif. loss = 0.030045922845602036 (2025-09-11_17-01-02)
iter is 13900, loc. loss = 0.24841776490211487 , classif. loss = 0.3149758577346802   (2025-09-11_17-01-13)
iter is 13950, loc. loss = 0.1944478452205658  , classif. loss = 1.0108966827392578   (2025-09-11_17-01-25)
iter is 14000, loc. loss = 0.1710132658481598  , classif. loss = 0.04277023673057556  (2025-09-11_17-01-36)
iter is 14050, loc. loss = 0.24744224548339844 , classif. loss = 2.3304080963134766   (2025-09-11_17-01-45)
iter is 14150, loc. loss = 0.22235657274723053 , classif. loss = 0.0395590178668499   (2025-09-11_17-02-05)
iter is 14200, loc. loss = 0.27646970748901367 , classif. loss = 1.5772929191589355   (2025-09-11_17-02-16)
iter is 14250, loc. loss = 0.3123027980327606  , classif. loss = 0.8034963607788086   (2025-09-11_17-02-26)
iter is 14300, loc. loss = 0.2846904695034027  , classif. loss = 0.9163734316825867   (2025-09-11_17-02-37)
iter is 14350, loc. loss = 0.24515768885612488 , classif. loss = 0.41774290800094604  (2025-09-11_17-02-47)
iter is 14400, loc. loss = 0.29598289728164673 , classif. loss = 0.024355698376893997 (2025-09-11_17-02-59)
iter is 14450, loc. loss = 0.2606520652770996  , classif. loss = 0.06166033446788788  (2025-09-11_17-03-09)
iter is 14500, loc. loss = 0.13220933079719543 , classif. loss = 0.010374657809734344 (2025-09-11_17-03-19)
iter is 14650, loc. loss = 0.17310652136802673 , classif. loss = 0.061683811247348785 (2025-09-11_17-03-51)
iter is 14750, loc. loss = 0.21472181379795074 , classif. loss = 1.411753535270691    (2025-09-11_17-04-12)
iter is 14800, loc. loss = 0.15156544744968414 , classif. loss = 0.29691576957702637  (2025-09-11_17-04-24)
iter is 14850, loc. loss = 0.2654823660850525  , classif. loss = 2.370253562927246    (2025-09-11_17-04-35)
iter is 14900, loc. loss = 0.06556805223226547 , classif. loss = 0.5688405632972717   (2025-09-11_17-04-47)
iter is 14950, loc. loss = 0.2083456963300705  , classif. loss = 0.32940131425857544  (2025-09-11_17-04-58)
iter is 15000, loc. loss = 0.3235880136489868  , classif. loss = 1.081188440322876    (2025-09-11_17-05-07)
---------starting evaluation-----------
validation:    0/1866 (2025-09-11_17-05-07)
validation:  100/1866 (2025-09-11_17-05-50)
validation:  200/1866 (2025-09-11_17-06-33)
validation:  300/1866 (2025-09-11_17-07-15)
validation:  400/1866 (2025-09-11_17-07-58)
validation:  500/1866 (2025-09-11_17-08-40)
validation:  600/1866 (2025-09-11_17-09-23)
validation:  700/1866 (2025-09-11_17-10-06)
validation:  800/1866 (2025-09-11_17-10-48)
validation:  900/1866 (2025-09-11_17-11-31)
validation: 1000/1866 (2025-09-11_17-12-13)
validation: 1100/1866 (2025-09-11_17-12-56)
validation: 1200/1866 (2025-09-11_17-13-39)
validation: 1300/1866 (2025-09-11_17-14-21)
validation: 1400/1866 (2025-09-11_17-15-04)
validation: 1500/1866 (2025-09-11_17-15-46)
validation: 1600/1866 (2025-09-11_17-16-29)
validation: 1700/1866 (2025-09-11_17-17-12)
validation: 1800/1866 (2025-09-11_17-17-54)
lofF1 is 0.7544534808956284, clfF1 is 0.005222487066171248, oaF1 is 0.22999178521500838, sub class F1 score is [0.94669801 0.00162168 0.0068405  0.49240347]
iter is 15050, loc. loss = 0.23905855417251587 , classif. loss = 0.21142974495887756  (2025-09-11_17-18-33)
iter is 15100, loc. loss = 0.24321739375591278 , classif. loss = 0.242133229970932    (2025-09-11_17-18-42)
iter is 15150, loc. loss = 0.29840022325515747 , classif. loss = 0.30708181858062744  (2025-09-11_17-18-53)
iter is 15200, loc. loss = 0.19995397329330444 , classif. loss = 3.751375436782837    (2025-09-11_17-19-05)
iter is 15300, loc. loss = 0.2836451828479767  , classif. loss = 0.7659921646118164   (2025-09-11_17-19-26)
iter is 15400, loc. loss = 0.2074562907218933  , classif. loss = 0.8182775378227234   (2025-09-11_17-19-46)
iter is 15450, loc. loss = 0.4025973081588745  , classif. loss = 0.184951052069664    (2025-09-11_17-19-57)
iter is 15500, loc. loss = 0.3015095293521881  , classif. loss = 0.10637278854846954  (2025-09-11_17-20-07)
iter is 15600, loc. loss = 0.29882603883743286 , classif. loss = 0.02681339904665947  (2025-09-11_17-20-26)
iter is 15650, loc. loss = 0.1640416383743286  , classif. loss = 0.03842759132385254  (2025-09-11_17-20-36)
iter is 15700, loc. loss = 0.06500184535980225 , classif. loss = 0.04960537701845169  (2025-09-11_17-20-47)
iter is 15750, loc. loss = 0.030797908082604408, classif. loss = 0.5037044882774353   (2025-09-11_17-20-56)
iter is 15800, loc. loss = 0.6214795112609863  , classif. loss = 2.280886650085449    (2025-09-11_17-21-08)
iter is 15950, loc. loss = 0.16905631124973297 , classif. loss = 0.25820988416671753  (2025-09-11_17-21-38)
iter is 16000, loc. loss = 0.2274087369441986  , classif. loss = 0.03982904553413391  (2025-09-11_17-21-49)
iter is 16100, loc. loss = 0.13659080862998962 , classif. loss = 0.02666725590825081  (2025-09-11_17-22-12)
iter is 16150, loc. loss = 0.22999677062034607 , classif. loss = 0.018855465576052666 (2025-09-11_17-22-22)
iter is 16200, loc. loss = 0.33426469564437866 , classif. loss = 0.7064520120620728   (2025-09-11_17-22-32)
iter is 16250, loc. loss = 0.1844901442527771  , classif. loss = 1.1105858087539673   (2025-09-11_17-22-44)
iter is 16300, loc. loss = 0.5451676249504089  , classif. loss = 1.0505926609039307   (2025-09-11_17-22-55)
iter is 16350, loc. loss = 0.2912837862968445  , classif. loss = 1.0376702547073364   (2025-09-11_17-23-05)
iter is 16400, loc. loss = 0.44433170557022095 , classif. loss = 0.09881112724542618  (2025-09-11_17-23-15)
iter is 16450, loc. loss = 0.1666490137577057  , classif. loss = 0.041887491941452026 (2025-09-11_17-23-26)
iter is 16500, loc. loss = 0.1600276380777359  , classif. loss = 1.740572452545166    (2025-09-11_17-23-36)
iter is 16550, loc. loss = 0.4728250503540039  , classif. loss = 1.1274805068969727   (2025-09-11_17-23-45)
iter is 16650, loc. loss = 0.2871910631656647  , classif. loss = 3.261465072631836    (2025-09-11_17-24-07)
iter is 16700, loc. loss = 0.2152727246284485  , classif. loss = 0.029222803190350533 (2025-09-11_17-24-17)
iter is 16750, loc. loss = 0.5132564306259155  , classif. loss = 0.0011720252223312855 (2025-09-11_17-24-28)
iter is 16800, loc. loss = 0.1162298247218132  , classif. loss = 0.0018815714865922928 (2025-09-11_17-24-37)
iter is 16850, loc. loss = 0.206353098154068   , classif. loss = 0.7374812364578247   (2025-09-11_17-24-49)
iter is 16900, loc. loss = 0.2743927836418152  , classif. loss = 0.5098975896835327   (2025-09-11_17-25-00)
iter is 16950, loc. loss = 0.20958366990089417 , classif. loss = 0.6718029975891113   (2025-09-11_17-25-10)
iter is 17000, loc. loss = 0.2619946599006653  , classif. loss = 0.05424322932958603  (2025-09-11_17-25-20)
iter is 17100, loc. loss = 0.22056683897972107 , classif. loss = 0.007371610961854458 (2025-09-11_17-25-42)
iter is 17200, loc. loss = 0.19570672512054443 , classif. loss = 2.3117032051086426   (2025-09-11_17-26-04)
iter is 17250, loc. loss = 0.2426203191280365  , classif. loss = 1.2412649393081665   (2025-09-11_17-26-14)
iter is 17300, loc. loss = 0.18742114305496216 , classif. loss = 0.12276875227689743  (2025-09-11_17-26-25)
iter is 17350, loc. loss = 0.2948303818702698  , classif. loss = 1.1552655696868896   (2025-09-11_17-26-35)
iter is 17400, loc. loss = 0.17987649142742157 , classif. loss = 0.01981441117823124  (2025-09-11_17-26-47)
iter is 17450, loc. loss = 0.1285543143749237  , classif. loss = 0.010864091105759144 (2025-09-11_17-26-58)
iter is 17500, loc. loss = 0.5305861830711365  , classif. loss = 0.11099374294281006  (2025-09-11_17-27-08)
iter is 17600, loc. loss = 0.21795232594013214 , classif. loss = 1.526742696762085    (2025-09-11_17-27-31)
iter is 17650, loc. loss = 0.2984781861305237  , classif. loss = 0.5742425918579102   (2025-09-11_17-27-43)
iter is 17700, loc. loss = 0.27904555201530457 , classif. loss = 1.6290321350097656   (2025-09-11_17-27-53)
iter is 17750, loc. loss = 0.2189595252275467  , classif. loss = 1.2521615028381348   (2025-09-11_17-28-03)
iter is 17850, loc. loss = 0.17672458291053772 , classif. loss = 0.3264887034893036   (2025-09-11_17-28-25)
iter is 17900, loc. loss = 0.2691366672515869  , classif. loss = 0.1450854390859604   (2025-09-11_17-28-36)
iter is 17950, loc. loss = 0.1883276104927063  , classif. loss = 0.055043429136276245 (2025-09-11_17-28-47)
iter is 18000, loc. loss = 0.08155138045549393 , classif. loss = 0.023330718278884888 (2025-09-11_17-28-58)
iter is 18050, loc. loss = 0.24970094859600067 , classif. loss = 1.1389670372009277   (2025-09-11_17-29-09)
iter is 18100, loc. loss = 0.27765634655952454 , classif. loss = 0.037750422954559326 (2025-09-11_17-29-20)
iter is 18150, loc. loss = 0.2537846863269806  , classif. loss = 0.11466440558433533  (2025-09-11_17-29-31)
iter is 18300, loc. loss = 0.2775594890117645  , classif. loss = 1.5243966579437256   (2025-09-11_17-30-01)
iter is 18400, loc. loss = 0.14010471105575562 , classif. loss = 0.9661122560501099   (2025-09-11_17-30-23)
iter is 18500, loc. loss = 0.22103653848171234 , classif. loss = 0.25444358587265015  (2025-09-11_17-30-44)
iter is 18550, loc. loss = 0.28993359208106995 , classif. loss = 0.18890130519866943  (2025-09-11_17-30-56)
iter is 18600, loc. loss = 0.24918457865715027 , classif. loss = 0.1192789077758789   (2025-09-11_17-31-07)
iter is 18650, loc. loss = 0.3502565324306488  , classif. loss = 0.2933933734893799   (2025-09-11_17-31-18)
iter is 18700, loc. loss = 0.1291082352399826  , classif. loss = 1.0526427030563354   (2025-09-11_17-31-30)
iter is 18750, loc. loss = 0.317067414522171   , classif. loss = 0.5247468948364258   (2025-09-11_17-31-40)
iter is 18800, loc. loss = 0.23122215270996094 , classif. loss = 2.715723991394043    (2025-09-11_17-31-51)
iter is 18900, loc. loss = 0.1693909913301468  , classif. loss = 1.1356170177459717   (2025-09-11_17-32-13)
iter is 18950, loc. loss = 0.27941834926605225 , classif. loss = 0.5244094729423523   (2025-09-11_17-32-23)
iter is 19000, loc. loss = 0.16291722655296326 , classif. loss = 0.0635233223438263   (2025-09-11_17-32-33)
iter is 19050, loc. loss = 0.23918434977531433 , classif. loss = 0.6078740358352661   (2025-09-11_17-32-43)
iter is 19100, loc. loss = 0.4675254225730896  , classif. loss = 1.0916638374328613   (2025-09-11_17-32-53)
iter is 19200, loc. loss = 0.1922021359205246  , classif. loss = 0.6767727136611938   (2025-09-11_17-33-14)
iter is 19300, loc. loss = 0.24015851318836212 , classif. loss = 0.10012820363044739  (2025-09-11_17-33-34)
iter is 19450, loc. loss = 0.2584313154220581  , classif. loss = 1.0551483631134033   (2025-09-11_17-34-08)
iter is 19550, loc. loss = 0.18020519614219666 , classif. loss = 0.06338898837566376  (2025-09-11_17-34-31)
iter is 19600, loc. loss = 0.26948896050453186 , classif. loss = 0.0303762536495924   (2025-09-11_17-34-42)
iter is 19650, loc. loss = 0.29229414463043213 , classif. loss = 1.666337013244629    (2025-09-11_17-34-54)
iter is 19700, loc. loss = 0.2884836196899414  , classif. loss = 1.5550193786621094   (2025-09-11_17-35-04)
iter is 19750, loc. loss = 0.44691020250320435 , classif. loss = 6.003511428833008    (2025-09-11_17-35-14)
iter is 19800, loc. loss = 0.25070351362228394 , classif. loss = 0.09726237505674362  (2025-09-11_17-35-23)
iter is 19850, loc. loss = 0.35898253321647644 , classif. loss = 1.1701107025146484   (2025-09-11_17-35-35)
iter is 19900, loc. loss = 0.3851487636566162  , classif. loss = 0.019555024802684784 (2025-09-11_17-35-46)
iter is 19950, loc. loss = 0.5968936681747437  , classif. loss = 0.05381638556718826  (2025-09-11_17-35-55)
iter is 20000, loc. loss = 0.2675650119781494  , classif. loss = 0.7365612983703613   (2025-09-11_17-36-07)
---------starting evaluation-----------
validation:    0/1866 (2025-09-11_17-36-07)
validation:  100/1866 (2025-09-11_17-36-50)
validation:  200/1866 (2025-09-11_17-37-33)
validation:  300/1866 (2025-09-11_17-38-15)
validation:  400/1866 (2025-09-11_17-38-58)
validation:  500/1866 (2025-09-11_17-39-40)
validation:  600/1866 (2025-09-11_17-40-23)
validation:  700/1866 (2025-09-11_17-41-05)
validation:  800/1866 (2025-09-11_17-41-48)
validation:  900/1866 (2025-09-11_17-42-30)
validation: 1000/1866 (2025-09-11_17-43-13)
validation: 1100/1866 (2025-09-11_17-43-55)
validation: 1200/1866 (2025-09-11_17-44-38)
validation: 1300/1866 (2025-09-11_17-45-20)
validation: 1400/1866 (2025-09-11_17-46-03)
validation: 1500/1866 (2025-09-11_17-46-45)
validation: 1600/1866 (2025-09-11_17-47-28)
validation: 1700/1866 (2025-09-11_17-48-10)
validation: 1800/1866 (2025-09-11_17-48-53)
lofF1 is 0.7598177070107589, clfF1 is 0.005069449006453242, oaF1 is 0.23149392640774494, sub class F1 score is [0.94445873 0.00133176 0.36481328 0.029107  ]
iter is 20050, loc. loss = 0.26405417919158936 , classif. loss = 0.2152765691280365   (2025-09-11_17-49-32)
iter is 20100, loc. loss = 0.13426139950752258 , classif. loss = 6.412785530090332    (2025-09-11_17-49-42)
iter is 20150, loc. loss = 0.1033850610256195  , classif. loss = 0.006558950990438461 (2025-09-11_17-49-53)
iter is 20200, loc. loss = 0.1725134402513504  , classif. loss = 0.8236651420593262   (2025-09-11_17-50-05)
iter is 20250, loc. loss = 0.2735457122325897  , classif. loss = 0.15304070711135864  (2025-09-11_17-50-15)
iter is 20350, loc. loss = 0.2073555886745453  , classif. loss = 1.028407096862793    (2025-09-11_17-50-34)
iter is 20400, loc. loss = 0.295599102973938   , classif. loss = 0.05186494067311287  (2025-09-11_17-50-45)
iter is 20600, loc. loss = 0.2431691437959671  , classif. loss = 0.9301390647888184   (2025-09-11_17-51-27)
iter is 20650, loc. loss = 0.46351441740989685 , classif. loss = 1.0842247009277344   (2025-09-11_17-51-38)
iter is 20700, loc. loss = 0.12234394252300262 , classif. loss = 0.7612060904502869   (2025-09-11_17-51-50)
iter is 20750, loc. loss = 0.10701100528240204 , classif. loss = 0.004857160151004791 (2025-09-11_17-52-00)
iter is 20800, loc. loss = 0.16344419121742249 , classif. loss = 0.05909869447350502  (2025-09-11_17-52-11)
iter is 20850, loc. loss = 0.32912641763687134 , classif. loss = 0.09545433521270752  (2025-09-11_17-52-23)
iter is 20900, loc. loss = 0.2212200164794922  , classif. loss = 0.07812757045030594  (2025-09-11_17-52-36)
iter is 20950, loc. loss = 0.14085574448108673 , classif. loss = 0.5044155716896057   (2025-09-11_17-52-48)
iter is 21050, loc. loss = 0.2958439290523529  , classif. loss = 1.0286650657653809   (2025-09-11_17-53-08)
iter is 21100, loc. loss = 0.2126467078924179  , classif. loss = 0.04015575349330902  (2025-09-11_17-53-18)
iter is 21150, loc. loss = 0.09036577492952347 , classif. loss = 1.2769808769226074   (2025-09-11_17-53-31)
iter is 21200, loc. loss = 0.1381799429655075  , classif. loss = 1.2194316387176514   (2025-09-11_17-53-41)
iter is 21250, loc. loss = 0.10386528074741364 , classif. loss = 0.030317872762680054 (2025-09-11_17-53-51)
iter is 21300, loc. loss = 0.15794090926647186 , classif. loss = 1.675213098526001    (2025-09-11_17-54-02)
iter is 21350, loc. loss = 0.2870933413505554  , classif. loss = 0.022605156525969505 (2025-09-11_17-54-13)
iter is 21450, loc. loss = 0.18769921362400055 , classif. loss = 1.2706117630004883   (2025-09-11_17-54-35)
iter is 21550, loc. loss = 0.25687187910079956 , classif. loss = 0.9599582552909851   (2025-09-11_17-54-58)
iter is 21600, loc. loss = 0.22443252801895142 , classif. loss = 0.09775412082672119  (2025-09-11_17-55-09)
iter is 21650, loc. loss = 0.17504383623600006 , classif. loss = 0.05606701225042343  (2025-09-11_17-55-21)
iter is 21700, loc. loss = 0.33515477180480957 , classif. loss = 0.8177885413169861   (2025-09-11_17-55-31)
iter is 21800, loc. loss = 0.29575151205062866 , classif. loss = 0.01796194538474083  (2025-09-11_17-55-53)
iter is 21850, loc. loss = 0.42607203125953674 , classif. loss = 1.7624895572662354   (2025-09-11_17-56-05)
iter is 21900, loc. loss = 0.0959387868642807  , classif. loss = 0.01408739760518074  (2025-09-11_17-56-16)
iter is 22000, loc. loss = 0.1266183704137802  , classif. loss = 0.12453070282936096  (2025-09-11_17-56-37)
iter is 22050, loc. loss = 0.23754261434078217 , classif. loss = 0.007702560164034367 (2025-09-11_17-56-47)
iter is 22150, loc. loss = 0.5036300420761108  , classif. loss = 2.1873271465301514   (2025-09-11_17-57-10)
iter is 22250, loc. loss = 0.14755192399024963 , classif. loss = 0.012765123508870602 (2025-09-11_17-57-30)
iter is 22350, loc. loss = 0.21820218861103058 , classif. loss = 0.039999060332775116 (2025-09-11_17-57-51)
iter is 22400, loc. loss = 0.1707274615764618  , classif. loss = 0.010898662731051445 (2025-09-11_17-58-02)
iter is 22450, loc. loss = 0.22678297758102417 , classif. loss = 1.39314603805542     (2025-09-11_17-58-14)
iter is 22500, loc. loss = 0.10661064088344574 , classif. loss = 0.6987651586532593   (2025-09-11_17-58-24)
iter is 22550, loc. loss = 0.25288575887680054 , classif. loss = 0.9118727445602417   (2025-09-11_17-58-34)
iter is 22650, loc. loss = 0.3715459108352661  , classif. loss = 0.7114204168319702   (2025-09-11_17-58-54)
iter is 22700, loc. loss = 0.4036259949207306  , classif. loss = 0.010853556916117668 (2025-09-11_17-59-05)
iter is 22750, loc. loss = 0.2852984666824341  , classif. loss = 0.28678566217422485  (2025-09-11_17-59-16)
iter is 22800, loc. loss = 0.25258922576904297 , classif. loss = 0.09335856139659882  (2025-09-11_17-59-26)
iter is 22900, loc. loss = 0.31710243225097656 , classif. loss = 0.5200557708740234   (2025-09-11_17-59-46)
iter is 22950, loc. loss = 0.21760840713977814 , classif. loss = 0.17371153831481934  (2025-09-11_17-59-57)
iter is 23100, loc. loss = 0.1952800452709198  , classif. loss = 0.0566890686750412   (2025-09-11_18-00-29)
iter is 23150, loc. loss = 0.30531764030456543 , classif. loss = 1.5621370077133179   (2025-09-11_18-00-39)
iter is 23200, loc. loss = 0.15880656242370605 , classif. loss = 0.061272572726011276 (2025-09-11_18-00-50)
iter is 23250, loc. loss = 0.2236226499080658  , classif. loss = 0.6005533933639526   (2025-09-11_18-01-01)
iter is 23300, loc. loss = 0.42833468317985535 , classif. loss = 0.37366294860839844  (2025-09-11_18-01-12)
iter is 23350, loc. loss = 0.40628132224082947 , classif. loss = 0.1996048390865326   (2025-09-11_18-01-22)
iter is 23400, loc. loss = 0.1885351538658142  , classif. loss = 0.6457607746124268   (2025-09-11_18-01-33)
iter is 23500, loc. loss = 0.3889135718345642  , classif. loss = 0.10403075814247131  (2025-09-11_18-01-54)
iter is 23550, loc. loss = 0.2461128532886505  , classif. loss = 1.691131591796875    (2025-09-11_18-02-05)
iter is 23650, loc. loss = 0.22993427515029907 , classif. loss = 0.012967251241207123 (2025-09-11_18-02-27)
iter is 23750, loc. loss = 0.32067248225212097 , classif. loss = 0.12500128149986267  (2025-09-11_18-02-50)
iter is 23800, loc. loss = 0.43549636006355286 , classif. loss = 3.0687901973724365   (2025-09-11_18-03-03)
iter is 23850, loc. loss = 0.2599763572216034  , classif. loss = 0.6971659064292908   (2025-09-11_18-03-15)
iter is 23900, loc. loss = 0.23256690800189972 , classif. loss = 0.9936443567276001   (2025-09-11_18-03-25)
iter is 23950, loc. loss = 0.76157146692276    , classif. loss = 0.5593509078025818   (2025-09-11_18-03-36)
iter is 24000, loc. loss = 0.09631125628948212 , classif. loss = 0.04834003373980522  (2025-09-11_18-03-46)
iter is 24150, loc. loss = 0.17024943232536316 , classif. loss = 1.011447787284851    (2025-09-11_18-04-18)
iter is 24200, loc. loss = 0.2701553404331207  , classif. loss = 0.027519866824150085 (2025-09-11_18-04-29)
iter is 24250, loc. loss = 0.20731863379478455 , classif. loss = 1.1976444721221924   (2025-09-11_18-04-41)
iter is 24300, loc. loss = 0.34999048709869385 , classif. loss = 1.8739898204803467   (2025-09-11_18-04-51)
iter is 24350, loc. loss = 0.26264795660972595 , classif. loss = 0.25853288173675537  (2025-09-11_18-05-02)
iter is 24400, loc. loss = 0.3418060541152954  , classif. loss = 0.007813223637640476 (2025-09-11_18-05-13)
iter is 24450, loc. loss = 0.2239309847354889  , classif. loss = 1.9955400228500366   (2025-09-11_18-05-22)
iter is 24500, loc. loss = 0.5875284075737     , classif. loss = 1.265378475189209    (2025-09-11_18-05-33)
iter is 24600, loc. loss = 0.33309707045555115 , classif. loss = 0.0970006138086319   (2025-09-11_18-05-55)
iter is 24650, loc. loss = 0.13508397340774536 , classif. loss = 2.609264612197876    (2025-09-11_18-06-05)
iter is 24700, loc. loss = 0.1788342446088791  , classif. loss = 0.03485025092959404  (2025-09-11_18-06-16)
iter is 24750, loc. loss = 0.24696603417396545 , classif. loss = 0.9275391101837158   (2025-09-11_18-06-27)
iter is 24800, loc. loss = 0.4196699857711792  , classif. loss = 0.09948199987411499  (2025-09-11_18-06-38)
iter is 24850, loc. loss = 0.4063960611820221  , classif. loss = 0.183231920003891    (2025-09-11_18-06-49)
iter is 24900, loc. loss = 0.2623651623725891  , classif. loss = 0.24262835085391998  (2025-09-11_18-07-01)
-----------Training is completed-----------
---------starting evaluation-----------
validation:    0/1866 (2025-09-11_18-07-24)
validation:  100/1866 (2025-09-11_18-08-09)
validation:  200/1866 (2025-09-11_18-08-54)
validation:  300/1866 (2025-09-11_18-09-39)
validation:  400/1866 (2025-09-11_18-10-24)
validation:  500/1866 (2025-09-11_18-11-09)
validation:  600/1866 (2025-09-11_18-11-54)
validation:  700/1866 (2025-09-11_18-12-39)
validation:  800/1866 (2025-09-11_18-13-24)
validation:  900/1866 (2025-09-11_18-14-09)
validation: 1000/1866 (2025-09-11_18-14-54)
validation: 1100/1866 (2025-09-11_18-15-39)
validation: 1200/1866 (2025-09-11_18-16-24)
validation: 1300/1866 (2025-09-11_18-17-09)
validation: 1400/1866 (2025-09-11_18-17-54)
validation: 1500/1866 (2025-09-11_18-18-39)
validation: 1600/1866 (2025-09-11_18-19-24)
validation: 1700/1866 (2025-09-11_18-20-09)
validation: 1800/1866 (2025-09-11_18-20-54)
lofF1 is 0.7672908795820067, clfF1 is 0.0, oaF1 is 0.230187263874602, sub class F1 score is [0.94547123 0.         0.00457377 0.65577497]
loc_f1_score=np.float64(0.7672908795820067), harmonic_mean_f1=np.float64(0.0), oaf1=np.float64(0.230187263874602), damage_f1_score=array([0.94547123, 0.        , 0.00457377, 0.65577497])
The accuracy of the best round is  [np.float64(0.7598177070107589), np.float64(0.005069449006453242), np.float64(0.23149392640774494), array([0.94445873, 0.00133176, 0.36481328, 0.029107  ])]
