2025-09-25 12:22:52,169 | INFO | MAIN - START
2025-09-25 12:22:52,169 | INFO |  > FOCAL LOSS set to True
2025-09-25 12:22:52,170 | INFO | Command Line Args:
{
    "cfg": "/mnt/storage1/alpgenc/change_detection/ChangeMamba_AG/changedetection/configs/vssm1/vssm_base_224.yaml",
    "opts": null,
    "pretrained_weight_path": "/mnt/storage1/alpgenc/change_detection/ChangeMamba_AG/pretrained_weight/vssm_base_0229_ckpt_epoch_237.pth",
    "dataset": "EarthquakeTurkey",
    "type": "train",
    "train_dataset_path": "/mnt/storage1/alpgenc/change_detection/datasets/earthquake_turkey/earthquake-turkey",
    "train_data_list_path": "/mnt/storage1/alpgenc/change_detection/datasets/earthquake_turkey/earthquake-turkey/train_list.txt",
    "test_dataset_path": "/mnt/storage1/alpgenc/change_detection/datasets/earthquake_turkey/earthquake-turkey",
    "test_data_list_path": "/mnt/storage1/alpgenc/change_detection/datasets/earthquake_turkey/earthquake-turkey/test_list.txt",
    "shuffle": true,
    "batch_size": 8,
    "crop_size": 256,
    "start_iter": 0,
    "cuda": true,
    "max_iters": 200000,
    "model_type": "MambaBDA_Base",
    "model_param_path": "/mnt/storage1/alpgenc/change_detection/ChangeMamba_AG/changedetection/deneme_saved_models/tr2025-09-25_12-22-50_MambaBDA_Base_EarthquakeTurkey_FOCAL",
    "resume": null,
    "learning_rate": 0.0001,
    "momentum": 0.9,
    "weight_decay": 0.005,
    "logfile": "/mnt/storage1/alpgenc/change_detection/ChangeMamba_AG/LOGLAR_CMAG/train_2025-09-25_12-22-50_MambaBDA_Base_EarthquakeTurkey_FOCAL.log",
    "extension": "png",
    "focal_loss": true
}
2025-09-25 12:22:53,409 | INFO | FOCAL LOSS params: alpha = [0.6, 1.6, 1.1, 1.1], gamma = 1.5
2025-09-25 12:22:53,409 | INFO | ---------starting training-----------
2025-09-25 12:22:53,464 | INFO | VAL_STEP=3125
2025-09-25 12:23:24,924 | INFO | iter is 50 / 25000 [skipped    0] | loc. loss = 0.5416980386, classif. loss = 1.6351191998
2025-09-25 12:23:55,486 | INFO | iter is 100 / 25000 [skipped    0] | loc. loss = 0.4186865091, classif. loss = 0.5390109420
2025-09-25 12:24:26,185 | INFO | iter is 150 / 25000 [skipped    0] | loc. loss = 0.4288514256, classif. loss = 0.9954586625
2025-09-25 12:24:56,832 | INFO | iter is 200 / 25000 [skipped    0] | loc. loss = 0.3416777849, classif. loss = 0.6476013660
2025-09-25 12:25:27,464 | INFO | iter is 250 / 25000 [skipped    0] | loc. loss = 0.2761335969, classif. loss = 0.6089843512
2025-09-25 12:25:58,117 | INFO | iter is 300 / 25000 [skipped    0] | loc. loss = 0.3784002066, classif. loss = 0.9462659359
2025-09-25 12:26:28,892 | INFO | iter is 350 / 25000 [skipped    0] | loc. loss = 0.3535190523, classif. loss = 0.6026430130
2025-09-25 12:26:59,559 | INFO | iter is 400 / 25000 [skipped    0] | loc. loss = 0.2938269973, classif. loss = 0.5874365568
2025-09-25 12:27:30,225 | INFO | iter is 450 / 25000 [skipped    0] | loc. loss = 0.2406151742, classif. loss = 0.9861791134
2025-09-25 12:28:00,977 | INFO | iter is 500 / 25000 [skipped    0] | loc. loss = 0.1829723418, classif. loss = 0.3437370062
2025-09-25 12:28:32,149 | INFO | iter is 550 / 25000 [skipped    0] | loc. loss = 0.2251480222, classif. loss = 0.0179210566
2025-09-25 12:29:03,157 | INFO | iter is 600 / 25000 [skipped    0] | loc. loss = 0.1558753252, classif. loss = 1.4539196491
2025-09-25 12:29:34,068 | INFO | iter is 650 / 25000 [skipped    0] | loc. loss = 0.2753594220, classif. loss = 0.0921609998
2025-09-25 12:30:04,742 | INFO | iter is 700 / 25000 [skipped    0] | loc. loss = 0.2336240411, classif. loss = 0.0578832701
2025-09-25 12:30:35,457 | INFO | iter is 750 / 25000 [skipped    0] | loc. loss = 0.2310416847, classif. loss = 0.1428627670
2025-09-25 12:31:06,115 | INFO | iter is 800 / 25000 [skipped    0] | loc. loss = 0.1083924770, classif. loss = 0.2059389055
2025-09-25 12:31:36,770 | INFO | iter is 850 / 25000 [skipped    0] | loc. loss = 0.2283949256, classif. loss = 0.3814103603
2025-09-25 12:32:07,438 | INFO | iter is 900 / 25000 [skipped    0] | loc. loss = 0.2001610547, classif. loss = 0.9172310829
2025-09-25 12:32:38,144 | INFO | iter is 950 / 25000 [skipped    0] | loc. loss = 0.2984244823, classif. loss = 0.3947967887
2025-09-25 12:33:08,803 | INFO | iter is 1000 / 25000 [skipped    0] | loc. loss = 0.3498074412, classif. loss = 0.4844896495
2025-09-25 12:33:39,459 | INFO | iter is 1050 / 25000 [skipped    0] | loc. loss = 0.1323387027, classif. loss = 0.1612715423
2025-09-25 12:34:10,125 | INFO | iter is 1100 / 25000 [skipped    0] | loc. loss = 0.2740300596, classif. loss = 0.4935416877
2025-09-25 12:34:40,829 | INFO | iter is 1150 / 25000 [skipped    0] | loc. loss = 0.1745801121, classif. loss = 0.0426568836
2025-09-25 12:35:11,470 | INFO | iter is 1200 / 25000 [skipped    0] | loc. loss = 0.2205327153, classif. loss = 0.0548638813
2025-09-25 12:35:42,132 | INFO | iter is 1250 / 25000 [skipped    0] | loc. loss = 0.1721528769, classif. loss = 0.5179259777
2025-09-25 12:36:12,791 | INFO | iter is 1300 / 25000 [skipped    0] | loc. loss = 0.1526920497, classif. loss = 0.5372697711
2025-09-25 12:36:43,492 | INFO | iter is 1350 / 25000 [skipped    0] | loc. loss = 0.1394708157, classif. loss = 1.0177319050
2025-09-25 12:37:14,142 | INFO | iter is 1400 / 25000 [skipped    0] | loc. loss = 0.1805670112, classif. loss = 0.5541219711
2025-09-25 12:37:44,778 | INFO | iter is 1450 / 25000 [skipped    0] | loc. loss = 0.1351093650, classif. loss = 0.6802242398
2025-09-25 12:38:15,461 | INFO | iter is 1500 / 25000 [skipped    0] | loc. loss = 0.1503921449, classif. loss = 0.6219822168
2025-09-25 12:38:46,184 | INFO | iter is 1550 / 25000 [skipped    0] | loc. loss = 0.2318928838, classif. loss = 0.3653423786
2025-09-25 12:39:16,855 | INFO | iter is 1600 / 25000 [skipped    0] | loc. loss = 0.1889963746, classif. loss = 0.0902524590
2025-09-25 12:39:47,512 | INFO | iter is 1650 / 25000 [skipped    0] | loc. loss = 0.1332432926, classif. loss = 0.4250996709
2025-09-25 12:40:18,195 | INFO | iter is 1700 / 25000 [skipped    0] | loc. loss = 0.1732501537, classif. loss = 0.1772880852
2025-09-25 12:40:48,918 | INFO | iter is 1750 / 25000 [skipped    0] | loc. loss = 0.1786192358, classif. loss = 0.1201402098
2025-09-25 12:41:19,589 | INFO | iter is 1800 / 25000 [skipped    0] | loc. loss = 0.2156478465, classif. loss = 0.5327882767
2025-09-25 12:41:50,249 | INFO | iter is 1850 / 25000 [skipped    0] | loc. loss = 0.1421069950, classif. loss = 0.6411388516
2025-09-25 12:42:20,916 | INFO | iter is 1900 / 25000 [skipped    0] | loc. loss = 0.2101407498, classif. loss = 0.1474049687
2025-09-25 12:42:51,649 | INFO | iter is 1950 / 25000 [skipped    0] | loc. loss = 0.1619045436, classif. loss = 0.0210489668
2025-09-25 12:43:22,332 | INFO | iter is 2000 / 25000 [skipped    0] | loc. loss = 0.1403916329, classif. loss = 0.0285126120
2025-09-25 12:43:53,006 | INFO | iter is 2050 / 25000 [skipped    0] | loc. loss = 0.1433246732, classif. loss = 0.0025988319
2025-09-25 12:44:23,682 | INFO | iter is 2100 / 25000 [skipped    0] | loc. loss = 0.1992319822, classif. loss = 0.4811794758
2025-09-25 12:44:54,409 | INFO | iter is 2150 / 25000 [skipped    0] | loc. loss = 0.2269642204, classif. loss = 0.5506544113
2025-09-25 12:45:25,078 | INFO | iter is 2200 / 25000 [skipped    0] | loc. loss = 0.1751706898, classif. loss = 0.4282621443
2025-09-25 12:45:55,751 | INFO | iter is 2250 / 25000 [skipped    0] | loc. loss = 0.1357046962, classif. loss = 0.0298528895
2025-09-25 12:46:26,443 | INFO | iter is 2300 / 25000 [skipped    0] | loc. loss = 0.1164335757, classif. loss = 0.0107508805
2025-09-25 12:46:57,164 | INFO | iter is 2350 / 25000 [skipped    0] | loc. loss = 0.2108054161, classif. loss = 0.0144774877
2025-09-25 12:47:27,847 | INFO | iter is 2400 / 25000 [skipped    0] | loc. loss = 0.1550011933, classif. loss = 0.1019023135
2025-09-25 12:47:58,538 | INFO | iter is 2450 / 25000 [skipped    0] | loc. loss = 0.1839854717, classif. loss = 0.0857507437
2025-09-25 12:48:29,234 | INFO | iter is 2500 / 25000 [skipped    0] | loc. loss = 0.1537319273, classif. loss = 0.0253502633
2025-09-25 12:48:59,972 | INFO | iter is 2550 / 25000 [skipped    0] | loc. loss = 0.1013170779, classif. loss = 0.6143938303
2025-09-25 12:49:30,648 | INFO | iter is 2600 / 25000 [skipped    0] | loc. loss = 0.2065330744, classif. loss = 0.5630136728
2025-09-25 12:50:01,322 | INFO | iter is 2650 / 25000 [skipped    0] | loc. loss = 0.1272940785, classif. loss = 0.0159926265
2025-09-25 12:50:31,999 | INFO | iter is 2700 / 25000 [skipped    0] | loc. loss = 0.1189722344, classif. loss = 0.5014677644
2025-09-25 12:51:02,733 | INFO | iter is 2750 / 25000 [skipped    0] | loc. loss = 0.2225101590, classif. loss = 0.5230324864
2025-09-25 12:51:33,416 | INFO | iter is 2800 / 25000 [skipped    0] | loc. loss = 0.1024818197, classif. loss = 0.0021439581
2025-09-25 12:52:04,085 | INFO | iter is 2850 / 25000 [skipped    0] | loc. loss = 0.1667793393, classif. loss = 0.5402585864
2025-09-25 12:52:34,788 | INFO | iter is 2900 / 25000 [skipped    0] | loc. loss = 0.1447757035, classif. loss = 0.9591444135
2025-09-25 12:53:05,529 | INFO | iter is 2950 / 25000 [skipped    0] | loc. loss = 0.1203315929, classif. loss = 0.6655386686
2025-09-25 12:53:36,214 | INFO | iter is 3000 / 25000 [skipped    0] | loc. loss = 0.1549948901, classif. loss = 0.0415915996
2025-09-25 12:54:06,902 | INFO | iter is 3050 / 25000 [skipped    0] | loc. loss = 0.1621218622, classif. loss = 0.3554147780
2025-09-25 12:54:37,585 | INFO | iter is 3100 / 25000 [skipped    0] | loc. loss = 0.2032276690, classif. loss = 0.6550796032
2025-09-25 12:54:52,978 | INFO | ---------starting evaluation-----------
2025-09-25 12:54:53,345 | INFO | validation:    0/ 378 (2025-09-25_12-54-53)
2025-09-25 12:55:05,806 | INFO | validation:  100/ 378 (2025-09-25_12-55-05)
2025-09-25 12:55:18,198 | INFO | validation:  200/ 378 (2025-09-25_12-55-18)
2025-09-25 12:55:30,595 | INFO | validation:  300/ 378 (2025-09-25_12-55-30)
2025-09-25 12:55:40,275 | INFO | Confusion Matrix of Localization:
[[88136010   633682]
 [ 1271472  9049268]]
2025-09-25 12:55:40,275 | INFO | Confusion Matrix of Localization - Normalized:
[[0.99286151 0.00713849]
 [0.12319582 0.87680418]]
2025-09-25 12:55:40,275 | INFO | Confusion Matrix of Classification:
[[      0       0       0       0       0]
 [     20 9887780   69052   30764   28106]
 [      0   53208   32040   12112    3906]
 [      0   72124      92    8998   10610]
 [      4   15646    6810    1592   87876]]
2025-09-25 12:55:40,275 | INFO | Confusion Matrix of Classification - Normalized:
[[           nan            nan            nan            nan
             nan]
 [1.99686054e-06 9.87225883e-01 6.89436069e-03 3.07157088e-03
  2.80618811e-03]
 [0.00000000e+00 5.25428081e-01 3.16394446e-01 1.19605791e-01
  3.85716825e-02]
 [0.00000000e+00 7.85459139e-01 1.00191671e-03 9.79918104e-02
  1.15547134e-01]
 [3.57372597e-05 1.39786291e-01 6.08426846e-02 1.42234293e-02
  7.85111858e-01]]
2025-09-25 12:55:40,276 | INFO | lofF1 is 90.4760, clfF1 is 29.1290, oaF1 is 47.5331, sub class F1 score is [98.6584 30.6222 12.3863 72.4972]
2025-09-25 12:55:40,534 | INFO | Model saved in: /mnt/storage1/alpgenc/change_detection/ChangeMamba_AG/changedetection/deneme_saved_models/tr2025-09-25_12-22-50_MambaBDA_Base_EarthquakeTurkey_FOCAL/model_step3125.pth
2025-09-25 12:55:55,914 | INFO | iter is 3150 / 25000 [skipped    0] | loc. loss = 0.1979316473, classif. loss = 0.0061118128
2025-09-25 12:56:26,606 | INFO | iter is 3200 / 25000 [skipped    0] | loc. loss = 0.1505807042, classif. loss = 0.0684542060
2025-09-25 12:56:57,288 | INFO | iter is 3250 / 25000 [skipped    0] | loc. loss = 0.0776032135, classif. loss = 0.0250136741
2025-09-25 12:57:27,988 | INFO | iter is 3300 / 25000 [skipped    0] | loc. loss = 0.1681434959, classif. loss = 0.0182712469
2025-09-25 12:57:58,746 | INFO | iter is 3350 / 25000 [skipped    0] | loc. loss = 0.1885800362, classif. loss = 0.1129267886
2025-09-25 12:58:29,448 | INFO | iter is 3400 / 25000 [skipped    0] | loc. loss = 0.1883790642, classif. loss = 0.4228058457
2025-09-25 12:59:00,168 | INFO | iter is 3450 / 25000 [skipped    0] | loc. loss = 0.1597097218, classif. loss = 0.4011392593
2025-09-25 12:59:30,909 | INFO | iter is 3500 / 25000 [skipped    0] | loc. loss = 0.1547904015, classif. loss = 0.0033199545
2025-09-25 13:00:01,586 | INFO | iter is 3550 / 25000 [skipped    0] | loc. loss = 0.1572333127, classif. loss = 0.4675395191
2025-09-25 13:00:32,297 | INFO | iter is 3600 / 25000 [skipped    0] | loc. loss = 0.1851212680, classif. loss = 0.2227162421
2025-09-25 13:01:03,001 | INFO | iter is 3650 / 25000 [skipped    0] | loc. loss = 0.2041993886, classif. loss = 0.5244383216
2025-09-25 13:01:33,754 | INFO | iter is 3700 / 25000 [skipped    0] | loc. loss = 0.1492703557, classif. loss = 0.0172238406
2025-09-25 13:02:04,446 | INFO | iter is 3750 / 25000 [skipped    0] | loc. loss = 0.1654304266, classif. loss = 0.1105214730
2025-09-25 13:02:35,133 | INFO | iter is 3800 / 25000 [skipped    0] | loc. loss = 0.1454076469, classif. loss = 0.0533449464
2025-09-25 13:03:05,821 | INFO | iter is 3850 / 25000 [skipped    0] | loc. loss = 0.1276471913, classif. loss = 0.0174415782
2025-09-25 13:03:36,571 | INFO | iter is 3900 / 25000 [skipped    0] | loc. loss = 0.1173403412, classif. loss = 0.0087802131
2025-09-25 13:04:07,241 | INFO | iter is 3950 / 25000 [skipped    0] | loc. loss = 0.1779604107, classif. loss = 0.4413776994
2025-09-25 13:04:37,932 | INFO | iter is 4000 / 25000 [skipped    0] | loc. loss = 0.1836116910, classif. loss = 0.4577870071
2025-09-25 13:05:08,583 | INFO | iter is 4050 / 25000 [skipped    0] | loc. loss = 0.1772045940, classif. loss = 0.5105308890
2025-09-25 13:05:39,291 | INFO | iter is 4100 / 25000 [skipped    0] | loc. loss = 0.1765020043, classif. loss = 0.4994727373
2025-09-25 13:06:09,957 | INFO | iter is 4150 / 25000 [skipped    0] | loc. loss = 0.1914855838, classif. loss = 0.0678326115
2025-09-25 13:06:40,637 | INFO | iter is 4200 / 25000 [skipped    0] | loc. loss = 0.1084836423, classif. loss = 0.2927438319
2025-09-25 13:07:11,329 | INFO | iter is 4250 / 25000 [skipped    0] | loc. loss = 0.1285413802, classif. loss = 0.8704183102
2025-09-25 13:07:42,075 | INFO | iter is 4300 / 25000 [skipped    0] | loc. loss = 0.1431891620, classif. loss = 0.0298114009
2025-09-25 13:08:12,759 | INFO | iter is 4350 / 25000 [skipped    0] | loc. loss = 0.1758508980, classif. loss = 0.0980237573
2025-09-25 13:08:43,457 | INFO | iter is 4400 / 25000 [skipped    0] | loc. loss = 0.1777188480, classif. loss = 0.2910195887
2025-09-25 13:09:14,151 | INFO | iter is 4450 / 25000 [skipped    0] | loc. loss = 0.1506081074, classif. loss = 0.1119056046
2025-09-25 13:09:44,895 | INFO | iter is 4500 / 25000 [skipped    0] | loc. loss = 0.1388021111, classif. loss = 0.0159518607
2025-09-25 13:10:15,584 | INFO | iter is 4550 / 25000 [skipped    0] | loc. loss = 0.0850719512, classif. loss = 0.0010965022
2025-09-25 13:10:46,279 | INFO | iter is 4600 / 25000 [skipped    0] | loc. loss = 0.1140266955, classif. loss = 0.5054892898
2025-09-25 13:11:16,975 | INFO | iter is 4650 / 25000 [skipped    0] | loc. loss = 0.1155256703, classif. loss = 0.7045655251
2025-09-25 13:11:47,691 | INFO | iter is 4700 / 25000 [skipped    0] | loc. loss = 0.1255132556, classif. loss = 0.8591734171
2025-09-25 13:12:18,372 | INFO | iter is 4750 / 25000 [skipped    0] | loc. loss = 0.1515249312, classif. loss = 0.4269717932
2025-09-25 13:12:49,049 | INFO | iter is 4800 / 25000 [skipped    0] | loc. loss = 0.1832435727, classif. loss = 0.1245868951
2025-09-25 13:13:19,736 | INFO | iter is 4850 / 25000 [skipped    0] | loc. loss = 0.1126019359, classif. loss = 0.0040472234
2025-09-25 13:13:50,474 | INFO | iter is 4900 / 25000 [skipped    0] | loc. loss = 0.1522381306, classif. loss = 0.5259665251
2025-09-25 13:14:21,160 | INFO | iter is 4950 / 25000 [skipped    0] | loc. loss = 0.1230838820, classif. loss = 0.0421122201
2025-09-25 13:14:51,834 | INFO | iter is 5000 / 25000 [skipped    0] | loc. loss = 0.1152423918, classif. loss = 0.3469001055
2025-09-25 13:15:22,513 | INFO | iter is 5050 / 25000 [skipped    0] | loc. loss = 0.1126400903, classif. loss = 0.1392712891
2025-09-25 13:15:53,264 | INFO | iter is 5100 / 25000 [skipped    0] | loc. loss = 0.1495724916, classif. loss = 0.5490036607
2025-09-25 13:16:23,942 | INFO | iter is 5150 / 25000 [skipped    0] | loc. loss = 0.1453867853, classif. loss = 0.0139791984
2025-09-25 13:16:54,604 | INFO | iter is 5200 / 25000 [skipped    0] | loc. loss = 0.1419841349, classif. loss = 0.3358169198
2025-09-25 13:17:25,289 | INFO | iter is 5250 / 25000 [skipped    0] | loc. loss = 0.0917491317, classif. loss = 0.0995318145
2025-09-25 13:17:56,004 | INFO | iter is 5300 / 25000 [skipped    0] | loc. loss = 0.1248560846, classif. loss = 0.3902839720
2025-09-25 13:18:26,694 | INFO | iter is 5350 / 25000 [skipped    0] | loc. loss = 0.1367049515, classif. loss = 0.6114338636
2025-09-25 13:18:57,373 | INFO | iter is 5400 / 25000 [skipped    0] | loc. loss = 0.1376612335, classif. loss = 0.5036354661
2025-09-25 13:19:28,058 | INFO | iter is 5450 / 25000 [skipped    0] | loc. loss = 0.1398080587, classif. loss = 0.0065975431
2025-09-25 13:19:58,790 | INFO | iter is 5500 / 25000 [skipped    0] | loc. loss = 0.1522327214, classif. loss = 0.1470491290
2025-09-25 13:20:29,474 | INFO | iter is 5550 / 25000 [skipped    0] | loc. loss = 0.1665570736, classif. loss = 0.0344334133
2025-09-25 13:21:00,144 | INFO | iter is 5600 / 25000 [skipped    0] | loc. loss = 0.2021932006, classif. loss = 0.0109680258
2025-09-25 13:21:30,812 | INFO | iter is 5650 / 25000 [skipped    0] | loc. loss = 0.1539444476, classif. loss = 0.1243442744
2025-09-25 13:22:01,559 | INFO | iter is 5700 / 25000 [skipped    0] | loc. loss = 0.1534219980, classif. loss = 0.5834988356
2025-09-25 13:22:32,241 | INFO | iter is 5750 / 25000 [skipped    0] | loc. loss = 0.1046989262, classif. loss = 0.4997040927
2025-09-25 13:23:02,945 | INFO | iter is 5800 / 25000 [skipped    0] | loc. loss = 0.1483114362, classif. loss = 0.0743178204
2025-09-25 13:23:33,631 | INFO | iter is 5850 / 25000 [skipped    0] | loc. loss = 0.2348031402, classif. loss = 0.3741787076
2025-09-25 13:24:04,371 | INFO | iter is 5900 / 25000 [skipped    0] | loc. loss = 0.0708007663, classif. loss = 0.0012162114
2025-09-25 13:24:35,072 | INFO | iter is 5950 / 25000 [skipped    0] | loc. loss = 0.1325959712, classif. loss = 0.1496270448
2025-09-25 13:25:05,768 | INFO | iter is 6000 / 25000 [skipped    0] | loc. loss = 0.1468206346, classif. loss = 0.3974508941
2025-09-25 13:25:36,472 | INFO | iter is 6050 / 25000 [skipped    0] | loc. loss = 0.1132549345, classif. loss = 0.3375424445
2025-09-25 13:26:07,222 | INFO | iter is 6100 / 25000 [skipped    0] | loc. loss = 0.1560314745, classif. loss = 0.0025362798
2025-09-25 13:26:37,917 | INFO | iter is 6150 / 25000 [skipped    0] | loc. loss = 0.1184224486, classif. loss = 0.0023999310
2025-09-25 13:27:08,607 | INFO | iter is 6200 / 25000 [skipped    0] | loc. loss = 0.0914046913, classif. loss = 0.0096385647
2025-09-25 13:27:39,289 | INFO | iter is 6250 / 25000 [skipped    0] | loc. loss = 0.1195551082, classif. loss = 0.0577688739
2025-09-25 13:27:39,291 | INFO | ---------starting evaluation-----------
2025-09-25 13:27:39,679 | INFO | validation:    0/ 378 (2025-09-25_13-27-39)
2025-09-25 13:27:52,103 | INFO | validation:  100/ 378 (2025-09-25_13-27-52)
2025-09-25 13:28:04,504 | INFO | validation:  200/ 378 (2025-09-25_13-28-04)
2025-09-25 13:28:16,896 | INFO | validation:  300/ 378 (2025-09-25_13-28-16)
2025-09-25 13:28:26,571 | INFO | Confusion Matrix of Localization:
[[88034158   735534]
 [ 1006646  9314094]]
2025-09-25 13:28:26,571 | INFO | Confusion Matrix of Localization - Normalized:
[[0.99171413 0.00828587]
 [0.09753622 0.90246378]]
2025-09-25 13:28:26,571 | INFO | Confusion Matrix of Classification:
[[      0       0       0       0       0]
 [      0 9941412   37920   27236    9154]
 [      0   59264   32796    9206       0]
 [      0   71474    4444   14186    1720]
 [      0   23620   13570   39314   35424]]
2025-09-25 13:28:26,571 | INFO | Confusion Matrix of Classification - Normalized:
[[           nan            nan            nan            nan
             nan]
 [0.00000000e+00 9.92580665e-01 3.78604758e-03 2.71932468e-03
  9.13963067e-04]
 [0.00000000e+00 5.85230976e-01 3.23859933e-01 9.09090909e-02
  0.00000000e+00]
 [0.00000000e+00 7.78380380e-01 4.83969333e-02 1.54491201e-01
  1.87314863e-02]
 [0.00000000e+00 2.11028518e-01 1.21238653e-01 3.51243657e-01
  3.16489172e-01]]
2025-09-25 13:28:26,571 | INFO | lofF1 is 91.4475, clfF1 is 31.8776, oaF1 is 49.7486, sub class F1 score is [98.863  34.5228 15.6091 44.7765]
2025-09-25 13:28:26,830 | INFO | Model saved in: /mnt/storage1/alpgenc/change_detection/ChangeMamba_AG/changedetection/deneme_saved_models/tr2025-09-25_12-22-50_MambaBDA_Base_EarthquakeTurkey_FOCAL/model_step6250.pth
2025-09-25 13:28:57,598 | INFO | iter is 6300 / 25000 [skipped    0] | loc. loss = 0.1153670400, classif. loss = 0.0262147039
2025-09-25 13:29:28,278 | INFO | iter is 6350 / 25000 [skipped    0] | loc. loss = 0.1792244017, classif. loss = 0.3208405674
2025-09-25 13:29:58,951 | INFO | iter is 6400 / 25000 [skipped    0] | loc. loss = 0.1091481969, classif. loss = 0.0026245769
2025-09-25 13:30:29,640 | INFO | iter is 6450 / 25000 [skipped    0] | loc. loss = 0.1372589022, classif. loss = 0.4666205049
2025-09-25 13:31:00,368 | INFO | iter is 6500 / 25000 [skipped    0] | loc. loss = 0.1037767082, classif. loss = 0.0079340152
2025-09-25 13:31:31,050 | INFO | iter is 6550 / 25000 [skipped    0] | loc. loss = 0.1333354712, classif. loss = 0.1380209774
2025-09-25 13:32:01,715 | INFO | iter is 6600 / 25000 [skipped    0] | loc. loss = 0.0978949219, classif. loss = 0.0125422627
2025-09-25 13:32:32,385 | INFO | iter is 6650 / 25000 [skipped    0] | loc. loss = 0.1177832931, classif. loss = 0.0801959410
2025-09-25 13:33:03,101 | INFO | iter is 6700 / 25000 [skipped    0] | loc. loss = 0.1033635661, classif. loss = 0.0951828286
2025-09-25 13:33:33,781 | INFO | iter is 6750 / 25000 [skipped    0] | loc. loss = 0.1303814948, classif. loss = 0.0214605704
2025-09-25 13:34:04,444 | INFO | iter is 6800 / 25000 [skipped    0] | loc. loss = 0.1526964754, classif. loss = 0.0564401634
2025-09-25 13:34:35,106 | INFO | iter is 6850 / 25000 [skipped    0] | loc. loss = 0.1668364108, classif. loss = 0.2348151505
2025-09-25 13:35:05,816 | INFO | iter is 6900 / 25000 [skipped    0] | loc. loss = 0.0823037624, classif. loss = 0.0022554675
2025-09-25 13:35:36,484 | INFO | iter is 6950 / 25000 [skipped    0] | loc. loss = 0.1925732791, classif. loss = 0.2612223923
2025-09-25 13:36:07,165 | INFO | iter is 7000 / 25000 [skipped    0] | loc. loss = 0.1878603101, classif. loss = 0.0053195241
2025-09-25 13:36:37,843 | INFO | iter is 7050 / 25000 [skipped    0] | loc. loss = 0.1286916584, classif. loss = 0.0129729398
2025-09-25 13:37:08,567 | INFO | iter is 7100 / 25000 [skipped    0] | loc. loss = 0.1498426199, classif. loss = 0.5557965636
2025-09-25 13:37:39,250 | INFO | iter is 7150 / 25000 [skipped    0] | loc. loss = 0.1627385914, classif. loss = 0.2001001090
2025-09-25 13:38:09,926 | INFO | iter is 7200 / 25000 [skipped    0] | loc. loss = 0.1447240412, classif. loss = 0.0465865806
2025-09-25 13:38:40,664 | INFO | iter is 7250 / 25000 [skipped    0] | loc. loss = 0.1653660834, classif. loss = 0.0641815811
2025-09-25 13:39:11,335 | INFO | iter is 7300 / 25000 [skipped    0] | loc. loss = 0.1637545228, classif. loss = 0.3270882368
2025-09-25 13:39:42,016 | INFO | iter is 7350 / 25000 [skipped    0] | loc. loss = 0.1048870236, classif. loss = 0.0187033676
2025-09-25 13:40:12,683 | INFO | iter is 7400 / 25000 [skipped    0] | loc. loss = 0.1412246823, classif. loss = 0.0160175264
2025-09-25 13:40:43,419 | INFO | iter is 7450 / 25000 [skipped    0] | loc. loss = 0.0890222564, classif. loss = 0.0014138012
2025-09-25 13:41:14,093 | INFO | iter is 7500 / 25000 [skipped    0] | loc. loss = 0.1184579954, classif. loss = 0.0063454071
2025-09-25 13:41:44,769 | INFO | iter is 7550 / 25000 [skipped    0] | loc. loss = 0.1553662717, classif. loss = 0.0158311371
2025-09-25 13:42:15,454 | INFO | iter is 7600 / 25000 [skipped    0] | loc. loss = 0.1336905658, classif. loss = 0.0598214231
2025-09-25 13:42:46,187 | INFO | iter is 7650 / 25000 [skipped    0] | loc. loss = 0.1268507987, classif. loss = 0.1610101759
2025-09-25 13:43:16,865 | INFO | iter is 7700 / 25000 [skipped    0] | loc. loss = 0.0976088941, classif. loss = 0.0008878339
2025-09-25 13:43:47,533 | INFO | iter is 7750 / 25000 [skipped    0] | loc. loss = 0.1412804723, classif. loss = 0.1409018189
2025-09-25 13:44:18,208 | INFO | iter is 7800 / 25000 [skipped    0] | loc. loss = 0.1276619434, classif. loss = 0.4441099167
2025-09-25 13:44:48,930 | INFO | iter is 7850 / 25000 [skipped    0] | loc. loss = 0.1007753164, classif. loss = 0.0333735012
2025-09-25 13:45:19,601 | INFO | iter is 7900 / 25000 [skipped    0] | loc. loss = 0.0763722807, classif. loss = 0.2851614654
2025-09-25 13:45:50,269 | INFO | iter is 7950 / 25000 [skipped    0] | loc. loss = 0.0991215184, classif. loss = 0.2558124959
2025-09-25 13:46:20,941 | INFO | iter is 8000 / 25000 [skipped    0] | loc. loss = 0.1201454028, classif. loss = 0.5929296613
2025-09-25 13:46:51,666 | INFO | iter is 8050 / 25000 [skipped    0] | loc. loss = 0.1485049427, classif. loss = 0.1878071278
2025-09-25 13:47:22,330 | INFO | iter is 8100 / 25000 [skipped    0] | loc. loss = 0.1159235686, classif. loss = 0.0041443226
2025-09-25 13:47:53,003 | INFO | iter is 8150 / 25000 [skipped    0] | loc. loss = 0.1563716829, classif. loss = 0.4363680482
2025-09-25 13:48:23,682 | INFO | iter is 8200 / 25000 [skipped    0] | loc. loss = 0.1199589819, classif. loss = 0.0523790196
2025-09-25 13:48:54,417 | INFO | iter is 8250 / 25000 [skipped    0] | loc. loss = 0.0985059217, classif. loss = 0.0005573949
2025-09-25 13:49:25,102 | INFO | iter is 8300 / 25000 [skipped    0] | loc. loss = 0.1205993816, classif. loss = 0.0168803129
2025-09-25 13:49:55,780 | INFO | iter is 8350 / 25000 [skipped    0] | loc. loss = 0.1777927577, classif. loss = 0.3340602815
2025-09-25 13:50:26,447 | INFO | iter is 8400 / 25000 [skipped    0] | loc. loss = 0.1196257919, classif. loss = 0.0053118514
2025-09-25 13:50:57,193 | INFO | iter is 8450 / 25000 [skipped    0] | loc. loss = 0.1166938320, classif. loss = 0.3836169243
2025-09-25 13:51:27,863 | INFO | iter is 8500 / 25000 [skipped    0] | loc. loss = 0.1164336875, classif. loss = 0.0078042811
2025-09-25 13:51:58,539 | INFO | iter is 8550 / 25000 [skipped    0] | loc. loss = 0.1188159585, classif. loss = 0.4169892073
2025-09-25 13:52:29,230 | INFO | iter is 8600 / 25000 [skipped    0] | loc. loss = 0.1037460268, classif. loss = 0.1131271645
2025-09-25 13:52:59,959 | INFO | iter is 8650 / 25000 [skipped    0] | loc. loss = 0.1428650320, classif. loss = 0.6339966059
2025-09-25 13:53:30,627 | INFO | iter is 8700 / 25000 [skipped    0] | loc. loss = 0.0948362797, classif. loss = 0.4218470752
2025-09-25 13:54:01,307 | INFO | iter is 8750 / 25000 [skipped    0] | loc. loss = 0.1379480064, classif. loss = 0.4356658757
2025-09-25 13:54:31,981 | INFO | iter is 8800 / 25000 [skipped    0] | loc. loss = 0.1369424164, classif. loss = 0.0059322175
2025-09-25 13:55:02,960 | INFO | iter is 8850 / 25000 [skipped    0] | loc. loss = 0.0941427201, classif. loss = 0.1441401541
2025-09-25 13:55:33,717 | INFO | iter is 8900 / 25000 [skipped    0] | loc. loss = 0.1678849459, classif. loss = 0.2132153958
2025-09-25 13:56:04,454 | INFO | iter is 8950 / 25000 [skipped    0] | loc. loss = 0.0968280062, classif. loss = 0.0419847593
2025-09-25 13:56:35,198 | INFO | iter is 9000 / 25000 [skipped    0] | loc. loss = 0.1155188903, classif. loss = 0.0638463050
2025-09-25 13:57:06,166 | INFO | iter is 9050 / 25000 [skipped    0] | loc. loss = 0.0897446573, classif. loss = 0.0556534752
2025-09-25 13:57:36,966 | INFO | iter is 9100 / 25000 [skipped    0] | loc. loss = 0.1308131814, classif. loss = 0.0167698003
2025-09-25 13:58:07,756 | INFO | iter is 9150 / 25000 [skipped    0] | loc. loss = 0.1447325349, classif. loss = 0.4285730422
2025-09-25 13:58:38,468 | INFO | iter is 9200 / 25000 [skipped    0] | loc. loss = 0.1094025224, classif. loss = 0.0052361954
2025-09-25 13:59:09,246 | INFO | iter is 9250 / 25000 [skipped    0] | loc. loss = 0.1431296319, classif. loss = 0.0102052605
2025-09-25 13:59:39,988 | INFO | iter is 9300 / 25000 [skipped    0] | loc. loss = 0.1328009665, classif. loss = 0.0090740165
2025-09-25 14:00:10,763 | INFO | iter is 9350 / 25000 [skipped    0] | loc. loss = 0.0776104331, classif. loss = 0.0003607305
2025-09-25 14:00:26,131 | INFO | ---------starting evaluation-----------
2025-09-25 14:00:26,529 | INFO | validation:    0/ 378 (2025-09-25_14-00-26)
2025-09-25 14:00:39,010 | INFO | validation:  100/ 378 (2025-09-25_14-00-39)
2025-09-25 14:00:51,463 | INFO | validation:  200/ 378 (2025-09-25_14-00-51)
2025-09-25 14:01:03,901 | INFO | validation:  300/ 378 (2025-09-25_14-01-03)
2025-09-25 14:01:13,617 | INFO | Confusion Matrix of Localization:
[[88089158   680534]
 [  974594  9346146]]
2025-09-25 14:01:13,617 | INFO | Confusion Matrix of Localization - Normalized:
[[0.99233371 0.00766629]
 [0.09443063 0.90556937]]
2025-09-25 14:01:13,617 | INFO | Confusion Matrix of Classification:
[[      0       0       0       0       0]
 [     26 9895826   82480   22968   14422]
 [      0   44044   43646   13052     524]
 [      0   67434    5292   14648    4450]
 [      0   13060    7380   13784   77704]]
2025-09-25 14:01:13,618 | INFO | Confusion Matrix of Classification - Normalized:
[[           nan            nan            nan            nan
             nan]
 [2.59591870e-06 9.88029220e-01 8.23505285e-03 2.29319464e-03
  1.43993613e-03]
 [0.00000000e+00 4.34933739e-01 4.31003496e-01 1.28888274e-01
  5.17449094e-03]
 [0.00000000e+00 7.34383168e-01 5.76319916e-02 1.59522565e-01
  4.84622757e-02]
 [0.00000000e+00 1.16682153e-01 6.59352441e-02 1.23150597e-01
  6.94232006e-01]]
2025-09-25 14:01:13,618 | INFO | lofF1 is 91.8657, clfF1 is 38.3073, oaF1 is 54.3748, sub class F1 score is [98.78   36.362  18.7463 74.3479]
2025-09-25 14:01:13,884 | INFO | Model saved in: /mnt/storage1/alpgenc/change_detection/ChangeMamba_AG/changedetection/deneme_saved_models/tr2025-09-25_12-22-50_MambaBDA_Base_EarthquakeTurkey_FOCAL/model_step9375.pth
2025-09-25 14:01:29,296 | INFO | iter is 9400 / 25000 [skipped    0] | loc. loss = 0.1131181568, classif. loss = 0.1756097972
2025-09-25 14:02:00,109 | INFO | iter is 9450 / 25000 [skipped    0] | loc. loss = 0.1122416928, classif. loss = 0.1326253563
2025-09-25 14:02:30,862 | INFO | iter is 9500 / 25000 [skipped    0] | loc. loss = 0.1296984404, classif. loss = 0.0013922051
2025-09-25 14:03:01,684 | INFO | iter is 9550 / 25000 [skipped    0] | loc. loss = 0.1794492006, classif. loss = 0.1859475821
2025-09-25 14:03:32,448 | INFO | iter is 9600 / 25000 [skipped    0] | loc. loss = 0.1213186085, classif. loss = 0.0239848346
2025-09-25 14:04:03,264 | INFO | iter is 9650 / 25000 [skipped    0] | loc. loss = 0.1485813558, classif. loss = 0.2441517562
2025-09-25 14:04:34,022 | INFO | iter is 9700 / 25000 [skipped    0] | loc. loss = 0.1421996057, classif. loss = 0.5031116009
2025-09-25 14:05:04,768 | INFO | iter is 9750 / 25000 [skipped    0] | loc. loss = 0.1521929353, classif. loss = 0.3235815167
2025-09-25 14:05:35,606 | INFO | iter is 9800 / 25000 [skipped    0] | loc. loss = 0.1333629042, classif. loss = 0.4617280364
2025-09-25 14:06:06,385 | INFO | iter is 9850 / 25000 [skipped    0] | loc. loss = 0.1552597433, classif. loss = 0.0787097737
2025-09-25 14:06:37,203 | INFO | iter is 9900 / 25000 [skipped    0] | loc. loss = 0.1155349910, classif. loss = 0.0007966905
2025-09-25 14:07:07,971 | INFO | iter is 9950 / 25000 [skipped    0] | loc. loss = 0.2275262922, classif. loss = 0.4149236083
2025-09-25 14:07:38,729 | INFO | iter is 10000 / 25000 [skipped    0] | loc. loss = 0.0929725692, classif. loss = 0.0095217563
2025-09-25 14:08:09,558 | INFO | iter is 10050 / 25000 [skipped    0] | loc. loss = 0.0982766971, classif. loss = 0.0065464671
2025-09-25 14:08:40,313 | INFO | iter is 10100 / 25000 [skipped    0] | loc. loss = 0.0960977226, classif. loss = 0.0009084088
2025-09-25 14:09:11,113 | INFO | iter is 10150 / 25000 [skipped    0] | loc. loss = 0.1194838807, classif. loss = 0.1638150960
2025-09-25 14:09:41,883 | INFO | iter is 10200 / 25000 [skipped    0] | loc. loss = 0.1156736761, classif. loss = 0.6083346605
2025-09-25 14:10:12,946 | INFO | iter is 10250 / 25000 [skipped    0] | loc. loss = 0.0842549726, classif. loss = 0.0023286887
2025-09-25 14:10:43,722 | INFO | iter is 10300 / 25000 [skipped    0] | loc. loss = 0.1220335513, classif. loss = 0.1593652368
2025-09-25 14:11:14,498 | INFO | iter is 10350 / 25000 [skipped    0] | loc. loss = 0.1334297061, classif. loss = 0.1157917231
2025-09-25 14:11:45,321 | INFO | iter is 10400 / 25000 [skipped    0] | loc. loss = 0.1097742394, classif. loss = 0.0040214509
2025-09-25 14:12:16,094 | INFO | iter is 10450 / 25000 [skipped    0] | loc. loss = 0.1224916726, classif. loss = 0.0577548146
2025-09-25 14:12:46,916 | INFO | iter is 10500 / 25000 [skipped    0] | loc. loss = 0.1130856946, classif. loss = 0.3056949973
2025-09-25 14:13:17,668 | INFO | iter is 10550 / 25000 [skipped    0] | loc. loss = 0.1551831961, classif. loss = 0.4925598800
2025-09-25 14:13:48,395 | INFO | iter is 10600 / 25000 [skipped    0] | loc. loss = 0.1090889871, classif. loss = 0.5017232299
2025-09-25 14:14:19,197 | INFO | iter is 10650 / 25000 [skipped    0] | loc. loss = 0.0966304690, classif. loss = 0.0629164875
2025-09-25 14:14:49,943 | INFO | iter is 10700 / 25000 [skipped    0] | loc. loss = 0.1266706735, classif. loss = 0.0799191371
2025-09-25 14:15:20,749 | INFO | iter is 10750 / 25000 [skipped    0] | loc. loss = 0.1441700757, classif. loss = 0.4364000559
2025-09-25 14:15:51,497 | INFO | iter is 10800 / 25000 [skipped    0] | loc. loss = 0.1173444241, classif. loss = 0.0821987689
2025-09-25 14:16:22,283 | INFO | iter is 10850 / 25000 [skipped    0] | loc. loss = 0.1246897280, classif. loss = 0.0155992527
2025-09-25 14:16:53,019 | INFO | iter is 10900 / 25000 [skipped    0] | loc. loss = 0.1520292163, classif. loss = 0.1738974750
2025-09-25 14:17:23,764 | INFO | iter is 10950 / 25000 [skipped    0] | loc. loss = 0.0948705599, classif. loss = 0.4803740978
2025-09-25 14:17:54,567 | INFO | iter is 11000 / 25000 [skipped    0] | loc. loss = 0.1020887941, classif. loss = 0.3979153633
2025-09-25 14:18:25,323 | INFO | iter is 11050 / 25000 [skipped    0] | loc. loss = 0.1779159904, classif. loss = 0.2120864689
2025-09-25 14:18:56,114 | INFO | iter is 11100 / 25000 [skipped    0] | loc. loss = 0.1056270301, classif. loss = 0.3210735321
2025-09-25 14:19:26,856 | INFO | iter is 11150 / 25000 [skipped    0] | loc. loss = 0.1430333257, classif. loss = 0.1273102760
2025-09-25 14:19:57,592 | INFO | iter is 11200 / 25000 [skipped    0] | loc. loss = 0.0988405272, classif. loss = 0.1938605905
2025-09-25 14:20:28,417 | INFO | iter is 11250 / 25000 [skipped    0] | loc. loss = 0.1193694323, classif. loss = 0.3773704767
2025-09-25 14:20:59,151 | INFO | iter is 11300 / 25000 [skipped    0] | loc. loss = 0.1152214333, classif. loss = 0.5532813072
2025-09-25 14:21:29,957 | INFO | iter is 11350 / 25000 [skipped    0] | loc. loss = 0.1071864069, classif. loss = 0.0778983682
2025-09-25 14:22:00,703 | INFO | iter is 11400 / 25000 [skipped    0] | loc. loss = 0.1247855872, classif. loss = 0.0625729263
2025-09-25 14:22:31,545 | INFO | iter is 11450 / 25000 [skipped    0] | loc. loss = 0.1490110755, classif. loss = 0.0077038696
2025-09-25 14:23:02,369 | INFO | iter is 11500 / 25000 [skipped    0] | loc. loss = 0.1265607923, classif. loss = 0.0474206582
2025-09-25 14:23:33,373 | INFO | iter is 11550 / 25000 [skipped    0] | loc. loss = 0.1075835899, classif. loss = 0.0037962617
2025-09-25 14:24:04,319 | INFO | iter is 11600 / 25000 [skipped    0] | loc. loss = 0.1536723673, classif. loss = 0.0990356505
2025-09-25 14:24:35,141 | INFO | iter is 11650 / 25000 [skipped    0] | loc. loss = 0.0873709023, classif. loss = 0.3158503473
2025-09-25 14:25:05,986 | INFO | iter is 11700 / 25000 [skipped    0] | loc. loss = 0.1634144038, classif. loss = 0.4403204918
2025-09-25 14:25:36,811 | INFO | iter is 11750 / 25000 [skipped    0] | loc. loss = 0.1482093483, classif. loss = 0.0027328029
2025-09-25 14:26:07,660 | INFO | iter is 11800 / 25000 [skipped    0] | loc. loss = 0.0769490451, classif. loss = 0.5475288033
2025-09-25 14:26:38,672 | INFO | iter is 11850 / 25000 [skipped    0] | loc. loss = 0.1616135687, classif. loss = 0.0157450978
2025-09-25 14:27:09,503 | INFO | iter is 11900 / 25000 [skipped    0] | loc. loss = 0.0823170170, classif. loss = 0.0083085895
2025-09-25 14:27:40,554 | INFO | iter is 11950 / 25000 [skipped    0] | loc. loss = 0.1218349040, classif. loss = 0.0353467092
2025-09-25 14:28:11,557 | INFO | iter is 12000 / 25000 [skipped    0] | loc. loss = 0.1177038476, classif. loss = 0.3034967184
2025-09-25 14:28:42,628 | INFO | iter is 12050 / 25000 [skipped    0] | loc. loss = 0.1172711402, classif. loss = 0.3081521392
2025-09-25 14:29:13,540 | INFO | iter is 12100 / 25000 [skipped    0] | loc. loss = 0.1536556929, classif. loss = 0.1625698656
2025-09-25 14:29:44,458 | INFO | iter is 12150 / 25000 [skipped    0] | loc. loss = 0.1273099780, classif. loss = 0.1423732936
2025-09-25 14:30:15,328 | INFO | iter is 12200 / 25000 [skipped    0] | loc. loss = 0.1534860879, classif. loss = 0.2398667634
2025-09-25 14:30:46,077 | INFO | iter is 12250 / 25000 [skipped    0] | loc. loss = 0.1513795406, classif. loss = 0.1867347956
2025-09-25 14:31:16,899 | INFO | iter is 12300 / 25000 [skipped    0] | loc. loss = 0.0858998671, classif. loss = 0.3788996935
2025-09-25 14:31:47,722 | INFO | iter is 12350 / 25000 [skipped    0] | loc. loss = 0.1227437183, classif. loss = 0.0285593010
2025-09-25 14:32:18,574 | INFO | iter is 12400 / 25000 [skipped    0] | loc. loss = 0.1065556556, classif. loss = 0.0919229016
2025-09-25 14:32:49,321 | INFO | iter is 12450 / 25000 [skipped    0] | loc. loss = 0.1159107164, classif. loss = 0.0025957439
2025-09-25 14:33:20,056 | INFO | iter is 12500 / 25000 [skipped    0] | loc. loss = 0.0903050154, classif. loss = 0.0370481014
2025-09-25 14:33:20,057 | INFO | ---------starting evaluation-----------
2025-09-25 14:33:20,452 | INFO | validation:    0/ 378 (2025-09-25_14-33-20)
2025-09-25 14:33:32,956 | INFO | validation:  100/ 378 (2025-09-25_14-33-32)
2025-09-25 14:33:45,396 | INFO | validation:  200/ 378 (2025-09-25_14-33-45)
2025-09-25 14:33:57,844 | INFO | validation:  300/ 378 (2025-09-25_14-33-57)
2025-09-25 14:34:07,569 | INFO | Confusion Matrix of Localization:
[[88036932   732760]
 [  871388  9449352]]
2025-09-25 14:34:07,569 | INFO | Confusion Matrix of Localization - Normalized:
[[0.99174538 0.00825462]
 [0.08443077 0.91556923]]
2025-09-25 14:34:07,569 | INFO | Confusion Matrix of Classification:
[[      0       0       0       0       0]
 [      0 9971010   13774    7842   23096]
 [      0   72378   23998    3320    1570]
 [      0   69676    4390   14554    3204]
 [      0   19792    1152    9962   81022]]
2025-09-25 14:34:07,570 | INFO | Confusion Matrix of Classification - Normalized:
[[           nan            nan            nan            nan
             nan]
 [0.00000000e+00 9.95535819e-01 1.37523785e-03 7.82969016e-04
  2.30597455e-03]
 [0.00000000e+00 7.14731499e-01 2.36979835e-01 3.27849426e-02
  1.55037229e-02]
 [0.00000000e+00 7.58799442e-01 4.78088517e-02 1.58498867e-01
  3.48928385e-02]
 [0.00000000e+00 1.76827961e-01 1.02923308e-02 8.90036452e-02
  7.23876063e-01]]
2025-09-25 14:34:07,570 | INFO | lofF1 is 92.1760, clfF1 is 40.9596, oaF1 is 56.3245, sub class F1 score is [98.9748 33.1968 22.8294 73.3828]
2025-09-25 14:34:07,834 | INFO | Model saved in: /mnt/storage1/alpgenc/change_detection/ChangeMamba_AG/changedetection/deneme_saved_models/tr2025-09-25_12-22-50_MambaBDA_Base_EarthquakeTurkey_FOCAL/model_step12500.pth
2025-09-25 14:34:38,677 | INFO | iter is 12550 / 25000 [skipped    0] | loc. loss = 0.0634990335, classif. loss = 0.4479327500
2025-09-25 14:35:09,478 | INFO | iter is 12600 / 25000 [skipped    0] | loc. loss = 0.1263039112, classif. loss = 0.0353790857
2025-09-25 14:35:40,222 | INFO | iter is 12650 / 25000 [skipped    0] | loc. loss = 0.1014215201, classif. loss = 0.0861903131
2025-09-25 14:36:11,007 | INFO | iter is 12700 / 25000 [skipped    0] | loc. loss = 0.1327627599, classif. loss = 0.0763379484
2025-09-25 14:36:41,758 | INFO | iter is 12750 / 25000 [skipped    0] | loc. loss = 0.0863973871, classif. loss = 0.4454420507
2025-09-25 14:37:12,573 | INFO | iter is 12800 / 25000 [skipped    0] | loc. loss = 0.0600328967, classif. loss = 0.3533046544
2025-09-25 14:37:43,303 | INFO | iter is 12850 / 25000 [skipped    0] | loc. loss = 0.0757322162, classif. loss = 0.2872603536
2025-09-25 14:38:14,097 | INFO | iter is 12900 / 25000 [skipped    0] | loc. loss = 0.1212272495, classif. loss = 0.0004420397
2025-09-25 14:38:44,890 | INFO | iter is 12950 / 25000 [skipped    0] | loc. loss = 0.0953397974, classif. loss = 0.0020329694
2025-09-25 14:39:15,642 | INFO | iter is 13000 / 25000 [skipped    0] | loc. loss = 0.1277690977, classif. loss = 0.0628056675
2025-09-25 14:39:46,439 | INFO | iter is 13050 / 25000 [skipped    0] | loc. loss = 0.1316326261, classif. loss = 0.0760283917
2025-09-25 14:40:17,186 | INFO | iter is 13100 / 25000 [skipped    0] | loc. loss = 0.1416234672, classif. loss = 0.0004148062
2025-09-25 14:40:47,975 | INFO | iter is 13150 / 25000 [skipped    0] | loc. loss = 0.1154776365, classif. loss = 0.0114139505
2025-09-25 14:41:18,771 | INFO | iter is 13200 / 25000 [skipped    0] | loc. loss = 0.1301921010, classif. loss = 0.0008669132
2025-09-25 14:41:49,520 | INFO | iter is 13250 / 25000 [skipped    0] | loc. loss = 0.0821102038, classif. loss = 0.1539679915
2025-09-25 14:42:20,311 | INFO | iter is 13300 / 25000 [skipped    0] | loc. loss = 0.1461380124, classif. loss = 0.0159740970
2025-09-25 14:42:51,060 | INFO | iter is 13350 / 25000 [skipped    0] | loc. loss = 0.1245934889, classif. loss = 0.0249592494
2025-09-25 14:43:21,859 | INFO | iter is 13400 / 25000 [skipped    0] | loc. loss = 0.1430461258, classif. loss = 0.3563316762
2025-09-25 14:43:52,593 | INFO | iter is 13450 / 25000 [skipped    0] | loc. loss = 0.1178790405, classif. loss = 0.0809169859
2025-09-25 14:44:23,396 | INFO | iter is 13500 / 25000 [skipped    0] | loc. loss = 0.1067824513, classif. loss = 0.3470940292
2025-09-25 14:44:54,199 | INFO | iter is 13550 / 25000 [skipped    0] | loc. loss = 0.1130697206, classif. loss = 0.1686181575
2025-09-25 14:45:24,950 | INFO | iter is 13600 / 25000 [skipped    0] | loc. loss = 0.1575973630, classif. loss = 0.5970762968
2025-09-25 14:45:55,739 | INFO | iter is 13650 / 25000 [skipped    0] | loc. loss = 0.1382648647, classif. loss = 0.1187211499
2025-09-25 14:46:26,470 | INFO | iter is 13700 / 25000 [skipped    0] | loc. loss = 0.1266711354, classif. loss = 0.0056232549
2025-09-25 14:46:57,267 | INFO | iter is 13750 / 25000 [skipped    0] | loc. loss = 0.1255384088, classif. loss = 0.0161159690
2025-09-25 14:47:28,023 | INFO | iter is 13800 / 25000 [skipped    0] | loc. loss = 0.1471888125, classif. loss = 0.0174168497
2025-09-25 14:47:58,830 | INFO | iter is 13850 / 25000 [skipped    0] | loc. loss = 0.1088761315, classif. loss = 0.0067950003
2025-09-25 14:48:29,639 | INFO | iter is 13900 / 25000 [skipped    0] | loc. loss = 0.1720954776, classif. loss = 0.2606799603
2025-09-25 14:49:00,380 | INFO | iter is 13950 / 25000 [skipped    0] | loc. loss = 0.1478479952, classif. loss = 0.3061212003
2025-09-25 14:49:31,180 | INFO | iter is 14000 / 25000 [skipped    0] | loc. loss = 0.1000567526, classif. loss = 0.3694918752
2025-09-25 14:50:01,929 | INFO | iter is 14050 / 25000 [skipped    0] | loc. loss = 0.0803102106, classif. loss = 0.0002242055
2025-09-25 14:50:32,728 | INFO | iter is 14100 / 25000 [skipped    0] | loc. loss = 0.0625834614, classif. loss = 0.0033145773
2025-09-25 14:51:03,485 | INFO | iter is 14150 / 25000 [skipped    0] | loc. loss = 0.1256313622, classif. loss = 0.2619921863
2025-09-25 14:51:34,288 | INFO | iter is 14200 / 25000 [skipped    0] | loc. loss = 0.1261199117, classif. loss = 0.0231849253
2025-09-25 14:52:05,079 | INFO | iter is 14250 / 25000 [skipped    0] | loc. loss = 0.1414893270, classif. loss = 0.5426046252
2025-09-25 14:52:35,832 | INFO | iter is 14300 / 25000 [skipped    0] | loc. loss = 0.0927965119, classif. loss = 0.0005515118
2025-09-25 14:53:06,630 | INFO | iter is 14350 / 25000 [skipped    0] | loc. loss = 0.1187410504, classif. loss = 0.4355389774
2025-09-25 14:53:37,381 | INFO | iter is 14400 / 25000 [skipped    0] | loc. loss = 0.1257910132, classif. loss = 0.2739475667
2025-09-25 14:54:08,176 | INFO | iter is 14450 / 25000 [skipped    0] | loc. loss = 0.1046610326, classif. loss = 0.0066485088
2025-09-25 14:54:38,940 | INFO | iter is 14500 / 25000 [skipped    0] | loc. loss = 0.0425878391, classif. loss = 0.0000952196
2025-09-25 14:55:09,728 | INFO | iter is 14550 / 25000 [skipped    0] | loc. loss = 0.1277754903, classif. loss = 0.0013394227
2025-09-25 14:55:40,521 | INFO | iter is 14600 / 25000 [skipped    0] | loc. loss = 0.1417264938, classif. loss = 0.0353814848
2025-09-25 14:56:11,251 | INFO | iter is 14650 / 25000 [skipped    0] | loc. loss = 0.1284654140, classif. loss = 0.0099575529
2025-09-25 14:56:42,053 | INFO | iter is 14700 / 25000 [skipped    0] | loc. loss = 0.0980836451, classif. loss = 0.2711393833
2025-09-25 14:57:12,806 | INFO | iter is 14750 / 25000 [skipped    0] | loc. loss = 0.1007677838, classif. loss = 0.0154165700
2025-09-25 14:57:43,583 | INFO | iter is 14800 / 25000 [skipped    0] | loc. loss = 0.0939173624, classif. loss = 0.0010526039
2025-09-25 14:58:14,329 | INFO | iter is 14850 / 25000 [skipped    0] | loc. loss = 0.0996941328, classif. loss = 0.0018718321
2025-09-25 14:58:45,143 | INFO | iter is 14900 / 25000 [skipped    0] | loc. loss = 0.0718617439, classif. loss = 0.0017467123
2025-09-25 14:59:15,945 | INFO | iter is 14950 / 25000 [skipped    0] | loc. loss = 0.1098117083, classif. loss = 0.0008745280
2025-09-25 14:59:46,705 | INFO | iter is 15000 / 25000 [skipped    0] | loc. loss = 0.1070734784, classif. loss = 0.2713093758
2025-09-25 15:00:17,508 | INFO | iter is 15050 / 25000 [skipped    0] | loc. loss = 0.0961065143, classif. loss = 0.1601549089
2025-09-25 15:00:48,241 | INFO | iter is 15100 / 25000 [skipped    0] | loc. loss = 0.0937290788, classif. loss = 0.2944350243
2025-09-25 15:01:19,034 | INFO | iter is 15150 / 25000 [skipped    0] | loc. loss = 0.1646406651, classif. loss = 0.1215716898
2025-09-25 15:01:49,837 | INFO | iter is 15200 / 25000 [skipped    0] | loc. loss = 0.1077212244, classif. loss = 0.0382434800
2025-09-25 15:02:20,585 | INFO | iter is 15250 / 25000 [skipped    0] | loc. loss = 0.1206872538, classif. loss = 0.0332826823
2025-09-25 15:02:51,422 | INFO | iter is 15300 / 25000 [skipped    0] | loc. loss = 0.1153796464, classif. loss = 0.1808099300
2025-09-25 15:03:22,171 | INFO | iter is 15350 / 25000 [skipped    0] | loc. loss = 0.0851165876, classif. loss = 0.2414504886
2025-09-25 15:03:52,966 | INFO | iter is 15400 / 25000 [skipped    0] | loc. loss = 0.1393370628, classif. loss = 0.4222889543
2025-09-25 15:04:23,711 | INFO | iter is 15450 / 25000 [skipped    0] | loc. loss = 0.0867136791, classif. loss = 0.0007854176
2025-09-25 15:04:54,498 | INFO | iter is 15500 / 25000 [skipped    0] | loc. loss = 0.1088627279, classif. loss = 0.1106003970
2025-09-25 15:05:25,292 | INFO | iter is 15550 / 25000 [skipped    0] | loc. loss = 0.0788572133, classif. loss = 0.0009953284
2025-09-25 15:05:56,034 | INFO | iter is 15600 / 25000 [skipped    0] | loc. loss = 0.1315857172, classif. loss = 0.2660664916
2025-09-25 15:06:11,410 | INFO | ---------starting evaluation-----------
2025-09-25 15:06:11,811 | INFO | validation:    0/ 378 (2025-09-25_15-06-11)
2025-09-25 15:06:24,278 | INFO | validation:  100/ 378 (2025-09-25_15-06-24)
2025-09-25 15:06:36,720 | INFO | validation:  200/ 378 (2025-09-25_15-06-36)
2025-09-25 15:06:49,178 | INFO | validation:  300/ 378 (2025-09-25_15-06-49)
2025-09-25 15:06:58,914 | INFO | Confusion Matrix of Localization:
[[88044592   725100]
 [  834448  9486292]]
2025-09-25 15:06:58,914 | INFO | Confusion Matrix of Localization - Normalized:
[[0.99183167 0.00816833]
 [0.08085157 0.91914843]]
2025-09-25 15:06:58,914 | INFO | Confusion Matrix of Classification:
[[      0       0       0       0       0]
 [      0 9963104    9508   35558    7552]
 [      0   60134   26278   14854       0]
 [      0   70412    3234   18020     158]
 [      0   19092    7102   43146   42588]]
2025-09-25 15:06:58,914 | INFO | Confusion Matrix of Classification - Normalized:
[[           nan            nan            nan            nan
             nan]
 [0.00000000e+00 9.94746460e-01 9.49307499e-04 3.55021835e-03
  7.54014538e-04]
 [0.00000000e+00 5.93822211e-01 2.59494796e-01 1.46682993e-01
  0.00000000e+00]
 [0.00000000e+00 7.66814776e-01 3.52195504e-02 1.96244990e-01
  1.72068305e-03]
 [0.00000000e+00 1.70573940e-01 6.34515045e-02 3.85479951e-01
  3.80494604e-01]]
2025-09-25 15:06:58,914 | INFO | lofF1 is 92.4044, clfF1 is 35.2022, oaF1 is 52.3628, sub class F1 score is [98.9952 35.6583 17.7186 52.5045]
2025-09-25 15:07:14,365 | INFO | iter is 15650 / 25000 [skipped    0] | loc. loss = 0.0951627344, classif. loss = 0.1122691184
2025-09-25 15:07:45,082 | INFO | iter is 15700 / 25000 [skipped    0] | loc. loss = 0.0708545744, classif. loss = 0.3225286007
2025-09-25 15:08:15,806 | INFO | iter is 15750 / 25000 [skipped    0] | loc. loss = 0.1256779134, classif. loss = 0.3001880050
2025-09-25 15:08:46,591 | INFO | iter is 15800 / 25000 [skipped    0] | loc. loss = 0.1197588742, classif. loss = 0.0957069919
2025-09-25 15:09:17,319 | INFO | iter is 15850 / 25000 [skipped    0] | loc. loss = 0.0842484683, classif. loss = 0.0046048807
2025-09-25 15:09:48,118 | INFO | iter is 15900 / 25000 [skipped    0] | loc. loss = 0.0790183544, classif. loss = 0.1517109126
2025-09-25 15:10:18,833 | INFO | iter is 15950 / 25000 [skipped    0] | loc. loss = 0.1473365426, classif. loss = 0.1015317142
2025-09-25 15:10:49,613 | INFO | iter is 16000 / 25000 [skipped    0] | loc. loss = 0.0476684049, classif. loss = 0.0723319948
2025-09-25 15:11:20,348 | INFO | iter is 16050 / 25000 [skipped    0] | loc. loss = 0.1430154890, classif. loss = 0.3704629540
2025-09-25 15:11:51,133 | INFO | iter is 16100 / 25000 [skipped    0] | loc. loss = 0.1249283850, classif. loss = 0.3139716387
2025-09-25 15:12:21,857 | INFO | iter is 16150 / 25000 [skipped    0] | loc. loss = 0.1037071198, classif. loss = 0.0020843416
2025-09-25 15:12:52,600 | INFO | iter is 16200 / 25000 [skipped    0] | loc. loss = 0.1387221515, classif. loss = 0.0053959182
2025-09-25 15:13:23,375 | INFO | iter is 16250 / 25000 [skipped    0] | loc. loss = 0.1084766760, classif. loss = 0.0019489178
2025-09-25 15:13:54,096 | INFO | iter is 16300 / 25000 [skipped    0] | loc. loss = 0.1371381283, classif. loss = 0.3197316527
2025-09-25 15:14:24,879 | INFO | iter is 16350 / 25000 [skipped    0] | loc. loss = 0.1628015339, classif. loss = 0.0480888560
2025-09-25 15:14:55,617 | INFO | iter is 16400 / 25000 [skipped    0] | loc. loss = 0.0989001244, classif. loss = 0.0023661568
2025-09-25 15:15:26,409 | INFO | iter is 16450 / 25000 [skipped    0] | loc. loss = 0.1296613216, classif. loss = 0.2492810786
2025-09-25 15:15:57,143 | INFO | iter is 16500 / 25000 [skipped    0] | loc. loss = 0.0984152928, classif. loss = 0.0581122302
2025-09-25 15:16:27,988 | INFO | iter is 16550 / 25000 [skipped    0] | loc. loss = 0.1600690782, classif. loss = 0.0178067833
2025-09-25 15:16:58,799 | INFO | iter is 16600 / 25000 [skipped    0] | loc. loss = 0.1027952656, classif. loss = 0.0039188676
2025-09-25 15:17:29,614 | INFO | iter is 16650 / 25000 [skipped    0] | loc. loss = 0.1133059114, classif. loss = 0.2225839496
2025-09-25 15:18:00,468 | INFO | iter is 16700 / 25000 [skipped    0] | loc. loss = 0.1027199030, classif. loss = 0.6161348820
2025-09-25 15:18:31,275 | INFO | iter is 16750 / 25000 [skipped    0] | loc. loss = 0.1280092001, classif. loss = 0.0078852158
2025-09-25 15:19:02,141 | INFO | iter is 16800 / 25000 [skipped    0] | loc. loss = 0.1064159125, classif. loss = 0.3174161613
2025-09-25 15:19:32,953 | INFO | iter is 16850 / 25000 [skipped    0] | loc. loss = 0.1213651448, classif. loss = 0.2954513431
2025-09-25 15:20:03,816 | INFO | iter is 16900 / 25000 [skipped    0] | loc. loss = 0.0706537515, classif. loss = 0.0010813732
2025-09-25 15:20:34,607 | INFO | iter is 16950 / 25000 [skipped    0] | loc. loss = 0.0829642564, classif. loss = 0.2483144850
2025-09-25 15:21:05,402 | INFO | iter is 17000 / 25000 [skipped    0] | loc. loss = 0.1460217237, classif. loss = 0.0018708989
2025-09-25 15:21:36,258 | INFO | iter is 17050 / 25000 [skipped    0] | loc. loss = 0.0768015683, classif. loss = 0.4126914740
2025-09-25 15:22:07,064 | INFO | iter is 17100 / 25000 [skipped    0] | loc. loss = 0.0784737617, classif. loss = 0.2844429612
2025-09-25 15:22:37,938 | INFO | iter is 17150 / 25000 [skipped    0] | loc. loss = 0.1373272687, classif. loss = 0.0606716536
2025-09-25 15:23:08,752 | INFO | iter is 17200 / 25000 [skipped    0] | loc. loss = 0.0767152160, classif. loss = 0.0004606556
2025-09-25 15:23:39,620 | INFO | iter is 17250 / 25000 [skipped    0] | loc. loss = 0.0909951329, classif. loss = 0.0241333768
2025-09-25 15:24:10,430 | INFO | iter is 17300 / 25000 [skipped    0] | loc. loss = 0.1259782910, classif. loss = 0.2036759704
2025-09-25 15:24:41,296 | INFO | iter is 17350 / 25000 [skipped    0] | loc. loss = 0.1461623013, classif. loss = 0.0049685934
2025-09-25 15:25:12,114 | INFO | iter is 17400 / 25000 [skipped    0] | loc. loss = 0.1520880014, classif. loss = 0.3009568155
2025-09-25 15:25:42,920 | INFO | iter is 17450 / 25000 [skipped    0] | loc. loss = 0.1656421274, classif. loss = 0.5025653243
2025-09-25 15:26:13,766 | INFO | iter is 17500 / 25000 [skipped    0] | loc. loss = 0.0768215060, classif. loss = 0.0101992683
2025-09-25 15:26:44,577 | INFO | iter is 17550 / 25000 [skipped    0] | loc. loss = 0.1565088630, classif. loss = 0.0820242763
2025-09-25 15:27:15,445 | INFO | iter is 17600 / 25000 [skipped    0] | loc. loss = 0.0945749655, classif. loss = 0.0925581381
2025-09-25 15:27:46,236 | INFO | iter is 17650 / 25000 [skipped    0] | loc. loss = 0.1527622044, classif. loss = 0.2394196689
2025-09-25 15:28:17,121 | INFO | iter is 17700 / 25000 [skipped    0] | loc. loss = 0.1168092564, classif. loss = 0.2492025793
2025-09-25 15:28:47,953 | INFO | iter is 17750 / 25000 [skipped    0] | loc. loss = 0.0907541960, classif. loss = 0.0719167292
2025-09-25 15:29:18,764 | INFO | iter is 17800 / 25000 [skipped    0] | loc. loss = 0.1158339605, classif. loss = 0.0129778218
2025-09-25 15:29:49,620 | INFO | iter is 17850 / 25000 [skipped    0] | loc. loss = 0.1173369586, classif. loss = 0.0012647926
2025-09-25 15:30:20,428 | INFO | iter is 17900 / 25000 [skipped    0] | loc. loss = 0.1544656903, classif. loss = 0.3300977349
2025-09-25 15:30:51,283 | INFO | iter is 17950 / 25000 [skipped    0] | loc. loss = 0.0961130261, classif. loss = 0.0126764234
2025-09-25 15:31:22,085 | INFO | iter is 18000 / 25000 [skipped    0] | loc. loss = 0.1185137033, classif. loss = 0.0090063848
2025-09-25 15:31:52,951 | INFO | iter is 18050 / 25000 [skipped    0] | loc. loss = 0.1111831740, classif. loss = 0.0060852929
2025-09-25 15:32:23,774 | INFO | iter is 18100 / 25000 [skipped    0] | loc. loss = 0.0865874738, classif. loss = 0.0833737403
2025-09-25 15:32:54,660 | INFO | iter is 18150 / 25000 [skipped    0] | loc. loss = 0.0836683661, classif. loss = 0.0682784319
2025-09-25 15:33:25,488 | INFO | iter is 18200 / 25000 [skipped    0] | loc. loss = 0.0721824318, classif. loss = 0.1739134341
2025-09-25 15:33:56,302 | INFO | iter is 18250 / 25000 [skipped    0] | loc. loss = 0.0991916358, classif. loss = 0.0279700607
2025-09-25 15:34:27,169 | INFO | iter is 18300 / 25000 [skipped    0] | loc. loss = 0.0761025622, classif. loss = 0.0007767663
2025-09-25 15:34:57,973 | INFO | iter is 18350 / 25000 [skipped    0] | loc. loss = 0.1137565002, classif. loss = 0.0008653745
2025-09-25 15:35:28,816 | INFO | iter is 18400 / 25000 [skipped    0] | loc. loss = 0.0907484889, classif. loss = 0.0009101992
2025-09-25 15:35:59,616 | INFO | iter is 18450 / 25000 [skipped    0] | loc. loss = 0.0943914875, classif. loss = 0.0048671933
2025-09-25 15:36:30,489 | INFO | iter is 18500 / 25000 [skipped    0] | loc. loss = 0.1018517986, classif. loss = 0.0024235160
2025-09-25 15:37:01,303 | INFO | iter is 18550 / 25000 [skipped    0] | loc. loss = 0.1583565325, classif. loss = 0.2702321410
2025-09-25 15:37:32,114 | INFO | iter is 18600 / 25000 [skipped    0] | loc. loss = 0.0917592645, classif. loss = 0.0031413944
2025-09-25 15:38:02,982 | INFO | iter is 18650 / 25000 [skipped    0] | loc. loss = 0.1118500680, classif. loss = 0.2090305090
2025-09-25 15:38:33,791 | INFO | iter is 18700 / 25000 [skipped    0] | loc. loss = 0.0786251128, classif. loss = 0.0018047206
2025-09-25 15:39:04,650 | INFO | iter is 18750 / 25000 [skipped    0] | loc. loss = 0.1107189804, classif. loss = 0.0034420632
2025-09-25 15:39:04,651 | INFO | ---------starting evaluation-----------
2025-09-25 15:39:05,052 | INFO | validation:    0/ 378 (2025-09-25_15-39-05)
2025-09-25 15:39:17,589 | INFO | validation:  100/ 378 (2025-09-25_15-39-17)
2025-09-25 15:39:30,092 | INFO | validation:  200/ 378 (2025-09-25_15-39-30)
2025-09-25 15:39:42,608 | INFO | validation:  300/ 378 (2025-09-25_15-39-42)
2025-09-25 15:39:52,385 | INFO | Confusion Matrix of Localization:
[[88097860   671832]
 [  863824  9456916]]
2025-09-25 15:39:52,385 | INFO | Confusion Matrix of Localization - Normalized:
[[0.99243174 0.00756826]
 [0.08369787 0.91630213]]
2025-09-25 15:39:52,385 | INFO | Confusion Matrix of Classification:
[[      0       0       0       0       0]
 [      0 9947904    6826   49038   11954]
 [      0   66124   24644   10450      48]
 [      0   69828    1968   19624     404]
 [      0   24514     116   29498   57800]]
2025-09-25 15:39:52,386 | INFO | Confusion Matrix of Classification - Normalized:
[[           nan            nan            nan            nan
             nan]
 [0.00000000e+00 9.93228846e-01 6.81528501e-04 4.89610235e-03
  1.19352354e-03]
 [0.00000000e+00 6.52973357e-01 2.43359074e-01 1.03193569e-01
  4.73999171e-04]
 [0.00000000e+00 7.60454783e-01 2.14323053e-02 2.13713190e-01
  4.39972121e-03]
 [0.00000000e+00 2.19015796e-01 1.03638053e-03 2.63544421e-01
  5.16403402e-01]]
2025-09-25 15:39:52,386 | INFO | lofF1 is 92.4905, clfF1 is 38.3537, oaF1 is 54.5947, sub class F1 score is [98.8656 36.5584 19.5815 63.4697]
2025-09-25 15:40:23,278 | INFO | iter is 18800 / 25000 [skipped    0] | loc. loss = 0.1108941883, classif. loss = 0.0224436708
2025-09-25 15:40:54,193 | INFO | iter is 18850 / 25000 [skipped    0] | loc. loss = 0.1379090250, classif. loss = 0.0061547435
2025-09-25 15:41:25,054 | INFO | iter is 18900 / 25000 [skipped    0] | loc. loss = 0.1546936333, classif. loss = 0.1511696577
2025-09-25 15:41:55,949 | INFO | iter is 18950 / 25000 [skipped    0] | loc. loss = 0.0978908241, classif. loss = 0.1418717802
2025-09-25 15:42:26,819 | INFO | iter is 19000 / 25000 [skipped    0] | loc. loss = 0.1084838659, classif. loss = 0.0021750988
2025-09-25 15:42:57,655 | INFO | iter is 19050 / 25000 [skipped    0] | loc. loss = 0.1040459722, classif. loss = 0.4631554186
2025-09-25 15:43:28,552 | INFO | iter is 19100 / 25000 [skipped    0] | loc. loss = 0.0940805897, classif. loss = 0.0715595782
2025-09-25 15:43:59,382 | INFO | iter is 19150 / 25000 [skipped    0] | loc. loss = 0.1483556181, classif. loss = 0.0962674171
2025-09-25 15:44:30,283 | INFO | iter is 19200 / 25000 [skipped    0] | loc. loss = 0.1564451754, classif. loss = 0.0361648872
2025-09-25 15:45:01,126 | INFO | iter is 19250 / 25000 [skipped    0] | loc. loss = 0.0790794715, classif. loss = 0.2476986349
2025-09-25 15:45:32,024 | INFO | iter is 19300 / 25000 [skipped    0] | loc. loss = 0.1184459031, classif. loss = 0.0927485973
2025-09-25 15:46:02,870 | INFO | iter is 19350 / 25000 [skipped    0] | loc. loss = 0.1616985053, classif. loss = 0.1267704070
2025-09-25 15:46:33,769 | INFO | iter is 19400 / 25000 [skipped    0] | loc. loss = 0.1132472306, classif. loss = 0.3286322057
2025-09-25 15:47:04,623 | INFO | iter is 19450 / 25000 [skipped    0] | loc. loss = 0.1320341825, classif. loss = 0.0024965922
2025-09-25 15:47:35,449 | INFO | iter is 19500 / 25000 [skipped    0] | loc. loss = 0.0732213706, classif. loss = 0.2580116093
2025-09-25 15:48:06,354 | INFO | iter is 19550 / 25000 [skipped    0] | loc. loss = 0.1023053974, classif. loss = 0.0010799097
2025-09-25 15:48:37,206 | INFO | iter is 19600 / 25000 [skipped    0] | loc. loss = 0.1046928018, classif. loss = 0.0071737873
2025-09-25 15:49:08,082 | INFO | iter is 19650 / 25000 [skipped    0] | loc. loss = 0.1269724518, classif. loss = 0.0259195510
2025-09-25 15:49:38,974 | INFO | iter is 19700 / 25000 [skipped    0] | loc. loss = 0.1269213706, classif. loss = 0.0644386038
2025-09-25 15:50:09,821 | INFO | iter is 19750 / 25000 [skipped    0] | loc. loss = 0.0867539495, classif. loss = 0.2568931282
2025-09-25 15:50:40,720 | INFO | iter is 19800 / 25000 [skipped    0] | loc. loss = 0.0752972215, classif. loss = 0.0003154420
2025-09-25 15:51:11,574 | INFO | iter is 19850 / 25000 [skipped    0] | loc. loss = 0.0927983075, classif. loss = 0.5073127747
2025-09-25 15:51:42,470 | INFO | iter is 19900 / 25000 [skipped    0] | loc. loss = 0.0622664802, classif. loss = 0.2628316879
2025-09-25 15:52:13,360 | INFO | iter is 19950 / 25000 [skipped    0] | loc. loss = 0.0721575022, classif. loss = 0.0026475012
2025-09-25 15:52:44,207 | INFO | iter is 20000 / 25000 [skipped    0] | loc. loss = 0.1196612269, classif. loss = 0.4029953480
2025-09-25 15:53:15,114 | INFO | iter is 20050 / 25000 [skipped    0] | loc. loss = 0.1038526595, classif. loss = 0.0671546906
2025-09-25 15:53:45,947 | INFO | iter is 20100 / 25000 [skipped    0] | loc. loss = 0.1151958779, classif. loss = 0.3552729487
2025-09-25 15:54:16,841 | INFO | iter is 20150 / 25000 [skipped    0] | loc. loss = 0.1235796213, classif. loss = 0.0035682267
2025-09-25 15:54:47,704 | INFO | iter is 20200 / 25000 [skipped    0] | loc. loss = 0.1079439223, classif. loss = 0.2980358303
2025-09-25 15:55:18,601 | INFO | iter is 20250 / 25000 [skipped    0] | loc. loss = 0.1007729173, classif. loss = 0.0785107911
2025-09-25 15:55:49,496 | INFO | iter is 20300 / 25000 [skipped    0] | loc. loss = 0.0834086463, classif. loss = 0.2457567751
2025-09-25 15:56:20,354 | INFO | iter is 20350 / 25000 [skipped    0] | loc. loss = 0.0882177502, classif. loss = 0.0011604610
2025-09-25 15:56:51,255 | INFO | iter is 20400 / 25000 [skipped    0] | loc. loss = 0.1474858522, classif. loss = 0.0047435788
2025-09-25 15:57:22,122 | INFO | iter is 20450 / 25000 [skipped    0] | loc. loss = 0.1561051607, classif. loss = 0.0278016329
2025-09-25 15:57:53,014 | INFO | iter is 20500 / 25000 [skipped    0] | loc. loss = 0.0738145709, classif. loss = 0.2909213603
2025-09-25 15:58:23,881 | INFO | iter is 20550 / 25000 [skipped    0] | loc. loss = 0.1261877865, classif. loss = 0.2822985947
2025-09-25 15:58:54,798 | INFO | iter is 20600 / 25000 [skipped    0] | loc. loss = 0.1157934219, classif. loss = 0.0238564480
2025-09-25 15:59:25,730 | INFO | iter is 20650 / 25000 [skipped    0] | loc. loss = 0.0858658403, classif. loss = 0.5028709173
2025-09-25 15:59:56,602 | INFO | iter is 20700 / 25000 [skipped    0] | loc. loss = 0.0719031394, classif. loss = 0.0144450022
2025-09-25 16:00:27,511 | INFO | iter is 20750 / 25000 [skipped    0] | loc. loss = 0.0848534778, classif. loss = 0.0020338232
2025-09-25 16:00:58,361 | INFO | iter is 20800 / 25000 [skipped    0] | loc. loss = 0.1064390168, classif. loss = 0.1250673831
2025-09-25 16:01:29,282 | INFO | iter is 20850 / 25000 [skipped    0] | loc. loss = 0.0664189160, classif. loss = 0.2712635100
2025-09-25 16:02:00,140 | INFO | iter is 20900 / 25000 [skipped    0] | loc. loss = 0.1171577424, classif. loss = 0.0082291234
2025-09-25 16:02:31,067 | INFO | iter is 20950 / 25000 [skipped    0] | loc. loss = 0.1416843235, classif. loss = 0.2137298882
2025-09-25 16:03:01,972 | INFO | iter is 21000 / 25000 [skipped    0] | loc. loss = 0.0878814831, classif. loss = 0.0496375263
2025-09-25 16:03:32,814 | INFO | iter is 21050 / 25000 [skipped    0] | loc. loss = 0.0974139869, classif. loss = 0.2760362029
2025-09-25 16:04:03,715 | INFO | iter is 21100 / 25000 [skipped    0] | loc. loss = 0.1060076728, classif. loss = 0.0602449290
2025-09-25 16:04:34,582 | INFO | iter is 21150 / 25000 [skipped    0] | loc. loss = 0.0617267713, classif. loss = 0.0014025617
2025-09-25 16:05:05,514 | INFO | iter is 21200 / 25000 [skipped    0] | loc. loss = 0.0678045899, classif. loss = 0.0013376549
2025-09-25 16:05:36,368 | INFO | iter is 21250 / 25000 [skipped    0] | loc. loss = 0.1153233349, classif. loss = 0.0035291282
2025-09-25 16:06:07,263 | INFO | iter is 21300 / 25000 [skipped    0] | loc. loss = 0.1133657992, classif. loss = 0.4110650122
2025-09-25 16:06:38,160 | INFO | iter is 21350 / 25000 [skipped    0] | loc. loss = 0.0807152390, classif. loss = 0.0045533739
2025-09-25 16:07:09,011 | INFO | iter is 21400 / 25000 [skipped    0] | loc. loss = 0.1138727888, classif. loss = 0.0241811983
2025-09-25 16:07:39,902 | INFO | iter is 21450 / 25000 [skipped    0] | loc. loss = 0.1260127127, classif. loss = 0.5021977425
2025-09-25 16:08:10,740 | INFO | iter is 21500 / 25000 [skipped    0] | loc. loss = 0.1014272124, classif. loss = 0.1088653654
2025-09-25 16:08:41,638 | INFO | iter is 21550 / 25000 [skipped    0] | loc. loss = 0.0896163434, classif. loss = 0.4386815727
2025-09-25 16:09:12,482 | INFO | iter is 21600 / 25000 [skipped    0] | loc. loss = 0.1073208675, classif. loss = 0.0907444730
2025-09-25 16:09:43,391 | INFO | iter is 21650 / 25000 [skipped    0] | loc. loss = 0.1268865764, classif. loss = 0.0295979828
2025-09-25 16:10:14,302 | INFO | iter is 21700 / 25000 [skipped    0] | loc. loss = 0.0909051970, classif. loss = 0.0546572581
2025-09-25 16:10:45,143 | INFO | iter is 21750 / 25000 [skipped    0] | loc. loss = 0.0882955492, classif. loss = 0.3702959716
2025-09-25 16:11:16,043 | INFO | iter is 21800 / 25000 [skipped    0] | loc. loss = 0.1653117985, classif. loss = 0.0321378373
2025-09-25 16:11:46,904 | INFO | iter is 21850 / 25000 [skipped    0] | loc. loss = 0.1825927049, classif. loss = 0.3357074857
2025-09-25 16:12:02,376 | INFO | ---------starting evaluation-----------
2025-09-25 16:12:02,777 | INFO | validation:    0/ 378 (2025-09-25_16-12-02)
2025-09-25 16:12:15,309 | INFO | validation:  100/ 378 (2025-09-25_16-12-15)
2025-09-25 16:12:27,835 | INFO | validation:  200/ 378 (2025-09-25_16-12-27)
2025-09-25 16:12:40,351 | INFO | validation:  300/ 378 (2025-09-25_16-12-40)
2025-09-25 16:12:50,125 | INFO | Confusion Matrix of Localization:
[[87902564   867128]
 [  687302  9633438]]
2025-09-25 16:12:50,125 | INFO | Confusion Matrix of Localization - Normalized:
[[0.99023171 0.00976829]
 [0.06659426 0.93340574]]
2025-09-25 16:12:50,125 | INFO | Confusion Matrix of Classification:
[[       0        0        0        0        0]
 [       0 10008402      694     4710     1916]
 [       0    79932    17400     3916       18]
 [       0    77962     2722    11118       22]
 [       0    43786     5226    26944    35972]]
2025-09-25 16:12:50,125 | INFO | Confusion Matrix of Classification - Normalized:
[[           nan            nan            nan            nan
             nan]
 [0.00000000e+00 9.99269149e-01 6.92910606e-05 4.70260656e-04
  1.91299239e-04]
 [0.00000000e+00 7.89327119e-01 1.71824699e-01 3.86704323e-02
  1.77749689e-04]
 [0.00000000e+00 8.49037289e-01 2.96436661e-02 1.21079456e-01
  2.39588779e-04]
 [0.00000000e+00 3.91197913e-01 4.66907298e-02 2.40726181e-01
  3.21385176e-01]]
2025-09-25 16:12:50,125 | INFO | lofF1 is 92.5344, clfF1 is 30.8146, oaF1 is 49.3306, sub class F1 score is [98.9667 27.3353 16.0535 48.0088]
2025-09-25 16:13:05,570 | INFO | iter is 21900 / 25000 [skipped    0] | loc. loss = 0.0741101876, classif. loss = 0.0610419512
2025-09-25 16:13:36,479 | INFO | iter is 21950 / 25000 [skipped    0] | loc. loss = 0.0933748633, classif. loss = 0.3808592558
2025-09-25 16:14:07,311 | INFO | iter is 22000 / 25000 [skipped    0] | loc. loss = 0.1538217068, classif. loss = 0.0167574082
2025-09-25 16:14:38,207 | INFO | iter is 22050 / 25000 [skipped    0] | loc. loss = 0.1076470613, classif. loss = 0.2261287421
2025-09-25 16:15:09,034 | INFO | iter is 22100 / 25000 [skipped    0] | loc. loss = 0.0917358249, classif. loss = 0.0347506888
2025-09-25 16:15:39,943 | INFO | iter is 22150 / 25000 [skipped    0] | loc. loss = 0.0990856141, classif. loss = 0.0045464616
2025-09-25 16:16:10,779 | INFO | iter is 22200 / 25000 [skipped    0] | loc. loss = 0.0558816418, classif. loss = 0.2470559627
2025-09-25 16:16:41,667 | INFO | iter is 22250 / 25000 [skipped    0] | loc. loss = 0.0984078944, classif. loss = 0.1548581570
2025-09-25 16:17:12,570 | INFO | iter is 22300 / 25000 [skipped    0] | loc. loss = 0.1233848929, classif. loss = 0.2535683513
2025-09-25 16:17:43,400 | INFO | iter is 22350 / 25000 [skipped    0] | loc. loss = 0.1325240731, classif. loss = 0.1537060589
2025-09-25 16:18:14,287 | INFO | iter is 22400 / 25000 [skipped    0] | loc. loss = 0.1492791176, classif. loss = 0.6739752293
2025-09-25 16:18:45,101 | INFO | iter is 22450 / 25000 [skipped    0] | loc. loss = 0.1117638201, classif. loss = 0.1285734922
2025-09-25 16:19:15,972 | INFO | iter is 22500 / 25000 [skipped    0] | loc. loss = 0.0612799302, classif. loss = 0.0143760648
2025-09-25 16:19:46,795 | INFO | iter is 22550 / 25000 [skipped    0] | loc. loss = 0.1207455993, classif. loss = 0.7684998512
2025-09-25 16:20:17,676 | INFO | iter is 22600 / 25000 [skipped    0] | loc. loss = 0.1201042235, classif. loss = 0.0022874894
2025-09-25 16:20:48,562 | INFO | iter is 22650 / 25000 [skipped    0] | loc. loss = 0.1390625238, classif. loss = 0.0942655653
2025-09-25 16:21:19,387 | INFO | iter is 22700 / 25000 [skipped    0] | loc. loss = 0.0715299472, classif. loss = 0.5014361143
2025-09-25 16:21:50,272 | INFO | iter is 22750 / 25000 [skipped    0] | loc. loss = 0.1159316152, classif. loss = 0.0476591922
2025-09-25 16:22:21,109 | INFO | iter is 22800 / 25000 [skipped    0] | loc. loss = 0.1107647717, classif. loss = 0.2685810924
2025-09-25 16:22:52,019 | INFO | iter is 22850 / 25000 [skipped    0] | loc. loss = 0.1374800056, classif. loss = 0.0080520371
2025-09-25 16:23:22,855 | INFO | iter is 22900 / 25000 [skipped    0] | loc. loss = 0.1201787591, classif. loss = 0.2469229847
2025-09-25 16:23:53,729 | INFO | iter is 22950 / 25000 [skipped    0] | loc. loss = 0.0846620575, classif. loss = 0.2384273112
2025-09-25 16:24:24,603 | INFO | iter is 23000 / 25000 [skipped    0] | loc. loss = 0.1034892872, classif. loss = 0.0191531572
2025-09-25 16:24:55,450 | INFO | iter is 23050 / 25000 [skipped    0] | loc. loss = 0.1193469167, classif. loss = 0.1186240986
2025-09-25 16:25:26,337 | INFO | iter is 23100 / 25000 [skipped    0] | loc. loss = 0.0833693221, classif. loss = 0.3314772248
2025-09-25 16:25:57,159 | INFO | iter is 23150 / 25000 [skipped    0] | loc. loss = 0.0739381164, classif. loss = 0.1008398309
2025-09-25 16:26:28,031 | INFO | iter is 23200 / 25000 [skipped    0] | loc. loss = 0.1341776550, classif. loss = 0.0386425480
2025-09-25 16:26:58,867 | INFO | iter is 23250 / 25000 [skipped    0] | loc. loss = 0.0991001278, classif. loss = 0.2712405920
2025-09-25 16:27:29,757 | INFO | iter is 23300 / 25000 [skipped    0] | loc. loss = 0.0718968287, classif. loss = 0.3093691170
2025-09-25 16:28:00,637 | INFO | iter is 23350 / 25000 [skipped    0] | loc. loss = 0.0905963331, classif. loss = 0.2014322877
2025-09-25 16:28:31,485 | INFO | iter is 23400 / 25000 [skipped    0] | loc. loss = 0.1348111928, classif. loss = 0.4228230417
2025-09-25 16:29:02,359 | INFO | iter is 23450 / 25000 [skipped    0] | loc. loss = 0.0974070579, classif. loss = 0.0018539473
2025-09-25 16:29:33,191 | INFO | iter is 23500 / 25000 [skipped    0] | loc. loss = 0.0895359665, classif. loss = 0.0085255839
2025-09-25 16:30:04,080 | INFO | iter is 23550 / 25000 [skipped    0] | loc. loss = 0.0724364370, classif. loss = 0.0011124297
2025-09-25 16:30:34,903 | INFO | iter is 23600 / 25000 [skipped    0] | loc. loss = 0.0865850896, classif. loss = 0.2016875446
2025-09-25 16:31:05,788 | INFO | iter is 23650 / 25000 [skipped    0] | loc. loss = 0.1346392483, classif. loss = 0.0021085755
2025-09-25 16:31:36,663 | INFO | iter is 23700 / 25000 [skipped    0] | loc. loss = 0.1016026586, classif. loss = 0.0091206348
2025-09-25 16:32:07,476 | INFO | iter is 23750 / 25000 [skipped    0] | loc. loss = 0.1106745601, classif. loss = 0.0028905496
2025-09-25 16:32:38,357 | INFO | iter is 23800 / 25000 [skipped    0] | loc. loss = 0.1289824247, classif. loss = 0.0132318456
2025-09-25 16:33:09,166 | INFO | iter is 23850 / 25000 [skipped    0] | loc. loss = 0.0667115524, classif. loss = 0.0002387115
2025-09-25 16:33:40,018 | INFO | iter is 23900 / 25000 [skipped    0] | loc. loss = 0.1541566104, classif. loss = 0.0035634530
2025-09-25 16:34:10,884 | INFO | iter is 23950 / 25000 [skipped    0] | loc. loss = 0.1091373935, classif. loss = 0.0010957593
2025-09-25 16:34:41,700 | INFO | iter is 24000 / 25000 [skipped    0] | loc. loss = 0.1347340792, classif. loss = 0.4361310303
2025-09-25 16:35:12,569 | INFO | iter is 24050 / 25000 [skipped    0] | loc. loss = 0.0762783289, classif. loss = 0.2242889255
2025-09-25 16:35:43,385 | INFO | iter is 24100 / 25000 [skipped    0] | loc. loss = 0.0777021646, classif. loss = 0.1898929775
2025-09-25 16:36:14,257 | INFO | iter is 24150 / 25000 [skipped    0] | loc. loss = 0.1268837750, classif. loss = 0.1504798830
2025-09-25 16:36:45,071 | INFO | iter is 24200 / 25000 [skipped    0] | loc. loss = 0.1723881364, classif. loss = 0.0010899616
2025-09-25 16:37:15,944 | INFO | iter is 24250 / 25000 [skipped    0] | loc. loss = 0.1238514334, classif. loss = 0.5028555393
2025-09-25 16:37:46,825 | INFO | iter is 24300 / 25000 [skipped    0] | loc. loss = 0.0534339622, classif. loss = 0.2521274984
2025-09-25 16:38:17,636 | INFO | iter is 24350 / 25000 [skipped    0] | loc. loss = 0.0794655979, classif. loss = 0.2968665361
2025-09-25 16:38:48,490 | INFO | iter is 24400 / 25000 [skipped    0] | loc. loss = 0.1201909184, classif. loss = 0.3864278495
2025-09-25 16:39:19,333 | INFO | iter is 24450 / 25000 [skipped    0] | loc. loss = 0.0824546143, classif. loss = 0.0004831610
2025-09-25 16:39:50,207 | INFO | iter is 24500 / 25000 [skipped    0] | loc. loss = 0.0955905616, classif. loss = 0.0456519052
2025-09-25 16:40:21,024 | INFO | iter is 24550 / 25000 [skipped    0] | loc. loss = 0.1008132771, classif. loss = 0.0041618976
2025-09-25 16:40:51,922 | INFO | iter is 24600 / 25000 [skipped    0] | loc. loss = 0.0264362656, classif. loss = 0.1533814967
2025-09-25 16:41:22,822 | INFO | iter is 24650 / 25000 [skipped    0] | loc. loss = 0.1323907673, classif. loss = 0.1145139784
2025-09-25 16:41:53,642 | INFO | iter is 24700 / 25000 [skipped    0] | loc. loss = 0.1189528704, classif. loss = 0.0508341342
2025-09-25 16:42:24,502 | INFO | iter is 24750 / 25000 [skipped    0] | loc. loss = 0.1068412513, classif. loss = 0.2246312201
2025-09-25 16:42:55,284 | INFO | iter is 24800 / 25000 [skipped    0] | loc. loss = 0.0869231522, classif. loss = 0.1301411390
2025-09-25 16:43:26,156 | INFO | iter is 24850 / 25000 [skipped    0] | loc. loss = 0.0887139142, classif. loss = 0.0037077104
2025-09-25 16:43:56,944 | INFO | iter is 24900 / 25000 [skipped    0] | loc. loss = 0.0798184425, classif. loss = 0.0206726827
2025-09-25 16:44:27,816 | INFO | iter is 24950 / 25000 [skipped    0] | loc. loss = 0.0979902595, classif. loss = 0.5239751339
2025-09-25 16:44:58,631 | INFO | iter is 25000 / 25000 [skipped    0] | loc. loss = 0.1211210638, classif. loss = 0.0386345722
2025-09-25 16:44:58,632 | INFO | ---------starting evaluation-----------
2025-09-25 16:44:59,031 | INFO | validation:    0/ 378 (2025-09-25_16-44-59)
2025-09-25 16:45:11,607 | INFO | validation:  100/ 378 (2025-09-25_16-45-11)
2025-09-25 16:45:24,124 | INFO | validation:  200/ 378 (2025-09-25_16-45-24)
2025-09-25 16:45:36,635 | INFO | validation:  300/ 378 (2025-09-25_16-45-36)
2025-09-25 16:45:46,430 | INFO | Confusion Matrix of Localization:
[[88046154   723538]
 [  916546  9404194]]
2025-09-25 16:45:46,430 | INFO | Confusion Matrix of Localization - Normalized:
[[0.99184927 0.00815073]
 [0.08880623 0.91119377]]
2025-09-25 16:45:46,430 | INFO | Confusion Matrix of Classification:
[[      0       0       0       0       0]
 [      0 9980358   15242   11304    8818]
 [      0   68290   25838    4078    3060]
 [      0   75140    3544    9952    3188]
 [      0   26660    7136    9566   68566]]
2025-09-25 16:45:46,430 | INFO | Confusion Matrix of Classification - Normalized:
[[           nan            nan            nan            nan
             nan]
 [0.00000000e+00 9.96469151e-01 1.52180741e-03 1.12862557e-03
  8.80415810e-04]
 [0.00000000e+00 6.74362570e-01 2.55149803e-01 4.02701795e-02
  3.02174471e-02]
 [0.00000000e+00 8.18304583e-01 3.85955741e-02 1.08381251e-01
  3.47185921e-02]
 [0.00000000e+00 2.38188836e-01 6.37552712e-02 8.54656565e-02
  6.12590237e-01]]
2025-09-25 16:45:46,430 | INFO | lofF1 is 91.9794, clfF1 is 34.0009, oaF1 is 51.3945, sub class F1 score is [98.9812 33.7694 15.7066 70.1227]
2025-09-25 16:45:46,432 | INFO | -----------Training is completed-----------
2025-09-25 16:45:46,432 | INFO | !! Total Skipped: 0 (0.00%)
2025-09-25 16:45:46,433 | INFO | ---------starting evaluation-----------
2025-09-25 16:45:46,535 | INFO | validation:    0/ 378 (2025-09-25_16-45-46)
2025-09-25 16:45:59,083 | INFO | validation:  100/ 378 (2025-09-25_16-45-59)
2025-09-25 16:46:11,615 | INFO | validation:  200/ 378 (2025-09-25_16-46-11)
2025-09-25 16:46:24,127 | INFO | validation:  300/ 378 (2025-09-25_16-46-24)
2025-09-25 16:46:33,901 | INFO | Confusion Matrix of Localization:
[[88046154   723538]
 [  916546  9404194]]
2025-09-25 16:46:33,902 | INFO | Confusion Matrix of Localization - Normalized:
[[0.99184927 0.00815073]
 [0.08880623 0.91119377]]
2025-09-25 16:46:33,902 | INFO | Confusion Matrix of Classification:
[[      0       0       0       0       0]
 [      0 9980358   15242   11304    8818]
 [      0   68290   25838    4078    3060]
 [      0   75140    3544    9952    3188]
 [      0   26660    7136    9566   68566]]
2025-09-25 16:46:33,902 | INFO | Confusion Matrix of Classification - Normalized:
[[           nan            nan            nan            nan
             nan]
 [0.00000000e+00 9.96469151e-01 1.52180741e-03 1.12862557e-03
  8.80415810e-04]
 [0.00000000e+00 6.74362570e-01 2.55149803e-01 4.02701795e-02
  3.02174471e-02]
 [0.00000000e+00 8.18304583e-01 3.85955741e-02 1.08381251e-01
  3.47185921e-02]
 [0.00000000e+00 2.38188836e-01 6.37552712e-02 8.54656565e-02
  6.12590237e-01]]
2025-09-25 16:46:33,902 | INFO | lofF1 is 91.9794, clfF1 is 34.0009, oaF1 is 51.3945, sub class F1 score is [98.9812 33.7694 15.7066 70.1227]
2025-09-25 16:46:33,903 | INFO | loc_f1_score=np.float64(91.9794), harmonic_mean_f1=np.float64(34.0009), oaf1=np.float64(51.3945), damage_f1_score=array([98.9812, 33.7694, 15.7066, 70.1227])
2025-09-25 16:46:33,904 | INFO | Validation Results:
2025-09-25 16:46:33,904 | INFO | Step  3125: (np.float64(90.476), np.float64(29.129), np.float64(47.5331), array([98.6584, 30.6222, 12.3863, 72.4972]))
2025-09-25 16:46:33,904 | INFO | Step  6250: (np.float64(91.4475), np.float64(31.8776), np.float64(49.7486), array([98.863 , 34.5228, 15.6091, 44.7765]))
2025-09-25 16:46:33,904 | INFO | Step  9375: (np.float64(91.8657), np.float64(38.3073), np.float64(54.3748), array([98.78  , 36.362 , 18.7463, 74.3479]))
2025-09-25 16:46:33,904 | INFO | Step 12500: (np.float64(92.176), np.float64(40.9596), np.float64(56.3245), array([98.9748, 33.1968, 22.8294, 73.3828]))
2025-09-25 16:46:33,904 | INFO | Step 15625: (np.float64(92.4044), np.float64(35.2022), np.float64(52.3628), array([98.9952, 35.6583, 17.7186, 52.5045]))
2025-09-25 16:46:33,904 | INFO | Step 18750: (np.float64(92.4905), np.float64(38.3537), np.float64(54.5947), array([98.8656, 36.5584, 19.5815, 63.4697]))
2025-09-25 16:46:33,904 | INFO | Step 21875: (np.float64(92.5344), np.float64(30.8146), np.float64(49.3306), array([98.9667, 27.3353, 16.0535, 48.0088]))
2025-09-25 16:46:33,904 | INFO | Step 25000: (np.float64(91.9794), np.float64(34.0009), np.float64(51.3945), array([98.9812, 33.7694, 15.7066, 70.1227]))
2025-09-25 16:46:33,904 | INFO | Step    -1: (np.float64(91.9794), np.float64(34.0009), np.float64(51.3945), array([98.9812, 33.7694, 15.7066, 70.1227]))
2025-09-25 16:46:33,905 | INFO | The accuracy of the best round is: [np.float64(92.176), np.float64(40.9596), np.float64(56.3245), array([98.9748, 33.1968, 22.8294, 73.3828])]
2025-09-25 16:46:33,926 | INFO | MAIN - DONE.
2025-09-25 16:46:33,926 | INFO | MAIN - EXIT.
