2025-09-13 19:08:49,017 | INFO | Command Line Args:
{
    "cfg": "/storage/alperengenc/change_detection/ChangeMamba_AG/changedetection/configs/vssm1/vssm_base_224.yaml",
    "opts": null,
    "pretrained_weight_path": "/storage/alperengenc/change_detection/ChangeMamba_AG/pretrained_weight/vssm_base_0229_ckpt_epoch_237.pth",
    "dataset": "xBD",
    "type": "train",
    "train_dataset_path": "/storage/alperengenc/change_detection/xBD_complete_png/train_combined",
    "train_data_list_path": "/storage/alperengenc/change_detection/xBD_complete_png/train_combined_list.txt",
    "test_dataset_path": "/storage/alperengenc/change_detection/xBD_complete_png/test",
    "test_data_list_path": "/storage/alperengenc/change_detection/xBD_complete_png/test_list.txt",
    "shuffle": true,
    "batch_size": 4,
    "crop_size": 256,
    "start_iter": 0,
    "cuda": true,
    "max_iters": 100000,
    "model_type": "MambaBDA_Base",
    "model_param_path": "/storage/alperengenc/change_detection/ChangeMamba_AG/changedetection/deneme_saved_models",
    "resume": null,
    "learning_rate": 0.0001,
    "momentum": 0.9,
    "weight_decay": 0.005
}
2025-09-13 19:08:50,333 | INFO | ---------starting training-----------
2025-09-13 19:08:50,393 | INFO | VAL_STEP=6250
2025-09-13 19:09:23,450 | INFO | iter is 150 / 25000, loc. loss = 0.6723140478134155  , classif. loss = 1.1695762872695923   (2025-09-13_19-09-23)
2025-09-13 19:09:34,718 | INFO | iter is 200 / 25000, loc. loss = 0.45246508717536926 , classif. loss = 0.997685968875885    (2025-09-13_19-09-34)
2025-09-13 19:09:45,222 | INFO | iter is 250 / 25000, loc. loss = 0.5708004236221313  , classif. loss = 1.3447823524475098   (2025-09-13_19-09-45)
2025-09-13 19:09:54,666 | INFO | iter is 300 / 25000, loc. loss = 0.4293946623802185  , classif. loss = 2.6536307334899902   (2025-09-13_19-09-54)
2025-09-13 19:10:06,011 | INFO | iter is 350 / 25000, loc. loss = 0.43337446451187134 , classif. loss = 0.1034495159983635   (2025-09-13_19-10-05)
2025-09-13 19:10:18,112 | INFO | iter is 400 / 25000, loc. loss = 0.7136528491973877  , classif. loss = 0.3053086996078491   (2025-09-13_19-10-18)
2025-09-13 19:10:27,496 | INFO | iter is 450 / 25000, loc. loss = 0.2714519202709198  , classif. loss = 0.0277392640709877   (2025-09-13_19-10-27)
2025-09-13 19:10:38,521 | INFO | iter is 500 / 25000, loc. loss = 0.5521987676620483  , classif. loss = 0.2073514610528946   (2025-09-13_19-10-38)
2025-09-13 19:11:08,072 | INFO | iter is 650 / 25000, loc. loss = 0.3797866702079773  , classif. loss = 3.3276524543762207   (2025-09-13_19-11-08)
2025-09-13 19:11:19,360 | INFO | iter is 700 / 25000, loc. loss = 0.4577242136001587  , classif. loss = 0.3815555274486542   (2025-09-13_19-11-19)
2025-09-13 19:11:30,659 | INFO | iter is 750 / 25000, loc. loss = 0.32021835446357727 , classif. loss = 2.961620330810547    (2025-09-13_19-11-30)
2025-09-13 19:11:40,638 | INFO | iter is 800 / 25000, loc. loss = 0.3231165111064911  , classif. loss = 1.829749584197998    (2025-09-13_19-11-40)
2025-09-13 19:12:02,384 | INFO | iter is 900 / 25000, loc. loss = 0.37462541460990906 , classif. loss = 0.9855859279632568   (2025-09-13_19-12-02)
2025-09-13 19:12:24,725 | INFO | iter is 1000 / 25000, loc. loss = 0.28234052658081055 , classif. loss = 0.31299224495887756  (2025-09-13_19-12-24)
2025-09-13 19:12:35,472 | INFO | iter is 1050 / 25000, loc. loss = 0.4305492341518402  , classif. loss = 0.6943867206573486   (2025-09-13_19-12-35)
2025-09-13 19:13:16,731 | INFO | iter is 1250 / 25000, loc. loss = 0.31959253549575806 , classif. loss = 0.1343342661857605   (2025-09-13_19-13-16)
2025-09-13 19:13:28,321 | INFO | iter is 1300 / 25000, loc. loss = 0.6008092761039734  , classif. loss = 0.08964718878269196  (2025-09-13_19-13-28)
2025-09-13 19:13:38,574 | INFO | iter is 1350 / 25000, loc. loss = 0.3952184319496155  , classif. loss = 2.34859561920166     (2025-09-13_19-13-38)
2025-09-13 19:13:48,016 | INFO | iter is 1400 / 25000, loc. loss = 0.40491509437561035 , classif. loss = 0.7883572578430176   (2025-09-13_19-13-47)
2025-09-13 19:13:58,826 | INFO | iter is 1450 / 25000, loc. loss = 0.4190821051597595  , classif. loss = 2.5153872966766357   (2025-09-13_19-13-58)
2025-09-13 19:14:31,962 | INFO | iter is 1600 / 25000, loc. loss = 0.3224160075187683  , classif. loss = 1.2320523262023926   (2025-09-13_19-14-31)
2025-09-13 19:15:01,687 | INFO | iter is 1750 / 25000, loc. loss = 0.31829774379730225 , classif. loss = 4.94847297668457     (2025-09-13_19-15-01)
2025-09-13 19:15:21,913 | INFO | iter is 1850 / 25000, loc. loss = 0.2869041860103607  , classif. loss = 1.2801393270492554   (2025-09-13_19-15-21)
2025-09-13 19:15:32,394 | INFO | iter is 1900 / 25000, loc. loss = 0.34108152985572815 , classif. loss = 1.2489774227142334   (2025-09-13_19-15-32)
2025-09-13 19:15:43,184 | INFO | iter is 1950 / 25000, loc. loss = 0.25144827365875244 , classif. loss = 1.8256239891052246   (2025-09-13_19-15-43)
2025-09-13 19:15:54,009 | INFO | iter is 2000 / 25000, loc. loss = 0.35455501079559326 , classif. loss = 0.3487784266471863   (2025-09-13_19-15-53)
2025-09-13 19:16:03,774 | INFO | iter is 2050 / 25000, loc. loss = 0.5198783874511719  , classif. loss = 2.602001667022705    (2025-09-13_19-16-03)
2025-09-13 19:16:14,581 | INFO | iter is 2100 / 25000, loc. loss = 0.5246405601501465  , classif. loss = 0.5108746886253357   (2025-09-13_19-16-14)
2025-09-13 19:16:24,839 | INFO | iter is 2150 / 25000, loc. loss = 0.2807554602622986  , classif. loss = 1.144137978553772    (2025-09-13_19-16-24)
2025-09-13 19:16:35,390 | INFO | iter is 2200 / 25000, loc. loss = 0.3592544198036194  , classif. loss = 2.6786088943481445   (2025-09-13_19-16-35)
2025-09-13 19:16:54,952 | INFO | iter is 2300 / 25000, loc. loss = 0.3545878529548645  , classif. loss = 0.3057887852191925   (2025-09-13_19-16-54)
2025-09-13 19:17:05,746 | INFO | iter is 2350 / 25000, loc. loss = 0.3366500735282898  , classif. loss = 2.0889229774475098   (2025-09-13_19-17-05)
2025-09-13 19:17:17,632 | INFO | iter is 2400 / 25000, loc. loss = 0.23083080351352692 , classif. loss = 0.5424100160598755   (2025-09-13_19-17-17)
2025-09-13 19:17:28,949 | INFO | iter is 2450 / 25000, loc. loss = 0.3860424757003784  , classif. loss = 0.21220695972442627  (2025-09-13_19-17-28)
2025-09-13 19:17:39,207 | INFO | iter is 2500 / 25000, loc. loss = 0.23817607760429382 , classif. loss = 0.6766616702079773   (2025-09-13_19-17-39)
2025-09-13 19:17:50,026 | INFO | iter is 2550 / 25000, loc. loss = 0.25342604517936707 , classif. loss = 0.1732281744480133   (2025-09-13_19-17-49)
2025-09-13 19:18:01,364 | INFO | iter is 2600 / 25000, loc. loss = 0.20203766226768494 , classif. loss = 1.4042837619781494   (2025-09-13_19-18-01)
2025-09-13 19:18:11,615 | INFO | iter is 2650 / 25000, loc. loss = 0.25140640139579773 , classif. loss = 0.7667701244354248   (2025-09-13_19-18-11)
2025-09-13 19:18:22,731 | INFO | iter is 2700 / 25000, loc. loss = 0.24394434690475464 , classif. loss = 0.16315364837646484  (2025-09-13_19-18-22)
2025-09-13 19:18:35,456 | INFO | iter is 2750 / 25000, loc. loss = 0.3216431438922882  , classif. loss = 0.5549381971359253   (2025-09-13_19-18-35)
2025-09-13 19:18:45,726 | INFO | iter is 2800 / 25000, loc. loss = 0.19826239347457886 , classif. loss = 0.3104413151741028   (2025-09-13_19-18-45)
2025-09-13 19:18:55,207 | INFO | iter is 2850 / 25000, loc. loss = 0.2905592918395996  , classif. loss = 0.5470246076583862   (2025-09-13_19-18-55)
2025-09-13 19:19:06,254 | INFO | iter is 2900 / 25000, loc. loss = 0.3718070089817047  , classif. loss = 1.3142385482788086   (2025-09-13_19-19-06)
2025-09-13 19:19:17,627 | INFO | iter is 2950 / 25000, loc. loss = 0.25425925850868225 , classif. loss = 4.4519453048706055   (2025-09-13_19-19-17)
2025-09-13 19:19:48,445 | INFO | iter is 3100 / 25000, loc. loss = 0.20034222304821014 , classif. loss = 0.08323486894369125  (2025-09-13_19-19-48)
2025-09-13 19:19:59,228 | INFO | iter is 3150 / 25000, loc. loss = 0.28309741616249084 , classif. loss = 0.33726829290390015  (2025-09-13_19-19-59)
2025-09-13 19:20:10,849 | INFO | iter is 3200 / 25000, loc. loss = 0.1042163074016571  , classif. loss = 0.3525694012641907   (2025-09-13_19-20-10)
2025-09-13 19:20:21,667 | INFO | iter is 3250 / 25000, loc. loss = 0.46987777948379517 , classif. loss = 0.2792377471923828   (2025-09-13_19-20-21)
2025-09-13 19:20:31,425 | INFO | iter is 3300 / 25000, loc. loss = 0.3695290684700012  , classif. loss = 0.8671679496765137   (2025-09-13_19-20-31)
2025-09-13 19:20:40,066 | INFO | iter is 3350 / 25000, loc. loss = 0.2845326066017151  , classif. loss = 0.5709248781204224   (2025-09-13_19-20-40)
2025-09-13 19:21:01,759 | INFO | iter is 3450 / 25000, loc. loss = 0.39947572350502014 , classif. loss = 4.188258647918701    (2025-09-13_19-21-01)
2025-09-13 19:21:13,348 | INFO | iter is 3500 / 25000, loc. loss = 0.2783798575401306  , classif. loss = 1.039119839668274    (2025-09-13_19-21-13)
2025-09-13 19:21:24,436 | INFO | iter is 3550 / 25000, loc. loss = 0.49616390466690063 , classif. loss = 1.3623255491256714   (2025-09-13_19-21-24)
2025-09-13 19:21:46,292 | INFO | iter is 3650 / 25000, loc. loss = 0.3225077986717224  , classif. loss = 0.18066567182540894  (2025-09-13_19-21-46)
2025-09-13 19:21:57,126 | INFO | iter is 3700 / 25000, loc. loss = 0.28359562158584595 , classif. loss = 0.5897439122200012   (2025-09-13_19-21-57)
2025-09-13 19:22:19,540 | INFO | iter is 3800 / 25000, loc. loss = 0.30409204959869385 , classif. loss = 0.4575875997543335   (2025-09-13_19-22-19)
2025-09-13 19:22:39,048 | INFO | iter is 3900 / 25000, loc. loss = 0.39402472972869873 , classif. loss = 1.6452922821044922   (2025-09-13_19-22-39)
2025-09-13 19:22:49,309 | INFO | iter is 3950 / 25000, loc. loss = 0.34416794776916504 , classif. loss = 1.4033851623535156   (2025-09-13_19-22-49)
2025-09-13 19:23:10,100 | INFO | iter is 4050 / 25000, loc. loss = 0.3750053942203522  , classif. loss = 0.15424099564552307  (2025-09-13_19-23-10)
2025-09-13 19:23:21,413 | INFO | iter is 4100 / 25000, loc. loss = 0.46646782755851746 , classif. loss = 0.36833226680755615  (2025-09-13_19-23-21)
2025-09-13 19:23:31,934 | INFO | iter is 4150 / 25000, loc. loss = 0.4145205616950989  , classif. loss = 0.3224523961544037   (2025-09-13_19-23-31)
2025-09-13 19:23:43,027 | INFO | iter is 4200 / 25000, loc. loss = 0.2309962511062622  , classif. loss = 3.2758615016937256   (2025-09-13_19-23-42)
2025-09-13 19:23:54,345 | INFO | iter is 4250 / 25000, loc. loss = 0.18208461999893188 , classif. loss = 0.27982282638549805  (2025-09-13_19-23-54)
2025-09-13 19:24:15,719 | INFO | iter is 4350 / 25000, loc. loss = 0.310970664024353   , classif. loss = 0.22728437185287476  (2025-09-13_19-24-15)
2025-09-13 19:24:25,955 | INFO | iter is 4400 / 25000, loc. loss = 0.43665218353271484 , classif. loss = 1.7320075035095215   (2025-09-13_19-24-25)
2025-09-13 19:24:36,458 | INFO | iter is 4450 / 25000, loc. loss = 0.42511212825775146 , classif. loss = 0.2688876688480377   (2025-09-13_19-24-36)
2025-09-13 19:24:46,707 | INFO | iter is 4500 / 25000, loc. loss = 0.3404163122177124  , classif. loss = 0.27728986740112305  (2025-09-13_19-24-46)
2025-09-13 19:24:56,426 | INFO | iter is 4550 / 25000, loc. loss = 0.351092666387558   , classif. loss = 0.11730387806892395  (2025-09-13_19-24-56)
2025-09-13 19:25:18,296 | INFO | iter is 4650 / 25000, loc. loss = 0.2783046066761017  , classif. loss = 1.6274681091308594   (2025-09-13_19-25-18)
2025-09-13 19:25:38,524 | INFO | iter is 4750 / 25000, loc. loss = 0.4362647533416748  , classif. loss = 2.5019824504852295   (2025-09-13_19-25-38)
2025-09-13 19:25:49,305 | INFO | iter is 4800 / 25000, loc. loss = 0.35175618529319763 , classif. loss = 1.316420078277588    (2025-09-13_19-25-49)
2025-09-13 19:26:01,451 | INFO | iter is 4850 / 25000, loc. loss = 0.23223480582237244 , classif. loss = 0.03281180560588837  (2025-09-13_19-26-01)
2025-09-13 19:26:12,820 | INFO | iter is 4900 / 25000, loc. loss = 0.29400020837783813 , classif. loss = 1.803335428237915    (2025-09-13_19-26-12)
2025-09-13 19:26:22,535 | INFO | iter is 4950 / 25000, loc. loss = 0.22325359284877777 , classif. loss = 0.13981890678405762  (2025-09-13_19-26-22)
2025-09-13 19:26:33,352 | INFO | iter is 5000 / 25000, loc. loss = 0.3454996943473816  , classif. loss = 0.9543920159339905   (2025-09-13_19-26-33)
2025-09-13 19:26:43,893 | INFO | iter is 5050 / 25000, loc. loss = 0.34437888860702515 , classif. loss = 0.6219448447227478   (2025-09-13_19-26-43)
2025-09-13 19:26:54,443 | INFO | iter is 5100 / 25000, loc. loss = 0.5717266798019409  , classif. loss = 0.08318778872489929  (2025-09-13_19-26-54)
2025-09-13 19:27:25,509 | INFO | iter is 5250 / 25000, loc. loss = 0.18096330761909485 , classif. loss = 0.16624002158641815  (2025-09-13_19-27-25)
2025-09-13 19:27:45,492 | INFO | iter is 5350 / 25000, loc. loss = 0.36552220582962036 , classif. loss = 0.8359588384628296   (2025-09-13_19-27-45)
2025-09-13 19:27:56,069 | INFO | iter is 5400 / 25000, loc. loss = 0.26102399826049805 , classif. loss = 0.27540603280067444  (2025-09-13_19-27-56)
2025-09-13 19:28:05,752 | INFO | iter is 5450 / 25000, loc. loss = 0.2533305585384369  , classif. loss = 1.4460933208465576   (2025-09-13_19-28-05)
2025-09-13 19:28:26,833 | INFO | iter is 5550 / 25000, loc. loss = 0.2658317983150482  , classif. loss = 0.010510573163628578 (2025-09-13_19-28-26)
2025-09-13 19:28:36,807 | INFO | iter is 5600 / 25000, loc. loss = 0.3279359042644501  , classif. loss = 0.05912000313401222  (2025-09-13_19-28-36)
2025-09-13 19:28:48,427 | INFO | iter is 5650 / 25000, loc. loss = 0.23647260665893555 , classif. loss = 0.08845292031764984  (2025-09-13_19-28-48)
2025-09-13 19:29:09,777 | INFO | iter is 5750 / 25000, loc. loss = 0.33094727993011475 , classif. loss = 0.855525016784668    (2025-09-13_19-29-09)
2025-09-13 19:29:40,827 | INFO | iter is 5900 / 25000, loc. loss = 0.5360152721405029  , classif. loss = 0.10140720754861832  (2025-09-13_19-29-40)
2025-09-13 19:29:51,083 | INFO | iter is 5950 / 25000, loc. loss = 0.10327599197626114 , classif. loss = 0.12392507493495941  (2025-09-13_19-29-51)
2025-09-13 19:30:00,300 | INFO | iter is 6000 / 25000, loc. loss = 0.2607506513595581  , classif. loss = 0.052419304847717285 (2025-09-13_19-30-00)
2025-09-13 19:30:23,233 | INFO | iter is 6100 / 25000, loc. loss = 0.30594906210899353 , classif. loss = 0.9519850611686707   (2025-09-13_19-30-23)
2025-09-13 19:30:33,497 | INFO | iter is 6150 / 25000, loc. loss = 0.24997256696224213 , classif. loss = 0.3201214671134949   (2025-09-13_19-30-33)
2025-09-13 19:30:43,779 | INFO | iter is 6200 / 25000, loc. loss = 0.5311286449432373  , classif. loss = 2.3784844875335693   (2025-09-13_19-30-43)
2025-09-13 19:30:55,106 | INFO | iter is 6250 / 25000, loc. loss = 0.24476853013038635 , classif. loss = 1.5619878768920898   (2025-09-13_19-30-55)
2025-09-13 19:30:55,108 | INFO | ---------starting evaluation-----------
2025-09-13 19:30:55,456 | INFO | validation:    0/1866 (2025-09-13_19-30-55)
2025-09-13 19:31:43,117 | INFO | validation:  100/1866 (2025-09-13_19-31-43)
2025-09-13 19:32:30,926 | INFO | validation:  200/1866 (2025-09-13_19-32-30)
2025-09-13 19:33:18,367 | INFO | validation:  300/1866 (2025-09-13_19-33-18)
2025-09-13 19:34:05,619 | INFO | validation:  400/1866 (2025-09-13_19-34-05)
2025-09-13 19:34:52,870 | INFO | validation:  500/1866 (2025-09-13_19-34-52)
2025-09-13 19:35:39,917 | INFO | validation:  600/1866 (2025-09-13_19-35-39)
2025-09-13 19:36:26,898 | INFO | validation:  700/1866 (2025-09-13_19-36-26)
2025-09-13 19:37:13,995 | INFO | validation:  800/1866 (2025-09-13_19-37-13)
2025-09-13 19:38:01,442 | INFO | validation:  900/1866 (2025-09-13_19-38-01)
2025-09-13 19:38:48,502 | INFO | validation: 1000/1866 (2025-09-13_19-38-48)
2025-09-13 19:39:35,466 | INFO | validation: 1100/1866 (2025-09-13_19-39-35)
2025-09-13 19:40:22,758 | INFO | validation: 1200/1866 (2025-09-13_19-40-22)
2025-09-13 19:41:09,945 | INFO | validation: 1300/1866 (2025-09-13_19-41-09)
2025-09-13 19:41:57,013 | INFO | validation: 1400/1866 (2025-09-13_19-41-57)
2025-09-13 19:42:44,132 | INFO | validation: 1500/1866 (2025-09-13_19-42-44)
2025-09-13 19:43:31,207 | INFO | validation: 1600/1866 (2025-09-13_19-43-31)
2025-09-13 19:44:18,259 | INFO | validation: 1700/1866 (2025-09-13_19-44-18)
2025-09-13 19:45:05,333 | INFO | validation: 1800/1866 (2025-09-13_19-45-05)
2025-09-13 19:45:36,421 | INFO | lofF1 is 0.7784140027044988, clfF1 is 0.2859576929889309, oaF1 is 0.4336945859036012, sub class F1 score is [0.91941284 0.10091528 0.63587446 0.70497352]
2025-09-13 19:46:07,344 | INFO | iter is 6400 / 25000, loc. loss = 0.25327247381210327 , classif. loss = 0.7838453054428101   (2025-09-13_19-46-07)
2025-09-13 19:46:19,014 | INFO | iter is 6450 / 25000, loc. loss = 0.24704420566558838 , classif. loss = 0.025141164660453796 (2025-09-13_19-46-18)
2025-09-13 19:46:30,699 | INFO | iter is 6500 / 25000, loc. loss = 0.41808125376701355 , classif. loss = 2.357959270477295    (2025-09-13_19-46-30)
2025-09-13 19:47:03,254 | INFO | iter is 6650 / 25000, loc. loss = 0.2837149500846863  , classif. loss = 0.6370800137519836   (2025-09-13_19-47-03)
2025-09-13 19:47:14,927 | INFO | iter is 6700 / 25000, loc. loss = 0.3319515883922577  , classif. loss = 1.413985013961792    (2025-09-13_19-47-14)
2025-09-13 19:47:25,210 | INFO | iter is 6750 / 25000, loc. loss = 0.36486852169036865 , classif. loss = 2.3676705360412598   (2025-09-13_19-47-25)
2025-09-13 19:47:36,381 | INFO | iter is 6800 / 25000, loc. loss = 0.3202066421508789  , classif. loss = 0.20234665274620056  (2025-09-13_19-47-36)
2025-09-13 19:47:47,449 | INFO | iter is 6850 / 25000, loc. loss = 0.412252813577652   , classif. loss = 0.6002243757247925   (2025-09-13_19-47-47)
2025-09-13 19:48:20,585 | INFO | iter is 7000 / 25000, loc. loss = 0.5119602680206299  , classif. loss = 0.037350572645664215 (2025-09-13_19-48-20)
2025-09-13 19:48:31,976 | INFO | iter is 7050 / 25000, loc. loss = 0.2062726765871048  , classif. loss = 0.7315243482589722   (2025-09-13_19-48-31)
2025-09-13 19:48:41,793 | INFO | iter is 7100 / 25000, loc. loss = 0.10266813635826111 , classif. loss = 0.4183126986026764   (2025-09-13_19-48-41)
2025-09-13 19:48:52,381 | INFO | iter is 7150 / 25000, loc. loss = 0.3991953730583191  , classif. loss = 0.6841487288475037   (2025-09-13_19-48-52)
2025-09-13 19:49:04,015 | INFO | iter is 7200 / 25000, loc. loss = 0.28012481331825256 , classif. loss = 0.05909844487905502  (2025-09-13_19-49-03)
2025-09-13 19:49:25,725 | INFO | iter is 7300 / 25000, loc. loss = 0.21693985164165497 , classif. loss = 6.19875431060791     (2025-09-13_19-49-25)
2025-09-13 19:49:45,594 | INFO | iter is 7400 / 25000, loc. loss = 0.28965502977371216 , classif. loss = 0.2502228617668152   (2025-09-13_19-49-45)
2025-09-13 19:49:55,857 | INFO | iter is 7450 / 25000, loc. loss = 0.2173335999250412  , classif. loss = 0.7164852619171143   (2025-09-13_19-49-55)
2025-09-13 19:50:06,423 | INFO | iter is 7500 / 25000, loc. loss = 0.4736393094062805  , classif. loss = 0.20008642971515656  (2025-09-13_19-50-06)
2025-09-13 19:50:18,682 | INFO | iter is 7550 / 25000, loc. loss = 0.10115179419517517 , classif. loss = 1.9092164039611816   (2025-09-13_19-50-18)
2025-09-13 19:50:30,121 | INFO | iter is 7600 / 25000, loc. loss = 0.26237550377845764 , classif. loss = 0.13346609473228455  (2025-09-13_19-50-30)
2025-09-13 19:50:41,284 | INFO | iter is 7650 / 25000, loc. loss = 0.18434447050094604 , classif. loss = 0.4613491892814636   (2025-09-13_19-50-41)
2025-09-13 19:50:52,140 | INFO | iter is 7700 / 25000, loc. loss = 0.33564600348472595 , classif. loss = 0.47449713945388794  (2025-09-13_19-50-52)
2025-09-13 19:51:02,402 | INFO | iter is 7750 / 25000, loc. loss = 0.28518736362457275 , classif. loss = 0.4423975348472595   (2025-09-13_19-51-02)
2025-09-13 19:51:12,160 | INFO | iter is 7800 / 25000, loc. loss = 0.31466352939605713 , classif. loss = 2.2378008365631104   (2025-09-13_19-51-12)
2025-09-13 19:51:22,460 | INFO | iter is 7850 / 25000, loc. loss = 0.403780996799469   , classif. loss = 0.910244345664978    (2025-09-13_19-51-22)
2025-09-13 19:51:33,301 | INFO | iter is 7900 / 25000, loc. loss = 0.3388734757900238  , classif. loss = 6.337879657745361    (2025-09-13_19-51-33)
2025-09-13 19:51:44,138 | INFO | iter is 7950 / 25000, loc. loss = 0.2759559750556946  , classif. loss = 0.8726389408111572   (2025-09-13_19-51-44)
2025-09-13 19:51:54,731 | INFO | iter is 8000 / 25000, loc. loss = 0.26927831768989563 , classif. loss = 0.4246065020561218   (2025-09-13_19-51-54)
2025-09-13 19:52:05,335 | INFO | iter is 8050 / 25000, loc. loss = 0.2893833518028259  , classif. loss = 0.3208093047142029   (2025-09-13_19-52-05)
2025-09-13 19:52:24,634 | INFO | iter is 8150 / 25000, loc. loss = 0.2317507117986679  , classif. loss = 1.391942024230957    (2025-09-13_19-52-24)
2025-09-13 19:52:36,560 | INFO | iter is 8200 / 25000, loc. loss = 0.37371063232421875 , classif. loss = 0.26571977138519287  (2025-09-13_19-52-36)
2025-09-13 19:52:46,811 | INFO | iter is 8250 / 25000, loc. loss = 0.23097658157348633 , classif. loss = 2.310460090637207    (2025-09-13_19-52-46)
2025-09-13 19:52:57,745 | INFO | iter is 8300 / 25000, loc. loss = 0.28493228554725647 , classif. loss = 0.0662912130355835   (2025-09-13_19-52-57)
2025-09-13 19:53:09,418 | INFO | iter is 8350 / 25000, loc. loss = 0.28185024857521057 , classif. loss = 0.15690270066261292  (2025-09-13_19-53-09)
2025-09-13 19:53:20,279 | INFO | iter is 8400 / 25000, loc. loss = 0.25218677520751953 , classif. loss = 2.6169326305389404   (2025-09-13_19-53-20)
2025-09-13 19:53:31,954 | INFO | iter is 8450 / 25000, loc. loss = 0.2487705498933792  , classif. loss = 4.641230583190918    (2025-09-13_19-53-31)
2025-09-13 19:53:43,360 | INFO | iter is 8500 / 25000, loc. loss = 0.13844098150730133 , classif. loss = 0.022375762462615967 (2025-09-13_19-53-43)
2025-09-13 19:53:55,274 | INFO | iter is 8550 / 25000, loc. loss = 0.3039267957210541  , classif. loss = 0.09997712075710297  (2025-09-13_19-53-55)
2025-09-13 19:54:18,089 | INFO | iter is 8650 / 25000, loc. loss = 0.3335858881473541  , classif. loss = 0.29743412137031555  (2025-09-13_19-54-18)
2025-09-13 19:54:40,943 | INFO | iter is 8750 / 25000, loc. loss = 0.27108368277549744 , classif. loss = 1.7083309888839722   (2025-09-13_19-54-40)
2025-09-13 19:55:02,644 | INFO | iter is 8850 / 25000, loc. loss = 0.3238782584667206  , classif. loss = 0.2745335102081299   (2025-09-13_19-55-02)
2025-09-13 19:55:12,983 | INFO | iter is 8900 / 25000, loc. loss = 0.3621249794960022  , classif. loss = 0.5611820220947266   (2025-09-13_19-55-12)
2025-09-13 19:55:24,673 | INFO | iter is 8950 / 25000, loc. loss = 0.21042051911354065 , classif. loss = 0.8791385293006897   (2025-09-13_19-55-24)
2025-09-13 19:55:36,344 | INFO | iter is 9000 / 25000, loc. loss = 0.3693808317184448  , classif. loss = 0.08045457303524017  (2025-09-13_19-55-36)
2025-09-13 19:55:57,280 | INFO | iter is 9100 / 25000, loc. loss = 0.35471490025520325 , classif. loss = 2.732776641845703    (2025-09-13_19-55-57)
2025-09-13 19:56:09,477 | INFO | iter is 9150 / 25000, loc. loss = 0.32004332542419434 , classif. loss = 0.1996351033449173   (2025-09-13_19-56-09)
2025-09-13 19:56:20,887 | INFO | iter is 9200 / 25000, loc. loss = 0.28257104754447937 , classif. loss = 0.8796617984771729   (2025-09-13_19-56-20)
2025-09-13 19:56:32,840 | INFO | iter is 9250 / 25000, loc. loss = 0.19123609364032745 , classif. loss = 0.06747253239154816  (2025-09-13_19-56-32)
2025-09-13 19:56:44,217 | INFO | iter is 9300 / 25000, loc. loss = 0.17619609832763672 , classif. loss = 0.07809583097696304  (2025-09-13_19-56-44)
2025-09-13 19:56:55,349 | INFO | iter is 9350 / 25000, loc. loss = 0.40159380435943604 , classif. loss = 0.8605201840400696   (2025-09-13_19-56-55)
2025-09-13 19:57:17,849 | INFO | iter is 9450 / 25000, loc. loss = 0.3434557318687439  , classif. loss = 1.3794211149215698   (2025-09-13_19-57-17)
2025-09-13 19:57:30,317 | INFO | iter is 9500 / 25000, loc. loss = 0.2798476815223694  , classif. loss = 1.6767082214355469   (2025-09-13_19-57-30)
2025-09-13 19:57:40,641 | INFO | iter is 9550 / 25000, loc. loss = 0.18000715970993042 , classif. loss = 0.9403452277183533   (2025-09-13_19-57-40)
2025-09-13 19:57:50,742 | INFO | iter is 9600 / 25000, loc. loss = 0.20286795496940613 , classif. loss = 0.1995416283607483   (2025-09-13_19-57-50)
2025-09-13 19:58:01,056 | INFO | iter is 9650 / 25000, loc. loss = 0.23034708201885223 , classif. loss = 0.02391841635107994  (2025-09-13_19-58-01)
2025-09-13 19:58:11,630 | INFO | iter is 9700 / 25000, loc. loss = 0.28124257922172546 , classif. loss = 1.326352596282959    (2025-09-13_19-58-11)
2025-09-13 19:58:23,085 | INFO | iter is 9750 / 25000, loc. loss = 0.3384016752243042  , classif. loss = 0.5839013457298279   (2025-09-13_19-58-23)
2025-09-13 19:58:34,238 | INFO | iter is 9800 / 25000, loc. loss = 0.21310506761074066 , classif. loss = 0.0014754649018868804 (2025-09-13_19-58-34)
2025-09-13 19:58:44,544 | INFO | iter is 9850 / 25000, loc. loss = 0.32061058282852173 , classif. loss = 0.5709461569786072   (2025-09-13_19-58-44)
2025-09-13 19:58:54,589 | INFO | iter is 9900 / 25000, loc. loss = 0.20657791197299957 , classif. loss = 2.465827226638794    (2025-09-13_19-58-54)
2025-09-13 19:59:06,331 | INFO | iter is 9950 / 25000, loc. loss = 0.21310965716838837 , classif. loss = 0.6883559226989746   (2025-09-13_19-59-06)
2025-09-13 19:59:16,402 | INFO | iter is 10000 / 25000, loc. loss = 0.37318435311317444 , classif. loss = 3.727445125579834    (2025-09-13_19-59-16)
2025-09-13 19:59:27,826 | INFO | iter is 10050 / 25000, loc. loss = 0.25478243827819824 , classif. loss = 1.3294446468353271   (2025-09-13_19-59-27)
2025-09-13 19:59:38,703 | INFO | iter is 10100 / 25000, loc. loss = 0.44745293259620667 , classif. loss = 0.647164523601532    (2025-09-13_19-59-38)
2025-09-13 19:59:48,768 | INFO | iter is 10150 / 25000, loc. loss = 0.17342376708984375 , classif. loss = 1.837418556213379    (2025-09-13_19-59-48)
2025-09-13 19:59:58,807 | INFO | iter is 10200 / 25000, loc. loss = 0.1990281343460083  , classif. loss = 1.0601195096969604   (2025-09-13_19-59-58)
2025-09-13 20:00:10,222 | INFO | iter is 10250 / 25000, loc. loss = 0.49123549461364746 , classif. loss = 3.8467602729797363   (2025-09-13_20-00-10)
2025-09-13 20:00:21,634 | INFO | iter is 10300 / 25000, loc. loss = 0.26590099930763245 , classif. loss = 0.21256378293037415  (2025-09-13_20-00-21)
2025-09-13 20:00:31,677 | INFO | iter is 10350 / 25000, loc. loss = 0.20651255548000336 , classif. loss = 0.17501506209373474  (2025-09-13_20-00-31)
2025-09-13 20:00:42,021 | INFO | iter is 10400 / 25000, loc. loss = 0.1552387923002243  , classif. loss = 0.12922295928001404  (2025-09-13_20-00-41)
2025-09-13 20:00:52,834 | INFO | iter is 10450 / 25000, loc. loss = 0.16059915721416473 , classif. loss = 0.031037570908665657 (2025-09-13_20-00-52)
2025-09-13 20:01:03,954 | INFO | iter is 10500 / 25000, loc. loss = 0.2949718236923218  , classif. loss = 1.56961989402771     (2025-09-13_20-01-03)
2025-09-13 20:01:14,571 | INFO | iter is 10550 / 25000, loc. loss = 0.2513718903064728  , classif. loss = 1.2637181282043457   (2025-09-13_20-01-14)
2025-09-13 20:01:25,419 | INFO | iter is 10600 / 25000, loc. loss = 0.1780385822057724  , classif. loss = 0.16826896369457245  (2025-09-13_20-01-25)
2025-09-13 20:01:37,092 | INFO | iter is 10650 / 25000, loc. loss = 0.46389976143836975 , classif. loss = 1.0780303478240967   (2025-09-13_20-01-37)
2025-09-13 20:01:48,252 | INFO | iter is 10700 / 25000, loc. loss = 0.3962731659412384  , classif. loss = 1.6320465803146362   (2025-09-13_20-01-48)
2025-09-13 20:01:59,900 | INFO | iter is 10750 / 25000, loc. loss = 0.14880505204200745 , classif. loss = 0.24254776537418365  (2025-09-13_20-01-59)
2025-09-13 20:02:10,767 | INFO | iter is 10800 / 25000, loc. loss = 0.15841549634933472 , classif. loss = 0.0050062090158462524 (2025-09-13_20-02-10)
2025-09-13 20:02:21,100 | INFO | iter is 10850 / 25000, loc. loss = 0.32283923029899597 , classif. loss = 0.12561073899269104  (2025-09-13_20-02-21)
2025-09-13 20:02:43,319 | INFO | iter is 10950 / 25000, loc. loss = 0.10100237280130386 , classif. loss = 7.7655930519104      (2025-09-13_20-02-43)
2025-09-13 20:03:06,655 | INFO | iter is 11050 / 25000, loc. loss = 0.27749091386795044 , classif. loss = 0.7390176057815552   (2025-09-13_20-03-06)
2025-09-13 20:03:37,084 | INFO | iter is 11200 / 25000, loc. loss = 0.3714606761932373  , classif. loss = 0.11322388052940369  (2025-09-13_20-03-37)
2025-09-13 20:03:48,222 | INFO | iter is 11250 / 25000, loc. loss = 0.40407246351242065 , classif. loss = 0.5864670276641846   (2025-09-13_20-03-48)
2025-09-13 20:04:09,364 | INFO | iter is 11350 / 25000, loc. loss = 0.2815358638763428  , classif. loss = 1.0122543573379517   (2025-09-13_20-04-09)
2025-09-13 20:04:51,402 | INFO | iter is 11550 / 25000, loc. loss = 0.24851399660110474 , classif. loss = 0.7685583829879761   (2025-09-13_20-04-51)
2025-09-13 20:05:01,700 | INFO | iter is 11600 / 25000, loc. loss = 0.2718823254108429  , classif. loss = 0.653322696685791    (2025-09-13_20-05-01)
2025-09-13 20:05:12,260 | INFO | iter is 11650 / 25000, loc. loss = 0.24203673005104065 , classif. loss = 1.4203766584396362   (2025-09-13_20-05-12)
2025-09-13 20:05:22,572 | INFO | iter is 11700 / 25000, loc. loss = 0.4424192011356354  , classif. loss = 3.7560033798217773   (2025-09-13_20-05-22)
2025-09-13 20:05:33,976 | INFO | iter is 11750 / 25000, loc. loss = 0.24896669387817383 , classif. loss = 0.06527641415596008  (2025-09-13_20-05-33)
2025-09-13 20:05:56,238 | INFO | iter is 11850 / 25000, loc. loss = 0.3050265312194824  , classif. loss = 1.1194027662277222   (2025-09-13_20-05-56)
2025-09-13 20:06:07,355 | INFO | iter is 11900 / 25000, loc. loss = 0.12840428948402405 , classif. loss = 0.07681511342525482  (2025-09-13_20-06-07)
2025-09-13 20:06:28,789 | INFO | iter is 12000 / 25000, loc. loss = 0.2328406423330307  , classif. loss = 1.2493159770965576   (2025-09-13_20-06-28)
2025-09-13 20:06:39,397 | INFO | iter is 12050 / 25000, loc. loss = 0.5299960374832153  , classif. loss = 1.5226812362670898   (2025-09-13_20-06-39)
2025-09-13 20:06:49,453 | INFO | iter is 12100 / 25000, loc. loss = 0.23038220405578613 , classif. loss = 1.2358713150024414   (2025-09-13_20-06-49)
2025-09-13 20:07:21,535 | INFO | iter is 12250 / 25000, loc. loss = 0.22628125548362732 , classif. loss = 0.047999851405620575 (2025-09-13_20-07-21)
2025-09-13 20:07:42,159 | INFO | iter is 12350 / 25000, loc. loss = 0.4723265767097473  , classif. loss = 0.222510427236557    (2025-09-13_20-07-42)
2025-09-13 20:07:53,304 | INFO | iter is 12400 / 25000, loc. loss = 0.18525521457195282 , classif. loss = 2.20888614654541     (2025-09-13_20-07-53)
2025-09-13 20:08:24,880 | INFO | iter is 12550 / 25000, loc. loss = 0.15647536516189575 , classif. loss = 1.2977142333984375   (2025-09-13_20-08-24)
2025-09-13 20:08:34,438 | INFO | iter is 12600 / 25000, loc. loss = 0.28292322158813477 , classif. loss = 0.17269353568553925  (2025-09-13_20-08-34)
2025-09-13 20:08:57,512 | INFO | iter is 12700 / 25000, loc. loss = 0.26582199335098267 , classif. loss = 0.2626558542251587   (2025-09-13_20-08-57)
2025-09-13 20:09:08,650 | INFO | iter is 12750 / 25000, loc. loss = 0.191467747092247   , classif. loss = 1.335498332977295    (2025-09-13_20-09-08)
2025-09-13 20:09:19,493 | INFO | iter is 12800 / 25000, loc. loss = 0.1272510588169098  , classif. loss = 0.0190085731446743   (2025-09-13_20-09-19)
2025-09-13 20:09:29,560 | INFO | iter is 12850 / 25000, loc. loss = 0.22339951992034912 , classif. loss = 0.1081443578004837   (2025-09-13_20-09-29)
2025-09-13 20:09:49,948 | INFO | iter is 12950 / 25000, loc. loss = 0.4935203790664673  , classif. loss = 0.6986051797866821   (2025-09-13_20-09-49)
2025-09-13 20:10:00,795 | INFO | iter is 13000 / 25000, loc. loss = 0.1532507836818695  , classif. loss = 0.07457742094993591  (2025-09-13_20-10-00)
2025-09-13 20:10:22,515 | INFO | iter is 13100 / 25000, loc. loss = 0.22465498745441437 , classif. loss = 0.07970018684864044  (2025-09-13_20-10-22)
2025-09-13 20:10:34,165 | INFO | iter is 13150 / 25000, loc. loss = 0.506615161895752   , classif. loss = 4.15533971786499     (2025-09-13_20-10-34)
2025-09-13 20:10:45,348 | INFO | iter is 13200 / 25000, loc. loss = 0.17518356442451477 , classif. loss = 1.1937391757965088   (2025-09-13_20-10-45)
2025-09-13 20:10:56,202 | INFO | iter is 13250 / 25000, loc. loss = 0.23608645796775818 , classif. loss = 1.0331976413726807   (2025-09-13_20-10-56)
2025-09-13 20:11:06,225 | INFO | iter is 13300 / 25000, loc. loss = 0.31820806860923767 , classif. loss = 1.163133144378662    (2025-09-13_20-11-06)
2025-09-13 20:11:15,454 | INFO | iter is 13350 / 25000, loc. loss = 0.19279547035694122 , classif. loss = 1.3283417224884033   (2025-09-13_20-11-15)
2025-09-13 20:11:25,259 | INFO | iter is 13400 / 25000, loc. loss = 0.5070074796676636  , classif. loss = 0.03544963151216507  (2025-09-13_20-11-25)
2025-09-13 20:11:36,398 | INFO | iter is 13450 / 25000, loc. loss = 0.21771375834941864 , classif. loss = 1.4026256799697876   (2025-09-13_20-11-36)
2025-09-13 20:11:47,774 | INFO | iter is 13500 / 25000, loc. loss = 0.4120495319366455  , classif. loss = 0.9798739552497864   (2025-09-13_20-11-47)
2025-09-13 20:11:59,139 | INFO | iter is 13550 / 25000, loc. loss = 0.23132093250751495 , classif. loss = 3.357785701751709    (2025-09-13_20-11-59)
2025-09-13 20:12:08,144 | INFO | iter is 13600 / 25000, loc. loss = 0.29394641518592834 , classif. loss = 0.9959588646888733   (2025-09-13_20-12-08)
2025-09-13 20:12:19,306 | INFO | iter is 13650 / 25000, loc. loss = 0.3259577453136444  , classif. loss = 1.1968913078308105   (2025-09-13_20-12-19)
2025-09-13 20:12:30,715 | INFO | iter is 13700 / 25000, loc. loss = 0.1661350280046463  , classif. loss = 0.1153828352689743   (2025-09-13_20-12-30)
2025-09-13 20:12:41,025 | INFO | iter is 13750 / 25000, loc. loss = 0.3873658776283264  , classif. loss = 1.0473284721374512   (2025-09-13_20-12-40)
2025-09-13 20:12:51,898 | INFO | iter is 13800 / 25000, loc. loss = 0.2754741609096527  , classif. loss = 0.06371119618415833  (2025-09-13_20-12-51)
2025-09-13 20:13:02,715 | INFO | iter is 13850 / 25000, loc. loss = 0.2878943979740143  , classif. loss = 5.324475288391113    (2025-09-13_20-13-02)
2025-09-13 20:13:23,546 | INFO | iter is 13950 / 25000, loc. loss = 0.37643685936927795 , classif. loss = 0.4646539092063904   (2025-09-13_20-13-23)
2025-09-13 20:13:33,885 | INFO | iter is 14000 / 25000, loc. loss = 0.17970193922519684 , classif. loss = 0.2321743667125702   (2025-09-13_20-13-33)
2025-09-13 20:13:44,694 | INFO | iter is 14050 / 25000, loc. loss = 0.26890963315963745 , classif. loss = 1.4611599445343018   (2025-09-13_20-13-44)
2025-09-13 20:13:56,907 | INFO | iter is 14100 / 25000, loc. loss = 0.12669871747493744 , classif. loss = 0.2586805820465088   (2025-09-13_20-13-56)
2025-09-13 20:14:18,078 | INFO | iter is 14200 / 25000, loc. loss = 0.3290233016014099  , classif. loss = 0.11530816555023193  (2025-09-13_20-14-18)
2025-09-13 20:14:28,689 | INFO | iter is 14250 / 25000, loc. loss = 0.3356790244579315  , classif. loss = 0.1692478358745575   (2025-09-13_20-14-28)
2025-09-13 20:14:38,723 | INFO | iter is 14300 / 25000, loc. loss = 0.23115858435630798 , classif. loss = 0.38200196623802185  (2025-09-13_20-14-38)
2025-09-13 20:14:49,335 | INFO | iter is 14350 / 25000, loc. loss = 0.3408809304237366  , classif. loss = 0.017492208629846573 (2025-09-13_20-14-49)
2025-09-13 20:14:59,663 | INFO | iter is 14400 / 25000, loc. loss = 0.18522176146507263 , classif. loss = 0.5720317363739014   (2025-09-13_20-14-59)
2025-09-13 20:15:08,895 | INFO | iter is 14450 / 25000, loc. loss = 0.19735343754291534 , classif. loss = 0.011131114326417446 (2025-09-13_20-15-08)
2025-09-13 20:15:20,024 | INFO | iter is 14500 / 25000, loc. loss = 0.2752310633659363  , classif. loss = 1.6965703964233398   (2025-09-13_20-15-19)
2025-09-13 20:15:30,902 | INFO | iter is 14550 / 25000, loc. loss = 0.23385313153266907 , classif. loss = 0.8875386118888855   (2025-09-13_20-15-30)
2025-09-13 20:15:42,852 | INFO | iter is 14600 / 25000, loc. loss = 0.21309900283813477 , classif. loss = 2.632880926132202    (2025-09-13_20-15-42)
2025-09-13 20:15:53,717 | INFO | iter is 14650 / 25000, loc. loss = 0.3967006802558899  , classif. loss = 0.07264326512813568  (2025-09-13_20-15-53)
2025-09-13 20:16:04,863 | INFO | iter is 14700 / 25000, loc. loss = 0.20765428245067596 , classif. loss = 0.30831754207611084  (2025-09-13_20-16-04)
2025-09-13 20:16:27,082 | INFO | iter is 14800 / 25000, loc. loss = 0.15893878042697906 , classif. loss = 0.4733261466026306   (2025-09-13_20-16-27)
2025-09-13 20:16:36,915 | INFO | iter is 14850 / 25000, loc. loss = 0.28642919659614563 , classif. loss = 0.13803604245185852  (2025-09-13_20-16-36)
2025-09-13 20:16:48,353 | INFO | iter is 14900 / 25000, loc. loss = 0.3785790205001831  , classif. loss = 0.5431866645812988   (2025-09-13_20-16-48)
2025-09-13 20:16:59,472 | INFO | iter is 14950 / 25000, loc. loss = 0.32969409227371216 , classif. loss = 0.07081826776266098  (2025-09-13_20-16-59)
2025-09-13 20:17:11,138 | INFO | iter is 15000 / 25000, loc. loss = 0.27071574330329895 , classif. loss = 2.111966609954834    (2025-09-13_20-17-11)
2025-09-13 20:17:21,471 | INFO | iter is 15050 / 25000, loc. loss = 0.3509943187236786  , classif. loss = 0.28806549310684204  (2025-09-13_20-17-21)
2025-09-13 20:17:31,482 | INFO | iter is 15100 / 25000, loc. loss = 0.2372170090675354  , classif. loss = 0.01746249571442604  (2025-09-13_20-17-31)
2025-09-13 20:17:43,369 | INFO | iter is 15150 / 25000, loc. loss = 0.14052876830101013 , classif. loss = 0.10011859238147736  (2025-09-13_20-17-43)
2025-09-13 20:17:54,769 | INFO | iter is 15200 / 25000, loc. loss = 0.2630445957183838  , classif. loss = 2.6630301475524902   (2025-09-13_20-17-54)
2025-09-13 20:18:05,596 | INFO | iter is 15250 / 25000, loc. loss = 0.288413941860199   , classif. loss = 1.1747965812683105   (2025-09-13_20-18-05)
2025-09-13 20:18:16,982 | INFO | iter is 15300 / 25000, loc. loss = 0.33899134397506714 , classif. loss = 0.05540712922811508  (2025-09-13_20-18-16)
2025-09-13 20:18:27,033 | INFO | iter is 15350 / 25000, loc. loss = 0.2668069303035736  , classif. loss = 1.0068261623382568   (2025-09-13_20-18-26)
2025-09-13 20:18:39,217 | INFO | iter is 15400 / 25000, loc. loss = 0.15582245588302612 , classif. loss = 1.883063554763794    (2025-09-13_20-18-39)
2025-09-13 20:18:50,617 | INFO | iter is 15450 / 25000, loc. loss = 0.274788498878479   , classif. loss = 2.120819091796875    (2025-09-13_20-18-50)
2025-09-13 20:19:01,721 | INFO | iter is 15500 / 25000, loc. loss = 0.2658911943435669  , classif. loss = 0.06487492471933365  (2025-09-13_20-19-01)
2025-09-13 20:19:11,240 | INFO | iter is 15550 / 25000, loc. loss = 0.2166869342327118  , classif. loss = 0.37667548656463623  (2025-09-13_20-19-11)
2025-09-13 20:19:22,670 | INFO | iter is 15600 / 25000, loc. loss = 0.7912131547927856  , classif. loss = 2.5293877124786377   (2025-09-13_20-19-22)
2025-09-13 20:19:33,014 | INFO | iter is 15650 / 25000, loc. loss = 0.23061415553092957 , classif. loss = 0.22187350690364838  (2025-09-13_20-19-32)
2025-09-13 20:19:43,838 | INFO | iter is 15700 / 25000, loc. loss = 0.24178656935691833 , classif. loss = 0.0019449652172625065 (2025-09-13_20-19-43)
2025-09-13 20:19:54,971 | INFO | iter is 15750 / 25000, loc. loss = 0.26525071263313293 , classif. loss = 1.278838872909546    (2025-09-13_20-19-54)
2025-09-13 20:20:07,991 | INFO | iter is 15800 / 25000, loc. loss = 0.22104164958000183 , classif. loss = 0.03895873203873634  (2025-09-13_20-20-07)
2025-09-13 20:20:18,345 | INFO | iter is 15850 / 25000, loc. loss = 0.37508127093315125 , classif. loss = 0.7689983248710632   (2025-09-13_20-20-18)
2025-09-13 20:20:30,014 | INFO | iter is 15900 / 25000, loc. loss = 0.1857835352420807  , classif. loss = 0.04104376584291458  (2025-09-13_20-20-29)
2025-09-13 20:20:40,130 | INFO | iter is 15950 / 25000, loc. loss = 0.2006916105747223  , classif. loss = 2.4231042861938477   (2025-09-13_20-20-40)
2025-09-13 20:20:51,586 | INFO | iter is 16000 / 25000, loc. loss = 0.2187659740447998  , classif. loss = 1.27614164352417     (2025-09-13_20-20-51)
2025-09-13 20:21:01,386 | INFO | iter is 16050 / 25000, loc. loss = 0.1458153873682022  , classif. loss = 0.9637123346328735   (2025-09-13_20-21-01)
2025-09-13 20:21:13,559 | INFO | iter is 16100 / 25000, loc. loss = 0.13136258721351624 , classif. loss = 0.6253442168235779   (2025-09-13_20-21-13)
2025-09-13 20:21:24,446 | INFO | iter is 16150 / 25000, loc. loss = 0.20958995819091797 , classif. loss = 0.5251368284225464   (2025-09-13_20-21-24)
2025-09-13 20:21:35,335 | INFO | iter is 16200 / 25000, loc. loss = 0.6287457346916199  , classif. loss = 0.3337259292602539   (2025-09-13_20-21-35)
2025-09-13 20:21:45,972 | INFO | iter is 16250 / 25000, loc. loss = 0.26827937364578247 , classif. loss = 1.3768237829208374   (2025-09-13_20-21-45)
2025-09-13 20:21:57,136 | INFO | iter is 16300 / 25000, loc. loss = 0.2170671820640564  , classif. loss = 1.3978996276855469   (2025-09-13_20-21-57)
2025-09-13 20:22:15,824 | INFO | iter is 16400 / 25000, loc. loss = 0.2816031575202942  , classif. loss = 1.894688367843628    (2025-09-13_20-22-15)
2025-09-13 20:22:26,649 | INFO | iter is 16450 / 25000, loc. loss = 0.17256739735603333 , classif. loss = 1.7737326622009277   (2025-09-13_20-22-26)
2025-09-13 20:22:49,228 | INFO | iter is 16550 / 25000, loc. loss = 0.33914822340011597 , classif. loss = 1.5406570434570312   (2025-09-13_20-22-49)
2025-09-13 20:22:59,810 | INFO | iter is 16600 / 25000, loc. loss = 0.19317489862442017 , classif. loss = 0.4800015389919281   (2025-09-13_20-22-59)
2025-09-13 20:23:11,268 | INFO | iter is 16650 / 25000, loc. loss = 0.24492937326431274 , classif. loss = 0.09063607454299927  (2025-09-13_20-23-11)
2025-09-13 20:23:30,816 | INFO | iter is 16750 / 25000, loc. loss = 0.1089809387922287  , classif. loss = 2.090963363647461    (2025-09-13_20-23-30)
2025-09-13 20:23:42,501 | INFO | iter is 16800 / 25000, loc. loss = 0.47417861223220825 , classif. loss = 2.970994472503662    (2025-09-13_20-23-42)
2025-09-13 20:23:53,311 | INFO | iter is 16850 / 25000, loc. loss = 0.2930329144001007  , classif. loss = 0.09528518468141556  (2025-09-13_20-23-53)
2025-09-13 20:24:03,056 | INFO | iter is 16900 / 25000, loc. loss = 0.33852139115333557 , classif. loss = 0.24556508660316467  (2025-09-13_20-24-03)
2025-09-13 20:24:13,931 | INFO | iter is 16950 / 25000, loc. loss = 0.363158643245697   , classif. loss = 3.4599850177764893   (2025-09-13_20-24-13)
2025-09-13 20:24:35,353 | INFO | iter is 17050 / 25000, loc. loss = 0.2264014333486557  , classif. loss = 2.0822505950927734   (2025-09-13_20-24-35)
2025-09-13 20:24:46,999 | INFO | iter is 17100 / 25000, loc. loss = 0.2776035964488983  , classif. loss = 0.941006064414978    (2025-09-13_20-24-46)
2025-09-13 20:25:06,567 | INFO | iter is 17200 / 25000, loc. loss = 0.5438560247421265  , classif. loss = 0.6312945485115051   (2025-09-13_20-25-06)
2025-09-13 20:25:18,242 | INFO | iter is 17250 / 25000, loc. loss = 0.4732252359390259  , classif. loss = 0.683276355266571    (2025-09-13_20-25-18)
2025-09-13 20:25:29,639 | INFO | iter is 17300 / 25000, loc. loss = 0.053638048470020294, classif. loss = 1.3510290384292603   (2025-09-13_20-25-29)
2025-09-13 20:25:38,918 | INFO | iter is 17350 / 25000, loc. loss = 0.21154075860977173 , classif. loss = 0.547914445400238    (2025-09-13_20-25-38)
2025-09-13 20:26:00,402 | INFO | iter is 17450 / 25000, loc. loss = 0.2536253333091736  , classif. loss = 0.1437983214855194   (2025-09-13_20-26-00)
2025-09-13 20:26:43,296 | INFO | iter is 17650 / 25000, loc. loss = 0.2980426847934723  , classif. loss = 0.052683569490909576 (2025-09-13_20-26-43)
2025-09-13 20:26:54,437 | INFO | iter is 17700 / 25000, loc. loss = 0.14494095742702484 , classif. loss = 0.9532912969589233   (2025-09-13_20-26-54)
2025-09-13 20:27:03,962 | INFO | iter is 17750 / 25000, loc. loss = 0.28124237060546875 , classif. loss = 0.011419303715229034 (2025-09-13_20-27-03)
2025-09-13 20:27:14,899 | INFO | iter is 17800 / 25000, loc. loss = 0.18156380951404572 , classif. loss = 2.57092022895813     (2025-09-13_20-27-14)
2025-09-13 20:27:25,492 | INFO | iter is 17850 / 25000, loc. loss = 0.23479633033275604 , classif. loss = 4.650969982147217    (2025-09-13_20-27-25)
2025-09-13 20:27:46,727 | INFO | iter is 17950 / 25000, loc. loss = 0.24040566384792328 , classif. loss = 0.15774047374725342  (2025-09-13_20-27-46)
2025-09-13 20:28:07,624 | INFO | iter is 18050 / 25000, loc. loss = 0.4019019603729248  , classif. loss = 0.24078907072544098  (2025-09-13_20-28-07)
2025-09-13 20:28:30,458 | INFO | iter is 18150 / 25000, loc. loss = 0.4149192273616791  , classif. loss = 0.1283927857875824   (2025-09-13_20-28-30)
2025-09-13 20:28:42,923 | INFO | iter is 18200 / 25000, loc. loss = 0.21272774040699005 , classif. loss = 0.8953087329864502   (2025-09-13_20-28-42)
2025-09-13 20:28:52,976 | INFO | iter is 18250 / 25000, loc. loss = 0.1451607048511505  , classif. loss = 0.026301929727196693 (2025-09-13_20-28-52)
2025-09-13 20:29:03,247 | INFO | iter is 18300 / 25000, loc. loss = 0.2351789027452469  , classif. loss = 0.46177762746810913  (2025-09-13_20-29-03)
2025-09-13 20:29:34,420 | INFO | iter is 18450 / 25000, loc. loss = 0.16109272837638855 , classif. loss = 0.2908984422683716   (2025-09-13_20-29-34)
2025-09-13 20:29:57,434 | INFO | iter is 18550 / 25000, loc. loss = 0.43369731307029724 , classif. loss = 0.3741755485534668   (2025-09-13_20-29-57)
2025-09-13 20:30:08,014 | INFO | iter is 18600 / 25000, loc. loss = 0.15492215752601624 , classif. loss = 0.03688828647136688  (2025-09-13_20-30-07)
2025-09-13 20:30:18,882 | INFO | iter is 18650 / 25000, loc. loss = 0.3264818787574768  , classif. loss = 1.7800960540771484   (2025-09-13_20-30-18)
2025-09-13 20:30:29,961 | INFO | iter is 18700 / 25000, loc. loss = 0.37697312235832214 , classif. loss = 0.008396155200898647 (2025-09-13_20-30-29)
2025-09-13 20:30:41,934 | INFO | iter is 18750 / 25000, loc. loss = 0.20191264152526855 , classif. loss = 0.005649589002132416 (2025-09-13_20-30-41)
2025-09-13 20:30:41,935 | INFO | ---------starting evaluation-----------
2025-09-13 20:30:42,975 | INFO | validation:    0/1866 (2025-09-13_20-30-42)
2025-09-13 20:31:29,058 | INFO | validation:  100/1866 (2025-09-13_20-31-29)
2025-09-13 20:32:13,674 | INFO | validation:  200/1866 (2025-09-13_20-32-13)
2025-09-13 20:32:58,458 | INFO | validation:  300/1866 (2025-09-13_20-32-58)
2025-09-13 20:33:42,986 | INFO | validation:  400/1866 (2025-09-13_20-33-42)
2025-09-13 20:34:27,534 | INFO | validation:  500/1866 (2025-09-13_20-34-27)
2025-09-13 20:35:12,099 | INFO | validation:  600/1866 (2025-09-13_20-35-12)
2025-09-13 20:35:56,681 | INFO | validation:  700/1866 (2025-09-13_20-35-56)
2025-09-13 20:36:41,468 | INFO | validation:  800/1866 (2025-09-13_20-36-41)
2025-09-13 20:37:26,239 | INFO | validation:  900/1866 (2025-09-13_20-37-26)
2025-09-13 20:38:10,834 | INFO | validation: 1000/1866 (2025-09-13_20-38-10)
2025-09-13 20:38:55,528 | INFO | validation: 1100/1866 (2025-09-13_20-38-55)
2025-09-13 20:39:40,325 | INFO | validation: 1200/1866 (2025-09-13_20-39-40)
2025-09-13 20:40:24,964 | INFO | validation: 1300/1866 (2025-09-13_20-40-24)
2025-09-13 20:41:09,601 | INFO | validation: 1400/1866 (2025-09-13_20-41-09)
2025-09-13 20:41:54,632 | INFO | validation: 1500/1866 (2025-09-13_20-41-54)
2025-09-13 20:42:39,313 | INFO | validation: 1600/1866 (2025-09-13_20-42-39)
2025-09-13 20:43:24,067 | INFO | validation: 1700/1866 (2025-09-13_20-43-24)
2025-09-13 20:44:08,797 | INFO | validation: 1800/1866 (2025-09-13_20-44-08)
2025-09-13 20:44:38,329 | INFO | lofF1 is 0.8045084600955832, clfF1 is 0.5070877187566704, oaF1 is 0.5963139411583442, sub class F1 score is [0.92392753 0.25745088 0.63796905 0.73847861]
2025-09-13 20:44:49,586 | INFO | iter is 18800 / 25000, loc. loss = 0.16768726706504822 , classif. loss = 0.23506200313568115  (2025-09-13_20-44-49)
2025-09-13 20:45:00,838 | INFO | iter is 18850 / 25000, loc. loss = 0.14583420753479004 , classif. loss = 0.056872472167015076 (2025-09-13_20-45-00)
2025-09-13 20:45:13,129 | INFO | iter is 18900 / 25000, loc. loss = 0.26742058992385864 , classif. loss = 1.9666625261306763   (2025-09-13_20-45-13)
2025-09-13 20:45:35,263 | INFO | iter is 19000 / 25000, loc. loss = 0.15181216597557068 , classif. loss = 0.10998421907424927  (2025-09-13_20-45-35)
2025-09-13 20:45:57,129 | INFO | iter is 19100 / 25000, loc. loss = 0.1838146597146988  , classif. loss = 2.156928062438965    (2025-09-13_20-45-57)
2025-09-13 20:46:07,505 | INFO | iter is 19150 / 25000, loc. loss = 0.3282648026943207  , classif. loss = 0.05387062579393387  (2025-09-13_20-46-07)
2025-09-13 20:46:19,292 | INFO | iter is 19200 / 25000, loc. loss = 0.1223873496055603  , classif. loss = 0.3722692131996155   (2025-09-13_20-46-19)
2025-09-13 20:46:29,666 | INFO | iter is 19250 / 25000, loc. loss = 0.4925403594970703  , classif. loss = 0.09134137630462646  (2025-09-13_20-46-29)
2025-09-13 20:46:49,948 | INFO | iter is 19350 / 25000, loc. loss = 0.43181493878364563 , classif. loss = 0.29775071144104004  (2025-09-13_20-46-49)
2025-09-13 20:47:10,652 | INFO | iter is 19450 / 25000, loc. loss = 0.24558210372924805 , classif. loss = 0.05467155948281288  (2025-09-13_20-47-10)
2025-09-13 20:47:32,634 | INFO | iter is 19550 / 25000, loc. loss = 0.21042031049728394 , classif. loss = 0.39773017168045044  (2025-09-13_20-47-32)
2025-09-13 20:47:42,693 | INFO | iter is 19600 / 25000, loc. loss = 0.4512028992176056  , classif. loss = 3.8378539085388184   (2025-09-13_20-47-42)
2025-09-13 20:47:52,481 | INFO | iter is 19650 / 25000, loc. loss = 0.16719137132167816 , classif. loss = 0.14126348495483398  (2025-09-13_20-47-52)
2025-09-13 20:48:04,143 | INFO | iter is 19700 / 25000, loc. loss = 0.12454583495855331 , classif. loss = 1.028045654296875    (2025-09-13_20-48-04)
2025-09-13 20:48:26,143 | INFO | iter is 19800 / 25000, loc. loss = 0.10679551959037781 , classif. loss = 0.021804502233862877 (2025-09-13_20-48-26)
2025-09-13 20:48:36,672 | INFO | iter is 19850 / 25000, loc. loss = 0.2700708508491516  , classif. loss = 2.111572265625       (2025-09-13_20-48-36)
2025-09-13 20:48:45,357 | INFO | iter is 19900 / 25000, loc. loss = 0.2852649688720703  , classif. loss = 0.07400496304035187  (2025-09-13_20-48-45)
2025-09-13 20:48:55,663 | INFO | iter is 19950 / 25000, loc. loss = 0.2889869809150696  , classif. loss = 0.3826518952846527   (2025-09-13_20-48-55)
2025-09-13 20:49:17,371 | INFO | iter is 20050 / 25000, loc. loss = 0.31923797726631165 , classif. loss = 2.2298851013183594   (2025-09-13_20-49-17)
2025-09-13 20:49:28,482 | INFO | iter is 20100 / 25000, loc. loss = 0.2511718273162842  , classif. loss = 0.025309503078460693 (2025-09-13_20-49-28)
2025-09-13 20:49:40,492 | INFO | iter is 20150 / 25000, loc. loss = 0.2339152842760086  , classif. loss = 0.788412868976593    (2025-09-13_20-49-40)
2025-09-13 20:49:51,100 | INFO | iter is 20200 / 25000, loc. loss = 0.2377968728542328  , classif. loss = 1.3347327709197998   (2025-09-13_20-49-51)
2025-09-13 20:50:03,063 | INFO | iter is 20250 / 25000, loc. loss = 0.2639157176017761  , classif. loss = 3.974515914916992    (2025-09-13_20-50-03)
2025-09-13 20:50:14,493 | INFO | iter is 20300 / 25000, loc. loss = 0.19923272728919983 , classif. loss = 0.128667950630188    (2025-09-13_20-50-14)
2025-09-13 20:50:26,429 | INFO | iter is 20350 / 25000, loc. loss = 0.18499574065208435 , classif. loss = 0.2906055748462677   (2025-09-13_20-50-26)
2025-09-13 20:50:37,564 | INFO | iter is 20400 / 25000, loc. loss = 0.38859447836875916 , classif. loss = 0.8113871216773987   (2025-09-13_20-50-37)
2025-09-13 20:50:58,986 | INFO | iter is 20500 / 25000, loc. loss = 0.20998644828796387 , classif. loss = 2.383793592453003    (2025-09-13_20-50-58)
2025-09-13 20:51:19,696 | INFO | iter is 20600 / 25000, loc. loss = 0.38607582449913025 , classif. loss = 1.321154236793518    (2025-09-13_20-51-19)
2025-09-13 20:51:39,788 | INFO | iter is 20700 / 25000, loc. loss = 0.2042028307914734  , classif. loss = 2.0503413677215576   (2025-09-13_20-51-39)
2025-09-13 20:51:50,949 | INFO | iter is 20750 / 25000, loc. loss = 0.300601065158844   , classif. loss = 0.04590854421257973  (2025-09-13_20-51-50)
2025-09-13 20:52:01,574 | INFO | iter is 20800 / 25000, loc. loss = 0.20879675447940826 , classif. loss = 2.2609853744506836   (2025-09-13_20-52-01)
2025-09-13 20:52:13,521 | INFO | iter is 20850 / 25000, loc. loss = 0.15312059223651886 , classif. loss = 2.0530855655670166   (2025-09-13_20-52-13)
2025-09-13 20:52:35,486 | INFO | iter is 20950 / 25000, loc. loss = 0.4984886348247528  , classif. loss = 0.03342142328619957  (2025-09-13_20-52-35)
2025-09-13 20:52:45,508 | INFO | iter is 21000 / 25000, loc. loss = 0.1522570550441742  , classif. loss = 1.5769662857055664   (2025-09-13_20-52-45)
2025-09-13 20:52:56,396 | INFO | iter is 21050 / 25000, loc. loss = 0.1565076857805252  , classif. loss = 0.38595134019851685  (2025-09-13_20-52-56)
2025-09-13 20:53:06,701 | INFO | iter is 21100 / 25000, loc. loss = 0.49489158391952515 , classif. loss = 2.480376720428467    (2025-09-13_20-53-06)
2025-09-13 20:53:17,801 | INFO | iter is 21150 / 25000, loc. loss = 0.3111962676048279  , classif. loss = 0.04164911061525345  (2025-09-13_20-53-17)
2025-09-13 20:53:28,085 | INFO | iter is 21200 / 25000, loc. loss = 0.08086393773555756 , classif. loss = 0.01287294551730156  (2025-09-13_20-53-28)
2025-09-13 20:53:38,951 | INFO | iter is 21250 / 25000, loc. loss = 0.2299884855747223  , classif. loss = 0.005537907127290964 (2025-09-13_20-53-38)
2025-09-13 20:53:50,105 | INFO | iter is 21300 / 25000, loc. loss = 0.39498022198677063 , classif. loss = 0.047556325793266296 (2025-09-13_20-53-50)
2025-09-13 20:54:02,563 | INFO | iter is 21350 / 25000, loc. loss = 0.31554725766181946 , classif. loss = 0.04161662608385086  (2025-09-13_20-54-02)
2025-09-13 20:54:14,210 | INFO | iter is 21400 / 25000, loc. loss = 0.07492288202047348 , classif. loss = 0.24048471450805664  (2025-09-13_20-54-14)
2025-09-13 20:54:46,146 | INFO | iter is 21550 / 25000, loc. loss = 0.23664119839668274 , classif. loss = 0.1887284517288208   (2025-09-13_20-54-46)
2025-09-13 20:54:55,710 | INFO | iter is 21600 / 25000, loc. loss = 0.28250378370285034 , classif. loss = 0.9518707990646362   (2025-09-13_20-54-55)
2025-09-13 20:55:06,010 | INFO | iter is 21650 / 25000, loc. loss = 0.5009670853614807  , classif. loss = 2.798501491546631    (2025-09-13_20-55-05)
2025-09-13 20:55:18,536 | INFO | iter is 21700 / 25000, loc. loss = 0.5144817233085632  , classif. loss = 2.5022473335266113   (2025-09-13_20-55-18)
2025-09-13 20:55:52,518 | INFO | iter is 21850 / 25000, loc. loss = 0.34081292152404785 , classif. loss = 0.13103345036506653  (2025-09-13_20-55-52)
2025-09-13 20:56:03,654 | INFO | iter is 21900 / 25000, loc. loss = 0.12186916917562485 , classif. loss = 0.006638075225055218 (2025-09-13_20-56-03)
2025-09-13 20:56:14,793 | INFO | iter is 21950 / 25000, loc. loss = 0.4289078712463379  , classif. loss = 0.21614745259284973  (2025-09-13_20-56-14)
2025-09-13 20:56:26,493 | INFO | iter is 22000 / 25000, loc. loss = 0.24621862173080444 , classif. loss = 1.6056321859359741   (2025-09-13_20-56-26)
2025-09-13 20:56:36,518 | INFO | iter is 22050 / 25000, loc. loss = 0.1935584545135498  , classif. loss = 1.6703031063079834   (2025-09-13_20-56-36)
2025-09-13 20:56:58,288 | INFO | iter is 22150 / 25000, loc. loss = 0.501997172832489   , classif. loss = 5.152167797088623    (2025-09-13_20-56-58)
2025-09-13 20:57:30,036 | INFO | iter is 22300 / 25000, loc. loss = 0.21374166011810303 , classif. loss = 0.8100703954696655   (2025-09-13_20-57-29)
2025-09-13 20:57:40,891 | INFO | iter is 22350 / 25000, loc. loss = 0.19309785962104797 , classif. loss = 1.023220419883728    (2025-09-13_20-57-40)
2025-09-13 20:57:51,973 | INFO | iter is 22400 / 25000, loc. loss = 0.24300234019756317 , classif. loss = 1.5851185321807861   (2025-09-13_20-57-51)
2025-09-13 20:58:02,857 | INFO | iter is 22450 / 25000, loc. loss = 0.3274059593677521  , classif. loss = 1.8478975296020508   (2025-09-13_20-58-02)
2025-09-13 20:58:25,119 | INFO | iter is 22550 / 25000, loc. loss = 0.18786193430423737 , classif. loss = 0.06356213986873627  (2025-09-13_20-58-25)
2025-09-13 20:58:34,892 | INFO | iter is 22600 / 25000, loc. loss = 0.1752503663301468  , classif. loss = 1.3814736604690552   (2025-09-13_20-58-34)
2025-09-13 20:58:46,816 | INFO | iter is 22650 / 25000, loc. loss = 0.2628592252731323  , classif. loss = 0.3592703938484192   (2025-09-13_20-58-46)
2025-09-13 20:58:57,378 | INFO | iter is 22700 / 25000, loc. loss = 0.2024732530117035  , classif. loss = 1.8688549995422363   (2025-09-13_20-58-57)
2025-09-13 20:59:08,501 | INFO | iter is 22750 / 25000, loc. loss = 0.19650891423225403 , classif. loss = 0.03112092986702919  (2025-09-13_20-59-08)
2025-09-13 20:59:20,748 | INFO | iter is 22800 / 25000, loc. loss = 0.20169511437416077 , classif. loss = 0.06994986534118652  (2025-09-13_20-59-20)
2025-09-13 20:59:31,105 | INFO | iter is 22850 / 25000, loc. loss = 0.32595759630203247 , classif. loss = 2.9190311431884766   (2025-09-13_20-59-31)
2025-09-13 20:59:41,457 | INFO | iter is 22900 / 25000, loc. loss = 0.29785430431365967 , classif. loss = 0.07644858956336975  (2025-09-13_20-59-41)
2025-09-13 20:59:52,883 | INFO | iter is 22950 / 25000, loc. loss = 0.46145015954971313 , classif. loss = 0.04860508814454079  (2025-09-13_20-59-52)
2025-09-13 21:00:13,532 | INFO | iter is 23050 / 25000, loc. loss = 0.2862984538078308  , classif. loss = 1.2783617973327637   (2025-09-13_21-00-13)
2025-09-13 21:00:24,169 | INFO | iter is 23100 / 25000, loc. loss = 0.3815518319606781  , classif. loss = 0.3953258991241455   (2025-09-13_21-00-24)
2025-09-13 21:00:35,306 | INFO | iter is 23150 / 25000, loc. loss = 0.09440675377845764 , classif. loss = 1.839779257774353    (2025-09-13_21-00-35)
2025-09-13 21:00:45,612 | INFO | iter is 23200 / 25000, loc. loss = 0.22781693935394287 , classif. loss = 0.07622814178466797  (2025-09-13_21-00-45)
2025-09-13 21:01:17,946 | INFO | iter is 23350 / 25000, loc. loss = 0.20430749654769897 , classif. loss = 0.5491176843643188   (2025-09-13_21-01-17)
2025-09-13 21:01:28,530 | INFO | iter is 23400 / 25000, loc. loss = 0.35447564721107483 , classif. loss = 1.6140446662902832   (2025-09-13_21-01-28)
2025-09-13 21:01:38,595 | INFO | iter is 23450 / 25000, loc. loss = 0.2719101011753082  , classif. loss = 1.619316816329956    (2025-09-13_21-01-38)
2025-09-13 21:01:49,725 | INFO | iter is 23500 / 25000, loc. loss = 0.3651483654975891  , classif. loss = 2.9607295989990234   (2025-09-13_21-01-49)
2025-09-13 21:02:10,613 | INFO | iter is 23600 / 25000, loc. loss = 0.2642732262611389  , classif. loss = 0.06030341237783432  (2025-09-13_21-02-10)
2025-09-13 21:02:31,835 | INFO | iter is 23700 / 25000, loc. loss = 0.18473196029663086 , classif. loss = 0.9473631381988525   (2025-09-13_21-02-31)
2025-09-13 21:02:43,780 | INFO | iter is 23750 / 25000, loc. loss = 0.28460490703582764 , classif. loss = 4.180752754211426    (2025-09-13_21-02-43)
2025-09-13 21:02:54,619 | INFO | iter is 23800 / 25000, loc. loss = 0.3568006157875061  , classif. loss = 0.6904085874557495   (2025-09-13_21-02-54)
2025-09-13 21:03:06,029 | INFO | iter is 23850 / 25000, loc. loss = 0.20257043838500977 , classif. loss = 0.022615769878029823 (2025-09-13_21-03-05)
2025-09-13 21:03:17,739 | INFO | iter is 23900 / 25000, loc. loss = 0.19543536007404327 , classif. loss = 1.1985362768173218   (2025-09-13_21-03-17)
2025-09-13 21:03:30,468 | INFO | iter is 23950 / 25000, loc. loss = 0.12533700466156006 , classif. loss = 0.0047196196392178535 (2025-09-13_21-03-30)
2025-09-13 21:03:41,879 | INFO | iter is 24000 / 25000, loc. loss = 0.31846439838409424 , classif. loss = 0.10593639314174652  (2025-09-13_21-03-41)
2025-09-13 21:04:02,774 | INFO | iter is 24100 / 25000, loc. loss = 0.23817697167396545 , classif. loss = 1.581778645515442    (2025-09-13_21-04-02)
2025-09-13 21:04:12,278 | INFO | iter is 24150 / 25000, loc. loss = 0.25485390424728394 , classif. loss = 0.07517828047275543  (2025-09-13_21-04-12)
2025-09-13 21:04:23,627 | INFO | iter is 24200 / 25000, loc. loss = 0.14987391233444214 , classif. loss = 3.414323091506958    (2025-09-13_21-04-23)
2025-09-13 21:04:47,528 | INFO | iter is 24300 / 25000, loc. loss = 0.39300230145454407 , classif. loss = 1.4699280261993408   (2025-09-13_21-04-47)
2025-09-13 21:05:07,103 | INFO | iter is 24400 / 25000, loc. loss = 0.20827600359916687 , classif. loss = 0.9737904071807861   (2025-09-13_21-05-07)
2025-09-13 21:05:18,201 | INFO | iter is 24450 / 25000, loc. loss = 0.4183356463909149  , classif. loss = 2.109497547149658    (2025-09-13_21-05-18)
2025-09-13 21:05:29,316 | INFO | iter is 24500 / 25000, loc. loss = 0.21750248968601227 , classif. loss = 0.10903896391391754  (2025-09-13_21-05-29)
2025-09-13 21:05:40,452 | INFO | iter is 24550 / 25000, loc. loss = 0.31845393776893616 , classif. loss = 2.6532211303710938   (2025-09-13_21-05-40)
2025-09-13 21:05:52,113 | INFO | iter is 24600 / 25000, loc. loss = 0.24498137831687927 , classif. loss = 0.8015334606170654   (2025-09-13_21-05-52)
2025-09-13 21:06:03,774 | INFO | iter is 24650 / 25000, loc. loss = 0.36808526515960693 , classif. loss = 4.244637966156006    (2025-09-13_21-06-03)
2025-09-13 21:06:26,291 | INFO | iter is 24750 / 25000, loc. loss = 0.3446139395236969  , classif. loss = 0.4701084494590759   (2025-09-13_21-06-26)
2025-09-13 21:06:37,437 | INFO | iter is 24800 / 25000, loc. loss = 0.2319100946187973  , classif. loss = 0.8779675960540771   (2025-09-13_21-06-37)
2025-09-13 21:06:49,941 | INFO | iter is 24850 / 25000, loc. loss = 0.3755970001220703  , classif. loss = 0.7599458694458008   (2025-09-13_21-06-49)
2025-09-13 21:06:59,460 | INFO | iter is 24900 / 25000, loc. loss = 0.17244017124176025 , classif. loss = 0.1082281842827797   (2025-09-13_21-06-59)
2025-09-13 21:07:20,624 | INFO | iter is 25000 / 25000, loc. loss = 0.21265654265880585 , classif. loss = 1.7041711807250977   (2025-09-13_21-07-20)
2025-09-13 21:07:20,626 | INFO | ---------starting evaluation-----------
2025-09-13 21:07:20,965 | INFO | validation:    0/1866 (2025-09-13_21-07-20)
2025-09-13 21:08:04,423 | INFO | validation:  100/1866 (2025-09-13_21-08-04)
2025-09-13 21:08:47,769 | INFO | validation:  200/1866 (2025-09-13_21-08-47)
2025-09-13 21:09:31,141 | INFO | validation:  300/1866 (2025-09-13_21-09-31)
2025-09-13 21:10:14,502 | INFO | validation:  400/1866 (2025-09-13_21-10-14)
2025-09-13 21:10:57,762 | INFO | validation:  500/1866 (2025-09-13_21-10-57)
2025-09-13 21:11:40,845 | INFO | validation:  600/1866 (2025-09-13_21-11-40)
2025-09-13 21:12:24,299 | INFO | validation:  700/1866 (2025-09-13_21-12-24)
2025-09-13 21:13:07,491 | INFO | validation:  800/1866 (2025-09-13_21-13-07)
2025-09-13 21:13:50,745 | INFO | validation:  900/1866 (2025-09-13_21-13-50)
2025-09-13 21:14:33,934 | INFO | validation: 1000/1866 (2025-09-13_21-14-33)
2025-09-13 21:15:17,156 | INFO | validation: 1100/1866 (2025-09-13_21-15-17)
2025-09-13 21:16:00,686 | INFO | validation: 1200/1866 (2025-09-13_21-16-00)
2025-09-13 21:16:44,430 | INFO | validation: 1300/1866 (2025-09-13_21-16-44)
2025-09-13 21:17:28,116 | INFO | validation: 1400/1866 (2025-09-13_21-17-28)
2025-09-13 21:18:11,689 | INFO | validation: 1500/1866 (2025-09-13_21-18-11)
2025-09-13 21:18:55,098 | INFO | validation: 1600/1866 (2025-09-13_21-18-55)
2025-09-13 21:19:38,479 | INFO | validation: 1700/1866 (2025-09-13_21-19-38)
2025-09-13 21:20:21,838 | INFO | validation: 1800/1866 (2025-09-13_21-20-21)
2025-09-13 21:20:50,546 | INFO | lofF1 is 0.7995249455670688, clfF1 is 0.646087720016584, oaF1 is 0.6921188876817294, sub class F1 score is [0.93441958 0.42130405 0.67034404 0.79644926]
2025-09-13 21:20:50,812 | INFO | -----------Training is completed-----------
2025-09-13 21:20:50,816 | INFO | ---------starting evaluation-----------
2025-09-13 21:20:51,013 | INFO | validation:    0/1866 (2025-09-13_21-20-51)
2025-09-13 21:21:34,086 | INFO | validation:  100/1866 (2025-09-13_21-21-34)
2025-09-13 21:22:17,211 | INFO | validation:  200/1866 (2025-09-13_21-22-17)
2025-09-13 21:23:00,564 | INFO | validation:  300/1866 (2025-09-13_21-23-00)
2025-09-13 21:23:43,604 | INFO | validation:  400/1866 (2025-09-13_21-23-43)
2025-09-13 21:24:26,966 | INFO | validation:  500/1866 (2025-09-13_21-24-26)
2025-09-13 21:25:10,274 | INFO | validation:  600/1866 (2025-09-13_21-25-10)
2025-09-13 21:25:53,318 | INFO | validation:  700/1866 (2025-09-13_21-25-53)
2025-09-13 21:26:36,591 | INFO | validation:  800/1866 (2025-09-13_21-26-36)
2025-09-13 21:27:19,873 | INFO | validation:  900/1866 (2025-09-13_21-27-19)
2025-09-13 21:28:03,076 | INFO | validation: 1000/1866 (2025-09-13_21-28-03)
2025-09-13 21:28:46,403 | INFO | validation: 1100/1866 (2025-09-13_21-28-46)
2025-09-13 21:29:29,745 | INFO | validation: 1200/1866 (2025-09-13_21-29-29)
2025-09-13 21:30:13,003 | INFO | validation: 1300/1866 (2025-09-13_21-30-13)
2025-09-13 21:30:56,194 | INFO | validation: 1400/1866 (2025-09-13_21-30-56)
2025-09-13 21:31:39,640 | INFO | validation: 1500/1866 (2025-09-13_21-31-39)
2025-09-13 21:32:23,186 | INFO | validation: 1600/1866 (2025-09-13_21-32-23)
2025-09-13 21:33:06,600 | INFO | validation: 1700/1866 (2025-09-13_21-33-06)
2025-09-13 21:33:49,955 | INFO | validation: 1800/1866 (2025-09-13_21-33-49)
2025-09-13 21:34:18,603 | INFO | lofF1 is 0.7995249455670688, clfF1 is 0.646087720016584, oaF1 is 0.6921188876817294, sub class F1 score is [0.93441958 0.42130405 0.67034404 0.79644926]
2025-09-13 21:34:18,606 | INFO | loc_f1_score=np.float64(0.7995249455670688), harmonic_mean_f1=np.float64(0.646087720016584), oaf1=np.float64(0.6921188876817294), damage_f1_score=array([0.93441958, 0.42130405, 0.67034404, 0.79644926])
2025-09-13 21:34:18,608 | INFO | The accuracy of the best round is: [np.float64(0.7995249455670688), np.float64(0.646087720016584), np.float64(0.6921188876817294), array([0.93441958, 0.42130405, 0.67034404, 0.79644926])]
