=> merge config from /storage/alperengenc/change_detection/ChangeMamba_AG/changedetection/configs/vssm1/vssm_base_224.yaml
Successfully load ckpt /storage/alperengenc/change_detection/ChangeMamba_AG/pretrained_weight/vssm_base_0229_ckpt_epoch_237.pth
_IncompatibleKeys(missing_keys=['outnorm0.weight', 'outnorm0.bias', 'outnorm1.weight', 'outnorm1.bias', 'outnorm2.weight', 'outnorm2.bias', 'outnorm3.weight', 'outnorm3.bias'], unexpected_keys=['classifier.norm.weight', 'classifier.norm.bias', 'classifier.head.weight', 'classifier.head.bias'])
False
iter is 50, loc. loss = 1.0268604755401611  , classif. loss = 1.762691617012024    (2025-08-08_17-59-01)
iter is 100, loc. loss = 0.6753498315811157  , classif. loss = 1.2397867441177368   (2025-08-08_17-59-14)
iter is 200, loc. loss = 0.4686984419822693  , classif. loss = 1.8014872074127197   (2025-08-08_17-59-37)
iter is 350, loc. loss = 0.31397342681884766 , classif. loss = 1.4941701889038086   (2025-08-08_18-00-11)
iter is 400, loc. loss = 0.3172735571861267  , classif. loss = 1.1551634073257446   (2025-08-08_18-00-22)
iter is 450, loc. loss = 0.5048712491989136  , classif. loss = 1.1708667278289795   (2025-08-08_18-00-34)
iter is 550, loc. loss = 0.38999947905540466 , classif. loss = 1.0727086067199707   (2025-08-08_18-00-54)
iter is 600, loc. loss = 0.36439090967178345 , classif. loss = 1.40639328956604     (2025-08-08_18-01-04)
iter is 700, loc. loss = 0.3234759569168091  , classif. loss = 1.425405740737915    (2025-08-08_18-01-27)
iter is 850, loc. loss = 0.3461703360080719  , classif. loss = 1.7308006286621094   (2025-08-08_18-02-00)
iter is 900, loc. loss = 0.38824978470802307 , classif. loss = 1.7989022731781006   (2025-08-08_18-02-10)
iter is 1050, loc. loss = 0.36925774812698364 , classif. loss = 1.4016917943954468   (2025-08-08_18-02-45)
iter is 1150, loc. loss = 0.32440829277038574 , classif. loss = 2.643174171447754    (2025-08-08_18-03-05)
iter is 1200, loc. loss = 0.5508655309677124  , classif. loss = 1.9606282711029053   (2025-08-08_18-03-16)
iter is 1300, loc. loss = 0.3189273476600647  , classif. loss = 1.5187909603118896   (2025-08-08_18-03-38)
iter is 1350, loc. loss = 0.31672385334968567 , classif. loss = 1.5446884632110596   (2025-08-08_18-03-49)
iter is 1400, loc. loss = 0.33871889114379883 , classif. loss = 1.140127420425415    (2025-08-08_18-03-59)
iter is 1500, loc. loss = 0.3848365545272827  , classif. loss = 1.0448896884918213   (2025-08-08_18-04-22)
iter is 1550, loc. loss = 0.13825644552707672 , classif. loss = 1.0262441635131836   (2025-08-08_18-04-34)
iter is 1600, loc. loss = 0.27401331067085266 , classif. loss = 1.1141899824142456   (2025-08-08_18-04-43)
iter is 1650, loc. loss = 0.19014407694339752 , classif. loss = 1.4878069162368774   (2025-08-08_18-04-53)
iter is 1700, loc. loss = 0.3871775269508362  , classif. loss = 1.0787708759307861   (2025-08-08_18-05-06)
iter is 1850, loc. loss = 0.2885732650756836  , classif. loss = 1.0877712965011597   (2025-08-08_18-05-38)
iter is 1900, loc. loss = 0.29745474457740784 , classif. loss = 1.0511764287948608   (2025-08-08_18-05-49)
iter is 2000, loc. loss = 0.29015934467315674 , classif. loss = 2.488532304763794    (2025-08-08_18-06-10)
iter is 2100, loc. loss = 0.41972973942756653 , classif. loss = 1.0834577083587646   (2025-08-08_18-06-33)
iter is 2150, loc. loss = 0.3108671307563782  , classif. loss = 4.725189208984375    (2025-08-08_18-06-45)
iter is 2200, loc. loss = 0.34886226058006287 , classif. loss = 2.7427616119384766   (2025-08-08_18-06-57)
iter is 2250, loc. loss = 0.2610918879508972  , classif. loss = 1.1154422760009766   (2025-08-08_18-07-08)
iter is 2400, loc. loss = 0.34168437123298645 , classif. loss = 1.8224313259124756   (2025-08-08_18-07-41)
iter is 2450, loc. loss = 0.2781684696674347  , classif. loss = 1.015989899635315    (2025-08-08_18-07-52)
iter is 2550, loc. loss = 0.3398708403110504  , classif. loss = 1.1447029113769531   (2025-08-08_18-08-13)
iter is 2600, loc. loss = 0.30980184674263    , classif. loss = 1.4462639093399048   (2025-08-08_18-08-26)
iter is 2650, loc. loss = 0.34617775678634644 , classif. loss = 1.316464900970459    (2025-08-08_18-08-37)
iter is 2700, loc. loss = 0.35790175199508667 , classif. loss = 1.163130521774292    (2025-08-08_18-08-50)
iter is 2950, loc. loss = 0.30884331464767456 , classif. loss = 1.9039207696914673   (2025-08-08_18-09-41)
iter is 3000, loc. loss = 0.38396191596984863 , classif. loss = 1.639433741569519    (2025-08-08_18-09-54)
iter is 3050, loc. loss = 0.25915417075157166 , classif. loss = 1.0444962978363037   (2025-08-08_18-10-06)
iter is 3100, loc. loss = 0.3407893180847168  , classif. loss = 2.3311641216278076   (2025-08-08_18-10-17)
iter is 3150, loc. loss = 0.2842003405094147  , classif. loss = 1.0354716777801514   (2025-08-08_18-10-28)
