2025-09-11 20:33:34,423 | INFO | Command Line Args:
{
    "cfg": "/storage/alperengenc/change_detection/ChangeMamba_AG/changedetection/configs/vssm1/vssm_base_224.yaml",
    "opts": null,
    "pretrained_weight_path": "/storage/alperengenc/change_detection/ChangeMamba_AG/pretrained_weight/vssm_base_0229_ckpt_epoch_237.pth",
    "dataset": "xBD",
    "type": "train",
    "train_dataset_path": "/storage/alperengenc/change_detection/xBD_complete_png/train_combined",
    "train_data_list_path": "/storage/alperengenc/change_detection/xBD_complete_png/train_combined_list.txt",
    "test_dataset_path": "/storage/alperengenc/change_detection/xBD_complete_png/test",
    "test_data_list_path": "/storage/alperengenc/change_detection/xBD_complete_png/test_list.txt",
    "shuffle": true,
    "batch_size": 4,
    "crop_size": 256,
    "start_iter": 0,
    "cuda": true,
    "max_iters": 800000,
    "model_type": "MambaBDA_Base",
    "model_param_path": "/storage/alperengenc/change_detection/ChangeMamba_AG/changedetection/deneme_saved_models",
    "resume": null,
    "learning_rate": 0.0001,
    "momentum": 0.9,
    "weight_decay": 0.005
}
2025-09-11 20:33:35,789 | INFO | ---------starting training-----------
2025-09-11 20:33:48,651 | INFO | iter is 50 / 200000, loc. loss = 0.43551719188690186 , classif. loss = 0.019210554659366608 (2025-09-11_20-33-48)
2025-09-11 20:33:59,953 | INFO | iter is 100 / 200000, loc. loss = 0.5469352602958679  , classif. loss = 2.2346222400665283   (2025-09-11_20-33-59)
2025-09-11 20:34:12,134 | INFO | iter is 150 / 200000, loc. loss = 0.3938177525997162  , classif. loss = 0.05135490745306015  (2025-09-11_20-34-12)
2025-09-11 20:34:21,900 | INFO | iter is 200 / 200000, loc. loss = 0.5122894644737244  , classif. loss = 5.638327598571777    (2025-09-11_20-34-21)
2025-09-11 20:34:43,293 | INFO | iter is 300 / 200000, loc. loss = 0.31635797023773193 , classif. loss = 1.3823537826538086   (2025-09-11_20-34-43)
2025-09-11 20:35:25,173 | INFO | iter is 500 / 200000, loc. loss = 0.35457730293273926 , classif. loss = 1.1707916259765625   (2025-09-11_20-35-25)
2025-09-11 20:35:35,429 | INFO | iter is 550 / 200000, loc. loss = 0.3227051794528961  , classif. loss = 0.6464352011680603   (2025-09-11_20-35-35)
2025-09-11 20:35:43,803 | INFO | iter is 600 / 200000, loc. loss = 0.3595486879348755  , classif. loss = 1.7548062801361084   (2025-09-11_20-35-43)
2025-09-11 20:35:55,254 | INFO | iter is 650 / 200000, loc. loss = 0.33124566078186035 , classif. loss = 2.365736246109009    (2025-09-11_20-35-55)
2025-09-11 20:36:16,645 | INFO | iter is 750 / 200000, loc. loss = 0.3102022409439087  , classif. loss = 2.6820664405822754   (2025-09-11_20-36-16)
2025-09-11 20:36:27,574 | INFO | iter is 800 / 200000, loc. loss = 0.407429575920105   , classif. loss = 0.09872077405452728  (2025-09-11_20-36-27)
2025-09-11 20:36:37,057 | INFO | iter is 850 / 200000, loc. loss = 0.37836208939552307 , classif. loss = 5.585460186004639    (2025-09-11_20-36-37)
2025-09-11 20:36:59,800 | INFO | iter is 950 / 200000, loc. loss = 0.349032998085022   , classif. loss = 2.9663236141204834   (2025-09-11_20-36-59)
2025-09-11 20:37:09,557 | INFO | iter is 1000 / 200000, loc. loss = 0.600623607635498   , classif. loss = 1.5762169361114502   (2025-09-11_20-37-09)
2025-09-11 20:37:52,385 | INFO | iter is 1200 / 200000, loc. loss = 0.33005690574645996 , classif. loss = 0.23932383954524994  (2025-09-11_20-37-52)
2025-09-11 20:38:02,477 | INFO | iter is 1250 / 200000, loc. loss = 0.3014027178287506  , classif. loss = 1.343327522277832    (2025-09-11_20-38-02)
2025-09-11 20:38:36,127 | INFO | iter is 1400 / 200000, loc. loss = 0.2886406481266022  , classif. loss = 0.4658600687980652   (2025-09-11_20-38-36)
2025-09-11 20:38:48,809 | INFO | iter is 1450 / 200000, loc. loss = 0.34519773721694946 , classif. loss = 0.2910781800746918   (2025-09-11_20-38-48)
2025-09-11 20:39:00,471 | INFO | iter is 1500 / 200000, loc. loss = 0.31579121947288513 , classif. loss = 2.6796975135803223   (2025-09-11_20-39-00)
2025-09-11 20:39:11,376 | INFO | iter is 1550 / 200000, loc. loss = 0.372795969247818   , classif. loss = 1.2462178468704224   (2025-09-11_20-39-11)
2025-09-11 20:39:33,324 | INFO | iter is 1650 / 200000, loc. loss = 0.3530842065811157  , classif. loss = 0.7686940431594849   (2025-09-11_20-39-33)
2025-09-11 20:39:43,407 | INFO | iter is 1700 / 200000, loc. loss = 0.270408570766449   , classif. loss = 0.9233635663986206   (2025-09-11_20-39-43)
2025-09-11 20:40:07,021 | INFO | iter is 1800 / 200000, loc. loss = 0.31944501399993896 , classif. loss = 3.95466947555542     (2025-09-11_20-40-06)
2025-09-11 20:40:16,285 | INFO | iter is 1850 / 200000, loc. loss = 0.4154275059700012  , classif. loss = 1.3769826889038086   (2025-09-11_20-40-16)
2025-09-11 20:40:26,055 | INFO | iter is 1900 / 200000, loc. loss = 0.3582804501056671  , classif. loss = 0.8955167531967163   (2025-09-11_20-40-26)
2025-09-11 20:40:37,194 | INFO | iter is 1950 / 200000, loc. loss = 0.44295617938041687 , classif. loss = 0.3307580351829529   (2025-09-11_20-40-37)
2025-09-11 20:40:48,071 | INFO | iter is 2000 / 200000, loc. loss = 0.30953070521354675 , classif. loss = 2.7121362686157227   (2025-09-11_20-40-48)
2025-09-11 20:40:59,209 | INFO | iter is 2050 / 200000, loc. loss = 0.31388580799102783 , classif. loss = 1.4226186275482178   (2025-09-11_20-40-59)
2025-09-11 20:41:09,559 | INFO | iter is 2100 / 200000, loc. loss = 0.4554613530635834  , classif. loss = 0.9876474142074585   (2025-09-11_20-41-09)
2025-09-11 20:41:20,423 | INFO | iter is 2150 / 200000, loc. loss = 0.3254300355911255  , classif. loss = 0.033305950462818146 (2025-09-11_20-41-20)
2025-09-11 20:41:29,947 | INFO | iter is 2200 / 200000, loc. loss = 0.3255564570426941  , classif. loss = 1.1019396781921387   (2025-09-11_20-41-29)
2025-09-11 20:41:50,632 | INFO | iter is 2300 / 200000, loc. loss = 0.3574821352958679  , classif. loss = 0.8317279815673828   (2025-09-11_20-41-50)
2025-09-11 20:42:02,529 | INFO | iter is 2350 / 200000, loc. loss = 0.3231079578399658  , classif. loss = 3.219480037689209    (2025-09-11_20-42-02)
2025-09-11 20:42:23,995 | INFO | iter is 2450 / 200000, loc. loss = 0.2332562655210495  , classif. loss = 0.11780062317848206  (2025-09-11_20-42-23)
2025-09-11 20:42:34,573 | INFO | iter is 2500 / 200000, loc. loss = 0.24975275993347168 , classif. loss = 0.4809574484825134   (2025-09-11_20-42-34)
2025-09-11 20:42:44,585 | INFO | iter is 2550 / 200000, loc. loss = 0.27744513750076294 , classif. loss = 0.3389779329299927   (2025-09-11_20-42-44)
2025-09-11 20:42:55,977 | INFO | iter is 2600 / 200000, loc. loss = 0.2798609435558319  , classif. loss = 0.24821382761001587  (2025-09-11_20-42-55)
2025-09-11 20:43:07,414 | INFO | iter is 2650 / 200000, loc. loss = 0.24444128572940826 , classif. loss = 0.9368453025817871   (2025-09-11_20-43-07)
2025-09-11 20:43:18,789 | INFO | iter is 2700 / 200000, loc. loss = 0.1984224170446396  , classif. loss = 0.6861740350723267   (2025-09-11_20-43-18)
2025-09-11 20:43:30,199 | INFO | iter is 2750 / 200000, loc. loss = 0.3090660572052002  , classif. loss = 1.2007379531860352   (2025-09-11_20-43-30)
2025-09-11 20:43:41,559 | INFO | iter is 2800 / 200000, loc. loss = 0.3059069514274597  , classif. loss = 0.7095068693161011   (2025-09-11_20-43-41)
2025-09-11 20:43:51,045 | INFO | iter is 2850 / 200000, loc. loss = 0.40593957901000977 , classif. loss = 0.951665997505188    (2025-09-11_20-43-51)
2025-09-11 20:44:13,016 | INFO | iter is 2950 / 200000, loc. loss = 0.5027181506156921  , classif. loss = 1.274896502494812    (2025-09-11_20-44-12)
2025-09-11 20:44:23,052 | INFO | iter is 3000 / 200000, loc. loss = 0.31978607177734375 , classif. loss = 0.5013738870620728   (2025-09-11_20-44-23)
2025-09-11 20:44:46,156 | INFO | iter is 3100 / 200000, loc. loss = 0.21268492937088013 , classif. loss = 1.1223371028900146   (2025-09-11_20-44-46)
2025-09-11 20:44:56,718 | INFO | iter is 3150 / 200000, loc. loss = 0.2719374895095825  , classif. loss = 3.2561001777648926   (2025-09-11_20-44-56)
2025-09-11 20:45:07,912 | INFO | iter is 3200 / 200000, loc. loss = 0.32242080569267273 , classif. loss = 2.4240903854370117   (2025-09-11_20-45-07)
2025-09-11 20:45:29,891 | INFO | iter is 3300 / 200000, loc. loss = 0.311294287443161   , classif. loss = 1.4555130004882812   (2025-09-11_20-45-29)
2025-09-11 20:45:40,518 | INFO | iter is 3350 / 200000, loc. loss = 0.20633786916732788 , classif. loss = 0.039406292140483856 (2025-09-11_20-45-40)
2025-09-11 20:45:51,384 | INFO | iter is 3400 / 200000, loc. loss = 0.2272314876317978  , classif. loss = 4.5569353103637695   (2025-09-11_20-45-51)
2025-09-11 20:46:01,968 | INFO | iter is 3450 / 200000, loc. loss = 0.2864631712436676  , classif. loss = 0.8837231397628784   (2025-09-11_20-46-01)
2025-09-11 20:46:13,413 | INFO | iter is 3500 / 200000, loc. loss = 0.16577257215976715 , classif. loss = 0.03502712398767471  (2025-09-11_20-46-13)
2025-09-11 20:46:35,187 | INFO | iter is 3600 / 200000, loc. loss = 0.43095487356185913 , classif. loss = 2.075430154800415    (2025-09-11_20-46-35)
2025-09-11 20:46:45,854 | INFO | iter is 3650 / 200000, loc. loss = 0.3133317828178406  , classif. loss = 0.03550618886947632  (2025-09-11_20-46-45)
2025-09-11 20:46:56,418 | INFO | iter is 3700 / 200000, loc. loss = 0.23128175735473633 , classif. loss = 3.232421875          (2025-09-11_20-46-56)
2025-09-11 20:47:07,829 | INFO | iter is 3750 / 200000, loc. loss = 0.29128432273864746 , classif. loss = 0.3179505467414856   (2025-09-11_20-47-07)
2025-09-11 20:47:20,112 | INFO | iter is 3800 / 200000, loc. loss = 0.25861746072769165 , classif. loss = 0.24754464626312256  (2025-09-11_20-47-20)
2025-09-11 20:47:42,093 | INFO | iter is 3900 / 200000, loc. loss = 0.42573803663253784 , classif. loss = 0.019633764401078224 (2025-09-11_20-47-42)
2025-09-11 20:48:01,673 | INFO | iter is 4000 / 200000, loc. loss = 0.23980623483657837 , classif. loss = 0.18567806482315063  (2025-09-11_20-48-01)
2025-09-11 20:48:23,115 | INFO | iter is 4100 / 200000, loc. loss = 0.6252856850624084  , classif. loss = 0.047172147780656815 (2025-09-11_20-48-23)
2025-09-11 20:48:35,346 | INFO | iter is 4150 / 200000, loc. loss = 0.21033933758735657 , classif. loss = 0.6036731600761414   (2025-09-11_20-48-35)
2025-09-11 20:48:47,270 | INFO | iter is 4200 / 200000, loc. loss = 0.2133687138557434  , classif. loss = 0.2985582947731018   (2025-09-11_20-48-47)
2025-09-11 20:48:58,185 | INFO | iter is 4250 / 200000, loc. loss = 0.2983810305595398  , classif. loss = 0.8119255304336548   (2025-09-11_20-48-58)
2025-09-11 20:49:18,539 | INFO | iter is 4350 / 200000, loc. loss = 0.37794560194015503 , classif. loss = 0.08698159456253052  (2025-09-11_20-49-18)
2025-09-11 20:49:30,533 | INFO | iter is 4400 / 200000, loc. loss = 0.25701218843460083 , classif. loss = 0.32164639234542847  (2025-09-11_20-49-30)
2025-09-11 20:50:02,876 | INFO | iter is 4550 / 200000, loc. loss = 0.22729356586933136 , classif. loss = 1.3077664375305176   (2025-09-11_20-50-02)
2025-09-11 20:50:24,590 | INFO | iter is 4650 / 200000, loc. loss = 0.4015015959739685  , classif. loss = 2.936565399169922    (2025-09-11_20-50-24)
2025-09-11 20:50:36,018 | INFO | iter is 4700 / 200000, loc. loss = 0.2707851827144623  , classif. loss = 0.00945062655955553  (2025-09-11_20-50-35)
2025-09-11 20:50:59,328 | INFO | iter is 4800 / 200000, loc. loss = 0.30310314893722534 , classif. loss = 0.2629764974117279   (2025-09-11_20-50-59)
2025-09-11 20:51:09,711 | INFO | iter is 4850 / 200000, loc. loss = 0.2435021847486496  , classif. loss = 1.0176998376846313   (2025-09-11_20-51-09)
2025-09-11 20:51:29,523 | INFO | iter is 4950 / 200000, loc. loss = 0.565868079662323   , classif. loss = 0.044757645577192307 (2025-09-11_20-51-29)
2025-09-11 20:51:50,488 | INFO | iter is 5050 / 200000, loc. loss = 0.3848865032196045  , classif. loss = 0.09319169819355011  (2025-09-11_20-51-50)
2025-09-11 20:52:12,716 | INFO | iter is 5150 / 200000, loc. loss = 0.3345501124858856  , classif. loss = 1.1824322938919067   (2025-09-11_20-52-12)
2025-09-11 20:52:23,578 | INFO | iter is 5200 / 200000, loc. loss = 0.22695855796337128 , classif. loss = 0.14894534647464752  (2025-09-11_20-52-23)
2025-09-11 20:52:33,336 | INFO | iter is 5250 / 200000, loc. loss = 0.1702294647693634  , classif. loss = 0.04289818927645683  (2025-09-11_20-52-33)
2025-09-11 20:52:53,781 | INFO | iter is 5350 / 200000, loc. loss = 0.3802492618560791  , classif. loss = 0.16127389669418335  (2025-09-11_20-52-53)
2025-09-11 20:53:04,597 | INFO | iter is 5400 / 200000, loc. loss = 0.3495451807975769  , classif. loss = 0.09777306765317917  (2025-09-11_20-53-04)
2025-09-11 20:53:16,593 | INFO | iter is 5450 / 200000, loc. loss = 0.35625556111335754 , classif. loss = 0.20712964236736298  (2025-09-11_20-53-16)
2025-09-11 20:53:37,561 | INFO | iter is 5550 / 200000, loc. loss = 0.37500762939453125 , classif. loss = 0.03230801224708557  (2025-09-11_20-53-37)
2025-09-11 20:53:59,266 | INFO | iter is 5650 / 200000, loc. loss = 0.29085713624954224 , classif. loss = 0.9825340509414673   (2025-09-11_20-53-59)
2025-09-11 20:54:10,401 | INFO | iter is 5700 / 200000, loc. loss = 0.33963721990585327 , classif. loss = 0.8250091075897217   (2025-09-11_20-54-10)
2025-09-11 20:54:32,977 | INFO | iter is 5800 / 200000, loc. loss = 0.1451375037431717  , classif. loss = 1.4073413610458374   (2025-09-11_20-54-32)
2025-09-11 20:54:44,327 | INFO | iter is 5850 / 200000, loc. loss = 0.19145990908145905 , classif. loss = 0.6610751152038574   (2025-09-11_20-54-44)
2025-09-11 20:55:17,206 | INFO | iter is 6000 / 200000, loc. loss = 0.18533211946487427 , classif. loss = 0.05385444313287735  (2025-09-11_20-55-17)
2025-09-11 20:55:28,922 | INFO | iter is 6050 / 200000, loc. loss = 0.4581555128097534  , classif. loss = 0.14244475960731506  (2025-09-11_20-55-28)
2025-09-11 20:55:39,198 | INFO | iter is 6100 / 200000, loc. loss = 0.4664101004600525  , classif. loss = 1.3031429052352905   (2025-09-11_20-55-39)
2025-09-11 20:55:49,529 | INFO | iter is 6150 / 200000, loc. loss = 0.2464335560798645  , classif. loss = 0.1837482899427414   (2025-09-11_20-55-49)
2025-09-11 20:56:01,766 | INFO | iter is 6200 / 200000, loc. loss = 0.34584885835647583 , classif. loss = 1.5205111503601074   (2025-09-11_20-56-01)
2025-09-11 20:56:23,209 | INFO | iter is 6300 / 200000, loc. loss = 0.26562851667404175 , classif. loss = 1.0813937187194824   (2025-09-11_20-56-23)
2025-09-11 20:56:34,636 | INFO | iter is 6350 / 200000, loc. loss = 0.37930572032928467 , classif. loss = 0.2738780975341797   (2025-09-11_20-56-34)
2025-09-11 20:56:46,325 | INFO | iter is 6400 / 200000, loc. loss = 0.260444313287735   , classif. loss = 2.1983683109283447   (2025-09-11_20-56-46)
2025-09-11 20:56:55,576 | INFO | iter is 6450 / 200000, loc. loss = 0.4494309723377228  , classif. loss = 0.635320782661438    (2025-09-11_20-56-55)
2025-09-11 20:57:06,777 | INFO | iter is 6500 / 200000, loc. loss = 0.3599710166454315  , classif. loss = 1.8471386432647705   (2025-09-11_20-57-06)
2025-09-11 20:57:17,328 | INFO | iter is 6550 / 200000, loc. loss = 0.43584126234054565 , classif. loss = 0.8624432682991028   (2025-09-11_20-57-17)
2025-09-11 20:57:27,903 | INFO | iter is 6600 / 200000, loc. loss = 0.21455281972885132 , classif. loss = 0.03670232743024826  (2025-09-11_20-57-27)
2025-09-11 20:57:38,264 | INFO | iter is 6650 / 200000, loc. loss = 0.3698161840438843  , classif. loss = 0.46444034576416016  (2025-09-11_20-57-38)
2025-09-11 20:57:48,578 | INFO | iter is 6700 / 200000, loc. loss = 0.3500024080276489  , classif. loss = 0.3116910457611084   (2025-09-11_20-57-48)
2025-09-11 20:57:59,174 | INFO | iter is 6750 / 200000, loc. loss = 0.2823532223701477  , classif. loss = 0.8192001581192017   (2025-09-11_20-57-59)
2025-09-11 20:58:11,129 | INFO | iter is 6800 / 200000, loc. loss = 0.3135809898376465  , classif. loss = 1.1847038269042969   (2025-09-11_20-58-11)
2025-09-11 20:58:21,723 | INFO | iter is 6850 / 200000, loc. loss = 0.43574443459510803 , classif. loss = 0.1502397358417511   (2025-09-11_20-58-21)
2025-09-11 20:58:32,551 | INFO | iter is 6900 / 200000, loc. loss = 0.22435477375984192 , classif. loss = 0.09488628804683685  (2025-09-11_20-58-32)
2025-09-11 20:58:52,665 | INFO | iter is 7000 / 200000, loc. loss = 0.1808941811323166  , classif. loss = 0.03216685354709625  (2025-09-11_20-58-52)
2025-09-11 20:59:05,354 | INFO | iter is 7050 / 200000, loc. loss = 0.3547208309173584  , classif. loss = 1.3085155487060547   (2025-09-11_20-59-05)
2025-09-11 20:59:16,784 | INFO | iter is 7100 / 200000, loc. loss = 0.19448912143707275 , classif. loss = 1.5496536493301392   (2025-09-11_20-59-16)
2025-09-11 20:59:26,527 | INFO | iter is 7150 / 200000, loc. loss = 0.25266650319099426 , classif. loss = 0.38439249992370605  (2025-09-11_20-59-26)
2025-09-11 20:59:47,361 | INFO | iter is 7250 / 200000, loc. loss = 0.31894975900650024 , classif. loss = 2.2280502319335938   (2025-09-11_20-59-47)
2025-09-11 20:59:57,131 | INFO | iter is 7300 / 200000, loc. loss = 0.14024300873279572 , classif. loss = 1.428771734237671    (2025-09-11_20-59-57)
2025-09-11 21:00:08,803 | INFO | iter is 7350 / 200000, loc. loss = 0.48907095193862915 , classif. loss = 0.3165740966796875   (2025-09-11_21-00-08)
2025-09-11 21:00:18,023 | INFO | iter is 7400 / 200000, loc. loss = 0.23323996365070343 , classif. loss = 0.04883197695016861  (2025-09-11_21-00-17)
2025-09-11 21:00:30,235 | INFO | iter is 7450 / 200000, loc. loss = 0.3173252046108246  , classif. loss = 0.04729264974594116  (2025-09-11_21-00-30)
2025-09-11 21:00:42,179 | INFO | iter is 7500 / 200000, loc. loss = 0.2724428176879883  , classif. loss = 0.9197283983230591   (2025-09-11_21-00-42)
2025-09-11 21:00:53,604 | INFO | iter is 7550 / 200000, loc. loss = 0.19049495458602905 , classif. loss = 0.023699544370174408 (2025-09-11_21-00-53)
2025-09-11 21:01:03,879 | INFO | iter is 7600 / 200000, loc. loss = 0.2186264991760254  , classif. loss = 1.5493321418762207   (2025-09-11_21-01-03)
2025-09-11 21:01:14,724 | INFO | iter is 7650 / 200000, loc. loss = 0.37532031536102295 , classif. loss = 0.12016770243644714  (2025-09-11_21-01-14)
2025-09-11 21:01:25,293 | INFO | iter is 7700 / 200000, loc. loss = 0.20662708580493927 , classif. loss = 0.02575092203915119  (2025-09-11_21-01-25)
2025-09-11 21:01:35,835 | INFO | iter is 7750 / 200000, loc. loss = 0.37016206979751587 , classif. loss = 0.7833310961723328   (2025-09-11_21-01-35)
2025-09-11 21:01:47,743 | INFO | iter is 7800 / 200000, loc. loss = 0.3331792950630188  , classif. loss = 0.05533420294523239  (2025-09-11_21-01-47)
2025-09-11 21:01:56,433 | INFO | iter is 7850 / 200000, loc. loss = 0.26722896099090576 , classif. loss = 0.10417595505714417  (2025-09-11_21-01-56)
2025-09-11 21:02:07,778 | INFO | iter is 7900 / 200000, loc. loss = 0.28558385372161865 , classif. loss = 1.4796844720840454   (2025-09-11_21-02-07)
2025-09-11 21:02:39,498 | INFO | iter is 8050 / 200000, loc. loss = 0.27629977464675903 , classif. loss = 0.8408275842666626   (2025-09-11_21-02-39)
2025-09-11 21:02:48,691 | INFO | iter is 8100 / 200000, loc. loss = 0.2356235235929489  , classif. loss = 0.9353046417236328   (2025-09-11_21-02-48)
2025-09-11 21:03:00,665 | INFO | iter is 8150 / 200000, loc. loss = 0.38369232416152954 , classif. loss = 0.8927168846130371   (2025-09-11_21-03-00)
2025-09-11 21:03:32,672 | INFO | iter is 8300 / 200000, loc. loss = 0.22001978754997253 , classif. loss = 1.1626232862472534   (2025-09-11_21-03-32)
2025-09-11 21:04:03,564 | INFO | iter is 8450 / 200000, loc. loss = 0.13079889118671417 , classif. loss = 2.1255016326904297   (2025-09-11_21-04-03)
2025-09-11 21:04:14,441 | INFO | iter is 8500 / 200000, loc. loss = 0.13564029335975647 , classif. loss = 0.1563408374786377   (2025-09-11_21-04-14)
2025-09-11 21:04:25,601 | INFO | iter is 8550 / 200000, loc. loss = 0.3595406115055084  , classif. loss = 3.314755916595459    (2025-09-11_21-04-25)
2025-09-11 21:04:35,156 | INFO | iter is 8600 / 200000, loc. loss = 0.24411484599113464 , classif. loss = 0.5613807439804077   (2025-09-11_21-04-35)
2025-09-11 21:04:47,135 | INFO | iter is 8650 / 200000, loc. loss = 0.2680712938308716  , classif. loss = 1.6951838731765747   (2025-09-11_21-04-47)
2025-09-11 21:05:07,762 | INFO | iter is 8750 / 200000, loc. loss = 0.23759931325912476 , classif. loss = 0.08655627816915512  (2025-09-11_21-05-07)
2025-09-11 21:05:17,489 | INFO | iter is 8800 / 200000, loc. loss = 0.314317524433136   , classif. loss = 0.6514211297035217   (2025-09-11_21-05-17)
2025-09-11 21:05:38,907 | INFO | iter is 8900 / 200000, loc. loss = 0.3299459218978882  , classif. loss = 1.4100408554077148   (2025-09-11_21-05-38)
2025-09-11 21:05:50,313 | INFO | iter is 8950 / 200000, loc. loss = 0.33301615715026855 , classif. loss = 0.6196178197860718   (2025-09-11_21-05-50)
2025-09-11 21:06:01,182 | INFO | iter is 9000 / 200000, loc. loss = 0.277290403842926   , classif. loss = 2.702540159225464    (2025-09-11_21-06-01)
2025-09-11 21:06:12,009 | INFO | iter is 9050 / 200000, loc. loss = 0.45585542917251587 , classif. loss = 0.009390447288751602 (2025-09-11_21-06-11)
2025-09-11 21:06:23,140 | INFO | iter is 9100 / 200000, loc. loss = 0.23590266704559326 , classif. loss = 0.004761372227221727 (2025-09-11_21-06-23)
2025-09-11 21:06:44,599 | INFO | iter is 9200 / 200000, loc. loss = 0.35793137550354004 , classif. loss = 1.642398476600647    (2025-09-11_21-06-44)
2025-09-11 21:07:05,189 | INFO | iter is 9300 / 200000, loc. loss = 0.20529338717460632 , classif. loss = 5.649857521057129    (2025-09-11_21-07-05)
2025-09-11 21:07:15,750 | INFO | iter is 9350 / 200000, loc. loss = 0.1627146601676941  , classif. loss = 0.05770961940288544  (2025-09-11_21-07-15)
2025-09-11 21:07:37,700 | INFO | iter is 9450 / 200000, loc. loss = 0.3022177517414093  , classif. loss = 0.5659264326095581   (2025-09-11_21-07-37)
2025-09-11 21:07:57,770 | INFO | iter is 9550 / 200000, loc. loss = 0.1739778071641922  , classif. loss = 3.4175891876220703   (2025-09-11_21-07-57)
2025-09-11 21:08:20,477 | INFO | iter is 9650 / 200000, loc. loss = 0.4660206139087677  , classif. loss = 1.954907774925232    (2025-09-11_21-08-20)
2025-09-11 21:08:42,779 | INFO | iter is 9750 / 200000, loc. loss = 0.2683643400669098  , classif. loss = 1.8564872741699219   (2025-09-11_21-08-42)
2025-09-11 21:08:53,636 | INFO | iter is 9800 / 200000, loc. loss = 0.24417978525161743 , classif. loss = 0.10016210377216339  (2025-09-11_21-08-53)
2025-09-11 21:09:04,202 | INFO | iter is 9850 / 200000, loc. loss = 0.3497786223888397  , classif. loss = 0.12449780106544495  (2025-09-11_21-09-04)
2025-09-11 21:09:16,207 | INFO | iter is 9900 / 200000, loc. loss = 0.24145661294460297 , classif. loss = 0.34322676062583923  (2025-09-11_21-09-16)
2025-09-11 21:09:27,299 | INFO | iter is 9950 / 200000, loc. loss = 0.15122707188129425 , classif. loss = 0.027849094942212105 (2025-09-11_21-09-27)
2025-09-11 21:09:35,989 | INFO | iter is 10000 / 200000, loc. loss = 0.24851366877555847 , classif. loss = 0.15816935896873474  (2025-09-11_21-09-35)
2025-09-11 21:09:35,991 | INFO | ---------starting evaluation-----------
2025-09-11 21:09:36,358 | INFO | validation:    0/1866 (2025-09-11_21-09-36)
2025-09-11 21:10:18,958 | INFO | validation:  100/1866 (2025-09-11_21-10-18)
2025-09-11 21:11:01,504 | INFO | validation:  200/1866 (2025-09-11_21-11-01)
2025-09-11 21:11:44,061 | INFO | validation:  300/1866 (2025-09-11_21-11-44)
2025-09-11 21:12:26,608 | INFO | validation:  400/1866 (2025-09-11_21-12-26)
2025-09-11 21:13:09,142 | INFO | validation:  500/1866 (2025-09-11_21-13-09)
2025-09-11 21:13:51,672 | INFO | validation:  600/1866 (2025-09-11_21-13-51)
2025-09-11 21:14:34,199 | INFO | validation:  700/1866 (2025-09-11_21-14-34)
2025-09-11 21:15:16,742 | INFO | validation:  800/1866 (2025-09-11_21-15-16)
2025-09-11 21:15:59,278 | INFO | validation:  900/1866 (2025-09-11_21-15-59)
2025-09-11 21:16:41,822 | INFO | validation: 1000/1866 (2025-09-11_21-16-41)
2025-09-11 21:17:24,374 | INFO | validation: 1100/1866 (2025-09-11_21-17-24)
2025-09-11 21:18:06,917 | INFO | validation: 1200/1866 (2025-09-11_21-18-06)
2025-09-11 21:18:49,468 | INFO | validation: 1300/1866 (2025-09-11_21-18-49)
2025-09-11 21:19:32,006 | INFO | validation: 1400/1866 (2025-09-11_21-19-32)
2025-09-11 21:20:14,561 | INFO | validation: 1500/1866 (2025-09-11_21-20-14)
2025-09-11 21:20:57,136 | INFO | validation: 1600/1866 (2025-09-11_21-20-57)
2025-09-11 21:21:39,694 | INFO | validation: 1700/1866 (2025-09-11_21-21-39)
2025-09-11 21:22:22,239 | INFO | validation: 1800/1866 (2025-09-11_21-22-22)
2025-09-11 21:22:50,343 | INFO | lofF1 is 0.743269661619323, clfF1 is 0.052863490636603644, oaF1 is 0.2599853419314194, sub class F1 score is [0.95783659 0.01399436 0.6070508  0.65880915]
2025-09-11 21:23:01,846 | INFO | iter is 10050 / 200000, loc. loss = 0.29488736391067505 , classif. loss = 1.6269588470458984   (2025-09-11_21-23-01)
2025-09-11 21:23:24,218 | INFO | iter is 10150 / 200000, loc. loss = 0.24269935488700867 , classif. loss = 0.7996284365653992   (2025-09-11_21-23-24)
2025-09-11 21:23:32,592 | INFO | iter is 10200 / 200000, loc. loss = 0.3239956200122833  , classif. loss = 1.5166254043579102   (2025-09-11_21-23-32)
2025-09-11 21:23:42,651 | INFO | iter is 10250 / 200000, loc. loss = 0.6185412406921387  , classif. loss = 0.1881999969482422   (2025-09-11_21-23-42)
2025-09-11 21:23:53,807 | INFO | iter is 10300 / 200000, loc. loss = 0.21625076234340668 , classif. loss = 2.4725167751312256   (2025-09-11_21-23-53)
2025-09-11 21:24:04,643 | INFO | iter is 10350 / 200000, loc. loss = 0.387137234210968   , classif. loss = 0.18051771819591522  (2025-09-11_21-24-04)
2025-09-11 21:24:16,028 | INFO | iter is 10400 / 200000, loc. loss = 0.1352178156375885  , classif. loss = 2.5102100372314453   (2025-09-11_21-24-15)
2025-09-11 21:24:27,469 | INFO | iter is 10450 / 200000, loc. loss = 0.144245445728302   , classif. loss = 1.3762931823730469   (2025-09-11_21-24-27)
2025-09-11 21:24:37,744 | INFO | iter is 10500 / 200000, loc. loss = 0.28846418857574463 , classif. loss = 1.3466804027557373   (2025-09-11_21-24-37)
2025-09-11 21:25:10,545 | INFO | iter is 10650 / 200000, loc. loss = 0.22002919018268585 , classif. loss = 0.1369648277759552   (2025-09-11_21-25-10)
2025-09-11 21:25:22,213 | INFO | iter is 10700 / 200000, loc. loss = 0.23694026470184326 , classif. loss = 0.05199136212468147  (2025-09-11_21-25-22)
2025-09-11 21:25:34,721 | INFO | iter is 10750 / 200000, loc. loss = 0.18442796170711517 , classif. loss = 3.650500774383545    (2025-09-11_21-25-34)
2025-09-11 21:25:46,133 | INFO | iter is 10800 / 200000, loc. loss = 0.38371458649635315 , classif. loss = 3.7945077419281006   (2025-09-11_21-25-46)
2025-09-11 21:25:57,543 | INFO | iter is 10850 / 200000, loc. loss = 0.5242825746536255  , classif. loss = 2.9440457820892334   (2025-09-11_21-25-57)
2025-09-11 21:26:52,962 | INFO | iter is 11100 / 200000, loc. loss = 0.1904422640800476  , classif. loss = 0.16341331601142883  (2025-09-11_21-26-52)
2025-09-11 21:27:04,363 | INFO | iter is 11150 / 200000, loc. loss = 0.20472583174705505 , classif. loss = 0.208962082862854    (2025-09-11_21-27-04)
2025-09-11 21:27:35,399 | INFO | iter is 11300 / 200000, loc. loss = 0.12758976221084595 , classif. loss = 0.007301356643438339 (2025-09-11_21-27-35)
2025-09-11 21:28:09,676 | INFO | iter is 11450 / 200000, loc. loss = 0.20841366052627563 , classif. loss = 0.8527384996414185   (2025-09-11_21-28-09)
2025-09-11 21:28:19,688 | INFO | iter is 11500 / 200000, loc. loss = 0.21221768856048584 , classif. loss = 0.022049766033887863 (2025-09-11_21-28-19)
2025-09-11 21:28:29,736 | INFO | iter is 11550 / 200000, loc. loss = 0.33627623319625854 , classif. loss = 0.6249839067459106   (2025-09-11_21-28-29)
2025-09-11 21:28:41,977 | INFO | iter is 11600 / 200000, loc. loss = 0.4405556917190552  , classif. loss = 0.18041718006134033  (2025-09-11_21-28-41)
2025-09-11 21:29:14,466 | INFO | iter is 11750 / 200000, loc. loss = 0.1784394234418869  , classif. loss = 5.278619766235352    (2025-09-11_21-29-14)
2025-09-11 21:29:24,218 | INFO | iter is 11800 / 200000, loc. loss = 0.19901487231254578 , classif. loss = 1.2047785520553589   (2025-09-11_21-29-24)
2025-09-11 21:29:35,912 | INFO | iter is 11850 / 200000, loc. loss = 0.12706024944782257 , classif. loss = 0.0555020272731781   (2025-09-11_21-29-35)
2025-09-11 21:29:45,947 | INFO | iter is 11900 / 200000, loc. loss = 0.176395982503891   , classif. loss = 0.12174346297979355  (2025-09-11_21-29-45)
2025-09-11 21:30:07,400 | INFO | iter is 12000 / 200000, loc. loss = 0.3713008761405945  , classif. loss = 0.7236391305923462   (2025-09-11_21-30-07)
2025-09-11 21:30:19,039 | INFO | iter is 12050 / 200000, loc. loss = 0.2984820008277893  , classif. loss = 0.8199560642242432   (2025-09-11_21-30-18)
2025-09-11 21:30:30,134 | INFO | iter is 12100 / 200000, loc. loss = 0.45404863357543945 , classif. loss = 0.9813907146453857   (2025-09-11_21-30-30)
2025-09-11 21:30:42,395 | INFO | iter is 12150 / 200000, loc. loss = 0.20764830708503723 , classif. loss = 0.15384593605995178  (2025-09-11_21-30-42)
2025-09-11 21:31:05,421 | INFO | iter is 12250 / 200000, loc. loss = 0.2537696957588196  , classif. loss = 0.014500632882118225 (2025-09-11_21-31-05)
2025-09-11 21:31:26,794 | INFO | iter is 12350 / 200000, loc. loss = 0.4726924002170563  , classif. loss = 0.3468325734138489   (2025-09-11_21-31-26)
2025-09-11 21:31:47,975 | INFO | iter is 12450 / 200000, loc. loss = 0.3066675364971161  , classif. loss = 1.208702564239502    (2025-09-11_21-31-47)
2025-09-11 21:31:57,173 | INFO | iter is 12500 / 200000, loc. loss = 0.3890494108200073  , classif. loss = 0.8393687009811401   (2025-09-11_21-31-57)
2025-09-11 21:32:07,706 | INFO | iter is 12550 / 200000, loc. loss = 0.2614729106426239  , classif. loss = 0.06308939307928085  (2025-09-11_21-32-07)
2025-09-11 21:32:39,674 | INFO | iter is 12700 / 200000, loc. loss = 0.1382891833782196  , classif. loss = 0.07720538973808289  (2025-09-11_21-32-39)
2025-09-11 21:32:50,592 | INFO | iter is 12750 / 200000, loc. loss = 0.2941009998321533  , classif. loss = 3.062413454055786    (2025-09-11_21-32-50)
2025-09-11 21:33:02,218 | INFO | iter is 12800 / 200000, loc. loss = 0.20319756865501404 , classif. loss = 1.6777150630950928   (2025-09-11_21-33-02)
2025-09-11 21:33:13,640 | INFO | iter is 12850 / 200000, loc. loss = 0.2268541306257248  , classif. loss = 2.257206439971924    (2025-09-11_21-33-13)
2025-09-11 21:33:25,037 | INFO | iter is 12900 / 200000, loc. loss = 0.3771783113479614  , classif. loss = 0.5438505411148071   (2025-09-11_21-33-24)
2025-09-11 21:33:45,940 | INFO | iter is 13000 / 200000, loc. loss = 0.2594878077507019  , classif. loss = 0.0704471617937088   (2025-09-11_21-33-45)
2025-09-11 21:34:08,436 | INFO | iter is 13100 / 200000, loc. loss = 0.2720164954662323  , classif. loss = 2.3852860927581787   (2025-09-11_21-34-08)
2025-09-11 21:34:19,580 | INFO | iter is 13150 / 200000, loc. loss = 0.36789149045944214 , classif. loss = 0.2565026581287384   (2025-09-11_21-34-19)
2025-09-11 21:34:29,078 | INFO | iter is 13200 / 200000, loc. loss = 0.22406747937202454 , classif. loss = 0.04000067710876465  (2025-09-11_21-34-29)
2025-09-11 21:34:39,651 | INFO | iter is 13250 / 200000, loc. loss = 0.22022363543510437 , classif. loss = 3.002894878387451    (2025-09-11_21-34-39)
2025-09-11 21:34:48,880 | INFO | iter is 13300 / 200000, loc. loss = 0.17743909358978271 , classif. loss = 0.3051760792732239   (2025-09-11_21-34-48)
2025-09-11 21:34:59,204 | INFO | iter is 13350 / 200000, loc. loss = 0.1807520091533661  , classif. loss = 0.7239819169044495   (2025-09-11_21-34-59)
2025-09-11 21:35:11,399 | INFO | iter is 13400 / 200000, loc. loss = 0.44548070430755615 , classif. loss = 1.4788167476654053   (2025-09-11_21-35-11)
2025-09-11 21:35:23,602 | INFO | iter is 13450 / 200000, loc. loss = 0.2340952754020691  , classif. loss = 1.4202156066894531   (2025-09-11_21-35-23)
2025-09-11 21:35:34,425 | INFO | iter is 13500 / 200000, loc. loss = 0.21114864945411682 , classif. loss = 0.02498387172818184  (2025-09-11_21-35-34)
2025-09-11 21:35:45,249 | INFO | iter is 13550 / 200000, loc. loss = 0.24412789940834045 , classif. loss = 3.2105929851531982   (2025-09-11_21-35-45)
2025-09-11 21:35:55,003 | INFO | iter is 13600 / 200000, loc. loss = 0.2766556739807129  , classif. loss = 0.022724755108356476 (2025-09-11_21-35-54)
2025-09-11 21:36:03,998 | INFO | iter is 13650 / 200000, loc. loss = 0.4002845883369446  , classif. loss = 1.5768040418624878   (2025-09-11_21-36-03)
2025-09-11 21:36:27,552 | INFO | iter is 13750 / 200000, loc. loss = 0.20942659676074982 , classif. loss = 0.08772577345371246  (2025-09-11_21-36-27)
2025-09-11 21:36:49,241 | INFO | iter is 13850 / 200000, loc. loss = 0.2962014377117157  , classif. loss = 4.71689510345459     (2025-09-11_21-36-49)
2025-09-11 21:37:21,029 | INFO | iter is 14000 / 200000, loc. loss = 0.18964757025241852 , classif. loss = 1.921093225479126    (2025-09-11_21-37-20)
2025-09-11 21:37:40,552 | INFO | iter is 14100 / 200000, loc. loss = 0.44618886709213257 , classif. loss = 0.22292906045913696  (2025-09-11_21-37-40)
2025-09-11 21:37:51,375 | INFO | iter is 14150 / 200000, loc. loss = 0.19691990315914154 , classif. loss = 0.9177476167678833   (2025-09-11_21-37-51)
2025-09-11 21:38:02,721 | INFO | iter is 14200 / 200000, loc. loss = 0.1635298877954483  , classif. loss = 0.07701441645622253  (2025-09-11_21-38-02)
2025-09-11 21:38:12,779 | INFO | iter is 14250 / 200000, loc. loss = 0.2532411217689514  , classif. loss = 0.020636364817619324 (2025-09-11_21-38-12)
2025-09-11 21:38:23,338 | INFO | iter is 14300 / 200000, loc. loss = 0.17292511463165283 , classif. loss = 0.16221795976161957  (2025-09-11_21-38-23)
2025-09-11 21:38:33,336 | INFO | iter is 14350 / 200000, loc. loss = 0.22077646851539612 , classif. loss = 0.1727931648492813   (2025-09-11_21-38-33)
2025-09-11 21:38:43,406 | INFO | iter is 14400 / 200000, loc. loss = 0.15361495316028595 , classif. loss = 3.848609685897827    (2025-09-11_21-38-43)
2025-09-11 21:38:53,971 | INFO | iter is 14450 / 200000, loc. loss = 0.28409916162490845 , classif. loss = 1.1545625925064087   (2025-09-11_21-38-53)
2025-09-11 21:39:15,697 | INFO | iter is 14550 / 200000, loc. loss = 0.3690185248851776  , classif. loss = 0.08980771899223328  (2025-09-11_21-39-15)
2025-09-11 21:39:26,259 | INFO | iter is 14600 / 200000, loc. loss = 0.2841551899909973  , classif. loss = 0.8400027751922607   (2025-09-11_21-39-26)
2025-09-11 21:39:38,153 | INFO | iter is 14650 / 200000, loc. loss = 0.23759114742279053 , classif. loss = 0.3934378921985626   (2025-09-11_21-39-38)
2025-09-11 21:39:49,837 | INFO | iter is 14700 / 200000, loc. loss = 0.1371147632598877  , classif. loss = 0.05933517590165138  (2025-09-11_21-39-49)
2025-09-11 21:40:01,254 | INFO | iter is 14750 / 200000, loc. loss = 0.3632970452308655  , classif. loss = 1.3652021884918213   (2025-09-11_21-40-01)
2025-09-11 21:40:22,178 | INFO | iter is 14850 / 200000, loc. loss = 0.3019985854625702  , classif. loss = 0.023980289697647095 (2025-09-11_21-40-22)
2025-09-11 21:40:32,473 | INFO | iter is 14900 / 200000, loc. loss = 0.3190193474292755  , classif. loss = 0.25545841455459595  (2025-09-11_21-40-32)
2025-09-11 21:40:43,282 | INFO | iter is 14950 / 200000, loc. loss = 0.28661689162254333 , classif. loss = 0.8794739246368408   (2025-09-11_21-40-43)
2025-09-11 21:40:54,641 | INFO | iter is 15000 / 200000, loc. loss = 0.2138834148645401  , classif. loss = 0.06915901601314545  (2025-09-11_21-40-54)
2025-09-11 21:40:54,643 | INFO | ---------starting evaluation-----------
2025-09-11 21:40:54,969 | INFO | validation:    0/1866 (2025-09-11_21-40-54)
2025-09-11 21:41:38,584 | INFO | validation:  100/1866 (2025-09-11_21-41-38)
2025-09-11 21:42:22,461 | INFO | validation:  200/1866 (2025-09-11_21-42-22)
2025-09-11 21:43:06,462 | INFO | validation:  300/1866 (2025-09-11_21-43-06)
2025-09-11 21:43:50,136 | INFO | validation:  400/1866 (2025-09-11_21-43-50)
2025-09-11 21:44:34,264 | INFO | validation:  500/1866 (2025-09-11_21-44-34)
2025-09-11 21:45:18,485 | INFO | validation:  600/1866 (2025-09-11_21-45-18)
2025-09-11 21:46:02,174 | INFO | validation:  700/1866 (2025-09-11_21-46-02)
2025-09-11 21:46:46,423 | INFO | validation:  800/1866 (2025-09-11_21-46-46)
2025-09-11 21:47:31,163 | INFO | validation:  900/1866 (2025-09-11_21-47-31)
2025-09-11 21:48:15,055 | INFO | validation: 1000/1866 (2025-09-11_21-48-15)
2025-09-11 21:48:59,242 | INFO | validation: 1100/1866 (2025-09-11_21-48-59)
2025-09-11 21:49:43,673 | INFO | validation: 1200/1866 (2025-09-11_21-49-43)
2025-09-11 21:50:27,719 | INFO | validation: 1300/1866 (2025-09-11_21-50-27)
2025-09-11 21:51:12,207 | INFO | validation: 1400/1866 (2025-09-11_21-51-12)
2025-09-11 21:51:56,749 | INFO | validation: 1500/1866 (2025-09-11_21-51-56)
2025-09-11 21:52:41,182 | INFO | validation: 1600/1866 (2025-09-11_21-52-41)
2025-09-11 21:53:25,486 | INFO | validation: 1700/1866 (2025-09-11_21-53-25)
2025-09-11 21:54:09,590 | INFO | validation: 1800/1866 (2025-09-11_21-54-09)
2025-09-11 21:54:39,070 | INFO | lofF1 is 0.7533340548805924, clfF1 is 0.14644744044334032, oaF1 is 0.32851342477451595, sub class F1 score is [0.95513324 0.06691304 0.59462059 0.10373374]
2025-09-11 21:54:50,758 | INFO | iter is 15050 / 200000, loc. loss = 0.11876443773508072 , classif. loss = 0.24607893824577332  (2025-09-11_21-54-50)
2025-09-11 21:55:13,101 | INFO | iter is 15150 / 200000, loc. loss = 0.16615499556064606 , classif. loss = 1.8873684406280518   (2025-09-11_21-55-13)
2025-09-11 21:55:23,739 | INFO | iter is 15200 / 200000, loc. loss = 0.3115510046482086  , classif. loss = 0.19400158524513245  (2025-09-11_21-55-23)
2025-09-11 21:55:45,242 | INFO | iter is 15300 / 200000, loc. loss = 0.1493600308895111  , classif. loss = 1.3784281015396118   (2025-09-11_21-55-45)
2025-09-11 21:55:55,588 | INFO | iter is 15350 / 200000, loc. loss = 0.1447482407093048  , classif. loss = 1.0102953910827637   (2025-09-11_21-55-55)
2025-09-11 21:56:07,028 | INFO | iter is 15400 / 200000, loc. loss = 0.35722869634628296 , classif. loss = 1.9876536130905151   (2025-09-11_21-56-06)
2025-09-11 21:56:16,304 | INFO | iter is 15450 / 200000, loc. loss = 0.17333479225635529 , classif. loss = 0.02496280148625374  (2025-09-11_21-56-16)
2025-09-11 21:56:27,197 | INFO | iter is 15500 / 200000, loc. loss = 0.5455259680747986  , classif. loss = 0.24067747592926025  (2025-09-11_21-56-27)
2025-09-11 21:57:21,276 | INFO | iter is 15750 / 200000, loc. loss = 0.38586360216140747 , classif. loss = 0.06978259980678558  (2025-09-11_21-57-21)
2025-09-11 21:57:31,078 | INFO | iter is 15800 / 200000, loc. loss = 0.32731595635414124 , classif. loss = 0.2602177858352661   (2025-09-11_21-57-31)
2025-09-11 21:57:42,758 | INFO | iter is 15850 / 200000, loc. loss = 0.1099727600812912  , classif. loss = 0.15927603840827942  (2025-09-11_21-57-42)
2025-09-11 21:57:54,461 | INFO | iter is 15900 / 200000, loc. loss = 0.2024897336959839  , classif. loss = 0.03762044385075569  (2025-09-11_21-57-54)
2025-09-11 21:58:03,978 | INFO | iter is 15950 / 200000, loc. loss = 0.3077198565006256  , classif. loss = 0.1446298360824585   (2025-09-11_21-58-03)
2025-09-11 21:58:23,311 | INFO | iter is 16050 / 200000, loc. loss = 0.09436234086751938 , classif. loss = 0.23723694682121277  (2025-09-11_21-58-23)
2025-09-11 21:58:55,140 | INFO | iter is 16200 / 200000, loc. loss = 0.370855450630188   , classif. loss = 0.5039523839950562   (2025-09-11_21-58-55)
2025-09-11 21:59:15,993 | INFO | iter is 16300 / 200000, loc. loss = 0.20414282381534576 , classif. loss = 1.2188763618469238   (2025-09-11_21-59-15)
2025-09-11 21:59:38,219 | INFO | iter is 16400 / 200000, loc. loss = 0.17389099299907684 , classif. loss = 0.41992172598838806  (2025-09-11_21-59-38)
2025-09-11 21:59:47,473 | INFO | iter is 16450 / 200000, loc. loss = 0.2538372874259949  , classif. loss = 1.1888177394866943   (2025-09-11_21-59-47)
2025-09-11 22:00:19,500 | INFO | iter is 16600 / 200000, loc. loss = 0.3182937502861023  , classif. loss = 0.29774174094200134  (2025-09-11_22-00-19)
2025-09-11 22:00:30,915 | INFO | iter is 16650 / 200000, loc. loss = 0.2466008961200714  , classif. loss = 2.4919612407684326   (2025-09-11_22-00-30)
2025-09-11 22:00:43,389 | INFO | iter is 16700 / 200000, loc. loss = 0.4190410375595093  , classif. loss = 4.488524913787842    (2025-09-11_22-00-43)
2025-09-11 22:01:05,147 | INFO | iter is 16800 / 200000, loc. loss = 0.2548462152481079  , classif. loss = 0.576848030090332    (2025-09-11_22-01-05)
2025-09-11 22:01:15,457 | INFO | iter is 16850 / 200000, loc. loss = 0.27391213178634644 , classif. loss = 1.753511667251587    (2025-09-11_22-01-15)
2025-09-11 22:01:27,357 | INFO | iter is 16900 / 200000, loc. loss = 0.33524489402770996 , classif. loss = 4.164929389953613    (2025-09-11_22-01-27)
2025-09-11 22:01:39,307 | INFO | iter is 16950 / 200000, loc. loss = 0.1998618245124817  , classif. loss = 1.655959129333496    (2025-09-11_22-01-39)
2025-09-11 22:01:50,140 | INFO | iter is 17000 / 200000, loc. loss = 0.19300320744514465 , classif. loss = 0.004223061725497246 (2025-09-11_22-01-50)
2025-09-11 22:02:02,081 | INFO | iter is 17050 / 200000, loc. loss = 0.4001625180244446  , classif. loss = 0.6372324228286743   (2025-09-11_22-02-02)
2025-09-11 22:02:46,235 | INFO | iter is 17250 / 200000, loc. loss = 0.2922666072845459  , classif. loss = 0.705606997013092    (2025-09-11_22-02-46)
2025-09-11 22:02:57,054 | INFO | iter is 17300 / 200000, loc. loss = 0.33063194155693054 , classif. loss = 0.2115243375301361   (2025-09-11_22-02-57)
2025-09-11 22:03:07,921 | INFO | iter is 17350 / 200000, loc. loss = 0.41326332092285156 , classif. loss = 0.46795421838760376  (2025-09-11_22-03-07)
2025-09-11 22:03:19,869 | INFO | iter is 17400 / 200000, loc. loss = 0.33036094903945923 , classif. loss = 1.225574016571045    (2025-09-11_22-03-19)
2025-09-11 22:03:29,385 | INFO | iter is 17450 / 200000, loc. loss = 0.31290826201438904 , classif. loss = 0.31034964323043823  (2025-09-11_22-03-29)
2025-09-11 22:03:39,439 | INFO | iter is 17500 / 200000, loc. loss = 0.3815782070159912  , classif. loss = 0.09895209968090057  (2025-09-11_22-03-39)
2025-09-11 22:03:50,572 | INFO | iter is 17550 / 200000, loc. loss = 0.3043500483036041  , classif. loss = 0.033980682492256165 (2025-09-11_22-03-50)
2025-09-11 22:03:59,779 | INFO | iter is 17600 / 200000, loc. loss = 0.3491710126399994  , classif. loss = 0.11985048651695251  (2025-09-11_22-03-59)
2025-09-11 22:04:10,065 | INFO | iter is 17650 / 200000, loc. loss = 0.21108266711235046 , classif. loss = 0.14448288083076477  (2025-09-11_22-04-10)
2025-09-11 22:04:19,577 | INFO | iter is 17700 / 200000, loc. loss = 0.2473166137933731  , classif. loss = 0.03254780173301697  (2025-09-11_22-04-19)
2025-09-11 22:04:29,382 | INFO | iter is 17750 / 200000, loc. loss = 0.3946671485900879  , classif. loss = 0.5081375241279602   (2025-09-11_22-04-29)
2025-09-11 22:04:39,139 | INFO | iter is 17800 / 200000, loc. loss = 0.21454612910747528 , classif. loss = 0.3964696526527405   (2025-09-11_22-04-39)
2025-09-11 22:04:49,477 | INFO | iter is 17850 / 200000, loc. loss = 0.13047298789024353 , classif. loss = 0.14182603359222412  (2025-09-11_22-04-49)
2025-09-11 22:05:12,264 | INFO | iter is 17950 / 200000, loc. loss = 0.18448284268379211 , classif. loss = 2.0023281574249268   (2025-09-11_22-05-12)
2025-09-11 22:05:24,527 | INFO | iter is 18000 / 200000, loc. loss = 0.2786710262298584  , classif. loss = 0.4546332061290741   (2025-09-11_22-05-24)
2025-09-11 22:05:44,063 | INFO | iter is 18100 / 200000, loc. loss = 0.09439463168382645 , classif. loss = 0.008017593994736671 (2025-09-11_22-05-44)
2025-09-11 22:05:53,579 | INFO | iter is 18150 / 200000, loc. loss = 0.1953117400407791  , classif. loss = 0.08212118595838547  (2025-09-11_22-05-53)
2025-09-11 22:06:27,802 | INFO | iter is 18300 / 200000, loc. loss = 0.25411853194236755 , classif. loss = 0.9277920722961426   (2025-09-11_22-06-27)
2025-09-11 22:06:37,068 | INFO | iter is 18350 / 200000, loc. loss = 0.2770555913448334  , classif. loss = 2.71269154548645     (2025-09-11_22-06-37)
2025-09-11 22:06:49,044 | INFO | iter is 18400 / 200000, loc. loss = 0.20458613336086273 , classif. loss = 0.354591965675354    (2025-09-11_22-06-49)
