=> merge config from /storage/alperengenc/change_detection/ChangeMamba_AG/changedetection/configs/vssm1/vssm_base_224.yaml
Successfully load ckpt /storage/alperengenc/change_detection/ChangeMamba_AG/pretrained_weight/vssm_base_0229_ckpt_epoch_237.pth
_IncompatibleKeys(missing_keys=['outnorm0.weight', 'outnorm0.bias', 'outnorm1.weight', 'outnorm1.bias', 'outnorm2.weight', 'outnorm2.bias', 'outnorm3.weight', 'outnorm3.bias'], unexpected_keys=['classifier.norm.weight', 'classifier.norm.bias', 'classifier.head.weight', 'classifier.head.bias'])
False
iter is 50, loc. loss = 0.5330690145492554  , classif. loss = 0.6258507966995239   (2025-09-10_20-06-09)
iter is 100, loc. loss = 0.49533239006996155 , classif. loss = 3.0760293006896973   (2025-09-10_20-06-25)
iter is 200, loc. loss = 0.43047088384628296 , classif. loss = 2.4316787719726562   (2025-09-10_20-07-01)
iter is 250, loc. loss = 0.5580350160598755  , classif. loss = 0.06789833307266235  (2025-09-10_20-07-21)
iter is 300, loc. loss = 0.2631497085094452  , classif. loss = 0.18770337104797363  (2025-09-10_20-07-39)
iter is 350, loc. loss = 0.46280691027641296 , classif. loss = 0.2871025800704956   (2025-09-10_20-07-55)
iter is 400, loc. loss = 0.4076828956604004  , classif. loss = 0.12008480727672577  (2025-09-10_20-08-12)
iter is 450, loc. loss = 0.380784809589386   , classif. loss = 0.24648022651672363  (2025-09-10_20-08-29)
iter is 500, loc. loss = 0.33074072003364563 , classif. loss = 0.09621714055538177  (2025-09-10_20-08-45)
iter is 550, loc. loss = 0.260084867477417   , classif. loss = 1.142816424369812    (2025-09-10_20-09-02)
iter is 700, loc. loss = 0.4223391115665436  , classif. loss = 0.8906519412994385   (2025-09-10_20-09-49)
iter is 750, loc. loss = 0.3994550108909607  , classif. loss = 0.972517728805542    (2025-09-10_20-10-03)
iter is 800, loc. loss = 0.46194711327552795 , classif. loss = 1.2341188192367554   (2025-09-10_20-10-18)
iter is 850, loc. loss = 0.5308029055595398  , classif. loss = 0.17515280842781067  (2025-09-10_20-10-34)
iter is 900, loc. loss = 0.32655465602874756 , classif. loss = 0.2706974148750305   (2025-09-10_20-10-50)
iter is 950, loc. loss = 0.4511655271053314  , classif. loss = 0.24020615220069885  (2025-09-10_20-11-05)
iter is 1000, loc. loss = 0.36535418033599854 , classif. loss = 1.6198859214782715   (2025-09-10_20-11-19)
iter is 1050, loc. loss = 0.30384865403175354 , classif. loss = 0.05567733198404312  (2025-09-10_20-11-34)
iter is 1250, loc. loss = 0.3973512649536133  , classif. loss = 0.38991454243659973  (2025-09-10_20-12-35)
iter is 1300, loc. loss = 0.2574020028114319  , classif. loss = 0.006374078802764416 (2025-09-10_20-12-51)
iter is 1450, loc. loss = 0.8461146354675293  , classif. loss = 0.7007105350494385   (2025-09-10_20-13-44)
iter is 1500, loc. loss = 0.29392945766448975 , classif. loss = 0.7890558242797852   (2025-09-10_20-14-02)
iter is 1550, loc. loss = 0.21047426760196686 , classif. loss = 0.28191348910331726  (2025-09-10_20-14-20)
iter is 1600, loc. loss = 0.2261212021112442  , classif. loss = 1.1501023769378662   (2025-09-10_20-14-39)
iter is 1700, loc. loss = 0.31390851736068726 , classif. loss = 3.1768362522125244   (2025-09-10_20-15-14)
iter is 1750, loc. loss = 0.2621861696243286  , classif. loss = 0.8651992082595825   (2025-09-10_20-15-31)
iter is 1900, loc. loss = 0.37449103593826294 , classif. loss = 0.09877432882785797  (2025-09-10_20-16-24)
iter is 1950, loc. loss = 0.33679383993148804 , classif. loss = 1.4175692796707153   (2025-09-10_20-16-41)
iter is 2050, loc. loss = 0.4284127652645111  , classif. loss = 0.805777370929718    (2025-09-10_20-17-14)
iter is 2100, loc. loss = 0.17534595727920532 , classif. loss = 0.43849337100982666  (2025-09-10_20-17-30)
iter is 2150, loc. loss = 0.25291213393211365 , classif. loss = 0.5601155161857605   (2025-09-10_20-17-46)
iter is 2250, loc. loss = 0.17113874852657318 , classif. loss = 0.010456780903041363 (2025-09-10_20-18-13)
iter is 2300, loc. loss = 0.3967885375022888  , classif. loss = 1.155693531036377    (2025-09-10_20-18-28)
iter is 2350, loc. loss = 0.3431040048599243  , classif. loss = 0.4060673117637634   (2025-09-10_20-18-41)
iter is 2450, loc. loss = 0.23904508352279663 , classif. loss = 0.45379507541656494  (2025-09-10_20-19-09)
iter is 2500, loc. loss = 0.2709125280380249  , classif. loss = 0.6838003993034363   (2025-09-10_20-19-22)
iter is 2600, loc. loss = 0.23250547051429749 , classif. loss = 2.730595588684082    (2025-09-10_20-19-49)
iter is 2650, loc. loss = 0.43891438841819763 , classif. loss = 1.3985917568206787   (2025-09-10_20-20-04)
iter is 2700, loc. loss = 0.2885127663612366  , classif. loss = 1.001859426498413    (2025-09-10_20-20-19)
iter is 2850, loc. loss = 0.49397099018096924 , classif. loss = 1.792320728302002    (2025-09-10_20-21-06)
iter is 2900, loc. loss = 0.3674640357494354  , classif. loss = 1.58979070186615     (2025-09-10_20-21-22)
iter is 2950, loc. loss = 0.31263309717178345 , classif. loss = 0.7775707840919495   (2025-09-10_20-21-39)
iter is 3000, loc. loss = 0.30761322379112244 , classif. loss = 0.13262680172920227  (2025-09-10_20-21-53)
iter is 3050, loc. loss = 0.32016849517822266 , classif. loss = 3.2511239051818848   (2025-09-10_20-22-10)
iter is 3150, loc. loss = 0.24379122257232666 , classif. loss = 4.663835048675537    (2025-09-10_20-22-43)
iter is 3200, loc. loss = 0.195389062166214   , classif. loss = 1.6659865379333496   (2025-09-10_20-23-00)
iter is 3250, loc. loss = 0.28541356325149536 , classif. loss = 3.428755521774292    (2025-09-10_20-23-15)
iter is 3300, loc. loss = 0.31406062841415405 , classif. loss = 1.4619238376617432   (2025-09-10_20-23-30)
iter is 3350, loc. loss = 0.3046475052833557  , classif. loss = 0.38508227467536926  (2025-09-10_20-23-48)
iter is 3450, loc. loss = 0.3206728994846344  , classif. loss = 0.04504317790269852  (2025-09-10_20-24-21)
iter is 3500, loc. loss = 0.18768513202667236 , classif. loss = 0.02261725440621376  (2025-09-10_20-24-38)
iter is 3600, loc. loss = 0.21109935641288757 , classif. loss = 0.7838799953460693   (2025-09-10_20-25-11)
iter is 3650, loc. loss = 0.250564843416214   , classif. loss = 0.6100378632545471   (2025-09-10_20-25-27)
iter is 3750, loc. loss = 0.4044378697872162  , classif. loss = 1.0160385370254517   (2025-09-10_20-26-05)
iter is 3800, loc. loss = 0.36408716440200806 , classif. loss = 1.2076350450515747   (2025-09-10_20-26-21)
iter is 3850, loc. loss = 0.40384840965270996 , classif. loss = 0.124273881316185    (2025-09-10_20-26-41)
iter is 3950, loc. loss = 0.3073200285434723  , classif. loss = 1.597973108291626    (2025-09-10_20-27-17)
iter is 4000, loc. loss = 0.2002381682395935  , classif. loss = 0.05132352560758591  (2025-09-10_20-27-36)
iter is 4100, loc. loss = 0.31435802578926086 , classif. loss = 3.6105782985687256   (2025-09-10_20-28-13)
iter is 4150, loc. loss = 0.26355013251304626 , classif. loss = 1.160264015197754    (2025-09-10_20-28-33)
iter is 4200, loc. loss = 0.2539050579071045  , classif. loss = 1.0691806077957153   (2025-09-10_20-28-51)
iter is 4350, loc. loss = 0.2509870231151581  , classif. loss = 0.5471654534339905   (2025-09-10_20-29-46)
iter is 4600, loc. loss = 0.3674301505088806  , classif. loss = 0.5599921941757202   (2025-09-10_20-31-12)
iter is 4650, loc. loss = 0.1868283599615097  , classif. loss = 0.4246026873588562   (2025-09-10_20-31-29)
iter is 4700, loc. loss = 0.2747824192047119  , classif. loss = 0.6754205226898193   (2025-09-10_20-31-45)
iter is 4750, loc. loss = 0.2630901634693146  , classif. loss = 0.10934412479400635  (2025-09-10_20-32-01)
iter is 4800, loc. loss = 0.28159618377685547 , classif. loss = 4.803120136260986    (2025-09-10_20-32-16)
iter is 4850, loc. loss = 0.14799033105373383 , classif. loss = 0.029597414657473564 (2025-09-10_20-32-31)
iter is 4900, loc. loss = 0.35480332374572754 , classif. loss = 1.6304335594177246   (2025-09-10_20-32-46)
iter is 5000, loc. loss = 0.22205021977424622 , classif. loss = 0.25588035583496094  (2025-09-10_20-33-14)
iter is 5050, loc. loss = 0.3674646019935608  , classif. loss = 0.24056531488895416  (2025-09-10_20-33-26)
iter is 5150, loc. loss = 0.29752734303474426 , classif. loss = 0.42941737174987793  (2025-09-10_20-33-51)
iter is 5200, loc. loss = 0.23300835490226746 , classif. loss = 0.3962639272212982   (2025-09-10_20-34-03)
iter is 5250, loc. loss = 0.3216356337070465  , classif. loss = 0.3893444240093231   (2025-09-10_20-34-16)
iter is 5300, loc. loss = 0.22199194133281708 , classif. loss = 0.15421149134635925  (2025-09-10_20-34-31)
iter is 5350, loc. loss = 0.1681310385465622  , classif. loss = 0.03175077214837074  (2025-09-10_20-34-46)
iter is 5400, loc. loss = 0.32438576221466064 , classif. loss = 1.1202908754348755   (2025-09-10_20-35-00)
iter is 5550, loc. loss = 0.12446139007806778 , classif. loss = 0.7116729021072388   (2025-09-10_20-35-43)
iter is 5650, loc. loss = 0.2154434621334076  , classif. loss = 0.9439918398857117   (2025-09-10_20-36-12)
iter is 5750, loc. loss = 0.11051207780838013 , classif. loss = 0.11580432951450348  (2025-09-10_20-36-45)
iter is 5800, loc. loss = 0.3666088283061981  , classif. loss = 0.08827414363622665  (2025-09-10_20-37-02)
iter is 5850, loc. loss = 0.3054051101207733  , classif. loss = 2.108981132507324    (2025-09-10_20-37-19)
iter is 5900, loc. loss = 0.3851194977760315  , classif. loss = 0.24773664772510529  (2025-09-10_20-37-38)
iter is 5950, loc. loss = 0.30759426951408386 , classif. loss = 0.3948686718940735   (2025-09-10_20-37-54)
iter is 6000, loc. loss = 0.2144971489906311  , classif. loss = 1.8283233642578125   (2025-09-10_20-38-12)
iter is 6050, loc. loss = 0.3603042960166931  , classif. loss = 1.0270558595657349   (2025-09-10_20-38-29)
iter is 6150, loc. loss = 0.31622278690338135 , classif. loss = 0.4735561013221741   (2025-09-10_20-39-06)
iter is 6200, loc. loss = 0.24186977744102478 , classif. loss = 0.32895857095718384  (2025-09-10_20-39-23)
iter is 6250, loc. loss = 0.2568036913871765  , classif. loss = 1.368287205696106    (2025-09-10_20-39-41)
iter is 6300, loc. loss = 0.4027031362056732  , classif. loss = 0.8560931086540222   (2025-09-10_20-39-58)
iter is 6350, loc. loss = 0.28352081775665283 , classif. loss = 0.14177358150482178  (2025-09-10_20-40-16)
iter is 6400, loc. loss = 0.2407289743423462  , classif. loss = 0.21010644733905792  (2025-09-10_20-40-34)
iter is 6500, loc. loss = 0.16334109008312225 , classif. loss = 0.2236633598804474   (2025-09-10_20-41-06)
iter is 6550, loc. loss = 0.3130723237991333  , classif. loss = 2.364806652069092    (2025-09-10_20-41-21)
iter is 6600, loc. loss = 0.2386850118637085  , classif. loss = 0.06523409485816956  (2025-09-10_20-41-37)
iter is 6650, loc. loss = 0.27925175428390503 , classif. loss = 1.3093974590301514   (2025-09-10_20-41-52)
iter is 6700, loc. loss = 0.5283119678497314  , classif. loss = 0.26706939935684204  (2025-09-10_20-42-05)
iter is 6750, loc. loss = 0.2981507480144501  , classif. loss = 4.219560623168945    (2025-09-10_20-42-20)
iter is 6850, loc. loss = 0.2553117275238037  , classif. loss = 0.07278784364461899  (2025-09-10_20-42-48)
iter is 6900, loc. loss = 0.285643994808197   , classif. loss = 0.194381445646286    (2025-09-10_20-43-00)
iter is 6950, loc. loss = 0.2044413983821869  , classif. loss = 0.670372486114502    (2025-09-10_20-43-13)
iter is 7000, loc. loss = 0.40061426162719727 , classif. loss = 0.046021439135074615 (2025-09-10_20-43-26)
iter is 7050, loc. loss = 0.16230382025241852 , classif. loss = 0.772524356842041    (2025-09-10_20-43-38)
iter is 7100, loc. loss = 0.15701913833618164 , classif. loss = 1.4092046022415161   (2025-09-10_20-43-51)
iter is 7150, loc. loss = 0.44522687792778015 , classif. loss = 2.249034881591797    (2025-09-10_20-44-03)
iter is 7200, loc. loss = 0.33175817131996155 , classif. loss = 0.3971480429172516   (2025-09-10_20-44-18)
iter is 7250, loc. loss = 0.20260663330554962 , classif. loss = 1.3656766414642334   (2025-09-10_20-44-32)
iter is 7450, loc. loss = 0.2047160267829895  , classif. loss = 0.11895781755447388  (2025-09-10_20-45-29)
iter is 7500, loc. loss = 0.14313086867332458 , classif. loss = 0.8151880502700806   (2025-09-10_20-45-43)
iter is 7550, loc. loss = 0.1424466222524643  , classif. loss = 0.021241387352347374 (2025-09-10_20-45-58)
iter is 7600, loc. loss = 0.24098971486091614 , classif. loss = 0.01597796380519867  (2025-09-10_20-46-12)
iter is 7700, loc. loss = 0.2816541790962219  , classif. loss = 1.9588472843170166   (2025-09-10_20-46-42)
iter is 7750, loc. loss = 0.12729588150978088 , classif. loss = 2.026611804962158    (2025-09-10_20-47-00)
iter is 7800, loc. loss = 0.20407432317733765 , classif. loss = 0.03877406194806099  (2025-09-10_20-47-14)
iter is 7850, loc. loss = 0.15129150450229645 , classif. loss = 0.4382336139678955   (2025-09-10_20-47-31)
iter is 8000, loc. loss = 0.07523871213197708 , classif. loss = 0.7320462465286255   (2025-09-10_20-48-20)
iter is 8250, loc. loss = 0.10700126737356186 , classif. loss = 0.11046046763658524  (2025-09-10_20-49-46)
iter is 8400, loc. loss = 0.23867106437683105 , classif. loss = 0.21298031508922577  (2025-09-10_20-50-37)
iter is 8450, loc. loss = 0.38883787393569946 , classif. loss = 1.0029295682907104   (2025-09-10_20-50-54)
iter is 8500, loc. loss = 0.21525825560092926 , classif. loss = 1.3474022150039673   (2025-09-10_20-51-11)
iter is 8550, loc. loss = 0.43135106563568115 , classif. loss = 0.7382797002792358   (2025-09-10_20-51-28)
iter is 8600, loc. loss = 0.25215184688568115 , classif. loss = 0.2270306944847107   (2025-09-10_20-51-46)
iter is 8650, loc. loss = 0.25861692428588867 , classif. loss = 0.21720290184020996  (2025-09-10_20-52-02)
iter is 8700, loc. loss = 0.5058766007423401  , classif. loss = 0.1916913092136383   (2025-09-10_20-52-21)
iter is 8750, loc. loss = 0.30492332577705383 , classif. loss = 0.021119922399520874 (2025-09-10_20-52-38)
iter is 8800, loc. loss = 0.4008139371871948  , classif. loss = 0.9701734185218811   (2025-09-10_20-52-56)
iter is 8850, loc. loss = 0.3945724070072174  , classif. loss = 1.075104832649231    (2025-09-10_20-53-13)
iter is 8950, loc. loss = 0.35627979040145874 , classif. loss = 0.1884741485118866   (2025-09-10_20-53-50)
iter is 9000, loc. loss = 0.398727685213089   , classif. loss = 1.4426188468933105   (2025-09-10_20-54-07)
iter is 9050, loc. loss = 0.31744372844696045 , classif. loss = 0.4572138488292694   (2025-09-10_20-54-26)
iter is 9100, loc. loss = 0.26105621457099915 , classif. loss = 2.543272018432617    (2025-09-10_20-54-43)
iter is 9200, loc. loss = 0.15393242239952087 , classif. loss = 0.07993251830339432  (2025-09-10_20-55-12)
iter is 9250, loc. loss = 0.2742964029312134  , classif. loss = 1.6603646278381348   (2025-09-10_20-55-29)
iter is 9300, loc. loss = 0.4516119360923767  , classif. loss = 0.1499330997467041   (2025-09-10_20-55-44)
iter is 9350, loc. loss = 0.1962130218744278  , classif. loss = 0.12676206231117249  (2025-09-10_20-55-58)
iter is 9400, loc. loss = 0.25723159313201904 , classif. loss = 0.020179886370897293 (2025-09-10_20-56-13)
iter is 9450, loc. loss = 0.4380703568458557  , classif. loss = 0.3411082625389099   (2025-09-10_20-56-27)
iter is 9500, loc. loss = 0.24507956206798553 , classif. loss = 1.202277421951294    (2025-09-10_20-56-40)
iter is 9550, loc. loss = 0.2770437002182007  , classif. loss = 0.032697953283786774 (2025-09-10_20-56-54)
iter is 9600, loc. loss = 0.2450716346502304  , classif. loss = 0.17527806758880615  (2025-09-10_20-57-09)
iter is 9650, loc. loss = 0.25161656737327576 , classif. loss = 2.5754776000976562   (2025-09-10_20-57-21)
iter is 9700, loc. loss = 0.1749129742383957  , classif. loss = 2.311553478240967    (2025-09-10_20-57-34)
iter is 9750, loc. loss = 0.38074660301208496 , classif. loss = 0.08882412314414978  (2025-09-10_20-57-48)
iter is 9800, loc. loss = 0.13851338624954224 , classif. loss = 0.05301050841808319  (2025-09-10_20-58-02)
iter is 9850, loc. loss = 0.25303566455841064 , classif. loss = 0.9932860136032104   (2025-09-10_20-58-16)
iter is 9900, loc. loss = 0.20961779356002808 , classif. loss = 0.9472706317901611   (2025-09-10_20-58-28)
iter is 10000, loc. loss = 0.3794414699077606  , classif. loss = 1.0641069412231445   (2025-09-10_20-58-57)
---------starting evaluation-----------
validation:    0/1866 (2025-09-10_20-59-00)
validation:  100/1866 (2025-09-10_20-59-46)
validation:  200/1866 (2025-09-10_21-00-31)
validation:  300/1866 (2025-09-10_21-01-16)
validation:  400/1866 (2025-09-10_21-02-00)
validation:  500/1866 (2025-09-10_21-02-46)
validation:  600/1866 (2025-09-10_21-03-31)
validation:  700/1866 (2025-09-10_21-04-15)
validation:  800/1866 (2025-09-10_21-05-00)
validation:  900/1866 (2025-09-10_21-05-45)
validation: 1000/1866 (2025-09-10_21-06-30)
validation: 1100/1866 (2025-09-10_21-07-14)
validation: 1200/1866 (2025-09-10_21-07-58)
validation: 1300/1866 (2025-09-10_21-08-43)
validation: 1400/1866 (2025-09-10_21-09-29)
validation: 1500/1866 (2025-09-10_21-10-14)
validation: 1600/1866 (2025-09-10_21-11-00)
validation: 1700/1866 (2025-09-10_21-11-44)
validation: 1800/1866 (2025-09-10_21-12-29)
lofF1 is 0.7526663840218748, clfF1 is 1.1592743625639334e-05, oaF1 is 0.22580803012710038, sub class F1 score is [9.40931753e-01 2.94808436e-06 1.71355746e-04 3.09250312e-01]
iter is 10050, loc. loss = 0.3430657982826233  , classif. loss = 0.017977146431803703 (2025-09-10_21-13-17)
iter is 10150, loc. loss = 0.49742943048477173 , classif. loss = 2.3588032722473145   (2025-09-10_21-13-54)
iter is 10200, loc. loss = 0.20419208705425262 , classif. loss = 0.08393857628107071  (2025-09-10_21-14-13)
iter is 10250, loc. loss = 0.18404731154441833 , classif. loss = 0.5714089870452881   (2025-09-10_21-14-28)
iter is 10300, loc. loss = 0.1505347639322281  , classif. loss = 0.18675261735916138  (2025-09-10_21-14-47)
iter is 10400, loc. loss = 0.2052585333585739  , classif. loss = 0.11687822639942169  (2025-09-10_21-15-20)
iter is 10450, loc. loss = 0.43330731987953186 , classif. loss = 0.05636563152074814  (2025-09-10_21-15-36)
iter is 10550, loc. loss = 0.2740015685558319  , classif. loss = 2.617614507675171    (2025-09-10_21-16-07)
iter is 10600, loc. loss = 0.2916106879711151  , classif. loss = 0.09775438904762268  (2025-09-10_21-16-23)
iter is 10650, loc. loss = 0.044235192239284515, classif. loss = 0.0217217355966568   (2025-09-10_21-16-39)
iter is 10750, loc. loss = 0.1827334314584732  , classif. loss = 0.1521458476781845   (2025-09-10_21-17-11)
iter is 10800, loc. loss = 0.24954727292060852 , classif. loss = 1.529707670211792    (2025-09-10_21-17-27)
iter is 10850, loc. loss = 0.28753477334976196 , classif. loss = 0.13135142624378204  (2025-09-10_21-17-44)
iter is 10900, loc. loss = 0.1686779260635376  , classif. loss = 0.006115815602242947 (2025-09-10_21-17-59)
iter is 10950, loc. loss = 0.3696146607398987  , classif. loss = 0.5395622253417969   (2025-09-10_21-18-14)
iter is 11000, loc. loss = 0.14152510464191437 , classif. loss = 0.014559365808963776 (2025-09-10_21-18-30)
iter is 11050, loc. loss = 0.314933717250824   , classif. loss = 2.72562575340271     (2025-09-10_21-18-46)
iter is 11100, loc. loss = 0.33106154203414917 , classif. loss = 0.5196226835250854   (2025-09-10_21-19-02)
iter is 11200, loc. loss = 0.21816757321357727 , classif. loss = 1.9839149713516235   (2025-09-10_21-19-38)
iter is 11250, loc. loss = 0.2639094591140747  , classif. loss = 0.012436147779226303 (2025-09-10_21-19-55)
iter is 11300, loc. loss = 0.3551669120788574  , classif. loss = 0.06104585900902748  (2025-09-10_21-20-12)
iter is 11550, loc. loss = 0.23036660254001617 , classif. loss = 1.0059739351272583   (2025-09-10_21-21-48)
iter is 11600, loc. loss = 0.27196288108825684 , classif. loss = 1.021479606628418    (2025-09-10_21-22-56)
iter is 11650, loc. loss = 0.29731079936027527 , classif. loss = 0.06193571910262108  (2025-09-10_21-23-58)
iter is 11700, loc. loss = 0.300087571144104   , classif. loss = 0.15083976089954376  (2025-09-10_21-24-51)
iter is 11750, loc. loss = 0.26295405626296997 , classif. loss = 1.976302981376648    (2025-09-10_21-26-06)
iter is 11800, loc. loss = 0.17467954754829407 , classif. loss = 0.9331976175308228   (2025-09-10_21-27-09)
iter is 11900, loc. loss = 0.14774495363235474 , classif. loss = 0.13153120875358582  (2025-09-10_21-29-18)
iter is 11950, loc. loss = 0.2860744595527649  , classif. loss = 0.5980735421180725   (2025-09-10_21-30-25)
iter is 12000, loc. loss = 0.40162229537963867 , classif. loss = 0.10728833079338074  (2025-09-10_21-31-41)
iter is 12050, loc. loss = 0.34429094195365906 , classif. loss = 0.2631630301475525   (2025-09-10_21-32-51)
iter is 12200, loc. loss = 0.3229093551635742  , classif. loss = 0.15506702661514282  (2025-09-10_21-36-22)
iter is 12250, loc. loss = 0.49135857820510864 , classif. loss = 0.17526474595069885  (2025-09-10_21-37-37)
iter is 12300, loc. loss = 0.2802966833114624  , classif. loss = 0.9623737931251526   (2025-09-10_21-38-42)
iter is 12400, loc. loss = 0.2680363953113556  , classif. loss = 0.28648656606674194  (2025-09-10_21-40-23)
iter is 12450, loc. loss = 0.16473133862018585 , classif. loss = 3.040618419647217    (2025-09-10_21-41-04)
iter is 12500, loc. loss = 0.17136558890342712 , classif. loss = 0.14400188624858856  (2025-09-10_21-42-00)
iter is 12550, loc. loss = 0.16579276323318481 , classif. loss = 0.18393826484680176  (2025-09-10_21-42-50)
iter is 12600, loc. loss = 0.18033725023269653 , classif. loss = 0.3930383324623108   (2025-09-10_21-43-47)
iter is 12650, loc. loss = 0.15098311007022858 , classif. loss = 1.4092609882354736   (2025-09-10_21-44-45)
iter is 12700, loc. loss = 0.24633216857910156 , classif. loss = 2.744677782058716    (2025-09-10_21-45-53)
iter is 12800, loc. loss = 0.43066003918647766 , classif. loss = 2.1445512771606445   (2025-09-10_21-48-07)
iter is 12850, loc. loss = 0.14662204682826996 , classif. loss = 0.041273459792137146 (2025-09-10_21-49-07)
iter is 12900, loc. loss = 0.11908529698848724 , classif. loss = 0.10546989738941193  (2025-09-10_21-50-16)
iter is 13000, loc. loss = 0.23025481402873993 , classif. loss = 0.3889526128768921   (2025-09-10_21-52-24)
iter is 13050, loc. loss = 0.20968139171600342 , classif. loss = 0.6642155647277832   (2025-09-10_21-53-34)
iter is 13100, loc. loss = 0.28466737270355225 , classif. loss = 0.3757609724998474   (2025-09-10_21-54-32)
iter is 13150, loc. loss = 0.4244592785835266  , classif. loss = 1.055164098739624    (2025-09-10_21-55-28)
iter is 13200, loc. loss = 0.20573219656944275 , classif. loss = 1.1600698232650757   (2025-09-10_21-56-40)
iter is 13250, loc. loss = 0.10282513499259949 , classif. loss = 1.6783888339996338   (2025-09-10_21-57-43)
iter is 13300, loc. loss = 0.19086326658725739 , classif. loss = 0.02646552212536335  (2025-09-10_21-58-52)
iter is 13350, loc. loss = 0.17164930701255798 , classif. loss = 0.019089749082922935 (2025-09-10_22-00-01)
iter is 13400, loc. loss = 0.4567670226097107  , classif. loss = 0.022712960839271545 (2025-09-10_22-01-06)
iter is 13500, loc. loss = 0.28833580017089844 , classif. loss = 0.47234752774238586  (2025-09-10_22-03-25)
iter is 13550, loc. loss = 0.2301233410835266  , classif. loss = 0.7348915934562683   (2025-09-10_22-04-29)
iter is 13600, loc. loss = 0.29385852813720703 , classif. loss = 1.4867806434631348   (2025-09-10_22-05-50)
iter is 13750, loc. loss = 0.08266527205705643 , classif. loss = 0.07603088766336441  (2025-09-10_22-09-09)
iter is 13800, loc. loss = 0.1415998488664627  , classif. loss = 0.6562098264694214   (2025-09-10_22-10-28)
iter is 13850, loc. loss = 0.1460442692041397  , classif. loss = 0.09459333121776581  (2025-09-10_22-11-29)
iter is 13900, loc. loss = 0.375368595123291   , classif. loss = 0.6364759206771851   (2025-09-10_22-12-36)
iter is 13950, loc. loss = 0.35145699977874756 , classif. loss = 1.8250750303268433   (2025-09-10_22-13-38)
iter is 14000, loc. loss = 0.3084971606731415  , classif. loss = 0.04925660789012909  (2025-09-10_22-14-46)
iter is 14100, loc. loss = 0.33550888299942017 , classif. loss = 1.131547212600708    (2025-09-10_22-17-04)
iter is 14150, loc. loss = 0.43426162004470825 , classif. loss = 1.0618911981582642   (2025-09-10_22-18-13)
iter is 14250, loc. loss = 0.2650398910045624  , classif. loss = 1.0924293994903564   (2025-09-10_22-20-34)
iter is 14300, loc. loss = 0.221161887049675   , classif. loss = 2.1967720985412598   (2025-09-10_22-21-40)
iter is 14400, loc. loss = 0.12596279382705688 , classif. loss = 5.7142486572265625   (2025-09-10_22-23-50)
iter is 14450, loc. loss = 0.3899663984775543  , classif. loss = 0.4446399509906769   (2025-09-10_22-24-57)
iter is 14500, loc. loss = 0.29284366965293884 , classif. loss = 0.599618673324585    (2025-09-10_22-26-20)
iter is 14550, loc. loss = 0.31594422459602356 , classif. loss = 0.21039198338985443  (2025-09-10_22-27-22)
iter is 14650, loc. loss = 0.3982449173927307  , classif. loss = 0.8037447929382324   (2025-09-10_22-29-42)
iter is 14750, loc. loss = 0.20523634552955627 , classif. loss = 0.05913279578089714  (2025-09-10_22-31-54)
iter is 14850, loc. loss = 0.21258598566055298 , classif. loss = 0.0039250971749424934 (2025-09-10_22-34-23)
iter is 14900, loc. loss = 0.3198719322681427  , classif. loss = 0.9113284349441528   (2025-09-10_22-35-32)
iter is 14950, loc. loss = 0.20308265089988708 , classif. loss = 0.5200288891792297   (2025-09-10_22-36-37)
iter is 15000, loc. loss = 0.36742961406707764 , classif. loss = 0.6700630187988281   (2025-09-10_22-37-48)
iter is 15100, loc. loss = 0.11516021192073822 , classif. loss = 4.90236234664917     (2025-09-10_22-40-20)
iter is 15150, loc. loss = 0.17857050895690918 , classif. loss = 1.075783371925354    (2025-09-10_22-41-31)
iter is 15300, loc. loss = 0.18919742107391357 , classif. loss = 1.4074875116348267   (2025-09-10_22-44-51)
iter is 15350, loc. loss = 0.29463815689086914 , classif. loss = 0.7504620552062988   (2025-09-10_22-46-05)
iter is 15400, loc. loss = 0.1420382857322693  , classif. loss = 0.12218451499938965  (2025-09-10_22-47-05)
iter is 15450, loc. loss = 0.22446230053901672 , classif. loss = 0.17533178627490997  (2025-09-10_22-48-12)
iter is 15550, loc. loss = 0.14074718952178955 , classif. loss = 0.24941502511501312  (2025-09-10_22-50-25)
iter is 15600, loc. loss = 0.2180103361606598  , classif. loss = 1.0897746086120605   (2025-09-10_22-51-29)
iter is 15650, loc. loss = 0.3343258500099182  , classif. loss = 0.9503359198570251   (2025-09-10_22-52-29)
iter is 15700, loc. loss = 0.1391422152519226  , classif. loss = 0.03287200629711151  (2025-09-10_22-53-31)
iter is 15750, loc. loss = 0.35749906301498413 , classif. loss = 0.8134208917617798   (2025-09-10_22-54-34)
iter is 15800, loc. loss = 0.2562726140022278  , classif. loss = 0.06778575479984283  (2025-09-10_22-55-37)
iter is 15850, loc. loss = 0.5289384126663208  , classif. loss = 0.17742028832435608  (2025-09-10_22-56-47)
iter is 15950, loc. loss = 0.2881675362586975  , classif. loss = 0.014809628948569298 (2025-09-10_22-59-07)
iter is 16000, loc. loss = 0.19783353805541992 , classif. loss = 0.8729081153869629   (2025-09-10_23-00-06)
iter is 16050, loc. loss = 0.41131025552749634 , classif. loss = 0.27707594633102417  (2025-09-10_23-01-12)
iter is 16100, loc. loss = 0.2684410512447357  , classif. loss = 3.2426862716674805   (2025-09-10_23-02-20)
iter is 16150, loc. loss = 0.3054877817630768  , classif. loss = 0.12702374160289764  (2025-09-10_23-03-29)
iter is 16200, loc. loss = 0.28391245007514954 , classif. loss = 0.9350616931915283   (2025-09-10_23-04-27)
iter is 16250, loc. loss = 0.3442419767379761  , classif. loss = 0.07811296731233597  (2025-09-10_23-05-32)
iter is 16300, loc. loss = 0.1923428773880005  , classif. loss = 3.188237190246582    (2025-09-10_23-06-37)
iter is 16350, loc. loss = 0.3314211070537567  , classif. loss = 1.32331383228302     (2025-09-10_23-07-36)
iter is 16400, loc. loss = 0.2339964061975479  , classif. loss = 0.6443195343017578   (2025-09-10_23-08-42)
iter is 16450, loc. loss = 0.4377608895301819  , classif. loss = 0.033611372113227844 (2025-09-10_23-09-56)
iter is 16500, loc. loss = 0.7469131946563721  , classif. loss = 0.19261062145233154  (2025-09-10_23-10-58)
iter is 16550, loc. loss = 0.17067208886146545 , classif. loss = 0.4636375606060028   (2025-09-10_23-12-16)
iter is 16650, loc. loss = 0.21195140480995178 , classif. loss = 0.5838210582733154   (2025-09-10_23-14-18)
iter is 16750, loc. loss = 0.22954165935516357 , classif. loss = 0.16368679702281952  (2025-09-10_23-16-36)
iter is 16800, loc. loss = 0.2684316635131836  , classif. loss = 1.0396690368652344   (2025-09-10_23-17-48)
iter is 16900, loc. loss = 0.26288557052612305 , classif. loss = 0.14832745492458344  (2025-09-10_23-20-00)
iter is 16950, loc. loss = 0.3243677020072937  , classif. loss = 0.21753156185150146  (2025-09-10_23-21-09)
iter is 17000, loc. loss = 0.289752334356308   , classif. loss = 2.8394320011138916   (2025-09-10_23-22-22)
iter is 17050, loc. loss = 0.37256675958633423 , classif. loss = 0.2700636386871338   (2025-09-10_23-23-27)
iter is 17100, loc. loss = 0.17182421684265137 , classif. loss = 3.295292377471924    (2025-09-10_23-24-35)
iter is 17150, loc. loss = 0.19252385199069977 , classif. loss = 1.0413875579833984   (2025-09-10_23-25-52)
iter is 17200, loc. loss = 0.5182200074195862  , classif. loss = 1.8869106769561768   (2025-09-10_23-26-57)
iter is 17300, loc. loss = 0.2818986773490906  , classif. loss = 0.01441046129912138  (2025-09-10_23-29-12)
iter is 17350, loc. loss = 0.23203082382678986 , classif. loss = 0.9164324402809143   (2025-09-10_23-30-21)
iter is 17450, loc. loss = 0.28014084696769714 , classif. loss = 1.4624110460281372   (2025-09-10_23-32-49)
iter is 17600, loc. loss = 0.357808917760849   , classif. loss = 0.33886241912841797  (2025-09-10_23-36-21)
iter is 17650, loc. loss = 0.19933438301086426 , classif. loss = 0.035343751311302185 (2025-09-10_23-37-37)
iter is 17700, loc. loss = 0.2746802568435669  , classif. loss = 0.7722343802452087   (2025-09-10_23-38-39)
iter is 17750, loc. loss = 0.25490930676460266 , classif. loss = 0.14526069164276123  (2025-09-10_23-39-56)
iter is 17800, loc. loss = 0.1761408895254135  , classif. loss = 1.292754888534546    (2025-09-10_23-41-02)
iter is 17850, loc. loss = 0.5069255232810974  , classif. loss = 0.01179848425090313  (2025-09-10_23-42-09)
iter is 17950, loc. loss = 0.16202205419540405 , classif. loss = 0.775930643081665    (2025-09-10_23-44-24)
iter is 18000, loc. loss = 0.4795876741409302  , classif. loss = 0.5804690718650818   (2025-09-10_23-45-30)
iter is 18050, loc. loss = 0.23779653012752533 , classif. loss = 0.5495831966400146   (2025-09-10_23-46-35)
iter is 18100, loc. loss = 0.48175370693206787 , classif. loss = 0.21794220805168152  (2025-09-10_23-47-46)
iter is 18150, loc. loss = 0.27472686767578125 , classif. loss = 2.2152585983276367   (2025-09-10_23-48-51)
iter is 18200, loc. loss = 0.34819304943084717 , classif. loss = 0.7948795557022095   (2025-09-10_23-49-53)
iter is 18250, loc. loss = 0.4145965278148651  , classif. loss = 0.30005931854248047  (2025-09-10_23-50-56)
iter is 18300, loc. loss = 0.2944921851158142  , classif. loss = 1.7876105308532715   (2025-09-10_23-52-04)
iter is 18350, loc. loss = 0.4658243656158447  , classif. loss = 0.016650967299938202 (2025-09-10_23-53-03)
iter is 18400, loc. loss = 0.2322676181793213  , classif. loss = 0.057074300944805145 (2025-09-10_23-54-07)
iter is 18450, loc. loss = 0.3189215660095215  , classif. loss = 0.0364086776971817   (2025-09-10_23-55-03)
iter is 18500, loc. loss = 0.49354276061058044 , classif. loss = 0.956904947757721    (2025-09-10_23-56-01)
iter is 18550, loc. loss = 0.3284922242164612  , classif. loss = 0.6766218543052673   (2025-09-10_23-56-55)
iter is 18600, loc. loss = 0.19613896310329437 , classif. loss = 0.06545450538396835  (2025-09-10_23-58-05)
iter is 18700, loc. loss = 0.31581977009773254 , classif. loss = 1.274301290512085    (2025-09-11_00-00-03)
iter is 18800, loc. loss = 0.31957924365997314 , classif. loss = 1.2738962173461914   (2025-09-11_00-02-02)
iter is 18900, loc. loss = 0.23857912421226501 , classif. loss = 1.1930354833602905   (2025-09-11_00-04-08)
iter is 18950, loc. loss = 0.36191973090171814 , classif. loss = 4.163906574249268    (2025-09-11_00-05-13)
iter is 19000, loc. loss = 0.17976801097393036 , classif. loss = 0.21201226115226746  (2025-09-11_00-06-08)
iter is 19100, loc. loss = 0.2534380257129669  , classif. loss = 0.07928873598575592  (2025-09-11_00-08-24)
iter is 19150, loc. loss = 0.1828458309173584  , classif. loss = 0.011804027482867241 (2025-09-11_00-09-32)
iter is 19200, loc. loss = 0.31512027978897095 , classif. loss = 0.951103925704956    (2025-09-11_00-10-32)
iter is 19250, loc. loss = 0.30771979689598083 , classif. loss = 0.26827889680862427  (2025-09-11_00-11-29)
iter is 19300, loc. loss = 0.0637349858880043  , classif. loss = 0.013799827545881271 (2025-09-11_00-12-37)
iter is 19350, loc. loss = 0.4066865146160126  , classif. loss = 0.45415011048316956  (2025-09-11_00-13-38)
iter is 19400, loc. loss = 0.31896674633026123 , classif. loss = 0.7978185415267944   (2025-09-11_00-14-35)
iter is 19450, loc. loss = 0.1792156994342804  , classif. loss = 0.3575839400291443   (2025-09-11_00-15-29)
iter is 19500, loc. loss = 0.16105961799621582 , classif. loss = 0.9629291892051697   (2025-09-11_00-16-27)
iter is 19550, loc. loss = 0.4298872649669647  , classif. loss = 1.0088930130004883   (2025-09-11_00-17-43)
iter is 19600, loc. loss = 0.2593704164028168  , classif. loss = 1.4905366897583008   (2025-09-11_00-18-45)
iter is 19650, loc. loss = 0.18960556387901306 , classif. loss = 0.06825731694698334  (2025-09-11_00-19-50)
iter is 19700, loc. loss = 0.2246427834033966  , classif. loss = 0.10961227118968964  (2025-09-11_00-20-59)
iter is 19800, loc. loss = 0.4022437036037445  , classif. loss = 0.21830278635025024  (2025-09-11_00-23-08)
iter is 19850, loc. loss = 0.42508697509765625 , classif. loss = 0.34851133823394775  (2025-09-11_00-24-23)
iter is 19950, loc. loss = 0.24385733902454376 , classif. loss = 0.025917012244462967 (2025-09-11_00-26-42)
iter is 20050, loc. loss = 0.23638218641281128 , classif. loss = 1.4230103492736816   (2025-09-11_00-28-45)
iter is 20100, loc. loss = 0.48757821321487427 , classif. loss = 3.431838035583496    (2025-09-11_00-30-01)
iter is 20150, loc. loss = 0.26571905612945557 , classif. loss = 0.09633927047252655  (2025-09-11_00-31-18)
iter is 20200, loc. loss = 0.6481418013572693  , classif. loss = 0.33142685890197754  (2025-09-11_00-32-27)
iter is 20250, loc. loss = 0.22471417486667633 , classif. loss = 0.011474540457129478 (2025-09-11_00-33-38)
iter is 20350, loc. loss = 0.40756896138191223 , classif. loss = 0.035357847809791565 (2025-09-11_00-36-07)
iter is 20500, loc. loss = 0.21098825335502625 , classif. loss = 2.3833961486816406   (2025-09-11_00-39-56)
iter is 20550, loc. loss = 0.3266165852546692  , classif. loss = 0.42474043369293213  (2025-09-11_00-41-14)
iter is 20600, loc. loss = 0.18205906450748444 , classif. loss = 0.03757790848612785  (2025-09-11_00-42-27)
iter is 20750, loc. loss = 0.1582576185464859  , classif. loss = 0.06383591145277023  (2025-09-11_00-45-53)
iter is 20800, loc. loss = 0.1878439486026764  , classif. loss = 2.7541701793670654   (2025-09-11_00-46-47)
iter is 20850, loc. loss = 0.25208258628845215 , classif. loss = 0.18381693959236145  (2025-09-11_00-47-38)
iter is 20900, loc. loss = 0.2125278115272522  , classif. loss = 0.013741487637162209 (2025-09-11_00-48-30)
iter is 20950, loc. loss = 0.30577772855758667 , classif. loss = 0.23800674080848694  (2025-09-11_00-49-25)
iter is 21000, loc. loss = 0.19521041214466095 , classif. loss = 0.2545640766620636   (2025-09-11_00-50-22)
iter is 21050, loc. loss = 0.4990091621875763  , classif. loss = 3.9920921325683594   (2025-09-11_00-51-12)
iter is 21100, loc. loss = 0.17732267081737518 , classif. loss = 0.13828715682029724  (2025-09-11_00-52-02)
iter is 21150, loc. loss = 0.20553913712501526 , classif. loss = 0.039387330412864685 (2025-09-11_00-52-59)
iter is 21200, loc. loss = 0.7687287926673889  , classif. loss = 0.8630737066268921   (2025-09-11_00-53-58)
iter is 21250, loc. loss = 0.2453354001045227  , classif. loss = 0.02444622665643692  (2025-09-11_00-54-44)
iter is 21300, loc. loss = 0.3503692150115967  , classif. loss = 0.056459758430719376 (2025-09-11_00-55-42)
iter is 21400, loc. loss = 0.36900514364242554 , classif. loss = 2.2731375694274902   (2025-09-11_00-57-23)
iter is 21450, loc. loss = 0.13373681902885437 , classif. loss = 0.5728387832641602   (2025-09-11_00-58-05)
iter is 21500, loc. loss = 0.2558014392852783  , classif. loss = 1.903137445449829    (2025-09-11_00-58-54)
iter is 21600, loc. loss = 0.11433756351470947 , classif. loss = 0.01172964833676815  (2025-09-11_01-00-32)
iter is 21650, loc. loss = 0.47675564885139465 , classif. loss = 6.692094326019287    (2025-09-11_01-01-26)
iter is 21700, loc. loss = 0.06690410524606705 , classif. loss = 0.0916936844587326   (2025-09-11_01-02-14)
iter is 21850, loc. loss = 0.11189235746860504 , classif. loss = 0.015683351084589958 (2025-09-11_01-04-42)
iter is 21900, loc. loss = 0.08319778740406036 , classif. loss = 0.04701204597949982  (2025-09-11_01-05-34)
iter is 21950, loc. loss = 0.40574145317077637 , classif. loss = 0.43947720527648926  (2025-09-11_01-06-37)
iter is 22000, loc. loss = 0.535212516784668   , classif. loss = 0.5438395142555237   (2025-09-11_01-07-38)
iter is 22050, loc. loss = 0.6061323881149292  , classif. loss = 0.9764661192893982   (2025-09-11_01-08-33)
iter is 22100, loc. loss = 0.1844671368598938  , classif. loss = 9.269144058227539    (2025-09-11_01-09-29)
iter is 22150, loc. loss = 0.34781450033187866 , classif. loss = 0.9330523014068604   (2025-09-11_01-10-26)
iter is 22200, loc. loss = 0.491998553276062   , classif. loss = 5.999091625213623    (2025-09-11_01-11-23)
iter is 22250, loc. loss = 0.3585187792778015  , classif. loss = 1.1519415378570557   (2025-09-11_01-12-30)
iter is 22350, loc. loss = 0.12044128775596619 , classif. loss = 0.06081271544098854  (2025-09-11_01-14-21)
iter is 22500, loc. loss = 0.24584531784057617 , classif. loss = 0.4368489682674408   (2025-09-11_01-17-16)
iter is 22600, loc. loss = 0.25631991028785706 , classif. loss = 0.10529517382383347  (2025-09-11_01-19-21)
iter is 22650, loc. loss = 0.192317932844162   , classif. loss = 0.06396813690662384  (2025-09-11_01-20-28)
iter is 22700, loc. loss = 0.12949532270431519 , classif. loss = 0.24153617024421692  (2025-09-11_01-21-39)
iter is 22800, loc. loss = 0.21373088657855988 , classif. loss = 0.05035695433616638  (2025-09-11_01-24-07)
iter is 22850, loc. loss = 0.22831307351589203 , classif. loss = 1.0262799263000488   (2025-09-11_01-25-21)
iter is 22900, loc. loss = 0.35195666551589966 , classif. loss = 0.6262044906616211   (2025-09-11_01-26-33)
iter is 23000, loc. loss = 0.16197828948497772 , classif. loss = 2.6524057388305664   (2025-09-11_01-28-49)
iter is 23050, loc. loss = 0.11404971033334732 , classif. loss = 0.842856764793396    (2025-09-11_01-29-52)
iter is 23100, loc. loss = 0.14722350239753723 , classif. loss = 3.6479437351226807   (2025-09-11_01-31-03)
iter is 23150, loc. loss = 0.36378324031829834 , classif. loss = 0.42556077241897583  (2025-09-11_01-31-59)
iter is 23200, loc. loss = 0.1056489497423172  , classif. loss = 0.2514483332633972   (2025-09-11_01-33-07)
iter is 23250, loc. loss = 0.2583962082862854  , classif. loss = 0.18761369585990906  (2025-09-11_01-34-13)
iter is 23400, loc. loss = 0.17679578065872192 , classif. loss = 0.009222207590937614 (2025-09-11_01-37-30)
iter is 23450, loc. loss = 0.31449612975120544 , classif. loss = 1.4340908527374268   (2025-09-11_01-38-32)
iter is 23500, loc. loss = 0.23555225133895874 , classif. loss = 0.07969542592763901  (2025-09-11_01-39-41)
iter is 23550, loc. loss = 0.3087860941886902  , classif. loss = 0.335410475730896    (2025-09-11_01-40-55)
iter is 23600, loc. loss = 0.3791227340698242  , classif. loss = 0.6823813319206238   (2025-09-11_01-42-05)
iter is 23650, loc. loss = 0.2891060411930084  , classif. loss = 0.16411542892456055  (2025-09-11_01-43-14)
iter is 23700, loc. loss = 0.1646975576877594  , classif. loss = 0.2099216878414154   (2025-09-11_01-44-25)
iter is 23750, loc. loss = 0.22815488278865814 , classif. loss = 0.4777856767177582   (2025-09-11_01-45-40)
iter is 23850, loc. loss = 0.22753149271011353 , classif. loss = 0.01477058231830597  (2025-09-11_01-47-47)
iter is 23900, loc. loss = 0.39986276626586914 , classif. loss = 2.2731258869171143   (2025-09-11_01-48-53)
iter is 23950, loc. loss = 0.3895060420036316  , classif. loss = 0.9516688585281372   (2025-09-11_01-50-03)
iter is 24000, loc. loss = 0.1922520399093628  , classif. loss = 0.2319805920124054   (2025-09-11_01-51-10)
iter is 24150, loc. loss = 0.31278571486473083 , classif. loss = 0.27226415276527405  (2025-09-11_01-54-31)
iter is 24200, loc. loss = 0.2814755141735077  , classif. loss = 0.30281296372413635  (2025-09-11_01-55-49)
iter is 24250, loc. loss = 0.28971394896507263 , classif. loss = 0.7822535037994385   (2025-09-11_01-57-08)
iter is 24300, loc. loss = 0.2993106245994568  , classif. loss = 0.10360892862081528  (2025-09-11_01-58-37)
iter is 24350, loc. loss = 0.2605879306793213  , classif. loss = 0.04274723306298256  (2025-09-11_01-59-59)
iter is 24450, loc. loss = 0.1902962028980255  , classif. loss = 0.012647584080696106 (2025-09-11_02-02-35)
iter is 24500, loc. loss = 0.23328666388988495 , classif. loss = 0.6322575211524963   (2025-09-11_02-03-49)
iter is 24550, loc. loss = 0.30370256304740906 , classif. loss = 0.12325181066989899  (2025-09-11_02-04-50)
iter is 24700, loc. loss = 0.2246948480606079  , classif. loss = 0.1286449134349823   (2025-09-11_02-07-58)
iter is 24750, loc. loss = 0.3567502498626709  , classif. loss = 0.49599990248680115  (2025-09-11_02-09-08)
iter is 24800, loc. loss = 0.22564491629600525 , classif. loss = 1.449211597442627    (2025-09-11_02-10-16)
iter is 24950, loc. loss = 0.23780201375484467 , classif. loss = 0.6637397408485413   (2025-09-11_02-13-33)
iter is 25050, loc. loss = 0.22319769859313965 , classif. loss = 0.17358200252056122  (2025-09-11_02-15-40)
iter is 25100, loc. loss = 0.14567317068576813 , classif. loss = 0.028748638927936554 (2025-09-11_02-16-39)
iter is 25150, loc. loss = 0.19218355417251587 , classif. loss = 0.2172074019908905   (2025-09-11_02-17-38)
iter is 25200, loc. loss = 0.1535807102918625  , classif. loss = 0.02155141904950142  (2025-09-11_02-18-42)
iter is 25250, loc. loss = 0.30058252811431885 , classif. loss = 0.3167390823364258   (2025-09-11_02-19-46)
iter is 25350, loc. loss = 0.24720220267772675 , classif. loss = 1.2327760457992554   (2025-09-11_02-21-45)
