=> merge config from /storage/alperengenc/change_detection/ChangeMamba_AG/changedetection/configs/vssm1/vssm_base_224.yaml
Successfully load ckpt /storage/alperengenc/change_detection/ChangeMamba_AG/pretrained_weight/vssm_base_0229_ckpt_epoch_237.pth
_IncompatibleKeys(missing_keys=['outnorm0.weight', 'outnorm0.bias', 'outnorm1.weight', 'outnorm1.bias', 'outnorm2.weight', 'outnorm2.bias', 'outnorm3.weight', 'outnorm3.bias'], unexpected_keys=['classifier.norm.weight', 'classifier.norm.bias', 'classifier.head.weight', 'classifier.head.bias'])
False
iter is 50, loc. loss =   0.5074335932731628, classif. loss =   0.9404524564743042 (2025-07-26_22-25-03)
iter is 100, loc. loss =   0.4721199870109558, classif. loss =    1.966636061668396 (2025-07-26_22-25-23)
iter is 150, loc. loss =  0.41472092270851135, classif. loss =   0.4765217900276184 (2025-07-26_22-25-43)
iter is 200, loc. loss =   0.3017805218696594, classif. loss =  0.17564332485198975 (2025-07-26_22-26-01)
iter is 250, loc. loss =  0.36597248911857605, classif. loss =   0.5588929653167725 (2025-07-26_22-26-20)
iter is 300, loc. loss =  0.48564136028289795, classif. loss =   0.4797295033931732 (2025-07-26_22-26-42)
iter is 350, loc. loss =  0.41520559787750244, classif. loss =   0.4221097230911255 (2025-07-26_22-26-59)
iter is 400, loc. loss =   0.3059314787387848, classif. loss =   0.4574540853500366 (2025-07-26_22-27-22)
iter is 450, loc. loss = 0.004501210525631905, classif. loss =   0.6069833040237427 (2025-07-26_22-27-45)
iter is 500, loc. loss =   0.8251972198486328, classif. loss =   0.4708384871482849 (2025-07-26_22-28-05)
iter is 550, loc. loss = 0.0063141100108623505, classif. loss =   0.6889644861221313 (2025-07-26_22-28-24)
iter is 600, loc. loss =   0.2160923331975937, classif. loss =   1.5446546077728271 (2025-07-26_22-28-46)
iter is 650, loc. loss =  0.22792649269104004, classif. loss =   0.7352381348609924 (2025-07-26_22-29-06)
iter is 700, loc. loss =  0.22644434869289398, classif. loss =   0.2194254845380783 (2025-07-26_22-29-29)
iter is 750, loc. loss =   0.4943380057811737, classif. loss =   0.5232738256454468 (2025-07-26_22-29-48)
iter is 800, loc. loss =  0.37938448786735535, classif. loss =  0.26032882928848267 (2025-07-26_22-30-09)
iter is 850, loc. loss =  0.47235700488090515, classif. loss =   0.3195118308067322 (2025-07-26_22-30-32)
iter is 900, loc. loss =   0.3256175220012665, classif. loss =   0.4034861624240875 (2025-07-26_22-30-54)
iter is 950, loc. loss =   0.4558076858520508, classif. loss =   0.6290192604064941 (2025-07-26_22-31-16)
iter is 1000, loc. loss =  0.29409047961235046, classif. loss =   0.2498645782470703 (2025-07-26_22-31-40)
iter is 1050, loc. loss =  0.48527073860168457, classif. loss =  0.34153738617897034 (2025-07-26_22-32-04)
iter is 1100, loc. loss =   0.2149307131767273, classif. loss =  0.15351653099060059 (2025-07-26_22-32-25)
iter is 1150, loc. loss = 0.018814418464899063, classif. loss =   1.0560587644577026 (2025-07-26_22-32-48)
iter is 1200, loc. loss =   0.4001881778240204, classif. loss =  0.23126739263534546 (2025-07-26_22-33-10)
iter is 1250, loc. loss =  0.21538911759853363, classif. loss =  0.22135064005851746 (2025-07-26_22-33-32)
iter is 1300, loc. loss =   0.3939696252346039, classif. loss =  0.48069441318511963 (2025-07-26_22-33-52)
iter is 1350, loc. loss =    0.533042311668396, classif. loss =  0.43671876192092896 (2025-07-26_22-34-13)
iter is 1400, loc. loss =   0.5102575421333313, classif. loss =   0.4237326979637146 (2025-07-26_22-34-36)
iter is 1450, loc. loss =   0.5794753432273865, classif. loss =  0.30493927001953125 (2025-07-26_22-34-59)
iter is 1500, loc. loss =   0.1558724194765091, classif. loss =   1.6529991626739502 (2025-07-26_22-35-21)
iter is 1550, loc. loss =    0.152670755982399, classif. loss =    1.032275915145874 (2025-07-26_22-35-46)
iter is 1600, loc. loss =  0.18741075694561005, classif. loss =   0.2961218059062958 (2025-07-26_22-36-08)
iter is 1650, loc. loss =   0.5914519429206848, classif. loss =    1.544919490814209 (2025-07-26_22-36-27)
iter is 1700, loc. loss =  0.21521888673305511, classif. loss =   0.1421610713005066 (2025-07-26_22-36-47)
iter is 1750, loc. loss = 0.004452641122043133, classif. loss =  0.08567829430103302 (2025-07-26_22-37-05)
iter is 1800, loc. loss =  0.43022221326828003, classif. loss =  0.44319766759872437 (2025-07-26_22-37-24)
iter is 1850, loc. loss =   0.2930915355682373, classif. loss =   0.3584623336791992 (2025-07-26_22-37-40)
iter is 1900, loc. loss =   0.5592927932739258, classif. loss =   1.1554068326950073 (2025-07-26_22-37-57)
iter is 1950, loc. loss =   0.2544524669647217, classif. loss =  0.21683914959430695 (2025-07-26_22-38-13)
iter is 2000, loc. loss =  0.20951710641384125, classif. loss =  0.12737683951854706 (2025-07-26_22-38-27)
iter is 2050, loc. loss =  0.29912152886390686, classif. loss =  0.21693100035190582 (2025-07-26_22-38-41)
iter is 2100, loc. loss =   0.3855046033859253, classif. loss =  0.26223334670066833 (2025-07-26_22-38-55)
iter is 2150, loc. loss =   0.3841589093208313, classif. loss =  0.19575227797031403 (2025-07-26_22-39-09)
iter is 2200, loc. loss =  0.31356605887413025, classif. loss =  0.23719027638435364 (2025-07-26_22-39-25)
iter is 2250, loc. loss = 0.024023214355111122, classif. loss =   1.5411279201507568 (2025-07-26_22-39-41)
iter is 2300, loc. loss =  0.44810330867767334, classif. loss =   0.7461622953414917 (2025-07-26_22-39-58)
iter is 2350, loc. loss =   0.2909355163574219, classif. loss =  0.26139265298843384 (2025-07-26_22-40-13)
iter is 2400, loc. loss =   0.2218436896800995, classif. loss =   0.1132865846157074 (2025-07-26_22-40-27)
iter is 2450, loc. loss =   0.3392164707183838, classif. loss =  0.21959087252616882 (2025-07-26_22-40-41)
iter is 2500, loc. loss =   0.3721321225166321, classif. loss =    1.409407377243042 (2025-07-26_22-40-55)
iter is 2550, loc. loss =  0.28020715713500977, classif. loss =    1.242736577987671 (2025-07-26_22-41-10)
iter is 2600, loc. loss =  0.11392663419246674, classif. loss =   0.1257057785987854 (2025-07-26_22-41-24)
iter is 2650, loc. loss =  0.18249768018722534, classif. loss =   0.7473961114883423 (2025-07-26_22-41-38)
iter is 2700, loc. loss =  0.16555461287498474, classif. loss =  0.08218619227409363 (2025-07-26_22-41-52)
iter is 2750, loc. loss =  0.41389691829681396, classif. loss =   1.1070350408554077 (2025-07-26_22-42-06)
iter is 2800, loc. loss =   0.2795220613479614, classif. loss =   0.7218985557556152 (2025-07-26_22-42-20)
iter is 2850, loc. loss =  0.43152737617492676, classif. loss =  0.43109551072120667 (2025-07-26_22-42-34)
iter is 2900, loc. loss =  0.39839279651641846, classif. loss =  0.35631799697875977 (2025-07-26_22-42-50)
iter is 2950, loc. loss =  0.15459434688091278, classif. loss =  0.24536409974098206 (2025-07-26_22-43-05)
iter is 3000, loc. loss =  0.35889825224876404, classif. loss =  0.16864801943302155 (2025-07-26_22-43-19)
iter is 3050, loc. loss =   0.1044444590806961, classif. loss =   0.7557210922241211 (2025-07-26_22-43-33)
iter is 3100, loc. loss =  0.34853076934814453, classif. loss =  0.22330695390701294 (2025-07-26_22-43-47)
iter is 3150, loc. loss =   0.2985073924064636, classif. loss =   0.1897841840982437 (2025-07-26_22-44-03)
iter is 3200, loc. loss =  0.35124456882476807, classif. loss =   0.1796303391456604 (2025-07-26_22-44-17)
iter is 3250, loc. loss =  0.37886011600494385, classif. loss =   0.3148501515388489 (2025-07-26_22-44-31)
iter is 3300, loc. loss =  0.40482664108276367, classif. loss =   1.8871917724609375 (2025-07-26_22-44-45)
iter is 3350, loc. loss =   0.2483486533164978, classif. loss =   0.1513236165046692 (2025-07-26_22-44-59)
iter is 3400, loc. loss =   0.2835078835487366, classif. loss =  0.31907692551612854 (2025-07-26_22-45-13)
iter is 3450, loc. loss =   0.2745092511177063, classif. loss =  0.17598792910575867 (2025-07-26_22-45-29)
iter is 3500, loc. loss =  0.42613616585731506, classif. loss =   0.5389081835746765 (2025-07-26_22-45-43)
iter is 3550, loc. loss =  0.43948644399642944, classif. loss =   1.1724295616149902 (2025-07-26_22-46-00)
iter is 3600, loc. loss =  0.25272291898727417, classif. loss =  0.20431143045425415 (2025-07-26_22-46-14)
iter is 3650, loc. loss =   0.2789599895477295, classif. loss =  0.15800166130065918 (2025-07-26_22-46-29)
iter is 3700, loc. loss =  0.33059242367744446, classif. loss =   0.7356204986572266 (2025-07-26_22-46-43)
iter is 3750, loc. loss =  0.31311261653900146, classif. loss =   0.3157126307487488 (2025-07-26_22-46-59)
iter is 3800, loc. loss =   0.1870628148317337, classif. loss =    0.122678741812706 (2025-07-26_22-47-14)
iter is 3850, loc. loss =  0.26546308398246765, classif. loss =  0.49728211760520935 (2025-07-26_22-47-30)
iter is 3900, loc. loss =  0.22239422798156738, classif. loss =  0.20637857913970947 (2025-07-26_22-47-46)
iter is 3950, loc. loss =   0.3228250741958618, classif. loss =  0.30167537927627563 (2025-07-26_22-48-01)
iter is 4000, loc. loss =  0.15399423241615295, classif. loss =   1.6827203035354614 (2025-07-26_22-48-18)
iter is 4050, loc. loss =  0.12692753970623016, classif. loss =  0.15551096200942993 (2025-07-26_22-48-35)
iter is 4100, loc. loss =  0.15062756836414337, classif. loss =  0.11270669847726822 (2025-07-26_22-48-51)
iter is 4150, loc. loss =  0.21304428577423096, classif. loss =   0.5999033451080322 (2025-07-26_22-49-06)
iter is 4200, loc. loss =   0.4792238473892212, classif. loss =   0.9746222496032715 (2025-07-26_22-49-21)
iter is 4250, loc. loss =   0.2556192874908447, classif. loss =   0.1973019689321518 (2025-07-26_22-49-37)
iter is 4300, loc. loss =  0.20549145340919495, classif. loss =   0.1302119791507721 (2025-07-26_22-49-53)
iter is 4350, loc. loss =   0.4855736196041107, classif. loss =   0.4247288703918457 (2025-07-26_22-50-07)
iter is 4400, loc. loss =  0.31626176834106445, classif. loss =   0.2550482749938965 (2025-07-26_22-50-22)
iter is 4450, loc. loss =   0.2465629130601883, classif. loss =  0.22973020374774933 (2025-07-26_22-50-38)
iter is 4500, loc. loss =  0.17616525292396545, classif. loss =   1.0289735794067383 (2025-07-26_22-50-55)
iter is 4550, loc. loss =  0.31961122155189514, classif. loss =  0.24531139433383942 (2025-07-26_22-51-11)
iter is 4600, loc. loss =  0.47425857186317444, classif. loss =  0.39534926414489746 (2025-07-26_22-51-26)
iter is 4650, loc. loss =   0.1290939450263977, classif. loss =  0.12906032800674438 (2025-07-26_22-51-45)
iter is 4700, loc. loss =   0.3038695454597473, classif. loss =     0.26201331615448 (2025-07-26_22-52-00)
iter is 4750, loc. loss =   0.4185315668582916, classif. loss =   0.2526165246963501 (2025-07-26_22-52-14)
iter is 4800, loc. loss =  0.16114792227745056, classif. loss = 0.061819493770599365 (2025-07-26_22-52-28)
iter is 4850, loc. loss =   0.1586785614490509, classif. loss =   0.6451744437217712 (2025-07-26_22-52-45)
iter is 4900, loc. loss =  0.25757065415382385, classif. loss =  0.27338090538978577 (2025-07-26_22-53-00)
iter is 4950, loc. loss =  0.23520632088184357, classif. loss =  0.26594167947769165 (2025-07-26_22-53-18)
iter is 5000, loc. loss =  0.27982205152511597, classif. loss =   0.2537589967250824 (2025-07-26_22-53-32)
---------starting evaluation-----------
validation:    0/1866 (2025-07-26_22-53-34)
validation:  100/1866 (2025-07-26_22-54-21)
validation:  200/1866 (2025-07-26_22-55-06)
validation:  300/1866 (2025-07-26_22-55-52)
validation:  400/1866 (2025-07-26_22-56-38)
validation:  500/1866 (2025-07-26_22-57-24)
validation:  600/1866 (2025-07-26_22-58-10)
validation:  700/1866 (2025-07-26_22-58-56)
validation:  800/1866 (2025-07-26_22-59-42)
validation:  900/1866 (2025-07-26_23-00-27)
validation: 1000/1866 (2025-07-26_23-01-12)
validation: 1100/1866 (2025-07-26_23-01-58)
validation: 1200/1866 (2025-07-26_23-02-44)
validation: 1300/1866 (2025-07-26_23-03-30)
validation: 1400/1866 (2025-07-26_23-04-15)
validation: 1500/1866 (2025-07-26_23-05-02)
validation: 1600/1866 (2025-07-26_23-05-49)
validation: 1700/1866 (2025-07-26_23-06-35)
validation: 1800/1866 (2025-07-26_23-07-21)
lofF1 is 0.7667455093974226, clfF1 is 0.0, oaF1 is 0.23002365281922676, sub class F1 score is [0.41828234 0.         0.         0.        ]
iter is 5050, loc. loss =  0.33361005783081055, classif. loss =    0.290270060300827 (2025-07-26_23-08-15)
iter is 5100, loc. loss =  0.45166873931884766, classif. loss =  0.36821526288986206 (2025-07-26_23-08-42)
iter is 5150, loc. loss =  0.26046714186668396, classif. loss =  0.15393918752670288 (2025-07-26_23-09-04)
iter is 5200, loc. loss =   0.2889048457145691, classif. loss =   0.1740621030330658 (2025-07-26_23-09-23)
iter is 5250, loc. loss =  0.23156499862670898, classif. loss =   0.2496698498725891 (2025-07-26_23-09-44)
iter is 5300, loc. loss =   0.3538743853569031, classif. loss =   0.2966085970401764 (2025-07-26_23-10-00)
iter is 5350, loc. loss = 0.0011886411812156439, classif. loss =  0.04894602298736572 (2025-07-26_23-10-16)
iter is 5400, loc. loss =  0.23404622077941895, classif. loss =   0.8669803738594055 (2025-07-26_23-10-32)
iter is 5450, loc. loss =  0.09172789752483368, classif. loss =  0.05397414416074753 (2025-07-26_23-10-46)
iter is 5500, loc. loss =   0.3592950403690338, classif. loss =  0.30742859840393066 (2025-07-26_23-11-01)
iter is 5550, loc. loss =   0.2664543092250824, classif. loss =   0.1007315069437027 (2025-07-26_23-11-15)
iter is 5600, loc. loss =  0.29116469621658325, classif. loss =  0.29241013526916504 (2025-07-26_23-11-29)
iter is 5650, loc. loss =  0.44131115078926086, classif. loss =  0.31793832778930664 (2025-07-26_23-11-44)
iter is 5700, loc. loss = 0.004857103805989027, classif. loss =  0.19927579164505005 (2025-07-26_23-11-59)
iter is 5750, loc. loss =   0.4427451491355896, classif. loss =  0.34095484018325806 (2025-07-26_23-12-13)
iter is 5800, loc. loss =  0.22642864286899567, classif. loss =   0.4514373540878296 (2025-07-26_23-12-28)
iter is 5850, loc. loss =   0.1577557623386383, classif. loss =  0.04628991335630417 (2025-07-26_23-12-42)
iter is 5900, loc. loss =   0.2301563173532486, classif. loss =  0.28709936141967773 (2025-07-26_23-12-59)
iter is 5950, loc. loss =   0.2824311852455139, classif. loss =  0.19070905447006226 (2025-07-26_23-13-13)
iter is 6000, loc. loss =  0.32948458194732666, classif. loss =   0.3267110288143158 (2025-07-26_23-13-28)
iter is 6050, loc. loss = 0.005006547085940838, classif. loss = 0.057767633348703384 (2025-07-26_23-13-44)
iter is 6100, loc. loss =  0.14296410977840424, classif. loss =   0.8818988800048828 (2025-07-26_23-14-00)
iter is 6150, loc. loss =   0.3851592540740967, classif. loss =  0.22422084212303162 (2025-07-26_23-14-18)
iter is 6200, loc. loss =  0.28064361214637756, classif. loss =  0.21931464970111847 (2025-07-26_23-14-33)
iter is 6250, loc. loss =   0.4680958092212677, classif. loss =  0.48466721177101135 (2025-07-26_23-14-49)
iter is 6300, loc. loss =   0.6479488611221313, classif. loss =   1.5868502855300903 (2025-07-26_23-15-06)
iter is 6350, loc. loss =   0.3473517596721649, classif. loss =  0.36390000581741333 (2025-07-26_23-15-24)
iter is 6400, loc. loss =  0.18021869659423828, classif. loss =  0.22953404486179352 (2025-07-26_23-15-42)
iter is 6450, loc. loss =   0.2504907548427582, classif. loss =   0.9123376607894897 (2025-07-26_23-15-58)
iter is 6500, loc. loss =    0.336290180683136, classif. loss =  0.31498366594314575 (2025-07-26_23-16-16)
iter is 6550, loc. loss =   0.2712831199169159, classif. loss =  0.11822248995304108 (2025-07-26_23-16-33)
iter is 6600, loc. loss =  0.23683834075927734, classif. loss =  0.19417570531368256 (2025-07-26_23-16-49)
iter is 6650, loc. loss =  0.17530283331871033, classif. loss =   0.4758569002151489 (2025-07-26_23-17-06)
iter is 6700, loc. loss =  0.16272911429405212, classif. loss =  0.07865120470523834 (2025-07-26_23-17-22)
iter is 6750, loc. loss =   0.5124046802520752, classif. loss =   0.7649970650672913 (2025-07-26_23-17-39)
iter is 6800, loc. loss =   0.4087378680706024, classif. loss =  0.37249332666397095 (2025-07-26_23-17-56)
iter is 6850, loc. loss = 0.0013547134585678577, classif. loss =  0.07921266555786133 (2025-07-26_23-18-12)
iter is 6900, loc. loss =   0.2722301483154297, classif. loss =   0.3746204972267151 (2025-07-26_23-18-31)
iter is 6950, loc. loss =   0.1829376518726349, classif. loss =  0.18927815556526184 (2025-07-26_23-18-50)
iter is 7000, loc. loss =   0.3097518980503082, classif. loss =   0.2780745029449463 (2025-07-26_23-19-07)
iter is 7050, loc. loss =   0.3492291271686554, classif. loss =  0.33692246675491333 (2025-07-26_23-19-26)
iter is 7100, loc. loss =  0.18896259367465973, classif. loss =  0.09566418826580048 (2025-07-26_23-19-44)
iter is 7150, loc. loss =  0.24849724769592285, classif. loss =  0.17025259137153625 (2025-07-26_23-20-03)
iter is 7200, loc. loss =  0.10939761996269226, classif. loss =  0.13241565227508545 (2025-07-26_23-20-22)
iter is 7250, loc. loss =   0.1651221513748169, classif. loss =  0.17135418951511383 (2025-07-26_23-20-39)
iter is 7300, loc. loss =  0.29858189821243286, classif. loss =   0.1355094462633133 (2025-07-26_23-20-57)
iter is 7350, loc. loss =   0.2870892584323883, classif. loss =  0.24518296122550964 (2025-07-26_23-21-13)
iter is 7400, loc. loss = 0.0073306746780872345, classif. loss =  0.19047942757606506 (2025-07-26_23-21-30)
iter is 7450, loc. loss =   0.2633623480796814, classif. loss =   1.6302311420440674 (2025-07-26_23-21-48)
iter is 7500, loc. loss =   0.3067837357521057, classif. loss =  0.29383254051208496 (2025-07-26_23-22-05)
iter is 7550, loc. loss =   0.3605983853340149, classif. loss =  0.29983675479888916 (2025-07-26_23-22-24)
iter is 7600, loc. loss =  0.44021129608154297, classif. loss =  0.33665329217910767 (2025-07-26_23-22-42)
iter is 7650, loc. loss =  0.26477083563804626, classif. loss =  0.19053976237773895 (2025-07-26_23-22-59)
iter is 7700, loc. loss =  0.19237220287322998, classif. loss =  0.04674401134252548 (2025-07-26_23-23-16)
iter is 7750, loc. loss =   0.2276725471019745, classif. loss =  0.17585457861423492 (2025-07-26_23-23-36)
iter is 7800, loc. loss =   0.4678325057029724, classif. loss =   0.7720906734466553 (2025-07-26_23-23-55)
iter is 7850, loc. loss =   0.4536118507385254, classif. loss =   0.5576245784759521 (2025-07-26_23-24-13)
iter is 7900, loc. loss =  0.21958759427070618, classif. loss =  0.22376619279384613 (2025-07-26_23-24-30)
iter is 7950, loc. loss =    0.419146329164505, classif. loss =   0.3451066017150879 (2025-07-26_23-24-49)
iter is 8000, loc. loss =  0.24493537843227386, classif. loss =   0.2053089141845703 (2025-07-26_23-25-08)
iter is 8050, loc. loss =  0.25983166694641113, classif. loss =   0.1153850331902504 (2025-07-26_23-25-26)
iter is 8100, loc. loss =  0.22786523401737213, classif. loss =   1.4761090278625488 (2025-07-26_23-25-46)
iter is 8150, loc. loss =  0.18516801297664642, classif. loss =  0.17034196853637695 (2025-07-26_23-26-01)
iter is 8200, loc. loss =   0.2894565165042877, classif. loss =  0.22834694385528564 (2025-07-26_23-26-20)
iter is 8250, loc. loss =   0.2725287079811096, classif. loss =   0.1708444058895111 (2025-07-26_23-26-38)
iter is 8300, loc. loss =  0.23180323839187622, classif. loss =   0.1297627091407776 (2025-07-26_23-26-57)
iter is 8350, loc. loss =   0.2433357983827591, classif. loss =    0.782453179359436 (2025-07-26_23-27-15)
iter is 8400, loc. loss =  0.33796653151512146, classif. loss =   2.2852377891540527 (2025-07-26_23-27-35)
iter is 8450, loc. loss =   0.2072436511516571, classif. loss =    0.176947683095932 (2025-07-26_23-27-55)
iter is 8500, loc. loss = 0.0013758842833340168, classif. loss =  0.06328649818897247 (2025-07-26_23-28-14)
iter is 8550, loc. loss =   0.5101882219314575, classif. loss =   1.4389456510543823 (2025-07-26_23-28-34)
iter is 8600, loc. loss =   0.4306226372718811, classif. loss =   0.7953331470489502 (2025-07-26_23-28-54)
iter is 8650, loc. loss =   0.3005252480506897, classif. loss =   0.3932778239250183 (2025-07-26_23-29-15)
iter is 8700, loc. loss =  0.14887213706970215, classif. loss =   0.1320342719554901 (2025-07-26_23-29-35)
iter is 8750, loc. loss =   0.2638111710548401, classif. loss =   0.3504675328731537 (2025-07-26_23-29-55)
iter is 8800, loc. loss =  0.24441643059253693, classif. loss =    0.278766930103302 (2025-07-26_23-30-14)
iter is 8850, loc. loss = 0.0010268745245411992, classif. loss =  0.08022721111774445 (2025-07-26_23-30-31)
iter is 8900, loc. loss =  0.26595693826675415, classif. loss =  0.13630005717277527 (2025-07-26_23-30-50)
iter is 8950, loc. loss =  0.19345343112945557, classif. loss =  0.12734770774841309 (2025-07-26_23-31-07)
iter is 9000, loc. loss =  0.11381244659423828, classif. loss =   0.3875919580459595 (2025-07-26_23-31-27)
iter is 9050, loc. loss =   0.2407219558954239, classif. loss =  0.16756156086921692 (2025-07-26_23-31-47)
iter is 9100, loc. loss =   0.5363706946372986, classif. loss =   1.2279956340789795 (2025-07-26_23-32-05)
iter is 9150, loc. loss =  0.23489178717136383, classif. loss =   0.5718405246734619 (2025-07-26_23-32-22)
iter is 9200, loc. loss =   0.2777974009513855, classif. loss =   0.2712405323982239 (2025-07-26_23-32-42)
iter is 9250, loc. loss =  0.49500203132629395, classif. loss =  0.22207596898078918 (2025-07-26_23-33-02)
iter is 9300, loc. loss =  0.22468632459640503, classif. loss =  0.24575509130954742 (2025-07-26_23-33-21)
iter is 9350, loc. loss =   0.3222224712371826, classif. loss =  0.32639139890670776 (2025-07-26_23-33-41)
iter is 9400, loc. loss =   0.2925851345062256, classif. loss =  0.21314062178134918 (2025-07-26_23-34-00)
iter is 9450, loc. loss =  0.23285160958766937, classif. loss =   0.5734050273895264 (2025-07-26_23-34-21)
iter is 9500, loc. loss =  0.23745624721050262, classif. loss =   0.8546223044395447 (2025-07-26_23-34-42)
iter is 9550, loc. loss =  0.22624699771404266, classif. loss =   0.3878903388977051 (2025-07-26_23-35-03)
iter is 9600, loc. loss = 0.0016972573939710855, classif. loss =  0.06206751614809036 (2025-07-26_23-35-23)
iter is 9650, loc. loss =   0.2004096508026123, classif. loss =  0.16126355528831482 (2025-07-26_23-35-43)
iter is 9700, loc. loss =  0.21738387644290924, classif. loss =   0.1658913940191269 (2025-07-26_23-36-03)
iter is 9750, loc. loss =   0.3536370098590851, classif. loss =  0.31521981954574585 (2025-07-26_23-36-23)
iter is 9800, loc. loss =   0.2528690993785858, classif. loss =   0.7315036058425903 (2025-07-26_23-36-45)
iter is 9850, loc. loss =   0.5661998987197876, classif. loss =   0.4110444188117981 (2025-07-26_23-37-06)
iter is 9900, loc. loss =  0.26170462369918823, classif. loss =   0.9184572696685791 (2025-07-26_23-37-24)
iter is 9950, loc. loss =  0.48926761746406555, classif. loss =   0.3969987630844116 (2025-07-26_23-37-46)
iter is 10000, loc. loss =  0.18890473246574402, classif. loss =  0.21205279231071472 (2025-07-26_23-38-06)
---------starting evaluation-----------
validation:    0/1866 (2025-07-26_23-38-09)
validation:  100/1866 (2025-07-26_23-38-51)
validation:  200/1866 (2025-07-26_23-39-33)
validation:  300/1866 (2025-07-26_23-40-16)
validation:  400/1866 (2025-07-26_23-40-58)
validation:  500/1866 (2025-07-26_23-41-40)
validation:  600/1866 (2025-07-26_23-42-23)
validation:  700/1866 (2025-07-26_23-43-05)
validation:  800/1866 (2025-07-26_23-43-48)
validation:  900/1866 (2025-07-26_23-44-30)
validation: 1000/1866 (2025-07-26_23-45-12)
validation: 1100/1866 (2025-07-26_23-45-54)
validation: 1200/1866 (2025-07-26_23-46-37)
validation: 1300/1866 (2025-07-26_23-47-19)
validation: 1400/1866 (2025-07-26_23-48-01)
validation: 1500/1866 (2025-07-26_23-48-43)
validation: 1600/1866 (2025-07-26_23-49-25)
validation: 1700/1866 (2025-07-26_23-50-08)
validation: 1800/1866 (2025-07-26_23-50-50)
lofF1 is 0.7696220170827479, clfF1 is 0.0, oaF1 is 0.23088660512482437, sub class F1 score is [0.40185758 0.         0.         0.        ]
iter is 10050, loc. loss =  0.25266391038894653, classif. loss =  0.14380060136318207 (2025-07-26_23-51-40)
iter is 10100, loc. loss =  0.22995737195014954, classif. loss =   0.1581062525510788 (2025-07-26_23-52-08)
iter is 10150, loc. loss =   0.1437317579984665, classif. loss =   0.9564528465270996 (2025-07-26_23-52-30)
iter is 10200, loc. loss =  0.28713375329971313, classif. loss =    1.906449317932129 (2025-07-26_23-52-50)
iter is 10250, loc. loss =  0.33325669169425964, classif. loss =  0.19307903945446014 (2025-07-26_23-53-10)
iter is 10300, loc. loss =   0.2777787446975708, classif. loss =  0.11118757724761963 (2025-07-26_23-53-28)
iter is 10350, loc. loss =  0.33677762746810913, classif. loss =  0.24103862047195435 (2025-07-26_23-53-45)
iter is 10400, loc. loss =   0.4662284553050995, classif. loss =   0.8673176765441895 (2025-07-26_23-54-00)
iter is 10450, loc. loss =   0.2931555509567261, classif. loss =   0.3157902956008911 (2025-07-26_23-54-17)
iter is 10500, loc. loss =   0.4789476990699768, classif. loss =   0.2910451889038086 (2025-07-26_23-54-35)
iter is 10550, loc. loss =   0.2072952836751938, classif. loss = 0.021138470619916916 (2025-07-26_23-54-51)
iter is 10600, loc. loss =   0.3959341049194336, classif. loss =   0.2887417674064636 (2025-07-26_23-55-06)
iter is 10650, loc. loss =   0.3293827176094055, classif. loss =  0.13403138518333435 (2025-07-26_23-55-22)
iter is 10700, loc. loss =  0.18784743547439575, classif. loss =  0.11459629982709885 (2025-07-26_23-55-39)
iter is 10750, loc. loss =   0.4691216051578522, classif. loss =   0.4104681611061096 (2025-07-26_23-55-55)
iter is 10800, loc. loss =  0.28124237060546875, classif. loss =  0.11757004261016846 (2025-07-26_23-56-13)
iter is 10850, loc. loss =   0.3234434723854065, classif. loss =  0.14793790876865387 (2025-07-26_23-56-27)
iter is 10900, loc. loss =  0.23894599080085754, classif. loss =   0.1418907344341278 (2025-07-26_23-56-44)
iter is 10950, loc. loss =  0.31874775886535645, classif. loss =   0.2138756662607193 (2025-07-26_23-57-00)
iter is 11000, loc. loss =  0.15233387053012848, classif. loss =  0.28292644023895264 (2025-07-26_23-57-17)
iter is 11050, loc. loss =  0.21639740467071533, classif. loss =   0.8712503910064697 (2025-07-26_23-57-32)
iter is 11100, loc. loss =  0.31080469489097595, classif. loss =  0.25525739789009094 (2025-07-26_23-57-51)
iter is 11150, loc. loss =  0.22622328996658325, classif. loss =  0.18987953662872314 (2025-07-26_23-58-10)
iter is 11200, loc. loss =   0.3008509874343872, classif. loss =  0.05215253680944443 (2025-07-26_23-58-27)
iter is 11250, loc. loss =  0.16015447676181793, classif. loss =  0.13437630236148834 (2025-07-26_23-58-45)
iter is 11300, loc. loss =  0.22093170881271362, classif. loss =  0.16939787566661835 (2025-07-26_23-59-02)
iter is 11350, loc. loss =  0.18396985530853271, classif. loss =   0.2906564176082611 (2025-07-26_23-59-19)
iter is 11400, loc. loss =  0.23229867219924927, classif. loss =  0.18890906870365143 (2025-07-26_23-59-35)
iter is 11450, loc. loss =  0.19599895179271698, classif. loss =   0.1351531594991684 (2025-07-26_23-59-52)
iter is 11500, loc. loss =  0.39297759532928467, classif. loss =    0.393896222114563 (2025-07-27_00-00-09)
iter is 11550, loc. loss =   0.4137558341026306, classif. loss =   0.2706484794616699 (2025-07-27_00-00-29)
iter is 11600, loc. loss =   0.4102277159690857, classif. loss =   0.4649641513824463 (2025-07-27_00-00-47)
iter is 11650, loc. loss =  0.18914969265460968, classif. loss =   0.5479738116264343 (2025-07-27_00-01-04)
iter is 11700, loc. loss =   0.1950886994600296, classif. loss =  0.18736395239830017 (2025-07-27_00-01-21)
iter is 11750, loc. loss =   0.3179763853549957, classif. loss =   0.0643787831068039 (2025-07-27_00-01-40)
iter is 11800, loc. loss =  0.23705227673053741, classif. loss =  0.13618724048137665 (2025-07-27_00-01-56)
iter is 11850, loc. loss = 0.052392374724149704, classif. loss =  0.08756846934556961 (2025-07-27_00-02-16)
iter is 11900, loc. loss =  0.17233315110206604, classif. loss =  0.13310785591602325 (2025-07-27_00-02-33)
iter is 11950, loc. loss =  0.24897699058055878, classif. loss =  0.17364513874053955 (2025-07-27_00-02-51)
iter is 12000, loc. loss =    0.204694926738739, classif. loss =  0.14347591996192932 (2025-07-27_00-03-08)
iter is 12050, loc. loss =  0.16871348023414612, classif. loss =   1.1507267951965332 (2025-07-27_00-03-28)
iter is 12100, loc. loss =  0.35038143396377563, classif. loss =   2.0906622409820557 (2025-07-27_00-03-44)
iter is 12150, loc. loss =  0.14223796129226685, classif. loss =  0.13965347409248352 (2025-07-27_00-04-02)
iter is 12200, loc. loss =  0.18189162015914917, classif. loss =   0.7422937154769897 (2025-07-27_00-04-21)
iter is 12250, loc. loss =  0.14729814231395721, classif. loss =   0.0406336635351181 (2025-07-27_00-04-41)
iter is 12300, loc. loss =   0.2031669020652771, classif. loss =  0.19069428741931915 (2025-07-27_00-04-56)
iter is 12350, loc. loss =   0.2915249764919281, classif. loss =  0.18734213709831238 (2025-07-27_00-05-15)
iter is 12400, loc. loss =   0.3313350975513458, classif. loss =  0.22347408533096313 (2025-07-27_00-05-35)
iter is 12450, loc. loss = 0.0005880665848962963, classif. loss =  0.02705937810242176 (2025-07-27_00-05-52)
iter is 12500, loc. loss = 0.0010144396219402552, classif. loss =  0.13145442306995392 (2025-07-27_00-06-10)
The accuracy of the best round is  [np.float64(0.7696220170827479), np.float64(0.0), np.float64(0.23088660512482437), array([0.40185758, 0.        , 0.        , 0.        ])]
